ARM GAS  C:\Users\andre\AppData\Local\Temp\ccbveBGA.s 			page 1


   1              		.syntax unified
   2              		.cpu cortex-m3
   3              		.fpu softvfp
   4              		.eabi_attribute 20, 1
   5              		.eabi_attribute 21, 1
   6              		.eabi_attribute 23, 3
   7              		.eabi_attribute 24, 1
   8              		.eabi_attribute 25, 1
   9              		.eabi_attribute 26, 1
  10              		.eabi_attribute 30, 1
  11              		.eabi_attribute 34, 1
  12              		.eabi_attribute 18, 4
  13              		.thumb
  14              		.syntax unified
  15              		.file	"main.c"
  16              		.text
  17              	.Ltext0:
  18              		.cfi_sections	.debug_frame
  19              		.global	__aeabi_i2d
  20              		.global	__aeabi_dmul
  21              		.global	__aeabi_d2iz
  22              		.section	.text.afstand,"ax",%progbits
  23              		.align	2
  24              		.global	afstand
  25              		.thumb
  26              		.thumb_func
  27              		.type	afstand, %function
  28              	afstand:
  29              	.LFB66:
  30              		.file 1 "main.c"
   1:main.c        **** /* ========================================
   2:main.c        ****  *
   3:main.c        ****  *  Stepper.h
   4:main.c        ****  *
   5:main.c        ****  *  Created: 13-09-2017 22:42:53
   6:main.c        ****  *  Author: Andreas Hervert Nielsen
   7:main.c        ****  * 
   8:main.c        ****  * ========================================
   9:main.c        ****  */
  10:main.c        **** 
  11:main.c        **** #include "project.h"
  12:main.c        **** #include <stdio.h>
  13:main.c        **** #include <CyLib.h>
  14:main.c        **** #include <stdlib.h>
  15:main.c        **** 
  16:main.c        **** 
  17:main.c        **** void afstand();
  18:main.c        **** 
  19:main.c        **** int motor = 0;
  20:main.c        **** int drej = 0;
  21:main.c        **** 
  22:main.c        **** uint16 counts = 0; 
  23:main.c        **** int  feet   = 0; 
  24:main.c        **** uint16 i      = 0; 
  25:main.c        **** 
  26:main.c        **** char f[36];
  27:main.c        **** 
ARM GAS  C:\Users\andre\AppData\Local\Temp\ccbveBGA.s 			page 2


  28:main.c        **** 
  29:main.c        **** CY_ISR(UART_1_Rx_Handler)
  30:main.c        **** {
  31:main.c        ****     uint8_t received = UART_1_ReadRxData();
  32:main.c        ****     UART_1_WriteTxData(received);
  33:main.c        ****     
  34:main.c        ****         
  35:main.c        ****     if (received == 'a')
  36:main.c        ****     {
  37:main.c        ****         UART_1_PutString("\n Drejer til venstre \r \n");
  38:main.c        ****         drej = 1;
  39:main.c        ****        
  40:main.c        ****     }
  41:main.c        ****     else if (received == 'd')
  42:main.c        ****     {
  43:main.c        ****         UART_1_PutString("\n Drejer til hoejre \r \n");
  44:main.c        ****        drej = 2;
  45:main.c        ****     }  
  46:main.c        ****     else if (received == 'w')
  47:main.c        ****     {
  48:main.c        ****         UART_1_PutString("\n Fremad \r \n");
  49:main.c        ****         motor = 1;
  50:main.c        ****         
  51:main.c        ****         
  52:main.c        ****     }
  53:main.c        ****     else if (received == 'x')
  54:main.c        ****     {
  55:main.c        ****         UART_1_PutString("\n Tilbage af \r \n");
  56:main.c        ****         motor = 2;
  57:main.c        ****         
  58:main.c        ****     }
  59:main.c        ****     else if (received == 's')
  60:main.c        ****     {
  61:main.c        ****         UART_1_PutString("\nMotor Stoppet \r \n");
  62:main.c        ****         motor = 0;
  63:main.c        ****     }
  64:main.c        ****     else if (received == 'z')
  65:main.c        ****     {
  66:main.c        ****         UART_1_PutString("\n \r \n");
  67:main.c        ****         
  68:main.c        ****         CyDelay(250);
  69:main.c        ****          LED_Write(1);
  70:main.c        ****         
  71:main.c        ****         afstand();
  72:main.c        ****         snprintf(f, sizeof(f),"verdi:  %d \r\n", feet);
  73:main.c        ****         UART_1_PutString(f);
  74:main.c        ****         CyDelay(250);
  75:main.c        ****         LED_Write(0);
  76:main.c        ****     }
  77:main.c        ****     else
  78:main.c        ****     {
  79:main.c        ****         UART_1_PutString("\n \n \nHELP1: Du kan brug 1 til 9 og 0 for hastigheder. \r \n"); 
  80:main.c        ****         UART_1_PutString("HELP2: Q og E og W for half, full og wave mode. \r \n");
  81:main.c        ****         UART_1_PutString("HELP3: z for at tage en enkel omgang. \r \n");
  82:main.c        ****         UART_1_PutString("HELP4: A og D er for fremad og bakgear. \r \n \n \n");
  83:main.c        ****     }
  84:main.c        **** }    
ARM GAS  C:\Users\andre\AppData\Local\Temp\ccbveBGA.s 			page 3


  85:main.c        **** 
  86:main.c        **** 
  87:main.c        **** 
  88:main.c        **** int main(void)
  89:main.c        **** {
  90:main.c        ****     CyGlobalIntEnable; /* Enable global interrupts. */
  91:main.c        ****     
  92:main.c        ****     isr_UART_1_RX_StartEx(UART_1_Rx_Handler);
  93:main.c        ****     UART_1_Start();
  94:main.c        ****     UART_1_PutString("Application started\r\n");
  95:main.c        ****     LED_Write(0);
  96:main.c        ****     /* Place your initialization/startup code here (e.g. MyInst_Start()) */
  97:main.c        ****      VCC_Write(1); 
  98:main.c        ****     
  99:main.c        ****     Counter_Start();
 100:main.c        ****     
 101:main.c        ****     for(;;)
 102:main.c        ****     {
 103:main.c        ****         
 104:main.c        ****         if (motor == 0)
 105:main.c        ****         {
 106:main.c        ****             MOR_Write(1);
 107:main.c        ****             CyDelay(500);
 108:main.c        ****             
 109:main.c        ****         }
 110:main.c        ****         else if (motor == 2)
 111:main.c        ****         {
 112:main.c        ****             motorMode_Write(0);
 113:main.c        ****             MOR_Write(0);
 114:main.c        ****             CyDelay(500);
 115:main.c        ****         }
 116:main.c        ****         else if (motor == 1)
 117:main.c        ****         {
 118:main.c        ****             motorMode_Write(1);
 119:main.c        ****             MOR_Write(0);
 120:main.c        ****             CyDelay(500);
 121:main.c        ****         }
 122:main.c        ****         
 123:main.c        ****         
 124:main.c        ****          if (drej == 2)
 125:main.c        ****         {
 126:main.c        ****             D_Write(0);
 127:main.c        ****             DrejRun_Write(0);
 128:main.c        ****             
 129:main.c        ****             CyDelay(500);
 130:main.c        ****             
 131:main.c        ****             drej = 0;
 132:main.c        ****         }
 133:main.c        ****         else if (drej ==1)
 134:main.c        ****         {
 135:main.c        ****             D_Write(1);
 136:main.c        ****             DrejRun_Write(0);
 137:main.c        ****             
 138:main.c        ****             CyDelay(500);
 139:main.c        ****             
 140:main.c        ****             drej = 0;
 141:main.c        ****         }
ARM GAS  C:\Users\andre\AppData\Local\Temp\ccbveBGA.s 			page 4


 142:main.c        ****         else if (drej == 0)
 143:main.c        ****         {
 144:main.c        ****             DrejRun_Write(1);
 145:main.c        ****         }
 146:main.c        ****         
 147:main.c        ****         UART_1_PutString("\n \r \n");
 148:main.c        ****         
 149:main.c        ****         CyDelay(250);
 150:main.c        ****          LED_Write(1);
 151:main.c        ****         
 152:main.c        ****         afstand();
 153:main.c        ****         snprintf(f, sizeof(f),"verdi:  %d \r\n", feet);
 154:main.c        ****         UART_1_PutString(f);
 155:main.c        ****         CyDelay(250);
 156:main.c        ****         LED_Write(0);
 157:main.c        ****     }
 158:main.c        ****     
 159:main.c        ****     
 160:main.c        ****     
 161:main.c        **** }
 162:main.c        **** 
 163:main.c        **** 
 164:main.c        **** void afstand()
 165:main.c        ****   {
  31              		.loc 1 165 0
  32              		.cfi_startproc
  33              		@ args = 0, pretend = 0, frame = 0
  34              		@ frame_needed = 0, uses_anonymous_args = 0
  35 0000 10B5     		push	{r4, lr}
  36              		.cfi_def_cfa_offset 8
  37              		.cfi_offset 4, -8
  38              		.cfi_offset 14, -4
  39              	.LVL0:
 166:main.c        **** 	    uint16 counts = 0; // value to store results from the counter
 167:main.c        ****         int  feet = 0; 
 168:main.c        ****  
 169:main.c        ****         Enable_Write(0); 
  40              		.loc 1 169 0
  41 0002 0020     		movs	r0, #0
  42 0004 FFF7FEFF 		bl	Enable_Write
  43              	.LVL1:
 170:main.c        ****         Sonic_Sensor_Write(1);   //Output the sensor pulse 
  44              		.loc 1 170 0
  45 0008 0120     		movs	r0, #1
  46 000a FFF7FEFF 		bl	Sonic_Sensor_Write
  47              	.LVL2:
 171:main.c        **** 
 172:main.c        **** 
 173:main.c        ****         CyDelayUs(10); //wait for the sensor pulse to finish 
  48              		.loc 1 173 0
  49 000e 0A20     		movs	r0, #10
  50 0010 FFF7FEFF 		bl	CyDelayUs
  51              	.LVL3:
 174:main.c        **** 
 175:main.c        **** 
 176:main.c        ****         Sonic_Sensor_Write(0); //shut off the sensor pulse
  52              		.loc 1 176 0
ARM GAS  C:\Users\andre\AppData\Local\Temp\ccbveBGA.s 			page 5


  53 0014 0020     		movs	r0, #0
  54 0016 FFF7FEFF 		bl	Sonic_Sensor_Write
  55              	.LVL4:
 177:main.c        ****         Enable_Write(1); 
  56              		.loc 1 177 0
  57 001a 0120     		movs	r0, #1
  58 001c FFF7FEFF 		bl	Enable_Write
  59              	.LVL5:
 178:main.c        ****  
 179:main.c        ****         Sonic_Sensor_Read(); //receive return pulse 
  60              		.loc 1 179 0
  61 0020 FFF7FEFF 		bl	Sonic_Sensor_Read
  62              	.LVL6:
 180:main.c        **** 
 181:main.c        ****         CyDelay(50); // wait for the maximum value of the return pulse 
  63              		.loc 1 181 0
  64 0024 3220     		movs	r0, #50
  65 0026 FFF7FEFF 		bl	CyDelay
  66              	.LVL7:
 182:main.c        **** 
 183:main.c        ****         counts = Counter_ReadCounter();// read counter value 
  67              		.loc 1 183 0
  68 002a FFF7FEFF 		bl	Counter_ReadCounter
  69              	.LVL8:
 184:main.c        **** 
 185:main.c        ****         feet = counts * 0.0001717; //convert pulse width to feet, to convert to meters, multiply by
  70              		.loc 1 185 0
  71 002e FFF7FEFF 		bl	__aeabi_i2d
  72              	.LVL9:
  73 0032 0DA3     		adr	r3, .L5
  74 0034 D3E90023 		ldrd	r2, [r3]
  75 0038 FFF7FEFF 		bl	__aeabi_dmul
  76              	.LVL10:
  77 003c FFF7FEFF 		bl	__aeabi_d2iz
  78              	.LVL11:
  79 0040 0446     		mov	r4, r0
  80              	.LVL12:
 186:main.c        **** 
 187:main.c        ****         CyDelayUs(10);
  81              		.loc 1 187 0
  82 0042 0A20     		movs	r0, #10
  83              	.LVL13:
  84 0044 FFF7FEFF 		bl	CyDelayUs
  85              	.LVL14:
 188:main.c        **** 
 189:main.c        ****         if (feet < 30 ) 
  86              		.loc 1 189 0
  87 0048 1D2C     		cmp	r4, #29
  88 004a 03DC     		bgt	.L2
 190:main.c        ****             { 
 191:main.c        ****                
 192:main.c        ****                 LED_Write(1); 
  89              		.loc 1 192 0
  90 004c 0120     		movs	r0, #1
  91 004e FFF7FEFF 		bl	LED_Write
  92              	.LVL15:
  93 0052 02E0     		b	.L3
ARM GAS  C:\Users\andre\AppData\Local\Temp\ccbveBGA.s 			page 6


  94              	.L2:
 193:main.c        ****                  
 194:main.c        ****                 
 195:main.c        ****             } 
 196:main.c        ****              
 197:main.c        ****              else 
 198:main.c        ****             { 
 199:main.c        ****           
 200:main.c        ****                 LED_Write(0); 
  95              		.loc 1 200 0
  96 0054 0020     		movs	r0, #0
  97 0056 FFF7FEFF 		bl	LED_Write
  98              	.LVL16:
  99              	.L3:
 201:main.c        ****              } 
 202:main.c        ****                 
 203:main.c        ****               Enable_Write(0);// reset the counter 
 100              		.loc 1 203 0
 101 005a 0020     		movs	r0, #0
 102 005c FFF7FEFF 		bl	Enable_Write
 103              	.LVL17:
 104 0060 10BD     		pop	{r4, pc}
 105              	.LVL18:
 106              	.L6:
 107 0062 00BFAFF3 		.align	3
 107      0080
 108              	.L5:
 109 0068 7470FAC4 		.word	-990220172
 110 006c 4B81263F 		.word	1059488075
 111              		.cfi_endproc
 112              	.LFE66:
 113              		.size	afstand, .-afstand
 114              		.section	.text.UART_1_Rx_Handler,"ax",%progbits
 115              		.align	2
 116              		.global	UART_1_Rx_Handler
 117              		.thumb
 118              		.thumb_func
 119              		.type	UART_1_Rx_Handler, %function
 120              	UART_1_Rx_Handler:
 121              	.LFB64:
  30:main.c        ****     uint8_t received = UART_1_ReadRxData();
 122              		.loc 1 30 0
 123              		.cfi_startproc
 124              		@ args = 0, pretend = 0, frame = 0
 125              		@ frame_needed = 0, uses_anonymous_args = 0
 126 0000 10B5     		push	{r4, lr}
 127              		.cfi_def_cfa_offset 8
 128              		.cfi_offset 4, -8
 129              		.cfi_offset 14, -4
  31:main.c        ****     UART_1_WriteTxData(received);
 130              		.loc 1 31 0
 131 0002 FFF7FEFF 		bl	UART_1_ReadRxData
 132              	.LVL19:
 133 0006 0446     		mov	r4, r0
 134              	.LVL20:
  32:main.c        ****     
 135              		.loc 1 32 0
ARM GAS  C:\Users\andre\AppData\Local\Temp\ccbveBGA.s 			page 7


 136 0008 FFF7FEFF 		bl	UART_1_WriteTxData
 137              	.LVL21:
  35:main.c        ****     {
 138              		.loc 1 35 0
 139 000c 612C     		cmp	r4, #97
 140 000e 06D1     		bne	.L8
  37:main.c        ****         drej = 1;
 141              		.loc 1 37 0
 142 0010 2B48     		ldr	r0, .L16
 143 0012 FFF7FEFF 		bl	UART_1_PutString
 144              	.LVL22:
  38:main.c        ****        
 145              		.loc 1 38 0
 146 0016 0122     		movs	r2, #1
 147 0018 2A4B     		ldr	r3, .L16+4
 148 001a 1A60     		str	r2, [r3]
 149 001c 10BD     		pop	{r4, pc}
 150              	.LVL23:
 151              	.L8:
  41:main.c        ****     {
 152              		.loc 1 41 0
 153 001e 642C     		cmp	r4, #100
 154 0020 06D1     		bne	.L10
  43:main.c        ****        drej = 2;
 155              		.loc 1 43 0
 156 0022 2948     		ldr	r0, .L16+8
 157 0024 FFF7FEFF 		bl	UART_1_PutString
 158              	.LVL24:
  44:main.c        ****     }  
 159              		.loc 1 44 0
 160 0028 0222     		movs	r2, #2
 161 002a 264B     		ldr	r3, .L16+4
 162 002c 1A60     		str	r2, [r3]
 163 002e 10BD     		pop	{r4, pc}
 164              	.LVL25:
 165              	.L10:
  46:main.c        ****     {
 166              		.loc 1 46 0
 167 0030 772C     		cmp	r4, #119
 168 0032 06D1     		bne	.L11
  48:main.c        ****         motor = 1;
 169              		.loc 1 48 0
 170 0034 2548     		ldr	r0, .L16+12
 171 0036 FFF7FEFF 		bl	UART_1_PutString
 172              	.LVL26:
  49:main.c        ****         
 173              		.loc 1 49 0
 174 003a 0122     		movs	r2, #1
 175 003c 214B     		ldr	r3, .L16+4
 176 003e 5A60     		str	r2, [r3, #4]
 177 0040 10BD     		pop	{r4, pc}
 178              	.LVL27:
 179              	.L11:
  53:main.c        ****     {
 180              		.loc 1 53 0
 181 0042 782C     		cmp	r4, #120
 182 0044 06D1     		bne	.L12
ARM GAS  C:\Users\andre\AppData\Local\Temp\ccbveBGA.s 			page 8


  55:main.c        ****         motor = 2;
 183              		.loc 1 55 0
 184 0046 2248     		ldr	r0, .L16+16
 185 0048 FFF7FEFF 		bl	UART_1_PutString
 186              	.LVL28:
  56:main.c        ****         
 187              		.loc 1 56 0
 188 004c 0222     		movs	r2, #2
 189 004e 1D4B     		ldr	r3, .L16+4
 190 0050 5A60     		str	r2, [r3, #4]
 191 0052 10BD     		pop	{r4, pc}
 192              	.LVL29:
 193              	.L12:
  59:main.c        ****     {
 194              		.loc 1 59 0
 195 0054 732C     		cmp	r4, #115
 196 0056 06D1     		bne	.L13
  61:main.c        ****         motor = 0;
 197              		.loc 1 61 0
 198 0058 1E48     		ldr	r0, .L16+20
 199 005a FFF7FEFF 		bl	UART_1_PutString
 200              	.LVL30:
  62:main.c        ****     }
 201              		.loc 1 62 0
 202 005e 0022     		movs	r2, #0
 203 0060 184B     		ldr	r3, .L16+4
 204 0062 5A60     		str	r2, [r3, #4]
 205 0064 10BD     		pop	{r4, pc}
 206              	.LVL31:
 207              	.L13:
  64:main.c        ****     {
 208              		.loc 1 64 0
 209 0066 7A2C     		cmp	r4, #122
 210 0068 1CD1     		bne	.L14
  66:main.c        ****         
 211              		.loc 1 66 0
 212 006a 1B48     		ldr	r0, .L16+24
 213 006c FFF7FEFF 		bl	UART_1_PutString
 214              	.LVL32:
  68:main.c        ****          LED_Write(1);
 215              		.loc 1 68 0
 216 0070 FA20     		movs	r0, #250
 217 0072 FFF7FEFF 		bl	CyDelay
 218              	.LVL33:
  69:main.c        ****         
 219              		.loc 1 69 0
 220 0076 0120     		movs	r0, #1
 221 0078 FFF7FEFF 		bl	LED_Write
 222              	.LVL34:
  71:main.c        ****         snprintf(f, sizeof(f),"verdi:  %d \r\n", feet);
 223              		.loc 1 71 0
 224 007c FFF7FEFF 		bl	afstand
 225              	.LVL35:
  72:main.c        ****         UART_1_PutString(f);
 226              		.loc 1 72 0
 227 0080 164C     		ldr	r4, .L16+28
 228              	.LVL36:
ARM GAS  C:\Users\andre\AppData\Local\Temp\ccbveBGA.s 			page 9


 229 0082 104B     		ldr	r3, .L16+4
 230 0084 9B68     		ldr	r3, [r3, #8]
 231 0086 164A     		ldr	r2, .L16+32
 232 0088 2421     		movs	r1, #36
 233 008a 2046     		mov	r0, r4
 234 008c FFF7FEFF 		bl	snprintf
 235              	.LVL37:
  73:main.c        ****         CyDelay(250);
 236              		.loc 1 73 0
 237 0090 2046     		mov	r0, r4
 238 0092 FFF7FEFF 		bl	UART_1_PutString
 239              	.LVL38:
  74:main.c        ****         LED_Write(0);
 240              		.loc 1 74 0
 241 0096 FA20     		movs	r0, #250
 242 0098 FFF7FEFF 		bl	CyDelay
 243              	.LVL39:
  75:main.c        ****     }
 244              		.loc 1 75 0
 245 009c 0020     		movs	r0, #0
 246 009e FFF7FEFF 		bl	LED_Write
 247              	.LVL40:
 248 00a2 10BD     		pop	{r4, pc}
 249              	.LVL41:
 250              	.L14:
  79:main.c        ****         UART_1_PutString("HELP2: Q og E og W for half, full og wave mode. \r \n");
 251              		.loc 1 79 0
 252 00a4 0F48     		ldr	r0, .L16+36
 253 00a6 FFF7FEFF 		bl	UART_1_PutString
 254              	.LVL42:
  80:main.c        ****         UART_1_PutString("HELP3: z for at tage en enkel omgang. \r \n");
 255              		.loc 1 80 0
 256 00aa 0F48     		ldr	r0, .L16+40
 257 00ac FFF7FEFF 		bl	UART_1_PutString
 258              	.LVL43:
  81:main.c        ****         UART_1_PutString("HELP4: A og D er for fremad og bakgear. \r \n \n \n");
 259              		.loc 1 81 0
 260 00b0 0E48     		ldr	r0, .L16+44
 261 00b2 FFF7FEFF 		bl	UART_1_PutString
 262              	.LVL44:
  82:main.c        ****     }
 263              		.loc 1 82 0
 264 00b6 0E48     		ldr	r0, .L16+48
 265 00b8 FFF7FEFF 		bl	UART_1_PutString
 266              	.LVL45:
 267 00bc 10BD     		pop	{r4, pc}
 268              	.LVL46:
 269              	.L17:
 270 00be 00BF     		.align	2
 271              	.L16:
 272 00c0 00000000 		.word	.LC0
 273 00c4 00000000 		.word	.LANCHOR0
 274 00c8 1C000000 		.word	.LC1
 275 00cc 34000000 		.word	.LC2
 276 00d0 44000000 		.word	.LC3
 277 00d4 58000000 		.word	.LC4
 278 00d8 6C000000 		.word	.LC5
ARM GAS  C:\Users\andre\AppData\Local\Temp\ccbveBGA.s 			page 10


 279 00dc 00000000 		.word	f
 280 00e0 74000000 		.word	.LC6
 281 00e4 84000000 		.word	.LC7
 282 00e8 C0000000 		.word	.LC8
 283 00ec F4000000 		.word	.LC9
 284 00f0 20010000 		.word	.LC10
 285              		.cfi_endproc
 286              	.LFE64:
 287              		.size	UART_1_Rx_Handler, .-UART_1_Rx_Handler
 288              		.section	.text.main,"ax",%progbits
 289              		.align	2
 290              		.global	main
 291              		.thumb
 292              		.thumb_func
 293              		.type	main, %function
 294              	main:
 295              	.LFB65:
  89:main.c        ****     CyGlobalIntEnable; /* Enable global interrupts. */
 296              		.loc 1 89 0
 297              		.cfi_startproc
 298              		@ Volatile: function does not return.
 299              		@ args = 0, pretend = 0, frame = 0
 300              		@ frame_needed = 0, uses_anonymous_args = 0
 301 0000 08B5     		push	{r3, lr}
 302              		.cfi_def_cfa_offset 8
 303              		.cfi_offset 3, -8
 304              		.cfi_offset 14, -4
  90:main.c        ****     
 305              		.loc 1 90 0
 306              		.syntax unified
 307              	@ 90 "main.c" 1
 308 0002 62B6     		CPSIE   i
 309              	@ 0 "" 2
  92:main.c        ****     UART_1_Start();
 310              		.loc 1 92 0
 311              		.thumb
 312              		.syntax unified
 313 0004 3B48     		ldr	r0, .L27
 314 0006 FFF7FEFF 		bl	isr_UART_1_RX_StartEx
 315              	.LVL47:
  93:main.c        ****     UART_1_PutString("Application started\r\n");
 316              		.loc 1 93 0
 317 000a FFF7FEFF 		bl	UART_1_Start
 318              	.LVL48:
  94:main.c        ****     LED_Write(0);
 319              		.loc 1 94 0
 320 000e 3A48     		ldr	r0, .L27+4
 321 0010 FFF7FEFF 		bl	UART_1_PutString
 322              	.LVL49:
  95:main.c        ****     /* Place your initialization/startup code here (e.g. MyInst_Start()) */
 323              		.loc 1 95 0
 324 0014 0020     		movs	r0, #0
 325 0016 FFF7FEFF 		bl	LED_Write
 326              	.LVL50:
  97:main.c        ****     
 327              		.loc 1 97 0
 328 001a 0120     		movs	r0, #1
ARM GAS  C:\Users\andre\AppData\Local\Temp\ccbveBGA.s 			page 11


 329 001c FFF7FEFF 		bl	VCC_Write
 330              	.LVL51:
  99:main.c        ****     
 331              		.loc 1 99 0
 332 0020 FFF7FEFF 		bl	Counter_Start
 333              	.LVL52:
 334              	.L25:
 104:main.c        ****         {
 335              		.loc 1 104 0
 336 0024 354B     		ldr	r3, .L27+8
 337 0026 5B68     		ldr	r3, [r3, #4]
 338 0028 3BB9     		cbnz	r3, .L19
 106:main.c        ****             CyDelay(500);
 339              		.loc 1 106 0
 340 002a 0120     		movs	r0, #1
 341 002c FFF7FEFF 		bl	MOR_Write
 342              	.LVL53:
 107:main.c        ****             
 343              		.loc 1 107 0
 344 0030 4FF4FA70 		mov	r0, #500
 345 0034 FFF7FEFF 		bl	CyDelay
 346              	.LVL54:
 347 0038 18E0     		b	.L20
 348              	.L19:
 110:main.c        ****         {
 349              		.loc 1 110 0
 350 003a 022B     		cmp	r3, #2
 351 003c 0AD1     		bne	.L21
 112:main.c        ****             MOR_Write(0);
 352              		.loc 1 112 0
 353 003e 0020     		movs	r0, #0
 354 0040 FFF7FEFF 		bl	motorMode_Write
 355              	.LVL55:
 113:main.c        ****             CyDelay(500);
 356              		.loc 1 113 0
 357 0044 0020     		movs	r0, #0
 358 0046 FFF7FEFF 		bl	MOR_Write
 359              	.LVL56:
 114:main.c        ****         }
 360              		.loc 1 114 0
 361 004a 4FF4FA70 		mov	r0, #500
 362 004e FFF7FEFF 		bl	CyDelay
 363              	.LVL57:
 364 0052 0BE0     		b	.L20
 365              	.L21:
 116:main.c        ****         {
 366              		.loc 1 116 0
 367 0054 012B     		cmp	r3, #1
 368 0056 09D1     		bne	.L20
 118:main.c        ****             MOR_Write(0);
 369              		.loc 1 118 0
 370 0058 0120     		movs	r0, #1
 371 005a FFF7FEFF 		bl	motorMode_Write
 372              	.LVL58:
 119:main.c        ****             CyDelay(500);
 373              		.loc 1 119 0
 374 005e 0020     		movs	r0, #0
ARM GAS  C:\Users\andre\AppData\Local\Temp\ccbveBGA.s 			page 12


 375 0060 FFF7FEFF 		bl	MOR_Write
 376              	.LVL59:
 120:main.c        ****         }
 377              		.loc 1 120 0
 378 0064 4FF4FA70 		mov	r0, #500
 379 0068 FFF7FEFF 		bl	CyDelay
 380              	.LVL60:
 381              	.L20:
 124:main.c        ****         {
 382              		.loc 1 124 0
 383 006c 234B     		ldr	r3, .L27+8
 384 006e 1B68     		ldr	r3, [r3]
 385 0070 022B     		cmp	r3, #2
 386 0072 0DD1     		bne	.L22
 126:main.c        ****             DrejRun_Write(0);
 387              		.loc 1 126 0
 388 0074 0020     		movs	r0, #0
 389 0076 FFF7FEFF 		bl	D_Write
 390              	.LVL61:
 127:main.c        ****             
 391              		.loc 1 127 0
 392 007a 0020     		movs	r0, #0
 393 007c FFF7FEFF 		bl	DrejRun_Write
 394              	.LVL62:
 129:main.c        ****             
 395              		.loc 1 129 0
 396 0080 4FF4FA70 		mov	r0, #500
 397 0084 FFF7FEFF 		bl	CyDelay
 398              	.LVL63:
 131:main.c        ****         }
 399              		.loc 1 131 0
 400 0088 0022     		movs	r2, #0
 401 008a 1C4B     		ldr	r3, .L27+8
 402 008c 1A60     		str	r2, [r3]
 403 008e 13E0     		b	.L23
 404              	.L22:
 133:main.c        ****         {
 405              		.loc 1 133 0
 406 0090 012B     		cmp	r3, #1
 407 0092 0DD1     		bne	.L24
 135:main.c        ****             DrejRun_Write(0);
 408              		.loc 1 135 0
 409 0094 0120     		movs	r0, #1
 410 0096 FFF7FEFF 		bl	D_Write
 411              	.LVL64:
 136:main.c        ****             
 412              		.loc 1 136 0
 413 009a 0020     		movs	r0, #0
 414 009c FFF7FEFF 		bl	DrejRun_Write
 415              	.LVL65:
 138:main.c        ****             
 416              		.loc 1 138 0
 417 00a0 4FF4FA70 		mov	r0, #500
 418 00a4 FFF7FEFF 		bl	CyDelay
 419              	.LVL66:
 140:main.c        ****         }
 420              		.loc 1 140 0
ARM GAS  C:\Users\andre\AppData\Local\Temp\ccbveBGA.s 			page 13


 421 00a8 0022     		movs	r2, #0
 422 00aa 144B     		ldr	r3, .L27+8
 423 00ac 1A60     		str	r2, [r3]
 424 00ae 03E0     		b	.L23
 425              	.L24:
 142:main.c        ****         {
 426              		.loc 1 142 0
 427 00b0 13B9     		cbnz	r3, .L23
 144:main.c        ****         }
 428              		.loc 1 144 0
 429 00b2 0120     		movs	r0, #1
 430 00b4 FFF7FEFF 		bl	DrejRun_Write
 431              	.LVL67:
 432              	.L23:
 147:main.c        ****         
 433              		.loc 1 147 0
 434 00b8 1148     		ldr	r0, .L27+12
 435 00ba FFF7FEFF 		bl	UART_1_PutString
 436              	.LVL68:
 149:main.c        ****          LED_Write(1);
 437              		.loc 1 149 0
 438 00be FA20     		movs	r0, #250
 439 00c0 FFF7FEFF 		bl	CyDelay
 440              	.LVL69:
 150:main.c        ****         
 441              		.loc 1 150 0
 442 00c4 0120     		movs	r0, #1
 443 00c6 FFF7FEFF 		bl	LED_Write
 444              	.LVL70:
 152:main.c        ****         snprintf(f, sizeof(f),"verdi:  %d \r\n", feet);
 445              		.loc 1 152 0
 446 00ca FFF7FEFF 		bl	afstand
 447              	.LVL71:
 153:main.c        ****         UART_1_PutString(f);
 448              		.loc 1 153 0
 449 00ce 0D4C     		ldr	r4, .L27+16
 450 00d0 0A4B     		ldr	r3, .L27+8
 451 00d2 9B68     		ldr	r3, [r3, #8]
 452 00d4 0C4A     		ldr	r2, .L27+20
 453 00d6 2421     		movs	r1, #36
 454 00d8 2046     		mov	r0, r4
 455 00da FFF7FEFF 		bl	snprintf
 456              	.LVL72:
 154:main.c        ****         CyDelay(250);
 457              		.loc 1 154 0
 458 00de 2046     		mov	r0, r4
 459 00e0 FFF7FEFF 		bl	UART_1_PutString
 460              	.LVL73:
 155:main.c        ****         LED_Write(0);
 461              		.loc 1 155 0
 462 00e4 FA20     		movs	r0, #250
 463 00e6 FFF7FEFF 		bl	CyDelay
 464              	.LVL74:
 156:main.c        ****     }
 465              		.loc 1 156 0
 466 00ea 0020     		movs	r0, #0
 467 00ec FFF7FEFF 		bl	LED_Write
ARM GAS  C:\Users\andre\AppData\Local\Temp\ccbveBGA.s 			page 14


 468              	.LVL75:
 157:main.c        ****     
 469              		.loc 1 157 0
 470 00f0 98E7     		b	.L25
 471              	.L28:
 472 00f2 00BF     		.align	2
 473              	.L27:
 474 00f4 00000000 		.word	UART_1_Rx_Handler
 475 00f8 50010000 		.word	.LC11
 476 00fc 00000000 		.word	.LANCHOR0
 477 0100 6C000000 		.word	.LC5
 478 0104 00000000 		.word	f
 479 0108 74000000 		.word	.LC6
 480              		.cfi_endproc
 481              	.LFE65:
 482              		.size	main, .-main
 483              		.comm	f,36,4
 484              		.global	i
 485              		.global	feet
 486              		.global	counts
 487              		.global	drej
 488              		.global	motor
 489              		.section	.rodata.str1.4,"aMS",%progbits,1
 490              		.align	2
 491              	.LC0:
 492 0000 0A204472 		.ascii	"\012 Drejer til venstre \015 \012\000"
 492      656A6572 
 492      2074696C 
 492      2076656E 
 492      73747265 
 493 0019 000000   		.space	3
 494              	.LC1:
 495 001c 0A204472 		.ascii	"\012 Drejer til hoejre \015 \012\000"
 495      656A6572 
 495      2074696C 
 495      20686F65 
 495      6A726520 
 496              	.LC2:
 497 0034 0A204672 		.ascii	"\012 Fremad \015 \012\000"
 497      656D6164 
 497      200D200A 
 497      00
 498 0041 000000   		.space	3
 499              	.LC3:
 500 0044 0A205469 		.ascii	"\012 Tilbage af \015 \012\000"
 500      6C626167 
 500      65206166 
 500      200D200A 
 500      00
 501 0055 000000   		.space	3
 502              	.LC4:
 503 0058 0A4D6F74 		.ascii	"\012Motor Stoppet \015 \012\000"
 503      6F722053 
 503      746F7070 
 503      6574200D 
 503      200A00
 504 006b 00       		.space	1
ARM GAS  C:\Users\andre\AppData\Local\Temp\ccbveBGA.s 			page 15


 505              	.LC5:
 506 006c 0A200D20 		.ascii	"\012 \015 \012\000"
 506      0A00
 507 0072 0000     		.space	2
 508              	.LC6:
 509 0074 76657264 		.ascii	"verdi:  %d \015\012\000"
 509      693A2020 
 509      2564200D 
 509      0A00
 510 0082 0000     		.space	2
 511              	.LC7:
 512 0084 0A200A20 		.ascii	"\012 \012 \012HELP1: Du kan brug 1 til 9 og 0 for h"
 512      0A48454C 
 512      50313A20 
 512      4475206B 
 512      616E2062 
 513 00ae 61737469 		.ascii	"astigheder. \015 \012\000"
 513      67686564 
 513      65722E20 
 513      0D200A00 
 514 00be 0000     		.space	2
 515              	.LC8:
 516 00c0 48454C50 		.ascii	"HELP2: Q og E og W for half, full og wave mode. \015"
 516      323A2051 
 516      206F6720 
 516      45206F67 
 516      20572066 
 517 00f1 200A00   		.ascii	" \012\000"
 518              	.LC9:
 519 00f4 48454C50 		.ascii	"HELP3: z for at tage en enkel omgang. \015 \012\000"
 519      333A207A 
 519      20666F72 
 519      20617420 
 519      74616765 
 520 011e 0000     		.space	2
 521              	.LC10:
 522 0120 48454C50 		.ascii	"HELP4: A og D er for fremad og bakgear. \015 \012 \012"
 522      343A2041 
 522      206F6720 
 522      44206572 
 522      20666F72 
 523 014d 200A00   		.ascii	" \012\000"
 524              	.LC11:
 525 0150 4170706C 		.ascii	"Application started\015\012\000"
 525      69636174 
 525      696F6E20 
 525      73746172 
 525      7465640D 
 526              		.bss
 527              		.align	2
 528              		.set	.LANCHOR0,. + 0
 529              		.type	drej, %object
 530              		.size	drej, 4
 531              	drej:
 532 0000 00000000 		.space	4
 533              		.type	motor, %object
 534              		.size	motor, 4
ARM GAS  C:\Users\andre\AppData\Local\Temp\ccbveBGA.s 			page 16


 535              	motor:
 536 0004 00000000 		.space	4
 537              		.type	feet, %object
 538              		.size	feet, 4
 539              	feet:
 540 0008 00000000 		.space	4
 541              		.type	i, %object
 542              		.size	i, 2
 543              	i:
 544 000c 0000     		.space	2
 545              		.type	counts, %object
 546              		.size	counts, 2
 547              	counts:
 548 000e 0000     		.space	2
 549              		.text
 550              	.Letext0:
 551              		.file 2 "d:\\program files (x86)\\cypress\\psoc creator\\4.1\\psoc creator\\import\\gnu\\arm\\5.4.
 552              		.file 3 "d:\\program files (x86)\\cypress\\psoc creator\\4.1\\psoc creator\\import\\gnu\\arm\\5.4.
 553              		.file 4 "Generated_Source\\PSoC5/cytypes.h"
 554              		.file 5 "Generated_Source\\PSoC5/core_cm3.h"
 555              		.file 6 "Generated_Source\\PSoC5/Enable.h"
 556              		.file 7 "Generated_Source\\PSoC5/Sonic_Sensor.h"
 557              		.file 8 "Generated_Source\\PSoC5/CyLib.h"
 558              		.file 9 "Generated_Source\\PSoC5/Counter.h"
 559              		.file 10 "Generated_Source\\PSoC5/LED.h"
 560              		.file 11 "Generated_Source\\PSoC5/UART_1.h"
 561              		.file 12 "d:\\program files (x86)\\cypress\\psoc creator\\4.1\\psoc creator\\import\\gnu\\arm\\5.4
 562              		.file 13 "Generated_Source\\PSoC5/isr_UART_1_RX.h"
 563              		.file 14 "Generated_Source\\PSoC5/VCC.h"
 564              		.file 15 "Generated_Source\\PSoC5/MOR.h"
 565              		.file 16 "Generated_Source\\PSoC5/motorMode.h"
 566              		.file 17 "Generated_Source\\PSoC5/D.h"
 567              		.file 18 "Generated_Source\\PSoC5/DrejRun.h"
 568              		.section	.debug_info,"",%progbits
 569              	.Ldebug_info0:
 570 0000 12070000 		.4byte	0x712
 571 0004 0400     		.2byte	0x4
 572 0006 00000000 		.4byte	.Ldebug_abbrev0
 573 000a 04       		.byte	0x4
 574 000b 01       		.uleb128 0x1
 575 000c A1000000 		.4byte	.LASF44
 576 0010 0C       		.byte	0xc
 577 0011 C3020000 		.4byte	.LASF45
 578 0015 F4010000 		.4byte	.LASF46
 579 0019 00000000 		.4byte	.Ldebug_ranges0+0
 580 001d 00000000 		.4byte	0
 581 0021 00000000 		.4byte	.Ldebug_line0
 582 0025 02       		.uleb128 0x2
 583 0026 01       		.byte	0x1
 584 0027 06       		.byte	0x6
 585 0028 1C030000 		.4byte	.LASF0
 586 002c 03       		.uleb128 0x3
 587 002d 1B000000 		.4byte	.LASF4
 588 0031 02       		.byte	0x2
 589 0032 1D       		.byte	0x1d
 590 0033 37000000 		.4byte	0x37
 591 0037 02       		.uleb128 0x2
ARM GAS  C:\Users\andre\AppData\Local\Temp\ccbveBGA.s 			page 17


 592 0038 01       		.byte	0x1
 593 0039 08       		.byte	0x8
 594 003a 93000000 		.4byte	.LASF1
 595 003e 02       		.uleb128 0x2
 596 003f 02       		.byte	0x2
 597 0040 05       		.byte	0x5
 598 0041 EB020000 		.4byte	.LASF2
 599 0045 02       		.uleb128 0x2
 600 0046 02       		.byte	0x2
 601 0047 07       		.byte	0x7
 602 0048 6B010000 		.4byte	.LASF3
 603 004c 03       		.uleb128 0x3
 604 004d 4D000000 		.4byte	.LASF5
 605 0051 02       		.byte	0x2
 606 0052 3F       		.byte	0x3f
 607 0053 57000000 		.4byte	0x57
 608 0057 02       		.uleb128 0x2
 609 0058 04       		.byte	0x4
 610 0059 05       		.byte	0x5
 611 005a 07030000 		.4byte	.LASF6
 612 005e 02       		.uleb128 0x2
 613 005f 04       		.byte	0x4
 614 0060 07       		.byte	0x7
 615 0061 47010000 		.4byte	.LASF7
 616 0065 02       		.uleb128 0x2
 617 0066 08       		.byte	0x8
 618 0067 05       		.byte	0x5
 619 0068 00000000 		.4byte	.LASF8
 620 006c 02       		.uleb128 0x2
 621 006d 08       		.byte	0x8
 622 006e 07       		.byte	0x7
 623 006f 8D020000 		.4byte	.LASF9
 624 0073 04       		.uleb128 0x4
 625 0074 04       		.byte	0x4
 626 0075 05       		.byte	0x5
 627 0076 696E7400 		.ascii	"int\000"
 628 007a 02       		.uleb128 0x2
 629 007b 04       		.byte	0x4
 630 007c 07       		.byte	0x7
 631 007d 79020000 		.4byte	.LASF10
 632 0081 03       		.uleb128 0x3
 633 0082 A4020000 		.4byte	.LASF11
 634 0086 03       		.byte	0x3
 635 0087 18       		.byte	0x18
 636 0088 2C000000 		.4byte	0x2c
 637 008c 03       		.uleb128 0x3
 638 008d AC020000 		.4byte	.LASF12
 639 0091 03       		.byte	0x3
 640 0092 2C       		.byte	0x2c
 641 0093 4C000000 		.4byte	0x4c
 642 0097 05       		.uleb128 0x5
 643 0098 D0010000 		.4byte	.LASF13
 644 009c 04       		.byte	0x4
 645 009d 9301     		.2byte	0x193
 646 009f 45000000 		.4byte	0x45
 647 00a3 02       		.uleb128 0x2
 648 00a4 04       		.byte	0x4
ARM GAS  C:\Users\andre\AppData\Local\Temp\ccbveBGA.s 			page 18


 649 00a5 04       		.byte	0x4
 650 00a6 83000000 		.4byte	.LASF14
 651 00aa 02       		.uleb128 0x2
 652 00ab 08       		.byte	0x8
 653 00ac 04       		.byte	0x4
 654 00ad 28030000 		.4byte	.LASF15
 655 00b1 02       		.uleb128 0x2
 656 00b2 01       		.byte	0x1
 657 00b3 08       		.byte	0x8
 658 00b4 CA020000 		.4byte	.LASF16
 659 00b8 02       		.uleb128 0x2
 660 00b9 08       		.byte	0x8
 661 00ba 04       		.byte	0x4
 662 00bb 10030000 		.4byte	.LASF17
 663 00bf 02       		.uleb128 0x2
 664 00c0 04       		.byte	0x4
 665 00c1 07       		.byte	0x7
 666 00c2 B4020000 		.4byte	.LASF18
 667 00c6 06       		.uleb128 0x6
 668 00c7 57000000 		.4byte	.LASF47
 669 00cb 01       		.byte	0x1
 670 00cc A4       		.byte	0xa4
 671 00cd 00000000 		.4byte	.LFB66
 672 00d1 70000000 		.4byte	.LFE66-.LFB66
 673 00d5 01       		.uleb128 0x1
 674 00d6 9C       		.byte	0x9c
 675 00d7 C7010000 		.4byte	0x1c7
 676 00db 07       		.uleb128 0x7
 677 00dc 86020000 		.4byte	.LASF19
 678 00e0 01       		.byte	0x1
 679 00e1 A6       		.byte	0xa6
 680 00e2 97000000 		.4byte	0x97
 681 00e6 00000000 		.4byte	.LLST0
 682 00ea 07       		.uleb128 0x7
 683 00eb 71000000 		.4byte	.LASF20
 684 00ef 01       		.byte	0x1
 685 00f0 A7       		.byte	0xa7
 686 00f1 73000000 		.4byte	0x73
 687 00f5 1F000000 		.4byte	.LLST1
 688 00f9 08       		.uleb128 0x8
 689 00fa 08000000 		.4byte	.LVL1
 690 00fe 44060000 		.4byte	0x644
 691 0102 0C010000 		.4byte	0x10c
 692 0106 09       		.uleb128 0x9
 693 0107 01       		.uleb128 0x1
 694 0108 50       		.byte	0x50
 695 0109 01       		.uleb128 0x1
 696 010a 30       		.byte	0x30
 697 010b 00       		.byte	0
 698 010c 08       		.uleb128 0x8
 699 010d 0E000000 		.4byte	.LVL2
 700 0111 4F060000 		.4byte	0x64f
 701 0115 1F010000 		.4byte	0x11f
 702 0119 09       		.uleb128 0x9
 703 011a 01       		.uleb128 0x1
 704 011b 50       		.byte	0x50
 705 011c 01       		.uleb128 0x1
ARM GAS  C:\Users\andre\AppData\Local\Temp\ccbveBGA.s 			page 19


 706 011d 31       		.byte	0x31
 707 011e 00       		.byte	0
 708 011f 08       		.uleb128 0x8
 709 0120 14000000 		.4byte	.LVL3
 710 0124 5A060000 		.4byte	0x65a
 711 0128 32010000 		.4byte	0x132
 712 012c 09       		.uleb128 0x9
 713 012d 01       		.uleb128 0x1
 714 012e 50       		.byte	0x50
 715 012f 01       		.uleb128 0x1
 716 0130 3A       		.byte	0x3a
 717 0131 00       		.byte	0
 718 0132 08       		.uleb128 0x8
 719 0133 1A000000 		.4byte	.LVL4
 720 0137 4F060000 		.4byte	0x64f
 721 013b 45010000 		.4byte	0x145
 722 013f 09       		.uleb128 0x9
 723 0140 01       		.uleb128 0x1
 724 0141 50       		.byte	0x50
 725 0142 01       		.uleb128 0x1
 726 0143 30       		.byte	0x30
 727 0144 00       		.byte	0
 728 0145 08       		.uleb128 0x8
 729 0146 20000000 		.4byte	.LVL5
 730 014a 44060000 		.4byte	0x644
 731 014e 58010000 		.4byte	0x158
 732 0152 09       		.uleb128 0x9
 733 0153 01       		.uleb128 0x1
 734 0154 50       		.byte	0x50
 735 0155 01       		.uleb128 0x1
 736 0156 31       		.byte	0x31
 737 0157 00       		.byte	0
 738 0158 0A       		.uleb128 0xa
 739 0159 24000000 		.4byte	.LVL6
 740 015d 65060000 		.4byte	0x665
 741 0161 08       		.uleb128 0x8
 742 0162 2A000000 		.4byte	.LVL7
 743 0166 70060000 		.4byte	0x670
 744 016a 75010000 		.4byte	0x175
 745 016e 09       		.uleb128 0x9
 746 016f 01       		.uleb128 0x1
 747 0170 50       		.byte	0x50
 748 0171 02       		.uleb128 0x2
 749 0172 08       		.byte	0x8
 750 0173 32       		.byte	0x32
 751 0174 00       		.byte	0
 752 0175 0A       		.uleb128 0xa
 753 0176 2E000000 		.4byte	.LVL8
 754 017a 7B060000 		.4byte	0x67b
 755 017e 08       		.uleb128 0x8
 756 017f 48000000 		.4byte	.LVL14
 757 0183 5A060000 		.4byte	0x65a
 758 0187 91010000 		.4byte	0x191
 759 018b 09       		.uleb128 0x9
 760 018c 01       		.uleb128 0x1
 761 018d 50       		.byte	0x50
 762 018e 01       		.uleb128 0x1
ARM GAS  C:\Users\andre\AppData\Local\Temp\ccbveBGA.s 			page 20


 763 018f 3A       		.byte	0x3a
 764 0190 00       		.byte	0
 765 0191 08       		.uleb128 0x8
 766 0192 52000000 		.4byte	.LVL15
 767 0196 86060000 		.4byte	0x686
 768 019a A4010000 		.4byte	0x1a4
 769 019e 09       		.uleb128 0x9
 770 019f 01       		.uleb128 0x1
 771 01a0 50       		.byte	0x50
 772 01a1 01       		.uleb128 0x1
 773 01a2 31       		.byte	0x31
 774 01a3 00       		.byte	0
 775 01a4 08       		.uleb128 0x8
 776 01a5 5A000000 		.4byte	.LVL16
 777 01a9 86060000 		.4byte	0x686
 778 01ad B7010000 		.4byte	0x1b7
 779 01b1 09       		.uleb128 0x9
 780 01b2 01       		.uleb128 0x1
 781 01b3 50       		.byte	0x50
 782 01b4 01       		.uleb128 0x1
 783 01b5 30       		.byte	0x30
 784 01b6 00       		.byte	0
 785 01b7 0B       		.uleb128 0xb
 786 01b8 60000000 		.4byte	.LVL17
 787 01bc 44060000 		.4byte	0x644
 788 01c0 09       		.uleb128 0x9
 789 01c1 01       		.uleb128 0x1
 790 01c2 50       		.byte	0x50
 791 01c3 01       		.uleb128 0x1
 792 01c4 30       		.byte	0x30
 793 01c5 00       		.byte	0
 794 01c6 00       		.byte	0
 795 01c7 0C       		.uleb128 0xc
 796 01c8 F5020000 		.4byte	.LASF48
 797 01cc 01       		.byte	0x1
 798 01cd 1D       		.byte	0x1d
 799 01ce 00000000 		.4byte	.LFB64
 800 01d2 F4000000 		.4byte	.LFE64-.LFB64
 801 01d6 01       		.uleb128 0x1
 802 01d7 9C       		.byte	0x9c
 803 01d8 79030000 		.4byte	0x379
 804 01dc 07       		.uleb128 0x7
 805 01dd 68000000 		.4byte	.LASF21
 806 01e1 01       		.byte	0x1
 807 01e2 1F       		.byte	0x1f
 808 01e3 81000000 		.4byte	0x81
 809 01e7 49000000 		.4byte	.LLST2
 810 01eb 0A       		.uleb128 0xa
 811 01ec 06000000 		.4byte	.LVL19
 812 01f0 91060000 		.4byte	0x691
 813 01f4 08       		.uleb128 0x8
 814 01f5 0C000000 		.4byte	.LVL21
 815 01f9 9C060000 		.4byte	0x69c
 816 01fd 08020000 		.4byte	0x208
 817 0201 09       		.uleb128 0x9
 818 0202 01       		.uleb128 0x1
 819 0203 50       		.byte	0x50
ARM GAS  C:\Users\andre\AppData\Local\Temp\ccbveBGA.s 			page 21


 820 0204 02       		.uleb128 0x2
 821 0205 74       		.byte	0x74
 822 0206 00       		.sleb128 0
 823 0207 00       		.byte	0
 824 0208 08       		.uleb128 0x8
 825 0209 16000000 		.4byte	.LVL22
 826 020d A7060000 		.4byte	0x6a7
 827 0211 1F020000 		.4byte	0x21f
 828 0215 09       		.uleb128 0x9
 829 0216 01       		.uleb128 0x1
 830 0217 50       		.byte	0x50
 831 0218 05       		.uleb128 0x5
 832 0219 03       		.byte	0x3
 833 021a 00000000 		.4byte	.LC0
 834 021e 00       		.byte	0
 835 021f 08       		.uleb128 0x8
 836 0220 28000000 		.4byte	.LVL24
 837 0224 A7060000 		.4byte	0x6a7
 838 0228 36020000 		.4byte	0x236
 839 022c 09       		.uleb128 0x9
 840 022d 01       		.uleb128 0x1
 841 022e 50       		.byte	0x50
 842 022f 05       		.uleb128 0x5
 843 0230 03       		.byte	0x3
 844 0231 1C000000 		.4byte	.LC1
 845 0235 00       		.byte	0
 846 0236 08       		.uleb128 0x8
 847 0237 3A000000 		.4byte	.LVL26
 848 023b A7060000 		.4byte	0x6a7
 849 023f 4D020000 		.4byte	0x24d
 850 0243 09       		.uleb128 0x9
 851 0244 01       		.uleb128 0x1
 852 0245 50       		.byte	0x50
 853 0246 05       		.uleb128 0x5
 854 0247 03       		.byte	0x3
 855 0248 34000000 		.4byte	.LC2
 856 024c 00       		.byte	0
 857 024d 08       		.uleb128 0x8
 858 024e 4C000000 		.4byte	.LVL28
 859 0252 A7060000 		.4byte	0x6a7
 860 0256 64020000 		.4byte	0x264
 861 025a 09       		.uleb128 0x9
 862 025b 01       		.uleb128 0x1
 863 025c 50       		.byte	0x50
 864 025d 05       		.uleb128 0x5
 865 025e 03       		.byte	0x3
 866 025f 44000000 		.4byte	.LC3
 867 0263 00       		.byte	0
 868 0264 08       		.uleb128 0x8
 869 0265 5E000000 		.4byte	.LVL30
 870 0269 A7060000 		.4byte	0x6a7
 871 026d 7B020000 		.4byte	0x27b
 872 0271 09       		.uleb128 0x9
 873 0272 01       		.uleb128 0x1
 874 0273 50       		.byte	0x50
 875 0274 05       		.uleb128 0x5
 876 0275 03       		.byte	0x3
ARM GAS  C:\Users\andre\AppData\Local\Temp\ccbveBGA.s 			page 22


 877 0276 58000000 		.4byte	.LC4
 878 027a 00       		.byte	0
 879 027b 08       		.uleb128 0x8
 880 027c 70000000 		.4byte	.LVL32
 881 0280 A7060000 		.4byte	0x6a7
 882 0284 92020000 		.4byte	0x292
 883 0288 09       		.uleb128 0x9
 884 0289 01       		.uleb128 0x1
 885 028a 50       		.byte	0x50
 886 028b 05       		.uleb128 0x5
 887 028c 03       		.byte	0x3
 888 028d 6C000000 		.4byte	.LC5
 889 0291 00       		.byte	0
 890 0292 08       		.uleb128 0x8
 891 0293 76000000 		.4byte	.LVL33
 892 0297 70060000 		.4byte	0x670
 893 029b A6020000 		.4byte	0x2a6
 894 029f 09       		.uleb128 0x9
 895 02a0 01       		.uleb128 0x1
 896 02a1 50       		.byte	0x50
 897 02a2 02       		.uleb128 0x2
 898 02a3 08       		.byte	0x8
 899 02a4 FA       		.byte	0xfa
 900 02a5 00       		.byte	0
 901 02a6 08       		.uleb128 0x8
 902 02a7 7C000000 		.4byte	.LVL34
 903 02ab 86060000 		.4byte	0x686
 904 02af B9020000 		.4byte	0x2b9
 905 02b3 09       		.uleb128 0x9
 906 02b4 01       		.uleb128 0x1
 907 02b5 50       		.byte	0x50
 908 02b6 01       		.uleb128 0x1
 909 02b7 31       		.byte	0x31
 910 02b8 00       		.byte	0
 911 02b9 0A       		.uleb128 0xa
 912 02ba 80000000 		.4byte	.LVL35
 913 02be C6000000 		.4byte	0xc6
 914 02c2 08       		.uleb128 0x8
 915 02c3 90000000 		.4byte	.LVL37
 916 02c7 B2060000 		.4byte	0x6b2
 917 02cb E5020000 		.4byte	0x2e5
 918 02cf 09       		.uleb128 0x9
 919 02d0 01       		.uleb128 0x1
 920 02d1 50       		.byte	0x50
 921 02d2 02       		.uleb128 0x2
 922 02d3 74       		.byte	0x74
 923 02d4 00       		.sleb128 0
 924 02d5 09       		.uleb128 0x9
 925 02d6 01       		.uleb128 0x1
 926 02d7 51       		.byte	0x51
 927 02d8 02       		.uleb128 0x2
 928 02d9 08       		.byte	0x8
 929 02da 24       		.byte	0x24
 930 02db 09       		.uleb128 0x9
 931 02dc 01       		.uleb128 0x1
 932 02dd 52       		.byte	0x52
 933 02de 05       		.uleb128 0x5
ARM GAS  C:\Users\andre\AppData\Local\Temp\ccbveBGA.s 			page 23


 934 02df 03       		.byte	0x3
 935 02e0 74000000 		.4byte	.LC6
 936 02e4 00       		.byte	0
 937 02e5 08       		.uleb128 0x8
 938 02e6 96000000 		.4byte	.LVL38
 939 02ea A7060000 		.4byte	0x6a7
 940 02ee F9020000 		.4byte	0x2f9
 941 02f2 09       		.uleb128 0x9
 942 02f3 01       		.uleb128 0x1
 943 02f4 50       		.byte	0x50
 944 02f5 02       		.uleb128 0x2
 945 02f6 74       		.byte	0x74
 946 02f7 00       		.sleb128 0
 947 02f8 00       		.byte	0
 948 02f9 08       		.uleb128 0x8
 949 02fa 9C000000 		.4byte	.LVL39
 950 02fe 70060000 		.4byte	0x670
 951 0302 0D030000 		.4byte	0x30d
 952 0306 09       		.uleb128 0x9
 953 0307 01       		.uleb128 0x1
 954 0308 50       		.byte	0x50
 955 0309 02       		.uleb128 0x2
 956 030a 08       		.byte	0x8
 957 030b FA       		.byte	0xfa
 958 030c 00       		.byte	0
 959 030d 08       		.uleb128 0x8
 960 030e A2000000 		.4byte	.LVL40
 961 0312 86060000 		.4byte	0x686
 962 0316 20030000 		.4byte	0x320
 963 031a 09       		.uleb128 0x9
 964 031b 01       		.uleb128 0x1
 965 031c 50       		.byte	0x50
 966 031d 01       		.uleb128 0x1
 967 031e 30       		.byte	0x30
 968 031f 00       		.byte	0
 969 0320 08       		.uleb128 0x8
 970 0321 AA000000 		.4byte	.LVL42
 971 0325 A7060000 		.4byte	0x6a7
 972 0329 37030000 		.4byte	0x337
 973 032d 09       		.uleb128 0x9
 974 032e 01       		.uleb128 0x1
 975 032f 50       		.byte	0x50
 976 0330 05       		.uleb128 0x5
 977 0331 03       		.byte	0x3
 978 0332 84000000 		.4byte	.LC7
 979 0336 00       		.byte	0
 980 0337 08       		.uleb128 0x8
 981 0338 B0000000 		.4byte	.LVL43
 982 033c A7060000 		.4byte	0x6a7
 983 0340 4E030000 		.4byte	0x34e
 984 0344 09       		.uleb128 0x9
 985 0345 01       		.uleb128 0x1
 986 0346 50       		.byte	0x50
 987 0347 05       		.uleb128 0x5
 988 0348 03       		.byte	0x3
 989 0349 C0000000 		.4byte	.LC8
 990 034d 00       		.byte	0
ARM GAS  C:\Users\andre\AppData\Local\Temp\ccbveBGA.s 			page 24


 991 034e 08       		.uleb128 0x8
 992 034f B6000000 		.4byte	.LVL44
 993 0353 A7060000 		.4byte	0x6a7
 994 0357 65030000 		.4byte	0x365
 995 035b 09       		.uleb128 0x9
 996 035c 01       		.uleb128 0x1
 997 035d 50       		.byte	0x50
 998 035e 05       		.uleb128 0x5
 999 035f 03       		.byte	0x3
 1000 0360 F4000000 		.4byte	.LC9
 1001 0364 00       		.byte	0
 1002 0365 0B       		.uleb128 0xb
 1003 0366 BC000000 		.4byte	.LVL45
 1004 036a A7060000 		.4byte	0x6a7
 1005 036e 09       		.uleb128 0x9
 1006 036f 01       		.uleb128 0x1
 1007 0370 50       		.byte	0x50
 1008 0371 05       		.uleb128 0x5
 1009 0372 03       		.byte	0x3
 1010 0373 20010000 		.4byte	.LC10
 1011 0377 00       		.byte	0
 1012 0378 00       		.byte	0
 1013 0379 0D       		.uleb128 0xd
 1014 037a D7010000 		.4byte	.LASF49
 1015 037e 01       		.byte	0x1
 1016 037f 58       		.byte	0x58
 1017 0380 73000000 		.4byte	0x73
 1018 0384 00000000 		.4byte	.LFB65
 1019 0388 0C010000 		.4byte	.LFE65-.LFB65
 1020 038c 01       		.uleb128 0x1
 1021 038d 9C       		.byte	0x9c
 1022 038e C1050000 		.4byte	0x5c1
 1023 0392 08       		.uleb128 0x8
 1024 0393 0A000000 		.4byte	.LVL47
 1025 0397 BD060000 		.4byte	0x6bd
 1026 039b A9030000 		.4byte	0x3a9
 1027 039f 09       		.uleb128 0x9
 1028 03a0 01       		.uleb128 0x1
 1029 03a1 50       		.byte	0x50
 1030 03a2 05       		.uleb128 0x5
 1031 03a3 03       		.byte	0x3
 1032 03a4 00000000 		.4byte	UART_1_Rx_Handler
 1033 03a8 00       		.byte	0
 1034 03a9 0A       		.uleb128 0xa
 1035 03aa 0E000000 		.4byte	.LVL48
 1036 03ae C8060000 		.4byte	0x6c8
 1037 03b2 08       		.uleb128 0x8
 1038 03b3 14000000 		.4byte	.LVL49
 1039 03b7 A7060000 		.4byte	0x6a7
 1040 03bb C9030000 		.4byte	0x3c9
 1041 03bf 09       		.uleb128 0x9
 1042 03c0 01       		.uleb128 0x1
 1043 03c1 50       		.byte	0x50
 1044 03c2 05       		.uleb128 0x5
 1045 03c3 03       		.byte	0x3
 1046 03c4 50010000 		.4byte	.LC11
 1047 03c8 00       		.byte	0
ARM GAS  C:\Users\andre\AppData\Local\Temp\ccbveBGA.s 			page 25


 1048 03c9 08       		.uleb128 0x8
 1049 03ca 1A000000 		.4byte	.LVL50
 1050 03ce 86060000 		.4byte	0x686
 1051 03d2 DC030000 		.4byte	0x3dc
 1052 03d6 09       		.uleb128 0x9
 1053 03d7 01       		.uleb128 0x1
 1054 03d8 50       		.byte	0x50
 1055 03d9 01       		.uleb128 0x1
 1056 03da 30       		.byte	0x30
 1057 03db 00       		.byte	0
 1058 03dc 08       		.uleb128 0x8
 1059 03dd 20000000 		.4byte	.LVL51
 1060 03e1 D3060000 		.4byte	0x6d3
 1061 03e5 EF030000 		.4byte	0x3ef
 1062 03e9 09       		.uleb128 0x9
 1063 03ea 01       		.uleb128 0x1
 1064 03eb 50       		.byte	0x50
 1065 03ec 01       		.uleb128 0x1
 1066 03ed 31       		.byte	0x31
 1067 03ee 00       		.byte	0
 1068 03ef 0A       		.uleb128 0xa
 1069 03f0 24000000 		.4byte	.LVL52
 1070 03f4 DE060000 		.4byte	0x6de
 1071 03f8 08       		.uleb128 0x8
 1072 03f9 30000000 		.4byte	.LVL53
 1073 03fd E9060000 		.4byte	0x6e9
 1074 0401 0B040000 		.4byte	0x40b
 1075 0405 09       		.uleb128 0x9
 1076 0406 01       		.uleb128 0x1
 1077 0407 50       		.byte	0x50
 1078 0408 01       		.uleb128 0x1
 1079 0409 31       		.byte	0x31
 1080 040a 00       		.byte	0
 1081 040b 08       		.uleb128 0x8
 1082 040c 38000000 		.4byte	.LVL54
 1083 0410 70060000 		.4byte	0x670
 1084 0414 20040000 		.4byte	0x420
 1085 0418 09       		.uleb128 0x9
 1086 0419 01       		.uleb128 0x1
 1087 041a 50       		.byte	0x50
 1088 041b 03       		.uleb128 0x3
 1089 041c 0A       		.byte	0xa
 1090 041d F401     		.2byte	0x1f4
 1091 041f 00       		.byte	0
 1092 0420 08       		.uleb128 0x8
 1093 0421 44000000 		.4byte	.LVL55
 1094 0425 F4060000 		.4byte	0x6f4
 1095 0429 33040000 		.4byte	0x433
 1096 042d 09       		.uleb128 0x9
 1097 042e 01       		.uleb128 0x1
 1098 042f 50       		.byte	0x50
 1099 0430 01       		.uleb128 0x1
 1100 0431 30       		.byte	0x30
 1101 0432 00       		.byte	0
 1102 0433 08       		.uleb128 0x8
 1103 0434 4A000000 		.4byte	.LVL56
 1104 0438 E9060000 		.4byte	0x6e9
ARM GAS  C:\Users\andre\AppData\Local\Temp\ccbveBGA.s 			page 26


 1105 043c 46040000 		.4byte	0x446
 1106 0440 09       		.uleb128 0x9
 1107 0441 01       		.uleb128 0x1
 1108 0442 50       		.byte	0x50
 1109 0443 01       		.uleb128 0x1
 1110 0444 30       		.byte	0x30
 1111 0445 00       		.byte	0
 1112 0446 08       		.uleb128 0x8
 1113 0447 52000000 		.4byte	.LVL57
 1114 044b 70060000 		.4byte	0x670
 1115 044f 5B040000 		.4byte	0x45b
 1116 0453 09       		.uleb128 0x9
 1117 0454 01       		.uleb128 0x1
 1118 0455 50       		.byte	0x50
 1119 0456 03       		.uleb128 0x3
 1120 0457 0A       		.byte	0xa
 1121 0458 F401     		.2byte	0x1f4
 1122 045a 00       		.byte	0
 1123 045b 08       		.uleb128 0x8
 1124 045c 5E000000 		.4byte	.LVL58
 1125 0460 F4060000 		.4byte	0x6f4
 1126 0464 6E040000 		.4byte	0x46e
 1127 0468 09       		.uleb128 0x9
 1128 0469 01       		.uleb128 0x1
 1129 046a 50       		.byte	0x50
 1130 046b 01       		.uleb128 0x1
 1131 046c 31       		.byte	0x31
 1132 046d 00       		.byte	0
 1133 046e 08       		.uleb128 0x8
 1134 046f 64000000 		.4byte	.LVL59
 1135 0473 E9060000 		.4byte	0x6e9
 1136 0477 81040000 		.4byte	0x481
 1137 047b 09       		.uleb128 0x9
 1138 047c 01       		.uleb128 0x1
 1139 047d 50       		.byte	0x50
 1140 047e 01       		.uleb128 0x1
 1141 047f 30       		.byte	0x30
 1142 0480 00       		.byte	0
 1143 0481 08       		.uleb128 0x8
 1144 0482 6C000000 		.4byte	.LVL60
 1145 0486 70060000 		.4byte	0x670
 1146 048a 96040000 		.4byte	0x496
 1147 048e 09       		.uleb128 0x9
 1148 048f 01       		.uleb128 0x1
 1149 0490 50       		.byte	0x50
 1150 0491 03       		.uleb128 0x3
 1151 0492 0A       		.byte	0xa
 1152 0493 F401     		.2byte	0x1f4
 1153 0495 00       		.byte	0
 1154 0496 08       		.uleb128 0x8
 1155 0497 7A000000 		.4byte	.LVL61
 1156 049b FF060000 		.4byte	0x6ff
 1157 049f A9040000 		.4byte	0x4a9
 1158 04a3 09       		.uleb128 0x9
 1159 04a4 01       		.uleb128 0x1
 1160 04a5 50       		.byte	0x50
 1161 04a6 01       		.uleb128 0x1
ARM GAS  C:\Users\andre\AppData\Local\Temp\ccbveBGA.s 			page 27


 1162 04a7 30       		.byte	0x30
 1163 04a8 00       		.byte	0
 1164 04a9 08       		.uleb128 0x8
 1165 04aa 80000000 		.4byte	.LVL62
 1166 04ae 0A070000 		.4byte	0x70a
 1167 04b2 BC040000 		.4byte	0x4bc
 1168 04b6 09       		.uleb128 0x9
 1169 04b7 01       		.uleb128 0x1
 1170 04b8 50       		.byte	0x50
 1171 04b9 01       		.uleb128 0x1
 1172 04ba 30       		.byte	0x30
 1173 04bb 00       		.byte	0
 1174 04bc 08       		.uleb128 0x8
 1175 04bd 88000000 		.4byte	.LVL63
 1176 04c1 70060000 		.4byte	0x670
 1177 04c5 D1040000 		.4byte	0x4d1
 1178 04c9 09       		.uleb128 0x9
 1179 04ca 01       		.uleb128 0x1
 1180 04cb 50       		.byte	0x50
 1181 04cc 03       		.uleb128 0x3
 1182 04cd 0A       		.byte	0xa
 1183 04ce F401     		.2byte	0x1f4
 1184 04d0 00       		.byte	0
 1185 04d1 08       		.uleb128 0x8
 1186 04d2 9A000000 		.4byte	.LVL64
 1187 04d6 FF060000 		.4byte	0x6ff
 1188 04da E4040000 		.4byte	0x4e4
 1189 04de 09       		.uleb128 0x9
 1190 04df 01       		.uleb128 0x1
 1191 04e0 50       		.byte	0x50
 1192 04e1 01       		.uleb128 0x1
 1193 04e2 31       		.byte	0x31
 1194 04e3 00       		.byte	0
 1195 04e4 08       		.uleb128 0x8
 1196 04e5 A0000000 		.4byte	.LVL65
 1197 04e9 0A070000 		.4byte	0x70a
 1198 04ed F7040000 		.4byte	0x4f7
 1199 04f1 09       		.uleb128 0x9
 1200 04f2 01       		.uleb128 0x1
 1201 04f3 50       		.byte	0x50
 1202 04f4 01       		.uleb128 0x1
 1203 04f5 30       		.byte	0x30
 1204 04f6 00       		.byte	0
 1205 04f7 08       		.uleb128 0x8
 1206 04f8 A8000000 		.4byte	.LVL66
 1207 04fc 70060000 		.4byte	0x670
 1208 0500 0C050000 		.4byte	0x50c
 1209 0504 09       		.uleb128 0x9
 1210 0505 01       		.uleb128 0x1
 1211 0506 50       		.byte	0x50
 1212 0507 03       		.uleb128 0x3
 1213 0508 0A       		.byte	0xa
 1214 0509 F401     		.2byte	0x1f4
 1215 050b 00       		.byte	0
 1216 050c 08       		.uleb128 0x8
 1217 050d B8000000 		.4byte	.LVL67
 1218 0511 0A070000 		.4byte	0x70a
ARM GAS  C:\Users\andre\AppData\Local\Temp\ccbveBGA.s 			page 28


 1219 0515 1F050000 		.4byte	0x51f
 1220 0519 09       		.uleb128 0x9
 1221 051a 01       		.uleb128 0x1
 1222 051b 50       		.byte	0x50
 1223 051c 01       		.uleb128 0x1
 1224 051d 31       		.byte	0x31
 1225 051e 00       		.byte	0
 1226 051f 08       		.uleb128 0x8
 1227 0520 BE000000 		.4byte	.LVL68
 1228 0524 A7060000 		.4byte	0x6a7
 1229 0528 36050000 		.4byte	0x536
 1230 052c 09       		.uleb128 0x9
 1231 052d 01       		.uleb128 0x1
 1232 052e 50       		.byte	0x50
 1233 052f 05       		.uleb128 0x5
 1234 0530 03       		.byte	0x3
 1235 0531 6C000000 		.4byte	.LC5
 1236 0535 00       		.byte	0
 1237 0536 08       		.uleb128 0x8
 1238 0537 C4000000 		.4byte	.LVL69
 1239 053b 70060000 		.4byte	0x670
 1240 053f 4A050000 		.4byte	0x54a
 1241 0543 09       		.uleb128 0x9
 1242 0544 01       		.uleb128 0x1
 1243 0545 50       		.byte	0x50
 1244 0546 02       		.uleb128 0x2
 1245 0547 08       		.byte	0x8
 1246 0548 FA       		.byte	0xfa
 1247 0549 00       		.byte	0
 1248 054a 08       		.uleb128 0x8
 1249 054b CA000000 		.4byte	.LVL70
 1250 054f 86060000 		.4byte	0x686
 1251 0553 5D050000 		.4byte	0x55d
 1252 0557 09       		.uleb128 0x9
 1253 0558 01       		.uleb128 0x1
 1254 0559 50       		.byte	0x50
 1255 055a 01       		.uleb128 0x1
 1256 055b 31       		.byte	0x31
 1257 055c 00       		.byte	0
 1258 055d 0A       		.uleb128 0xa
 1259 055e CE000000 		.4byte	.LVL71
 1260 0562 C6000000 		.4byte	0xc6
 1261 0566 08       		.uleb128 0x8
 1262 0567 DE000000 		.4byte	.LVL72
 1263 056b B2060000 		.4byte	0x6b2
 1264 056f 89050000 		.4byte	0x589
 1265 0573 09       		.uleb128 0x9
 1266 0574 01       		.uleb128 0x1
 1267 0575 50       		.byte	0x50
 1268 0576 02       		.uleb128 0x2
 1269 0577 74       		.byte	0x74
 1270 0578 00       		.sleb128 0
 1271 0579 09       		.uleb128 0x9
 1272 057a 01       		.uleb128 0x1
 1273 057b 51       		.byte	0x51
 1274 057c 02       		.uleb128 0x2
 1275 057d 08       		.byte	0x8
ARM GAS  C:\Users\andre\AppData\Local\Temp\ccbveBGA.s 			page 29


 1276 057e 24       		.byte	0x24
 1277 057f 09       		.uleb128 0x9
 1278 0580 01       		.uleb128 0x1
 1279 0581 52       		.byte	0x52
 1280 0582 05       		.uleb128 0x5
 1281 0583 03       		.byte	0x3
 1282 0584 74000000 		.4byte	.LC6
 1283 0588 00       		.byte	0
 1284 0589 08       		.uleb128 0x8
 1285 058a E4000000 		.4byte	.LVL73
 1286 058e A7060000 		.4byte	0x6a7
 1287 0592 9D050000 		.4byte	0x59d
 1288 0596 09       		.uleb128 0x9
 1289 0597 01       		.uleb128 0x1
 1290 0598 50       		.byte	0x50
 1291 0599 02       		.uleb128 0x2
 1292 059a 74       		.byte	0x74
 1293 059b 00       		.sleb128 0
 1294 059c 00       		.byte	0
 1295 059d 08       		.uleb128 0x8
 1296 059e EA000000 		.4byte	.LVL74
 1297 05a2 70060000 		.4byte	0x670
 1298 05a6 B1050000 		.4byte	0x5b1
 1299 05aa 09       		.uleb128 0x9
 1300 05ab 01       		.uleb128 0x1
 1301 05ac 50       		.byte	0x50
 1302 05ad 02       		.uleb128 0x2
 1303 05ae 08       		.byte	0x8
 1304 05af FA       		.byte	0xfa
 1305 05b0 00       		.byte	0
 1306 05b1 0B       		.uleb128 0xb
 1307 05b2 F0000000 		.4byte	.LVL75
 1308 05b6 86060000 		.4byte	0x686
 1309 05ba 09       		.uleb128 0x9
 1310 05bb 01       		.uleb128 0x1
 1311 05bc 50       		.byte	0x50
 1312 05bd 01       		.uleb128 0x1
 1313 05be 30       		.byte	0x30
 1314 05bf 00       		.byte	0
 1315 05c0 00       		.byte	0
 1316 05c1 0E       		.uleb128 0xe
 1317 05c2 A2010000 		.4byte	.LASF22
 1318 05c6 05       		.byte	0x5
 1319 05c7 1207     		.2byte	0x712
 1320 05c9 CD050000 		.4byte	0x5cd
 1321 05cd 0F       		.uleb128 0xf
 1322 05ce 8C000000 		.4byte	0x8c
 1323 05d2 10       		.uleb128 0x10
 1324 05d3 BD020000 		.4byte	.LASF23
 1325 05d7 01       		.byte	0x1
 1326 05d8 13       		.byte	0x13
 1327 05d9 73000000 		.4byte	0x73
 1328 05dd 05       		.uleb128 0x5
 1329 05de 03       		.byte	0x3
 1330 05df 00000000 		.4byte	motor
 1331 05e3 10       		.uleb128 0x10
 1332 05e4 2F010000 		.4byte	.LASF24
ARM GAS  C:\Users\andre\AppData\Local\Temp\ccbveBGA.s 			page 30


 1333 05e8 01       		.byte	0x1
 1334 05e9 14       		.byte	0x14
 1335 05ea 73000000 		.4byte	0x73
 1336 05ee 05       		.uleb128 0x5
 1337 05ef 03       		.byte	0x3
 1338 05f0 00000000 		.4byte	drej
 1339 05f4 10       		.uleb128 0x10
 1340 05f5 86020000 		.4byte	.LASF19
 1341 05f9 01       		.byte	0x1
 1342 05fa 16       		.byte	0x16
 1343 05fb 97000000 		.4byte	0x97
 1344 05ff 05       		.uleb128 0x5
 1345 0600 03       		.byte	0x3
 1346 0601 00000000 		.4byte	counts
 1347 0605 10       		.uleb128 0x10
 1348 0606 71000000 		.4byte	.LASF20
 1349 060a 01       		.byte	0x1
 1350 060b 17       		.byte	0x17
 1351 060c 73000000 		.4byte	0x73
 1352 0610 05       		.uleb128 0x5
 1353 0611 03       		.byte	0x3
 1354 0612 00000000 		.4byte	feet
 1355 0616 11       		.uleb128 0x11
 1356 0617 6900     		.ascii	"i\000"
 1357 0619 01       		.byte	0x1
 1358 061a 18       		.byte	0x18
 1359 061b 97000000 		.4byte	0x97
 1360 061f 05       		.uleb128 0x5
 1361 0620 03       		.byte	0x3
 1362 0621 00000000 		.4byte	i
 1363 0625 12       		.uleb128 0x12
 1364 0626 B1000000 		.4byte	0xb1
 1365 062a 35060000 		.4byte	0x635
 1366 062e 13       		.uleb128 0x13
 1367 062f BF000000 		.4byte	0xbf
 1368 0633 23       		.byte	0x23
 1369 0634 00       		.byte	0
 1370 0635 11       		.uleb128 0x11
 1371 0636 6600     		.ascii	"f\000"
 1372 0638 01       		.byte	0x1
 1373 0639 1A       		.byte	0x1a
 1374 063a 25060000 		.4byte	0x625
 1375 063e 05       		.uleb128 0x5
 1376 063f 03       		.byte	0x3
 1377 0640 00000000 		.4byte	f
 1378 0644 14       		.uleb128 0x14
 1379 0645 76000000 		.4byte	.LASF25
 1380 0649 76000000 		.4byte	.LASF25
 1381 064d 06       		.byte	0x6
 1382 064e 26       		.byte	0x26
 1383 064f 14       		.uleb128 0x14
 1384 0650 BD010000 		.4byte	.LASF26
 1385 0654 BD010000 		.4byte	.LASF26
 1386 0658 07       		.byte	0x7
 1387 0659 26       		.byte	0x26
 1388 065a 14       		.uleb128 0x14
 1389 065b EA010000 		.4byte	.LASF27
ARM GAS  C:\Users\andre\AppData\Local\Temp\ccbveBGA.s 			page 31


 1390 065f EA010000 		.4byte	.LASF27
 1391 0663 08       		.byte	0x8
 1392 0664 77       		.byte	0x77
 1393 0665 14       		.uleb128 0x14
 1394 0666 CF020000 		.4byte	.LASF28
 1395 066a CF020000 		.4byte	.LASF28
 1396 066e 07       		.byte	0x7
 1397 066f 29       		.byte	0x29
 1398 0670 14       		.uleb128 0x14
 1399 0671 40030000 		.4byte	.LASF29
 1400 0675 40030000 		.4byte	.LASF29
 1401 0679 08       		.byte	0x8
 1402 067a 76       		.byte	0x76
 1403 067b 14       		.uleb128 0x14
 1404 067c 8E010000 		.4byte	.LASF30
 1405 0680 8E010000 		.4byte	.LASF30
 1406 0684 09       		.byte	0x9
 1407 0685 5D       		.byte	0x5d
 1408 0686 14       		.uleb128 0x14
 1409 0687 43000000 		.4byte	.LASF31
 1410 068b 43000000 		.4byte	.LASF31
 1411 068f 0A       		.byte	0xa
 1412 0690 26       		.byte	0x26
 1413 0691 14       		.uleb128 0x14
 1414 0692 59010000 		.4byte	.LASF32
 1415 0696 59010000 		.4byte	.LASF32
 1416 069a 0B       		.byte	0xb
 1417 069b 6F       		.byte	0x6f
 1418 069c 14       		.uleb128 0x14
 1419 069d 34010000 		.4byte	.LASF33
 1420 06a1 34010000 		.4byte	.LASF33
 1421 06a5 0B       		.byte	0xb
 1422 06a6 88       		.byte	0x88
 1423 06a7 14       		.uleb128 0x14
 1424 06a8 2F030000 		.4byte	.LASF34
 1425 06ac 2F030000 		.4byte	.LASF34
 1426 06b0 0B       		.byte	0xb
 1427 06b1 8B       		.byte	0x8b
 1428 06b2 14       		.uleb128 0x14
 1429 06b3 5F000000 		.4byte	.LASF35
 1430 06b7 5F000000 		.4byte	.LASF35
 1431 06bb 0C       		.byte	0xc
 1432 06bc FD       		.byte	0xfd
 1433 06bd 14       		.uleb128 0x14
 1434 06be 25000000 		.4byte	.LASF36
 1435 06c2 25000000 		.4byte	.LASF36
 1436 06c6 0D       		.byte	0xd
 1437 06c7 18       		.byte	0x18
 1438 06c8 14       		.uleb128 0x14
 1439 06c9 0E000000 		.4byte	.LASF37
 1440 06cd 0E000000 		.4byte	.LASF37
 1441 06d1 0B       		.byte	0xb
 1442 06d2 54       		.byte	0x54
 1443 06d3 14       		.uleb128 0x14
 1444 06d4 89000000 		.4byte	.LASF38
 1445 06d8 89000000 		.4byte	.LASF38
 1446 06dc 0E       		.byte	0xe
ARM GAS  C:\Users\andre\AppData\Local\Temp\ccbveBGA.s 			page 32


 1447 06dd 26       		.byte	0x26
 1448 06de 14       		.uleb128 0x14
 1449 06df AF010000 		.4byte	.LASF39
 1450 06e3 AF010000 		.4byte	.LASF39
 1451 06e7 09       		.byte	0x9
 1452 06e8 4F       		.byte	0x4f
 1453 06e9 14       		.uleb128 0x14
 1454 06ea E1020000 		.4byte	.LASF40
 1455 06ee E1020000 		.4byte	.LASF40
 1456 06f2 0F       		.byte	0xf
 1457 06f3 26       		.byte	0x26
 1458 06f4 14       		.uleb128 0x14
 1459 06f5 7E010000 		.4byte	.LASF41
 1460 06f9 7E010000 		.4byte	.LASF41
 1461 06fd 10       		.byte	0x10
 1462 06fe 26       		.byte	0x26
 1463 06ff 14       		.uleb128 0x14
 1464 0700 3B000000 		.4byte	.LASF42
 1465 0704 3B000000 		.4byte	.LASF42
 1466 0708 11       		.byte	0x11
 1467 0709 26       		.byte	0x26
 1468 070a 14       		.uleb128 0x14
 1469 070b DC010000 		.4byte	.LASF43
 1470 070f DC010000 		.4byte	.LASF43
 1471 0713 12       		.byte	0x12
 1472 0714 26       		.byte	0x26
 1473 0715 00       		.byte	0
 1474              		.section	.debug_abbrev,"",%progbits
 1475              	.Ldebug_abbrev0:
 1476 0000 01       		.uleb128 0x1
 1477 0001 11       		.uleb128 0x11
 1478 0002 01       		.byte	0x1
 1479 0003 25       		.uleb128 0x25
 1480 0004 0E       		.uleb128 0xe
 1481 0005 13       		.uleb128 0x13
 1482 0006 0B       		.uleb128 0xb
 1483 0007 03       		.uleb128 0x3
 1484 0008 0E       		.uleb128 0xe
 1485 0009 1B       		.uleb128 0x1b
 1486 000a 0E       		.uleb128 0xe
 1487 000b 55       		.uleb128 0x55
 1488 000c 17       		.uleb128 0x17
 1489 000d 11       		.uleb128 0x11
 1490 000e 01       		.uleb128 0x1
 1491 000f 10       		.uleb128 0x10
 1492 0010 17       		.uleb128 0x17
 1493 0011 00       		.byte	0
 1494 0012 00       		.byte	0
 1495 0013 02       		.uleb128 0x2
 1496 0014 24       		.uleb128 0x24
 1497 0015 00       		.byte	0
 1498 0016 0B       		.uleb128 0xb
 1499 0017 0B       		.uleb128 0xb
 1500 0018 3E       		.uleb128 0x3e
 1501 0019 0B       		.uleb128 0xb
 1502 001a 03       		.uleb128 0x3
 1503 001b 0E       		.uleb128 0xe
ARM GAS  C:\Users\andre\AppData\Local\Temp\ccbveBGA.s 			page 33


 1504 001c 00       		.byte	0
 1505 001d 00       		.byte	0
 1506 001e 03       		.uleb128 0x3
 1507 001f 16       		.uleb128 0x16
 1508 0020 00       		.byte	0
 1509 0021 03       		.uleb128 0x3
 1510 0022 0E       		.uleb128 0xe
 1511 0023 3A       		.uleb128 0x3a
 1512 0024 0B       		.uleb128 0xb
 1513 0025 3B       		.uleb128 0x3b
 1514 0026 0B       		.uleb128 0xb
 1515 0027 49       		.uleb128 0x49
 1516 0028 13       		.uleb128 0x13
 1517 0029 00       		.byte	0
 1518 002a 00       		.byte	0
 1519 002b 04       		.uleb128 0x4
 1520 002c 24       		.uleb128 0x24
 1521 002d 00       		.byte	0
 1522 002e 0B       		.uleb128 0xb
 1523 002f 0B       		.uleb128 0xb
 1524 0030 3E       		.uleb128 0x3e
 1525 0031 0B       		.uleb128 0xb
 1526 0032 03       		.uleb128 0x3
 1527 0033 08       		.uleb128 0x8
 1528 0034 00       		.byte	0
 1529 0035 00       		.byte	0
 1530 0036 05       		.uleb128 0x5
 1531 0037 16       		.uleb128 0x16
 1532 0038 00       		.byte	0
 1533 0039 03       		.uleb128 0x3
 1534 003a 0E       		.uleb128 0xe
 1535 003b 3A       		.uleb128 0x3a
 1536 003c 0B       		.uleb128 0xb
 1537 003d 3B       		.uleb128 0x3b
 1538 003e 05       		.uleb128 0x5
 1539 003f 49       		.uleb128 0x49
 1540 0040 13       		.uleb128 0x13
 1541 0041 00       		.byte	0
 1542 0042 00       		.byte	0
 1543 0043 06       		.uleb128 0x6
 1544 0044 2E       		.uleb128 0x2e
 1545 0045 01       		.byte	0x1
 1546 0046 3F       		.uleb128 0x3f
 1547 0047 19       		.uleb128 0x19
 1548 0048 03       		.uleb128 0x3
 1549 0049 0E       		.uleb128 0xe
 1550 004a 3A       		.uleb128 0x3a
 1551 004b 0B       		.uleb128 0xb
 1552 004c 3B       		.uleb128 0x3b
 1553 004d 0B       		.uleb128 0xb
 1554 004e 11       		.uleb128 0x11
 1555 004f 01       		.uleb128 0x1
 1556 0050 12       		.uleb128 0x12
 1557 0051 06       		.uleb128 0x6
 1558 0052 40       		.uleb128 0x40
 1559 0053 18       		.uleb128 0x18
 1560 0054 9642     		.uleb128 0x2116
ARM GAS  C:\Users\andre\AppData\Local\Temp\ccbveBGA.s 			page 34


 1561 0056 19       		.uleb128 0x19
 1562 0057 01       		.uleb128 0x1
 1563 0058 13       		.uleb128 0x13
 1564 0059 00       		.byte	0
 1565 005a 00       		.byte	0
 1566 005b 07       		.uleb128 0x7
 1567 005c 34       		.uleb128 0x34
 1568 005d 00       		.byte	0
 1569 005e 03       		.uleb128 0x3
 1570 005f 0E       		.uleb128 0xe
 1571 0060 3A       		.uleb128 0x3a
 1572 0061 0B       		.uleb128 0xb
 1573 0062 3B       		.uleb128 0x3b
 1574 0063 0B       		.uleb128 0xb
 1575 0064 49       		.uleb128 0x49
 1576 0065 13       		.uleb128 0x13
 1577 0066 02       		.uleb128 0x2
 1578 0067 17       		.uleb128 0x17
 1579 0068 00       		.byte	0
 1580 0069 00       		.byte	0
 1581 006a 08       		.uleb128 0x8
 1582 006b 898201   		.uleb128 0x4109
 1583 006e 01       		.byte	0x1
 1584 006f 11       		.uleb128 0x11
 1585 0070 01       		.uleb128 0x1
 1586 0071 31       		.uleb128 0x31
 1587 0072 13       		.uleb128 0x13
 1588 0073 01       		.uleb128 0x1
 1589 0074 13       		.uleb128 0x13
 1590 0075 00       		.byte	0
 1591 0076 00       		.byte	0
 1592 0077 09       		.uleb128 0x9
 1593 0078 8A8201   		.uleb128 0x410a
 1594 007b 00       		.byte	0
 1595 007c 02       		.uleb128 0x2
 1596 007d 18       		.uleb128 0x18
 1597 007e 9142     		.uleb128 0x2111
 1598 0080 18       		.uleb128 0x18
 1599 0081 00       		.byte	0
 1600 0082 00       		.byte	0
 1601 0083 0A       		.uleb128 0xa
 1602 0084 898201   		.uleb128 0x4109
 1603 0087 00       		.byte	0
 1604 0088 11       		.uleb128 0x11
 1605 0089 01       		.uleb128 0x1
 1606 008a 31       		.uleb128 0x31
 1607 008b 13       		.uleb128 0x13
 1608 008c 00       		.byte	0
 1609 008d 00       		.byte	0
 1610 008e 0B       		.uleb128 0xb
 1611 008f 898201   		.uleb128 0x4109
 1612 0092 01       		.byte	0x1
 1613 0093 11       		.uleb128 0x11
 1614 0094 01       		.uleb128 0x1
 1615 0095 31       		.uleb128 0x31
 1616 0096 13       		.uleb128 0x13
 1617 0097 00       		.byte	0
ARM GAS  C:\Users\andre\AppData\Local\Temp\ccbveBGA.s 			page 35


 1618 0098 00       		.byte	0
 1619 0099 0C       		.uleb128 0xc
 1620 009a 2E       		.uleb128 0x2e
 1621 009b 01       		.byte	0x1
 1622 009c 3F       		.uleb128 0x3f
 1623 009d 19       		.uleb128 0x19
 1624 009e 03       		.uleb128 0x3
 1625 009f 0E       		.uleb128 0xe
 1626 00a0 3A       		.uleb128 0x3a
 1627 00a1 0B       		.uleb128 0xb
 1628 00a2 3B       		.uleb128 0x3b
 1629 00a3 0B       		.uleb128 0xb
 1630 00a4 27       		.uleb128 0x27
 1631 00a5 19       		.uleb128 0x19
 1632 00a6 11       		.uleb128 0x11
 1633 00a7 01       		.uleb128 0x1
 1634 00a8 12       		.uleb128 0x12
 1635 00a9 06       		.uleb128 0x6
 1636 00aa 40       		.uleb128 0x40
 1637 00ab 18       		.uleb128 0x18
 1638 00ac 9742     		.uleb128 0x2117
 1639 00ae 19       		.uleb128 0x19
 1640 00af 01       		.uleb128 0x1
 1641 00b0 13       		.uleb128 0x13
 1642 00b1 00       		.byte	0
 1643 00b2 00       		.byte	0
 1644 00b3 0D       		.uleb128 0xd
 1645 00b4 2E       		.uleb128 0x2e
 1646 00b5 01       		.byte	0x1
 1647 00b6 3F       		.uleb128 0x3f
 1648 00b7 19       		.uleb128 0x19
 1649 00b8 03       		.uleb128 0x3
 1650 00b9 0E       		.uleb128 0xe
 1651 00ba 3A       		.uleb128 0x3a
 1652 00bb 0B       		.uleb128 0xb
 1653 00bc 3B       		.uleb128 0x3b
 1654 00bd 0B       		.uleb128 0xb
 1655 00be 27       		.uleb128 0x27
 1656 00bf 19       		.uleb128 0x19
 1657 00c0 49       		.uleb128 0x49
 1658 00c1 13       		.uleb128 0x13
 1659 00c2 8701     		.uleb128 0x87
 1660 00c4 19       		.uleb128 0x19
 1661 00c5 11       		.uleb128 0x11
 1662 00c6 01       		.uleb128 0x1
 1663 00c7 12       		.uleb128 0x12
 1664 00c8 06       		.uleb128 0x6
 1665 00c9 40       		.uleb128 0x40
 1666 00ca 18       		.uleb128 0x18
 1667 00cb 9742     		.uleb128 0x2117
 1668 00cd 19       		.uleb128 0x19
 1669 00ce 01       		.uleb128 0x1
 1670 00cf 13       		.uleb128 0x13
 1671 00d0 00       		.byte	0
 1672 00d1 00       		.byte	0
 1673 00d2 0E       		.uleb128 0xe
 1674 00d3 34       		.uleb128 0x34
ARM GAS  C:\Users\andre\AppData\Local\Temp\ccbveBGA.s 			page 36


 1675 00d4 00       		.byte	0
 1676 00d5 03       		.uleb128 0x3
 1677 00d6 0E       		.uleb128 0xe
 1678 00d7 3A       		.uleb128 0x3a
 1679 00d8 0B       		.uleb128 0xb
 1680 00d9 3B       		.uleb128 0x3b
 1681 00da 05       		.uleb128 0x5
 1682 00db 49       		.uleb128 0x49
 1683 00dc 13       		.uleb128 0x13
 1684 00dd 3F       		.uleb128 0x3f
 1685 00de 19       		.uleb128 0x19
 1686 00df 3C       		.uleb128 0x3c
 1687 00e0 19       		.uleb128 0x19
 1688 00e1 00       		.byte	0
 1689 00e2 00       		.byte	0
 1690 00e3 0F       		.uleb128 0xf
 1691 00e4 35       		.uleb128 0x35
 1692 00e5 00       		.byte	0
 1693 00e6 49       		.uleb128 0x49
 1694 00e7 13       		.uleb128 0x13
 1695 00e8 00       		.byte	0
 1696 00e9 00       		.byte	0
 1697 00ea 10       		.uleb128 0x10
 1698 00eb 34       		.uleb128 0x34
 1699 00ec 00       		.byte	0
 1700 00ed 03       		.uleb128 0x3
 1701 00ee 0E       		.uleb128 0xe
 1702 00ef 3A       		.uleb128 0x3a
 1703 00f0 0B       		.uleb128 0xb
 1704 00f1 3B       		.uleb128 0x3b
 1705 00f2 0B       		.uleb128 0xb
 1706 00f3 49       		.uleb128 0x49
 1707 00f4 13       		.uleb128 0x13
 1708 00f5 3F       		.uleb128 0x3f
 1709 00f6 19       		.uleb128 0x19
 1710 00f7 02       		.uleb128 0x2
 1711 00f8 18       		.uleb128 0x18
 1712 00f9 00       		.byte	0
 1713 00fa 00       		.byte	0
 1714 00fb 11       		.uleb128 0x11
 1715 00fc 34       		.uleb128 0x34
 1716 00fd 00       		.byte	0
 1717 00fe 03       		.uleb128 0x3
 1718 00ff 08       		.uleb128 0x8
 1719 0100 3A       		.uleb128 0x3a
 1720 0101 0B       		.uleb128 0xb
 1721 0102 3B       		.uleb128 0x3b
 1722 0103 0B       		.uleb128 0xb
 1723 0104 49       		.uleb128 0x49
 1724 0105 13       		.uleb128 0x13
 1725 0106 3F       		.uleb128 0x3f
 1726 0107 19       		.uleb128 0x19
 1727 0108 02       		.uleb128 0x2
 1728 0109 18       		.uleb128 0x18
 1729 010a 00       		.byte	0
 1730 010b 00       		.byte	0
 1731 010c 12       		.uleb128 0x12
ARM GAS  C:\Users\andre\AppData\Local\Temp\ccbveBGA.s 			page 37


 1732 010d 01       		.uleb128 0x1
 1733 010e 01       		.byte	0x1
 1734 010f 49       		.uleb128 0x49
 1735 0110 13       		.uleb128 0x13
 1736 0111 01       		.uleb128 0x1
 1737 0112 13       		.uleb128 0x13
 1738 0113 00       		.byte	0
 1739 0114 00       		.byte	0
 1740 0115 13       		.uleb128 0x13
 1741 0116 21       		.uleb128 0x21
 1742 0117 00       		.byte	0
 1743 0118 49       		.uleb128 0x49
 1744 0119 13       		.uleb128 0x13
 1745 011a 2F       		.uleb128 0x2f
 1746 011b 0B       		.uleb128 0xb
 1747 011c 00       		.byte	0
 1748 011d 00       		.byte	0
 1749 011e 14       		.uleb128 0x14
 1750 011f 2E       		.uleb128 0x2e
 1751 0120 00       		.byte	0
 1752 0121 3F       		.uleb128 0x3f
 1753 0122 19       		.uleb128 0x19
 1754 0123 3C       		.uleb128 0x3c
 1755 0124 19       		.uleb128 0x19
 1756 0125 6E       		.uleb128 0x6e
 1757 0126 0E       		.uleb128 0xe
 1758 0127 03       		.uleb128 0x3
 1759 0128 0E       		.uleb128 0xe
 1760 0129 3A       		.uleb128 0x3a
 1761 012a 0B       		.uleb128 0xb
 1762 012b 3B       		.uleb128 0x3b
 1763 012c 0B       		.uleb128 0xb
 1764 012d 00       		.byte	0
 1765 012e 00       		.byte	0
 1766 012f 00       		.byte	0
 1767              		.section	.debug_loc,"",%progbits
 1768              	.Ldebug_loc0:
 1769              	.LLST0:
 1770 0000 02000000 		.4byte	.LVL0
 1771 0004 2E000000 		.4byte	.LVL8
 1772 0008 0200     		.2byte	0x2
 1773 000a 30       		.byte	0x30
 1774 000b 9F       		.byte	0x9f
 1775 000c 2E000000 		.4byte	.LVL8
 1776 0010 31000000 		.4byte	.LVL9-1
 1777 0014 0100     		.2byte	0x1
 1778 0016 50       		.byte	0x50
 1779 0017 00000000 		.4byte	0
 1780 001b 00000000 		.4byte	0
 1781              	.LLST1:
 1782 001f 02000000 		.4byte	.LVL0
 1783 0023 42000000 		.4byte	.LVL12
 1784 0027 0200     		.2byte	0x2
 1785 0029 30       		.byte	0x30
 1786 002a 9F       		.byte	0x9f
 1787 002b 42000000 		.4byte	.LVL12
 1788 002f 44000000 		.4byte	.LVL13
ARM GAS  C:\Users\andre\AppData\Local\Temp\ccbveBGA.s 			page 38


 1789 0033 0100     		.2byte	0x1
 1790 0035 50       		.byte	0x50
 1791 0036 44000000 		.4byte	.LVL13
 1792 003a 62000000 		.4byte	.LVL18
 1793 003e 0100     		.2byte	0x1
 1794 0040 54       		.byte	0x54
 1795 0041 00000000 		.4byte	0
 1796 0045 00000000 		.4byte	0
 1797              	.LLST2:
 1798 0049 08000000 		.4byte	.LVL20
 1799 004d 82000000 		.4byte	.LVL36
 1800 0051 0100     		.2byte	0x1
 1801 0053 54       		.byte	0x54
 1802 0054 A4000000 		.4byte	.LVL41
 1803 0058 BE000000 		.4byte	.LVL46
 1804 005c 0100     		.2byte	0x1
 1805 005e 54       		.byte	0x54
 1806 005f 00000000 		.4byte	0
 1807 0063 00000000 		.4byte	0
 1808              		.section	.debug_aranges,"",%progbits
 1809 0000 2C000000 		.4byte	0x2c
 1810 0004 0200     		.2byte	0x2
 1811 0006 00000000 		.4byte	.Ldebug_info0
 1812 000a 04       		.byte	0x4
 1813 000b 00       		.byte	0
 1814 000c 0000     		.2byte	0
 1815 000e 0000     		.2byte	0
 1816 0010 00000000 		.4byte	.LFB66
 1817 0014 70000000 		.4byte	.LFE66-.LFB66
 1818 0018 00000000 		.4byte	.LFB64
 1819 001c F4000000 		.4byte	.LFE64-.LFB64
 1820 0020 00000000 		.4byte	.LFB65
 1821 0024 0C010000 		.4byte	.LFE65-.LFB65
 1822 0028 00000000 		.4byte	0
 1823 002c 00000000 		.4byte	0
 1824              		.section	.debug_ranges,"",%progbits
 1825              	.Ldebug_ranges0:
 1826 0000 00000000 		.4byte	.LFB66
 1827 0004 70000000 		.4byte	.LFE66
 1828 0008 00000000 		.4byte	.LFB64
 1829 000c F4000000 		.4byte	.LFE64
 1830 0010 00000000 		.4byte	.LFB65
 1831 0014 0C010000 		.4byte	.LFE65
 1832 0018 00000000 		.4byte	0
 1833 001c 00000000 		.4byte	0
 1834              		.section	.debug_line,"",%progbits
 1835              	.Ldebug_line0:
 1836 0000 DA020000 		.section	.debug_str,"MS",%progbits,1
 1836      02005202 
 1836      00000201 
 1836      FB0E0D00 
 1836      01010101 
 1837              	.LASF8:
 1838 0000 6C6F6E67 		.ascii	"long long int\000"
 1838      206C6F6E 
 1838      6720696E 
 1838      7400
ARM GAS  C:\Users\andre\AppData\Local\Temp\ccbveBGA.s 			page 39


 1839              	.LASF37:
 1840 000e 55415254 		.ascii	"UART_1_Start\000"
 1840      5F315F53 
 1840      74617274 
 1840      00
 1841              	.LASF4:
 1842 001b 5F5F7569 		.ascii	"__uint8_t\000"
 1842      6E74385F 
 1842      7400
 1843              	.LASF36:
 1844 0025 6973725F 		.ascii	"isr_UART_1_RX_StartEx\000"
 1844      55415254 
 1844      5F315F52 
 1844      585F5374 
 1844      61727445 
 1845              	.LASF42:
 1846 003b 445F5772 		.ascii	"D_Write\000"
 1846      69746500 
 1847              	.LASF31:
 1848 0043 4C45445F 		.ascii	"LED_Write\000"
 1848      57726974 
 1848      6500
 1849              	.LASF5:
 1850 004d 5F5F696E 		.ascii	"__int32_t\000"
 1850      7433325F 
 1850      7400
 1851              	.LASF47:
 1852 0057 61667374 		.ascii	"afstand\000"
 1852      616E6400 
 1853              	.LASF35:
 1854 005f 736E7072 		.ascii	"snprintf\000"
 1854      696E7466 
 1854      00
 1855              	.LASF21:
 1856 0068 72656365 		.ascii	"received\000"
 1856      69766564 
 1856      00
 1857              	.LASF20:
 1858 0071 66656574 		.ascii	"feet\000"
 1858      00
 1859              	.LASF25:
 1860 0076 456E6162 		.ascii	"Enable_Write\000"
 1860      6C655F57 
 1860      72697465 
 1860      00
 1861              	.LASF14:
 1862 0083 666C6F61 		.ascii	"float\000"
 1862      7400
 1863              	.LASF38:
 1864 0089 5643435F 		.ascii	"VCC_Write\000"
 1864      57726974 
 1864      6500
 1865              	.LASF1:
 1866 0093 756E7369 		.ascii	"unsigned char\000"
 1866      676E6564 
 1866      20636861 
 1866      7200
ARM GAS  C:\Users\andre\AppData\Local\Temp\ccbveBGA.s 			page 40


 1867              	.LASF44:
 1868 00a1 474E5520 		.ascii	"GNU C11 5.4.1 20160609 (release) [ARM/embedded-5-br"
 1868      43313120 
 1868      352E342E 
 1868      31203230 
 1868      31363036 
 1869 00d4 616E6368 		.ascii	"anch revision 237715] -mcpu=cortex-m3 -mthumb -g -O"
 1869      20726576 
 1869      6973696F 
 1869      6E203233 
 1869      37373135 
 1870 0107 67202D66 		.ascii	"g -ffunction-sections -ffat-lto-objects\000"
 1870      66756E63 
 1870      74696F6E 
 1870      2D736563 
 1870      74696F6E 
 1871              	.LASF24:
 1872 012f 6472656A 		.ascii	"drej\000"
 1872      00
 1873              	.LASF33:
 1874 0134 55415254 		.ascii	"UART_1_WriteTxData\000"
 1874      5F315F57 
 1874      72697465 
 1874      54784461 
 1874      746100
 1875              	.LASF7:
 1876 0147 6C6F6E67 		.ascii	"long unsigned int\000"
 1876      20756E73 
 1876      69676E65 
 1876      6420696E 
 1876      7400
 1877              	.LASF32:
 1878 0159 55415254 		.ascii	"UART_1_ReadRxData\000"
 1878      5F315F52 
 1878      65616452 
 1878      78446174 
 1878      6100
 1879              	.LASF3:
 1880 016b 73686F72 		.ascii	"short unsigned int\000"
 1880      7420756E 
 1880      7369676E 
 1880      65642069 
 1880      6E7400
 1881              	.LASF41:
 1882 017e 6D6F746F 		.ascii	"motorMode_Write\000"
 1882      724D6F64 
 1882      655F5772 
 1882      69746500 
 1883              	.LASF30:
 1884 018e 436F756E 		.ascii	"Counter_ReadCounter\000"
 1884      7465725F 
 1884      52656164 
 1884      436F756E 
 1884      74657200 
 1885              	.LASF22:
 1886 01a2 49544D5F 		.ascii	"ITM_RxBuffer\000"
 1886      52784275 
ARM GAS  C:\Users\andre\AppData\Local\Temp\ccbveBGA.s 			page 41


 1886      66666572 
 1886      00
 1887              	.LASF39:
 1888 01af 436F756E 		.ascii	"Counter_Start\000"
 1888      7465725F 
 1888      53746172 
 1888      7400
 1889              	.LASF26:
 1890 01bd 536F6E69 		.ascii	"Sonic_Sensor_Write\000"
 1890      635F5365 
 1890      6E736F72 
 1890      5F577269 
 1890      746500
 1891              	.LASF13:
 1892 01d0 75696E74 		.ascii	"uint16\000"
 1892      313600
 1893              	.LASF49:
 1894 01d7 6D61696E 		.ascii	"main\000"
 1894      00
 1895              	.LASF43:
 1896 01dc 4472656A 		.ascii	"DrejRun_Write\000"
 1896      52756E5F 
 1896      57726974 
 1896      6500
 1897              	.LASF27:
 1898 01ea 43794465 		.ascii	"CyDelayUs\000"
 1898      6C617955 
 1898      7300
 1899              	.LASF46:
 1900 01f4 463A5C47 		.ascii	"F:\\Google Drive\\Aarhus Universitet\\Trejde Semest"
 1900      6F6F676C 
 1900      65204472 
 1900      6976655C 
 1900      41617268 
 1901 0224 65725C45 		.ascii	"er\\E3PRJ3\\Dokumenter\\AndreasAHN\\Software\\Ultra"
 1901      3350524A 
 1901      335C446F 
 1901      6B756D65 
 1901      6E746572 
 1902 0252 4C796420 		.ascii	"Lyd - Uden I2C\\UltraLyd\\UltraLyd.cydsn\000"
 1902      2D205564 
 1902      656E2049 
 1902      32435C55 
 1902      6C747261 
 1903              	.LASF10:
 1904 0279 756E7369 		.ascii	"unsigned int\000"
 1904      676E6564 
 1904      20696E74 
 1904      00
 1905              	.LASF19:
 1906 0286 636F756E 		.ascii	"counts\000"
 1906      747300
 1907              	.LASF9:
 1908 028d 6C6F6E67 		.ascii	"long long unsigned int\000"
 1908      206C6F6E 
 1908      6720756E 
 1908      7369676E 
ARM GAS  C:\Users\andre\AppData\Local\Temp\ccbveBGA.s 			page 42


 1908      65642069 
 1909              	.LASF11:
 1910 02a4 75696E74 		.ascii	"uint8_t\000"
 1910      385F7400 
 1911              	.LASF12:
 1912 02ac 696E7433 		.ascii	"int32_t\000"
 1912      325F7400 
 1913              	.LASF18:
 1914 02b4 73697A65 		.ascii	"sizetype\000"
 1914      74797065 
 1914      00
 1915              	.LASF23:
 1916 02bd 6D6F746F 		.ascii	"motor\000"
 1916      7200
 1917              	.LASF45:
 1918 02c3 6D61696E 		.ascii	"main.c\000"
 1918      2E6300
 1919              	.LASF16:
 1920 02ca 63686172 		.ascii	"char\000"
 1920      00
 1921              	.LASF28:
 1922 02cf 536F6E69 		.ascii	"Sonic_Sensor_Read\000"
 1922      635F5365 
 1922      6E736F72 
 1922      5F526561 
 1922      6400
 1923              	.LASF40:
 1924 02e1 4D4F525F 		.ascii	"MOR_Write\000"
 1924      57726974 
 1924      6500
 1925              	.LASF2:
 1926 02eb 73686F72 		.ascii	"short int\000"
 1926      7420696E 
 1926      7400
 1927              	.LASF48:
 1928 02f5 55415254 		.ascii	"UART_1_Rx_Handler\000"
 1928      5F315F52 
 1928      785F4861 
 1928      6E646C65 
 1928      7200
 1929              	.LASF6:
 1930 0307 6C6F6E67 		.ascii	"long int\000"
 1930      20696E74 
 1930      00
 1931              	.LASF17:
 1932 0310 6C6F6E67 		.ascii	"long double\000"
 1932      20646F75 
 1932      626C6500 
 1933              	.LASF0:
 1934 031c 7369676E 		.ascii	"signed char\000"
 1934      65642063 
 1934      68617200 
 1935              	.LASF15:
 1936 0328 646F7562 		.ascii	"double\000"
 1936      6C6500
 1937              	.LASF34:
 1938 032f 55415254 		.ascii	"UART_1_PutString\000"
ARM GAS  C:\Users\andre\AppData\Local\Temp\ccbveBGA.s 			page 43


 1938      5F315F50 
 1938      75745374 
 1938      72696E67 
 1938      00
 1939              	.LASF29:
 1940 0340 43794465 		.ascii	"CyDelay\000"
 1940      6C617900 
 1941              		.ident	"GCC: (GNU Tools for ARM Embedded Processors) 5.4.1 20160609 (release) [ARM/embedded-5-bran
