ARM GAS  C:\Users\andre\AppData\Local\Temp\ccUymEjs.s 			page 1


   1              		.syntax unified
   2              		.cpu cortex-m3
   3              		.fpu softvfp
   4              		.eabi_attribute 20, 1
   5              		.eabi_attribute 21, 1
   6              		.eabi_attribute 23, 3
   7              		.eabi_attribute 24, 1
   8              		.eabi_attribute 25, 1
   9              		.eabi_attribute 26, 1
  10              		.eabi_attribute 30, 1
  11              		.eabi_attribute 34, 1
  12              		.eabi_attribute 18, 4
  13              		.thumb
  14              		.syntax unified
  15              		.file	"cymetadata.c"
  16              		.text
  17              	.Ltext0:
  18              		.cfi_sections	.debug_frame
  19              		.global	cy_metadata
  20              		.global	cy_meta_flashprotect
  21              		.global	cy_meta_wonvl
  22              		.global	cy_meta_custnvl
  23              		.global	cy_meta_configecc
  24              		.section	.cyconfigecc,"a",%progbits
  25              		.align	2
  26              		.type	cy_meta_configecc, %object
  27              		.size	cy_meta_configecc, 1436
  28              	cy_meta_configecc:
  29 0000 02       		.byte	2
  30 0001 52       		.byte	82
  31 0002 00       		.byte	0
  32 0003 40       		.byte	64
  33 0004 02       		.byte	2
  34 0005 64       		.byte	100
  35 0006 00       		.byte	0
  36 0007 40       		.byte	64
  37 0008 02       		.byte	2
  38 0009 65       		.byte	101
  39 000a 00       		.byte	0
  40 000b 40       		.byte	64
  41 000c 02       		.byte	2
  42 000d 05       		.byte	5
  43 000e 01       		.byte	1
  44 000f 40       		.byte	64
  45 0010 02       		.byte	2
  46 0011 07       		.byte	7
  47 0012 01       		.byte	1
  48 0013 40       		.byte	64
  49 0014 4E       		.byte	78
  50 0015 08       		.byte	8
  51 0016 01       		.byte	1
  52 0017 40       		.byte	64
  53 0018 3F       		.byte	63
  54 0019 09       		.byte	9
  55 001a 01       		.byte	1
  56 001b 40       		.byte	64
  57 001c 5C       		.byte	92
ARM GAS  C:\Users\andre\AppData\Local\Temp\ccUymEjs.s 			page 2


  58 001d 0A       		.byte	10
  59 001e 01       		.byte	1
  60 001f 40       		.byte	64
  61 0020 37       		.byte	55
  62 0021 0B       		.byte	11
  63 0022 01       		.byte	1
  64 0023 40       		.byte	64
  65 0024 04       		.byte	4
  66 0025 14       		.byte	20
  67 0026 01       		.byte	1
  68 0027 40       		.byte	64
  69 0028 03       		.byte	3
  70 0029 15       		.byte	21
  71 002a 01       		.byte	1
  72 002b 40       		.byte	64
  73 002c 01       		.byte	1
  74 002d 17       		.byte	23
  75 002e 01       		.byte	1
  76 002f 40       		.byte	64
  77 0030 13       		.byte	19
  78 0031 18       		.byte	24
  79 0032 01       		.byte	1
  80 0033 40       		.byte	64
  81 0034 46       		.byte	70
  82 0035 19       		.byte	25
  83 0036 01       		.byte	1
  84 0037 40       		.byte	64
  85 0038 53       		.byte	83
  86 0039 1A       		.byte	26
  87 003a 01       		.byte	1
  88 003b 40       		.byte	64
  89 003c 44       		.byte	68
  90 003d 1B       		.byte	27
  91 003e 01       		.byte	1
  92 003f 40       		.byte	64
  93 0040 02       		.byte	2
  94 0041 40       		.byte	64
  95 0042 01       		.byte	1
  96 0043 40       		.byte	64
  97 0044 01       		.byte	1
  98 0045 41       		.byte	65
  99 0046 01       		.byte	1
 100 0047 40       		.byte	64
 101 0048 01       		.byte	1
 102 0049 42       		.byte	66
 103 004a 01       		.byte	1
 104 004b 40       		.byte	64
 105 004c 03       		.byte	3
 106 004d 43       		.byte	67
 107 004e 01       		.byte	1
 108 004f 40       		.byte	64
 109 0050 04       		.byte	4
 110 0051 47       		.byte	71
 111 0052 01       		.byte	1
 112 0053 40       		.byte	64
 113 0054 02       		.byte	2
 114 0055 48       		.byte	72
ARM GAS  C:\Users\andre\AppData\Local\Temp\ccUymEjs.s 			page 3


 115 0056 01       		.byte	1
 116 0057 40       		.byte	64
 117 0058 02       		.byte	2
 118 0059 49       		.byte	73
 119 005a 01       		.byte	1
 120 005b 40       		.byte	64
 121 005c 05       		.byte	5
 122 005d 4C       		.byte	76
 123 005e 01       		.byte	1
 124 005f 40       		.byte	64
 125 0060 0A       		.byte	10
 126 0061 4D       		.byte	77
 127 0062 01       		.byte	1
 128 0063 40       		.byte	64
 129 0064 06       		.byte	6
 130 0065 50       		.byte	80
 131 0066 01       		.byte	1
 132 0067 40       		.byte	64
 133 0068 01       		.byte	1
 134 0069 51       		.byte	81
 135 006a 01       		.byte	1
 136 006b 40       		.byte	64
 137 006c 61       		.byte	97
 138 006d 80       		.byte	-128
 139 006e 64       		.byte	100
 140 006f 40       		.byte	64
 141 0070 89       		.byte	-119
 142 0071 38       		.byte	56
 143 0072 8B       		.byte	-117
 144 0073 67       		.byte	103
 145 0074 89       		.byte	-119
 146 0075 72       		.byte	114
 147 0076 8B       		.byte	-117
 148 0077 0F       		.byte	15
 149 0078 87       		.byte	-121
 150 0079 08       		.byte	8
 151 007a E4       		.byte	-28
 152 007b 02       		.byte	2
 153 007c A7       		.byte	-89
 154 007d 08       		.byte	8
 155 007e E6       		.byte	-26
 156 007f 02       		.byte	2
 157 0080 03       		.byte	3
 158 0081 05       		.byte	5
 159 0082 07       		.byte	7
 160 0083 02       		.byte	2
 161 0084 08       		.byte	8
 162 0085 0C       		.byte	12
 163 0086 0A       		.byte	10
 164 0087 03       		.byte	3
 165 0088 13       		.byte	19
 166 0089 03       		.byte	3
 167 008a 17       		.byte	23
 168 008b 06       		.byte	6
 169 008c 19       		.byte	25
 170 008d 06       		.byte	6
 171 008e 1B       		.byte	27
ARM GAS  C:\Users\andre\AppData\Local\Temp\ccUymEjs.s 			page 4


 172 008f 01       		.byte	1
 173 0090 1C       		.byte	28
 174 0091 01       		.byte	1
 175 0092 1E       		.byte	30
 176 0093 06       		.byte	6
 177 0094 22       		.byte	34
 178 0095 03       		.byte	3
 179 0096 23       		.byte	35
 180 0097 01       		.byte	1
 181 0098 26       		.byte	38
 182 0099 0C       		.byte	12
 183 009a 2A       		.byte	42
 184 009b 08       		.byte	8
 185 009c 2C       		.byte	44
 186 009d 01       		.byte	1
 187 009e 2E       		.byte	46
 188 009f 0E       		.byte	14
 189 00a0 31       		.byte	49
 190 00a1 07       		.byte	7
 191 00a2 34       		.byte	52
 192 00a3 0F       		.byte	15
 193 00a4 3A       		.byte	58
 194 00a5 20       		.byte	32
 195 00a6 3B       		.byte	59
 196 00a7 02       		.byte	2
 197 00a8 40       		.byte	64
 198 00a9 01       		.byte	1
 199 00aa 47       		.byte	71
 200 00ab 04       		.byte	4
 201 00ac 49       		.byte	73
 202 00ad FF       		.byte	-1
 203 00ae 4A       		.byte	74
 204 00af 07       		.byte	7
 205 00b0 4B       		.byte	75
 206 00b1 FF       		.byte	-1
 207 00b2 4C       		.byte	76
 208 00b3 40       		.byte	64
 209 00b4 4D       		.byte	77
 210 00b5 20       		.byte	32
 211 00b6 4E       		.byte	78
 212 00b7 F0       		.byte	-16
 213 00b8 4F       		.byte	79
 214 00b9 05       		.byte	5
 215 00ba 50       		.byte	80
 216 00bb 08       		.byte	8
 217 00bc 58       		.byte	88
 218 00bd 04       		.byte	4
 219 00be 59       		.byte	89
 220 00bf 04       		.byte	4
 221 00c0 5A       		.byte	90
 222 00c1 04       		.byte	4
 223 00c2 5C       		.byte	92
 224 00c3 22       		.byte	34
 225 00c4 5D       		.byte	93
 226 00c5 02       		.byte	2
 227 00c6 5F       		.byte	95
 228 00c7 01       		.byte	1
ARM GAS  C:\Users\andre\AppData\Local\Temp\ccUymEjs.s 			page 5


 229 00c8 60       		.byte	96
 230 00c9 40       		.byte	64
 231 00ca 61       		.byte	97
 232 00cb A8       		.byte	-88
 233 00cc 62       		.byte	98
 234 00cd 40       		.byte	64
 235 00ce 63       		.byte	99
 236 00cf 20       		.byte	32
 237 00d0 83       		.byte	-125
 238 00d1 08       		.byte	8
 239 00d2 84       		.byte	-124
 240 00d3 01       		.byte	1
 241 00d4 85       		.byte	-123
 242 00d5 02       		.byte	2
 243 00d6 88       		.byte	-120
 244 00d7 04       		.byte	4
 245 00d8 89       		.byte	-119
 246 00d9 06       		.byte	6
 247 00da 8D       		.byte	-115
 248 00db 04       		.byte	4
 249 00dc 8E       		.byte	-114
 250 00dd 02       		.byte	2
 251 00de 90       		.byte	-112
 252 00df 04       		.byte	4
 253 00e0 95       		.byte	-107
 254 00e1 06       		.byte	6
 255 00e2 96       		.byte	-106
 256 00e3 04       		.byte	4
 257 00e4 97       		.byte	-105
 258 00e5 01       		.byte	1
 259 00e6 98       		.byte	-104
 260 00e7 01       		.byte	1
 261 00e8 99       		.byte	-103
 262 00e9 07       		.byte	7
 263 00ea A2       		.byte	-94
 264 00eb 02       		.byte	2
 265 00ec A3       		.byte	-93
 266 00ed 01       		.byte	1
 267 00ee A7       		.byte	-89
 268 00ef 08       		.byte	8
 269 00f0 A9       		.byte	-87
 270 00f1 01       		.byte	1
 271 00f2 AA       		.byte	-86
 272 00f3 04       		.byte	4
 273 00f4 AB       		.byte	-85
 274 00f5 06       		.byte	6
 275 00f6 AC       		.byte	-84
 276 00f7 01       		.byte	1
 277 00f8 AD       		.byte	-83
 278 00f9 07       		.byte	7
 279 00fa B0       		.byte	-80
 280 00fb 02       		.byte	2
 281 00fc B1       		.byte	-79
 282 00fd 07       		.byte	7
 283 00fe B4       		.byte	-76
 284 00ff 04       		.byte	4
 285 0100 B5       		.byte	-75
ARM GAS  C:\Users\andre\AppData\Local\Temp\ccUymEjs.s 			page 6


 286 0101 08       		.byte	8
 287 0102 B6       		.byte	-74
 288 0103 01       		.byte	1
 289 0104 B8       		.byte	-72
 290 0105 20       		.byte	32
 291 0106 BB       		.byte	-69
 292 0107 08       		.byte	8
 293 0108 BE       		.byte	-66
 294 0109 01       		.byte	1
 295 010a BF       		.byte	-65
 296 010b 10       		.byte	16
 297 010c D4       		.byte	-44
 298 010d 18       		.byte	24
 299 010e D6       		.byte	-42
 300 010f 04       		.byte	4
 301 0110 D8       		.byte	-40
 302 0111 04       		.byte	4
 303 0112 D9       		.byte	-39
 304 0113 04       		.byte	4
 305 0114 DB       		.byte	-37
 306 0115 04       		.byte	4
 307 0116 DC       		.byte	-36
 308 0117 22       		.byte	34
 309 0118 DD       		.byte	-35
 310 0119 20       		.byte	32
 311 011a DF       		.byte	-33
 312 011b 01       		.byte	1
 313 011c 00       		.byte	0
 314 011d 08       		.byte	8
 315 011e 02       		.byte	2
 316 011f 02       		.byte	2
 317 0120 03       		.byte	3
 318 0121 08       		.byte	8
 319 0122 05       		.byte	5
 320 0123 10       		.byte	16
 321 0124 09       		.byte	9
 322 0125 08       		.byte	8
 323 0126 0A       		.byte	10
 324 0127 08       		.byte	8
 325 0128 0B       		.byte	11
 326 0129 80       		.byte	-128
 327 012a 0E       		.byte	14
 328 012b 01       		.byte	1
 329 012c 11       		.byte	17
 330 012d 40       		.byte	64
 331 012e 12       		.byte	18
 332 012f 40       		.byte	64
 333 0130 13       		.byte	19
 334 0131 20       		.byte	32
 335 0132 15       		.byte	21
 336 0133 01       		.byte	1
 337 0134 16       		.byte	22
 338 0135 08       		.byte	8
 339 0136 17       		.byte	23
 340 0137 44       		.byte	68
 341 0138 1B       		.byte	27
 342 0139 A1       		.byte	-95
ARM GAS  C:\Users\andre\AppData\Local\Temp\ccUymEjs.s 			page 7


 343 013a 1D       		.byte	29
 344 013b 10       		.byte	16
 345 013c 21       		.byte	33
 346 013d 04       		.byte	4
 347 013e 22       		.byte	34
 348 013f 22       		.byte	34
 349 0140 26       		.byte	38
 350 0141 01       		.byte	1
 351 0142 27       		.byte	39
 352 0143 40       		.byte	64
 353 0144 29       		.byte	41
 354 0145 80       		.byte	-128
 355 0146 2B       		.byte	43
 356 0147 AA       		.byte	-86
 357 0148 2D       		.byte	45
 358 0149 01       		.byte	1
 359 014a 31       		.byte	49
 360 014b 08       		.byte	8
 361 014c 32       		.byte	50
 362 014d 10       		.byte	16
 363 014e 35       		.byte	53
 364 014f 10       		.byte	16
 365 0150 36       		.byte	54
 366 0151 01       		.byte	1
 367 0152 37       		.byte	55
 368 0153 04       		.byte	4
 369 0154 38       		.byte	56
 370 0155 80       		.byte	-128
 371 0156 3B       		.byte	59
 372 0157 16       		.byte	22
 373 0158 3E       		.byte	62
 374 0159 09       		.byte	9
 375 015a 45       		.byte	69
 376 015b 80       		.byte	-128
 377 015c 4D       		.byte	77
 378 015d 01       		.byte	1
 379 015e 56       		.byte	86
 380 015f 08       		.byte	8
 381 0160 59       		.byte	89
 382 0161 01       		.byte	1
 383 0162 5A       		.byte	90
 384 0163 20       		.byte	32
 385 0164 5B       		.byte	91
 386 0165 20       		.byte	32
 387 0166 62       		.byte	98
 388 0167 20       		.byte	32
 389 0168 63       		.byte	99
 390 0169 42       		.byte	66
 391 016a 87       		.byte	-121
 392 016b 40       		.byte	64
 393 016c 89       		.byte	-119
 394 016d 84       		.byte	-124
 395 016e 8B       		.byte	-117
 396 016f 40       		.byte	64
 397 0170 8D       		.byte	-115
 398 0171 04       		.byte	4
 399 0172 8E       		.byte	-114
ARM GAS  C:\Users\andre\AppData\Local\Temp\ccUymEjs.s 			page 8


 400 0173 01       		.byte	1
 401 0174 92       		.byte	-110
 402 0175 02       		.byte	2
 403 0176 95       		.byte	-107
 404 0177 08       		.byte	8
 405 0178 96       		.byte	-106
 406 0179 20       		.byte	32
 407 017a 9C       		.byte	-100
 408 017b 40       		.byte	64
 409 017c 9E       		.byte	-98
 410 017d 01       		.byte	1
 411 017e A5       		.byte	-91
 412 017f 0C       		.byte	12
 413 0180 A7       		.byte	-89
 414 0181 08       		.byte	8
 415 0182 AB       		.byte	-85
 416 0183 20       		.byte	32
 417 0184 B0       		.byte	-80
 418 0185 84       		.byte	-124
 419 0186 C0       		.byte	-64
 420 0187 47       		.byte	71
 421 0188 C2       		.byte	-62
 422 0189 8E       		.byte	-114
 423 018a C4       		.byte	-60
 424 018b FB       		.byte	-5
 425 018c CA       		.byte	-54
 426 018d 8F       		.byte	-113
 427 018e CC       		.byte	-52
 428 018f E6       		.byte	-26
 429 0190 CE       		.byte	-50
 430 0191 CF       		.byte	-49
 431 0192 D0       		.byte	-48
 432 0193 10       		.byte	16
 433 0194 D6       		.byte	-42
 434 0195 01       		.byte	1
 435 0196 D8       		.byte	-40
 436 0197 0D       		.byte	13
 437 0198 EE       		.byte	-18
 438 0199 04       		.byte	4
 439 019a 05       		.byte	5
 440 019b 04       		.byte	4
 441 019c 06       		.byte	6
 442 019d 01       		.byte	1
 443 019e 0A       		.byte	10
 444 019f 02       		.byte	2
 445 01a0 0B       		.byte	11
 446 01a1 01       		.byte	1
 447 01a2 12       		.byte	18
 448 01a3 02       		.byte	2
 449 01a4 15       		.byte	21
 450 01a5 04       		.byte	4
 451 01a6 18       		.byte	24
 452 01a7 02       		.byte	2
 453 01a8 19       		.byte	25
 454 01a9 04       		.byte	4
 455 01aa 1F       		.byte	31
 456 01ab 02       		.byte	2
ARM GAS  C:\Users\andre\AppData\Local\Temp\ccUymEjs.s 			page 9


 457 01ac 23       		.byte	35
 458 01ad 02       		.byte	2
 459 01ae 29       		.byte	41
 460 01af 04       		.byte	4
 461 01b0 31       		.byte	49
 462 01b1 04       		.byte	4
 463 01b2 32       		.byte	50
 464 01b3 01       		.byte	1
 465 01b4 35       		.byte	53
 466 01b5 01       		.byte	1
 467 01b6 36       		.byte	54
 468 01b7 02       		.byte	2
 469 01b8 37       		.byte	55
 470 01b9 02       		.byte	2
 471 01ba 3A       		.byte	58
 472 01bb 08       		.byte	8
 473 01bc 3E       		.byte	62
 474 01bd 40       		.byte	64
 475 01be 3F       		.byte	63
 476 01bf 41       		.byte	65
 477 01c0 40       		.byte	64
 478 01c1 14       		.byte	20
 479 01c2 41       		.byte	65
 480 01c3 06       		.byte	6
 481 01c4 49       		.byte	73
 482 01c5 FF       		.byte	-1
 483 01c6 4A       		.byte	74
 484 01c7 FF       		.byte	-1
 485 01c8 4B       		.byte	75
 486 01c9 FF       		.byte	-1
 487 01ca 4D       		.byte	77
 488 01cb A0       		.byte	-96
 489 01cc 4F       		.byte	79
 490 01cd 01       		.byte	1
 491 01ce 50       		.byte	80
 492 01cf 18       		.byte	24
 493 01d0 52       		.byte	82
 494 01d1 80       		.byte	-128
 495 01d2 56       		.byte	86
 496 01d3 08       		.byte	8
 497 01d4 58       		.byte	88
 498 01d5 04       		.byte	4
 499 01d6 59       		.byte	89
 500 01d7 04       		.byte	4
 501 01d8 5A       		.byte	90
 502 01d9 04       		.byte	4
 503 01da 5B       		.byte	91
 504 01db 04       		.byte	4
 505 01dc 5C       		.byte	92
 506 01dd 08       		.byte	8
 507 01de 5F       		.byte	95
 508 01df 31       		.byte	49
 509 01e0 60       		.byte	96
 510 01e1 40       		.byte	64
 511 01e2 62       		.byte	98
 512 01e3 80       		.byte	-128
 513 01e4 64       		.byte	100
ARM GAS  C:\Users\andre\AppData\Local\Temp\ccUymEjs.s 			page 10


 514 01e5 40       		.byte	64
 515 01e6 65       		.byte	101
 516 01e7 40       		.byte	64
 517 01e8 66       		.byte	102
 518 01e9 80       		.byte	-128
 519 01ea 68       		.byte	104
 520 01eb 40       		.byte	64
 521 01ec 6A       		.byte	106
 522 01ed 50       		.byte	80
 523 01ee 6B       		.byte	107
 524 01ef A8       		.byte	-88
 525 01f0 6C       		.byte	108
 526 01f1 40       		.byte	64
 527 01f2 6D       		.byte	109
 528 01f3 20       		.byte	32
 529 01f4 6E       		.byte	110
 530 01f5 50       		.byte	80
 531 01f6 6F       		.byte	111
 532 01f7 A8       		.byte	-88
 533 01f8 82       		.byte	-126
 534 01f9 04       		.byte	4
 535 01fa 85       		.byte	-123
 536 01fb 02       		.byte	2
 537 01fc 8F       		.byte	-113
 538 01fd 01       		.byte	1
 539 01fe 94       		.byte	-108
 540 01ff 01       		.byte	1
 541 0200 9E       		.byte	-98
 542 0201 03       		.byte	3
 543 0202 A1       		.byte	-95
 544 0203 01       		.byte	1
 545 0204 B2       		.byte	-78
 546 0205 02       		.byte	2
 547 0206 B4       		.byte	-76
 548 0207 01       		.byte	1
 549 0208 B5       		.byte	-75
 550 0209 01       		.byte	1
 551 020a B6       		.byte	-74
 552 020b 04       		.byte	4
 553 020c B7       		.byte	-73
 554 020d 02       		.byte	2
 555 020e BE       		.byte	-66
 556 020f 10       		.byte	16
 557 0210 BF       		.byte	-65
 558 0211 50       		.byte	80
 559 0212 C0       		.byte	-64
 560 0213 54       		.byte	84
 561 0214 C1       		.byte	-63
 562 0215 06       		.byte	6
 563 0216 C5       		.byte	-59
 564 0217 5C       		.byte	92
 565 0218 C6       		.byte	-58
 566 0219 20       		.byte	32
 567 021a C7       		.byte	-57
 568 021b 0E       		.byte	14
 569 021c C8       		.byte	-56
 570 021d 1F       		.byte	31
ARM GAS  C:\Users\andre\AppData\Local\Temp\ccUymEjs.s 			page 11


 571 021e C9       		.byte	-55
 572 021f FF       		.byte	-1
 573 0220 CA       		.byte	-54
 574 0221 FF       		.byte	-1
 575 0222 CB       		.byte	-53
 576 0223 FF       		.byte	-1
 577 0224 CD       		.byte	-51
 578 0225 AF       		.byte	-81
 579 0226 CE       		.byte	-50
 580 0227 07       		.byte	7
 581 0228 CF       		.byte	-49
 582 0229 01       		.byte	1
 583 022a D0       		.byte	-48
 584 022b 18       		.byte	24
 585 022c D4       		.byte	-44
 586 022d 07       		.byte	7
 587 022e D8       		.byte	-40
 588 022f 04       		.byte	4
 589 0230 D9       		.byte	-39
 590 0231 04       		.byte	4
 591 0232 DA       		.byte	-38
 592 0233 04       		.byte	4
 593 0234 DB       		.byte	-37
 594 0235 04       		.byte	4
 595 0236 DE       		.byte	-34
 596 0237 80       		.byte	-128
 597 0238 DF       		.byte	-33
 598 0239 05       		.byte	5
 599 023a E0       		.byte	-32
 600 023b 40       		.byte	64
 601 023c E2       		.byte	-30
 602 023d 80       		.byte	-128
 603 023e E4       		.byte	-28
 604 023f 40       		.byte	64
 605 0240 E5       		.byte	-27
 606 0241 40       		.byte	64
 607 0242 E6       		.byte	-26
 608 0243 80       		.byte	-128
 609 0244 E8       		.byte	-24
 610 0245 40       		.byte	64
 611 0246 EA       		.byte	-22
 612 0247 50       		.byte	80
 613 0248 EB       		.byte	-21
 614 0249 A8       		.byte	-88
 615 024a EC       		.byte	-20
 616 024b 40       		.byte	64
 617 024c ED       		.byte	-19
 618 024d 20       		.byte	32
 619 024e EE       		.byte	-18
 620 024f 50       		.byte	80
 621 0250 EF       		.byte	-17
 622 0251 A8       		.byte	-88
 623 0252 00       		.byte	0
 624 0253 10       		.byte	16
 625 0254 03       		.byte	3
 626 0255 20       		.byte	32
 627 0256 06       		.byte	6
ARM GAS  C:\Users\andre\AppData\Local\Temp\ccUymEjs.s 			page 12


 628 0257 40       		.byte	64
 629 0258 09       		.byte	9
 630 0259 20       		.byte	32
 631 025a 0A       		.byte	10
 632 025b 40       		.byte	64
 633 025c 0E       		.byte	14
 634 025d 10       		.byte	16
 635 025e 0F       		.byte	15
 636 025f 02       		.byte	2
 637 0260 18       		.byte	24
 638 0261 13       		.byte	19
 639 0262 1C       		.byte	28
 640 0263 08       		.byte	8
 641 0264 1E       		.byte	30
 642 0265 10       		.byte	16
 643 0266 1F       		.byte	31
 644 0267 80       		.byte	-128
 645 0268 21       		.byte	33
 646 0269 20       		.byte	32
 647 026a 22       		.byte	34
 648 026b 81       		.byte	-127
 649 026c 27       		.byte	39
 650 026d 09       		.byte	9
 651 026e 2A       		.byte	42
 652 026f 01       		.byte	1
 653 0270 2B       		.byte	43
 654 0271 08       		.byte	8
 655 0272 2F       		.byte	47
 656 0273 80       		.byte	-128
 657 0274 31       		.byte	49
 658 0275 88       		.byte	-120
 659 0276 32       		.byte	50
 660 0277 10       		.byte	16
 661 0278 38       		.byte	56
 662 0279 10       		.byte	16
 663 027a 39       		.byte	57
 664 027b 08       		.byte	8
 665 027c 3D       		.byte	61
 666 027d 08       		.byte	8
 667 027e 3F       		.byte	63
 668 027f 80       		.byte	-128
 669 0280 40       		.byte	64
 670 0281 01       		.byte	1
 671 0282 43       		.byte	67
 672 0283 01       		.byte	1
 673 0284 47       		.byte	71
 674 0285 01       		.byte	1
 675 0286 4B       		.byte	75
 676 0287 20       		.byte	32
 677 0288 4C       		.byte	76
 678 0289 01       		.byte	1
 679 028a 4D       		.byte	77
 680 028b 20       		.byte	32
 681 028c 4F       		.byte	79
 682 028d 06       		.byte	6
 683 028e 55       		.byte	85
 684 028f 10       		.byte	16
ARM GAS  C:\Users\andre\AppData\Local\Temp\ccUymEjs.s 			page 13


 685 0290 56       		.byte	86
 686 0291 48       		.byte	72
 687 0292 57       		.byte	87
 688 0293 40       		.byte	64
 689 0294 58       		.byte	88
 690 0295 40       		.byte	64
 691 0296 5C       		.byte	92
 692 0297 80       		.byte	-128
 693 0298 5D       		.byte	93
 694 0299 10       		.byte	16
 695 029a 5F       		.byte	95
 696 029b 08       		.byte	8
 697 029c 61       		.byte	97
 698 029d 80       		.byte	-128
 699 029e 66       		.byte	102
 700 029f 08       		.byte	8
 701 02a0 67       		.byte	103
 702 02a1 04       		.byte	4
 703 02a2 72       		.byte	114
 704 02a3 40       		.byte	64
 705 02a4 7A       		.byte	122
 706 02a5 80       		.byte	-128
 707 02a6 7D       		.byte	125
 708 02a7 38       		.byte	56
 709 02a8 85       		.byte	-123
 710 02a9 20       		.byte	32
 711 02aa 87       		.byte	-121
 712 02ab 10       		.byte	16
 713 02ac C0       		.byte	-64
 714 02ad 16       		.byte	22
 715 02ae C2       		.byte	-62
 716 02af AA       		.byte	-86
 717 02b0 CA       		.byte	-54
 718 02b1 85       		.byte	-123
 719 02b2 CC       		.byte	-52
 720 02b3 0E       		.byte	14
 721 02b4 CE       		.byte	-50
 722 02b5 56       		.byte	86
 723 02b6 D0       		.byte	-48
 724 02b7 89       		.byte	-119
 725 02b8 D2       		.byte	-46
 726 02b9 34       		.byte	52
 727 02ba D6       		.byte	-42
 728 02bb 78       		.byte	120
 729 02bc D8       		.byte	-40
 730 02bd 68       		.byte	104
 731 02be DE       		.byte	-34
 732 02bf 41       		.byte	65
 733 02c0 38       		.byte	56
 734 02c1 08       		.byte	8
 735 02c2 3E       		.byte	62
 736 02c3 04       		.byte	4
 737 02c4 58       		.byte	88
 738 02c5 04       		.byte	4
 739 02c6 5F       		.byte	95
 740 02c7 01       		.byte	1
 741 02c8 1B       		.byte	27
ARM GAS  C:\Users\andre\AppData\Local\Temp\ccUymEjs.s 			page 14


 742 02c9 08       		.byte	8
 743 02ca A7       		.byte	-89
 744 02cb 08       		.byte	8
 745 02cc EC       		.byte	-20
 746 02cd 08       		.byte	8
 747 02ce A7       		.byte	-89
 748 02cf 08       		.byte	8
 749 02d0 00       		.byte	0
 750 02d1 04       		.byte	4
 751 02d2 01       		.byte	1
 752 02d3 02       		.byte	2
 753 02d4 08       		.byte	8
 754 02d5 02       		.byte	2
 755 02d6 11       		.byte	17
 756 02d7 01       		.byte	1
 757 02d8 1B       		.byte	27
 758 02d9 01       		.byte	1
 759 02da 1C       		.byte	28
 760 02db 03       		.byte	3
 761 02dc 1D       		.byte	29
 762 02dd 01       		.byte	1
 763 02de 22       		.byte	34
 764 02df 01       		.byte	1
 765 02e0 2C       		.byte	44
 766 02e1 03       		.byte	3
 767 02e2 30       		.byte	48
 768 02e3 04       		.byte	4
 769 02e4 35       		.byte	53
 770 02e5 03       		.byte	3
 771 02e6 36       		.byte	54
 772 02e7 03       		.byte	3
 773 02e8 38       		.byte	56
 774 02e9 80       		.byte	-128
 775 02ea 39       		.byte	57
 776 02eb 20       		.byte	32
 777 02ec 3E       		.byte	62
 778 02ed 41       		.byte	65
 779 02ee 58       		.byte	88
 780 02ef 04       		.byte	4
 781 02f0 59       		.byte	89
 782 02f1 04       		.byte	4
 783 02f2 5C       		.byte	92
 784 02f3 20       		.byte	32
 785 02f4 5F       		.byte	95
 786 02f5 01       		.byte	1
 787 02f6 01       		.byte	1
 788 02f7 A8       		.byte	-88
 789 02f8 03       		.byte	3
 790 02f9 80       		.byte	-128
 791 02fa 04       		.byte	4
 792 02fb 02       		.byte	2
 793 02fc 05       		.byte	5
 794 02fd 10       		.byte	16
 795 02fe 08       		.byte	8
 796 02ff 80       		.byte	-128
 797 0300 09       		.byte	9
 798 0301 08       		.byte	8
ARM GAS  C:\Users\andre\AppData\Local\Temp\ccUymEjs.s 			page 15


 799 0302 0A       		.byte	10
 800 0303 40       		.byte	64
 801 0304 0E       		.byte	14
 802 0305 03       		.byte	3
 803 0306 10       		.byte	16
 804 0307 80       		.byte	-128
 805 0308 12       		.byte	18
 806 0309 01       		.byte	1
 807 030a 13       		.byte	19
 808 030b 14       		.byte	20
 809 030c 15       		.byte	21
 810 030d 01       		.byte	1
 811 030e 17       		.byte	23
 812 030f 40       		.byte	64
 813 0310 19       		.byte	25
 814 0311 09       		.byte	9
 815 0312 1A       		.byte	26
 816 0313 04       		.byte	4
 817 0314 1B       		.byte	27
 818 0315 08       		.byte	8
 819 0316 1C       		.byte	28
 820 0317 80       		.byte	-128
 821 0318 1D       		.byte	29
 822 0319 80       		.byte	-128
 823 031a 21       		.byte	33
 824 031b 08       		.byte	8
 825 031c 27       		.byte	39
 826 031d 04       		.byte	4
 827 031e 2B       		.byte	43
 828 031f 8A       		.byte	-118
 829 0320 31       		.byte	49
 830 0321 08       		.byte	8
 831 0322 32       		.byte	50
 832 0323 10       		.byte	16
 833 0324 35       		.byte	53
 834 0325 10       		.byte	16
 835 0326 36       		.byte	54
 836 0327 01       		.byte	1
 837 0328 37       		.byte	55
 838 0329 40       		.byte	64
 839 032a 38       		.byte	56
 840 032b A8       		.byte	-88
 841 032c 3D       		.byte	61
 842 032d 01       		.byte	1
 843 032e 40       		.byte	64
 844 032f 80       		.byte	-128
 845 0330 42       		.byte	66
 846 0331 04       		.byte	4
 847 0332 43       		.byte	67
 848 0333 8A       		.byte	-118
 849 0334 4A       		.byte	74
 850 0335 02       		.byte	2
 851 0336 52       		.byte	82
 852 0337 40       		.byte	64
 853 0338 53       		.byte	83
 854 0339 01       		.byte	1
 855 033a 59       		.byte	89
ARM GAS  C:\Users\andre\AppData\Local\Temp\ccUymEjs.s 			page 16


 856 033b 20       		.byte	32
 857 033c 5A       		.byte	90
 858 033d 22       		.byte	34
 859 033e 68       		.byte	104
 860 033f 04       		.byte	4
 861 0340 69       		.byte	105
 862 0341 50       		.byte	80
 863 0342 6A       		.byte	106
 864 0343 08       		.byte	8
 865 0344 70       		.byte	112
 866 0345 D4       		.byte	-44
 867 0346 73       		.byte	115
 868 0347 14       		.byte	20
 869 0348 88       		.byte	-120
 870 0349 04       		.byte	4
 871 034a 89       		.byte	-119
 872 034b 01       		.byte	1
 873 034c 91       		.byte	-111
 874 034d 01       		.byte	1
 875 034e 92       		.byte	-110
 876 034f 02       		.byte	2
 877 0350 94       		.byte	-108
 878 0351 80       		.byte	-128
 879 0352 95       		.byte	-107
 880 0353 40       		.byte	64
 881 0354 96       		.byte	-106
 882 0355 29       		.byte	41
 883 0356 97       		.byte	-105
 884 0357 16       		.byte	22
 885 0358 99       		.byte	-103
 886 0359 10       		.byte	16
 887 035a 9A       		.byte	-102
 888 035b 08       		.byte	8
 889 035c 9B       		.byte	-101
 890 035d 40       		.byte	64
 891 035e 9C       		.byte	-100
 892 035f 40       		.byte	64
 893 0360 9D       		.byte	-99
 894 0361 01       		.byte	1
 895 0362 9E       		.byte	-98
 896 0363 40       		.byte	64
 897 0364 9F       		.byte	-97
 898 0365 04       		.byte	4
 899 0366 A2       		.byte	-94
 900 0367 02       		.byte	2
 901 0368 A3       		.byte	-93
 902 0369 82       		.byte	-126
 903 036a A4       		.byte	-92
 904 036b 04       		.byte	4
 905 036c A5       		.byte	-91
 906 036d 88       		.byte	-120
 907 036e A7       		.byte	-89
 908 036f 08       		.byte	8
 909 0370 C0       		.byte	-64
 910 0371 5F       		.byte	95
 911 0372 C2       		.byte	-62
 912 0373 8D       		.byte	-115
ARM GAS  C:\Users\andre\AppData\Local\Temp\ccUymEjs.s 			page 17


 913 0374 C4       		.byte	-60
 914 0375 9F       		.byte	-97
 915 0376 CA       		.byte	-54
 916 0377 0D       		.byte	13
 917 0378 CC       		.byte	-52
 918 0379 B6       		.byte	-74
 919 037a CE       		.byte	-50
 920 037b 8E       		.byte	-114
 921 037c D0       		.byte	-48
 922 037d 0F       		.byte	15
 923 037e D2       		.byte	-46
 924 037f 08       		.byte	8
 925 0380 D6       		.byte	-42
 926 0381 01       		.byte	1
 927 0382 05       		.byte	5
 928 0383 18       		.byte	24
 929 0384 09       		.byte	9
 930 0385 08       		.byte	8
 931 0386 0C       		.byte	12
 932 0387 01       		.byte	1
 933 0388 0D       		.byte	13
 934 0389 10       		.byte	16
 935 038a 0E       		.byte	14
 936 038b 06       		.byte	6
 937 038c 10       		.byte	16
 938 038d 14       		.byte	20
 939 038e 12       		.byte	18
 940 038f 09       		.byte	9
 941 0390 13       		.byte	19
 942 0391 04       		.byte	4
 943 0392 15       		.byte	21
 944 0393 1C       		.byte	28
 945 0394 17       		.byte	23
 946 0395 01       		.byte	1
 947 0396 18       		.byte	24
 948 0397 1F       		.byte	31
 949 0398 1F       		.byte	31
 950 0399 03       		.byte	3
 951 039a 21       		.byte	33
 952 039b 1C       		.byte	28
 953 039c 23       		.byte	35
 954 039d 02       		.byte	2
 955 039e 24       		.byte	36
 956 039f 0A       		.byte	10
 957 03a0 25       		.byte	37
 958 03a1 04       		.byte	4
 959 03a2 26       		.byte	38
 960 03a3 11       		.byte	17
 961 03a4 27       		.byte	39
 962 03a5 20       		.byte	32
 963 03a6 28       		.byte	40
 964 03a7 1F       		.byte	31
 965 03a8 29       		.byte	41
 966 03a9 07       		.byte	7
 967 03aa 2B       		.byte	43
 968 03ab 18       		.byte	24
 969 03ac 2D       		.byte	45
ARM GAS  C:\Users\andre\AppData\Local\Temp\ccUymEjs.s 			page 18


 970 03ad 1F       		.byte	31
 971 03ae 30       		.byte	48
 972 03af 18       		.byte	24
 973 03b0 31       		.byte	49
 974 03b1 20       		.byte	32
 975 03b2 35       		.byte	53
 976 03b3 1F       		.byte	31
 977 03b4 36       		.byte	54
 978 03b5 07       		.byte	7
 979 03b6 3B       		.byte	59
 980 03b7 20       		.byte	32
 981 03b8 58       		.byte	88
 982 03b9 04       		.byte	4
 983 03ba 59       		.byte	89
 984 03bb 04       		.byte	4
 985 03bc 5C       		.byte	92
 986 03bd 22       		.byte	34
 987 03be 5F       		.byte	95
 988 03bf 01       		.byte	1
 989 03c0 80       		.byte	-128
 990 03c1 07       		.byte	7
 991 03c2 82       		.byte	-126
 992 03c3 08       		.byte	8
 993 03c4 84       		.byte	-124
 994 03c5 06       		.byte	6
 995 03c6 85       		.byte	-123
 996 03c7 14       		.byte	20
 997 03c8 86       		.byte	-122
 998 03c9 09       		.byte	9
 999 03ca 88       		.byte	-120
 1000 03cb 14       		.byte	20
 1001 03cc 8A       		.byte	-118
 1002 03cd 09       		.byte	9
 1003 03ce 91       		.byte	-111
 1004 03cf 10       		.byte	16
 1005 03d0 93       		.byte	-109
 1006 03d1 0C       		.byte	12
 1007 03d2 95       		.byte	-107
 1008 03d3 09       		.byte	9
 1009 03d4 96       		.byte	-106
 1010 03d5 0B       		.byte	11
 1011 03d6 97       		.byte	-105
 1012 03d7 10       		.byte	16
 1013 03d8 99       		.byte	-103
 1014 03d9 1C       		.byte	28
 1015 03da 9B       		.byte	-101
 1016 03db 02       		.byte	2
 1017 03dc 9C       		.byte	-100
 1018 03dd 07       		.byte	7
 1019 03de 9E       		.byte	-98
 1020 03df 18       		.byte	24
 1021 03e0 9F       		.byte	-97
 1022 03e1 03       		.byte	3
 1023 03e2 A1       		.byte	-95
 1024 03e3 0C       		.byte	12
 1025 03e4 A3       		.byte	-93
 1026 03e5 11       		.byte	17
ARM GAS  C:\Users\andre\AppData\Local\Temp\ccUymEjs.s 			page 19


 1027 03e6 A5       		.byte	-91
 1028 03e7 10       		.byte	16
 1029 03e8 A6       		.byte	-90
 1030 03e9 10       		.byte	16
 1031 03ea A9       		.byte	-87
 1032 03eb 20       		.byte	32
 1033 03ec B0       		.byte	-80
 1034 03ed 01       		.byte	1
 1035 03ee B5       		.byte	-75
 1036 03ef 20       		.byte	32
 1037 03f0 B6       		.byte	-74
 1038 03f1 1E       		.byte	30
 1039 03f2 B7       		.byte	-73
 1040 03f3 1F       		.byte	31
 1041 03f4 BA       		.byte	-70
 1042 03f5 80       		.byte	-128
 1043 03f6 BE       		.byte	-66
 1044 03f7 01       		.byte	1
 1045 03f8 BF       		.byte	-65
 1046 03f9 10       		.byte	16
 1047 03fa C0       		.byte	-64
 1048 03fb 12       		.byte	18
 1049 03fc C1       		.byte	-63
 1050 03fd 04       		.byte	4
 1051 03fe C5       		.byte	-59
 1052 03ff 0B       		.byte	11
 1053 0400 C6       		.byte	-58
 1054 0401 C0       		.byte	-64
 1055 0402 C7       		.byte	-57
 1056 0403 0E       		.byte	14
 1057 0404 C8       		.byte	-56
 1058 0405 19       		.byte	25
 1059 0406 C9       		.byte	-55
 1060 0407 FF       		.byte	-1
 1061 0408 CA       		.byte	-54
 1062 0409 FF       		.byte	-1
 1063 040a CB       		.byte	-53
 1064 040b FF       		.byte	-1
 1065 040c CE       		.byte	-50
 1066 040d F0       		.byte	-16
 1067 040e CF       		.byte	-49
 1068 040f 44       		.byte	68
 1069 0410 D0       		.byte	-48
 1070 0411 0C       		.byte	12
 1071 0412 D4       		.byte	-44
 1072 0413 01       		.byte	1
 1073 0414 D8       		.byte	-40
 1074 0415 04       		.byte	4
 1075 0416 D9       		.byte	-39
 1076 0417 04       		.byte	4
 1077 0418 DA       		.byte	-38
 1078 0419 04       		.byte	4
 1079 041a DB       		.byte	-37
 1080 041b 04       		.byte	4
 1081 041c DC       		.byte	-36
 1082 041d 22       		.byte	34
 1083 041e DD       		.byte	-35
ARM GAS  C:\Users\andre\AppData\Local\Temp\ccUymEjs.s 			page 20


 1084 041f 22       		.byte	34
 1085 0420 DF       		.byte	-33
 1086 0421 01       		.byte	1
 1087 0422 E6       		.byte	-26
 1088 0423 C0       		.byte	-64
 1089 0424 EA       		.byte	-22
 1090 0425 40       		.byte	64
 1091 0426 EB       		.byte	-21
 1092 0427 02       		.byte	2
 1093 0428 01       		.byte	1
 1094 0429 80       		.byte	-128
 1095 042a 05       		.byte	5
 1096 042b 12       		.byte	18
 1097 042c 06       		.byte	6
 1098 042d 60       		.byte	96
 1099 042e 07       		.byte	7
 1100 042f 60       		.byte	96
 1101 0430 0A       		.byte	10
 1102 0431 48       		.byte	72
 1103 0432 0C       		.byte	12
 1104 0433 04       		.byte	4
 1105 0434 0E       		.byte	14
 1106 0435 02       		.byte	2
 1107 0436 10       		.byte	16
 1108 0437 10       		.byte	16
 1109 0438 11       		.byte	17
 1110 0439 18       		.byte	24
 1111 043a 17       		.byte	23
 1112 043b 04       		.byte	4
 1113 043c 19       		.byte	25
 1114 043d 80       		.byte	-128
 1115 043e 1A       		.byte	26
 1116 043f 40       		.byte	64
 1117 0440 1C       		.byte	28
 1118 0441 40       		.byte	64
 1119 0442 1D       		.byte	29
 1120 0443 80       		.byte	-128
 1121 0444 1E       		.byte	30
 1122 0445 02       		.byte	2
 1123 0446 22       		.byte	34
 1124 0447 11       		.byte	17
 1125 0448 24       		.byte	36
 1126 0449 06       		.byte	6
 1127 044a 26       		.byte	38
 1128 044b 80       		.byte	-128
 1129 044c 28       		.byte	40
 1130 044d 10       		.byte	16
 1131 044e 2A       		.byte	42
 1132 044f 02       		.byte	2
 1133 0450 2B       		.byte	43
 1134 0451 0A       		.byte	10
 1135 0452 2C       		.byte	44
 1136 0453 08       		.byte	8
 1137 0454 2D       		.byte	45
 1138 0455 02       		.byte	2
 1139 0456 2E       		.byte	46
 1140 0457 08       		.byte	8
ARM GAS  C:\Users\andre\AppData\Local\Temp\ccUymEjs.s 			page 21


 1141 0458 31       		.byte	49
 1142 0459 08       		.byte	8
 1143 045a 32       		.byte	50
 1144 045b 01       		.byte	1
 1145 045c 33       		.byte	51
 1146 045d 80       		.byte	-128
 1147 045e 35       		.byte	53
 1148 045f 10       		.byte	16
 1149 0460 36       		.byte	54
 1150 0461 81       		.byte	-127
 1151 0462 37       		.byte	55
 1152 0463 04       		.byte	4
 1153 0464 38       		.byte	56
 1154 0465 A8       		.byte	-88
 1155 0466 3D       		.byte	61
 1156 0467 04       		.byte	4
 1157 0468 44       		.byte	68
 1158 0469 04       		.byte	4
 1159 046a 45       		.byte	69
 1160 046b 80       		.byte	-128
 1161 046c 46       		.byte	70
 1162 046d 40       		.byte	64
 1163 046e 4D       		.byte	77
 1164 046f 04       		.byte	4
 1165 0470 54       		.byte	84
 1166 0471 08       		.byte	8
 1167 0472 56       		.byte	86
 1168 0473 20       		.byte	32
 1169 0474 5C       		.byte	92
 1170 0475 44       		.byte	68
 1171 0476 5F       		.byte	95
 1172 0477 21       		.byte	33
 1173 0478 8C       		.byte	-116
 1174 0479 08       		.byte	8
 1175 047a 8E       		.byte	-114
 1176 047b 12       		.byte	18
 1177 047c 8F       		.byte	-113
 1178 047d 01       		.byte	1
 1179 047e 90       		.byte	-112
 1180 047f A8       		.byte	-88
 1181 0480 91       		.byte	-111
 1182 0481 10       		.byte	16
 1183 0482 92       		.byte	-110
 1184 0483 08       		.byte	8
 1185 0484 94       		.byte	-108
 1186 0485 02       		.byte	2
 1187 0486 96       		.byte	-106
 1188 0487 60       		.byte	96
 1189 0488 98       		.byte	-104
 1190 0489 04       		.byte	4
 1191 048a 99       		.byte	-103
 1192 048b 10       		.byte	16
 1193 048c 9A       		.byte	-102
 1194 048d 08       		.byte	8
 1195 048e 9B       		.byte	-101
 1196 048f 44       		.byte	68
 1197 0490 9D       		.byte	-99
ARM GAS  C:\Users\andre\AppData\Local\Temp\ccUymEjs.s 			page 22


 1198 0491 80       		.byte	-128
 1199 0492 A1       		.byte	-95
 1200 0493 0C       		.byte	12
 1201 0494 A3       		.byte	-93
 1202 0495 8A       		.byte	-118
 1203 0496 A6       		.byte	-90
 1204 0497 01       		.byte	1
 1205 0498 AC       		.byte	-84
 1206 0499 40       		.byte	64
 1207 049a B0       		.byte	-80
 1208 049b 40       		.byte	64
 1209 049c B5       		.byte	-75
 1210 049d 04       		.byte	4
 1211 049e B6       		.byte	-74
 1212 049f 01       		.byte	1
 1213 04a0 C0       		.byte	-64
 1214 04a1 71       		.byte	113
 1215 04a2 C2       		.byte	-62
 1216 04a3 AA       		.byte	-86
 1217 04a4 C4       		.byte	-60
 1218 04a5 26       		.byte	38
 1219 04a6 CA       		.byte	-54
 1220 04a7 EF       		.byte	-17
 1221 04a8 CC       		.byte	-52
 1222 04a9 FB       		.byte	-5
 1223 04aa CE       		.byte	-50
 1224 04ab 4E       		.byte	78
 1225 04ac D0       		.byte	-48
 1226 04ad B0       		.byte	-80
 1227 04ae D6       		.byte	-42
 1228 04af F0       		.byte	-16
 1229 04b0 32       		.byte	50
 1230 04b1 20       		.byte	32
 1231 04b2 CC       		.byte	-52
 1232 04b3 10       		.byte	16
 1233 04b4 A6       		.byte	-90
 1234 04b5 20       		.byte	32
 1235 04b6 A6       		.byte	-90
 1236 04b7 20       		.byte	32
 1237 04b8 86       		.byte	-122
 1238 04b9 20       		.byte	32
 1239 04ba A6       		.byte	-90
 1240 04bb 20       		.byte	32
 1241 04bc E6       		.byte	-26
 1242 04bd 40       		.byte	64
 1243 04be 8D       		.byte	-115
 1244 04bf 20       		.byte	32
 1245 04c0 A7       		.byte	-89
 1246 04c1 04       		.byte	4
 1247 04c2 AB       		.byte	-85
 1248 04c3 04       		.byte	4
 1249 04c4 E6       		.byte	-26
 1250 04c5 02       		.byte	2
 1251 04c6 22       		.byte	34
 1252 04c7 04       		.byte	4
 1253 04c8 C8       		.byte	-56
 1254 04c9 40       		.byte	64
ARM GAS  C:\Users\andre\AppData\Local\Temp\ccUymEjs.s 			page 23


 1255 04ca AE       		.byte	-82
 1256 04cb 04       		.byte	4
 1257 04cc EC       		.byte	-20
 1258 04cd 10       		.byte	16
 1259 04ce 09       		.byte	9
 1260 04cf 20       		.byte	32
 1261 04d0 0F       		.byte	15
 1262 04d1 08       		.byte	8
 1263 04d2 A5       		.byte	-91
 1264 04d3 20       		.byte	32
 1265 04d4 A7       		.byte	-89
 1266 04d5 04       		.byte	4
 1267 04d6 C2       		.byte	-62
 1268 04d7 03       		.byte	3
 1269 04d8 10       		.byte	16
 1270 04d9 80       		.byte	-128
 1271 04da 71       		.byte	113
 1272 04db 08       		.byte	8
 1273 04dc A1       		.byte	-95
 1274 04dd 08       		.byte	8
 1275 04de A4       		.byte	-92
 1276 04df 80       		.byte	-128
 1277 04e0 B1       		.byte	-79
 1278 04e1 08       		.byte	8
 1279 04e2 B4       		.byte	-76
 1280 04e3 80       		.byte	-128
 1281 04e4 C4       		.byte	-60
 1282 04e5 08       		.byte	8
 1283 04e6 DC       		.byte	-36
 1284 04e7 01       		.byte	1
 1285 04e8 EC       		.byte	-20
 1286 04e9 04       		.byte	4
 1287 04ea EE       		.byte	-18
 1288 04eb 02       		.byte	2
 1289 04ec 00       		.byte	0
 1290 04ed 05       		.byte	5
 1291 04ee 0C       		.byte	12
 1292 04ef 05       		.byte	5
 1293 04f0 10       		.byte	16
 1294 04f1 04       		.byte	4
 1295 04f2 11       		.byte	17
 1296 04f3 01       		.byte	1
 1297 04f4 1C       		.byte	28
 1298 04f5 04       		.byte	4
 1299 04f6 1D       		.byte	29
 1300 04f7 01       		.byte	1
 1301 04f8 00       		.byte	0
 1302 04f9 03       		.byte	3
 1303 04fa 00       		.byte	0
 1304 04fb 00       		.byte	0
 1305 04fc 00       		.byte	0
 1306 04fd 00       		.byte	0
 1307 04fe C3       		.byte	-61
 1308 04ff 00       		.byte	0
 1309 0500 C3       		.byte	-61
 1310 0501 06       		.byte	6
 1311 0502 0C       		.byte	12
ARM GAS  C:\Users\andre\AppData\Local\Temp\ccUymEjs.s 			page 24


 1312 0503 00       		.byte	0
 1313 0504 0C       		.byte	12
 1314 0505 02       		.byte	2
 1315 0506 C3       		.byte	-61
 1316 0507 00       		.byte	0
 1317 0508 C3       		.byte	-61
 1318 0509 04       		.byte	4
 1319 050a 10       		.byte	16
 1320 050b 00       		.byte	0
 1321 050c 82       		.byte	-126
 1322 050d 00       		.byte	0
 1323 050e 20       		.byte	32
 1324 050f 00       		.byte	0
 1325 0510 0F       		.byte	15
 1326 0511 06       		.byte	6
 1327 0512 C0       		.byte	-64
 1328 0513 01       		.byte	1
 1329 0514 00       		.byte	0
 1330 0515 06       		.byte	6
 1331 0516 00       		.byte	0
 1332 0517 01       		.byte	1
 1333 0518 CF       		.byte	-49
 1334 0519 00       		.byte	0
 1335 051a 00       		.byte	0
 1336 051b 00       		.byte	0
 1337 051c 08       		.byte	8
 1338 051d 00       		.byte	0
 1339 051e 00       		.byte	0
 1340 051f 01       		.byte	1
 1341 0520 04       		.byte	4
 1342 0521 00       		.byte	0
 1343 0522 00       		.byte	0
 1344 0523 00       		.byte	0
 1345 0524 0C       		.byte	12
 1346 0525 01       		.byte	1
 1347 0526 00       		.byte	0
 1348 0527 06       		.byte	6
 1349 0528 41       		.byte	65
 1350 0529 07       		.byte	7
 1351 052a 20       		.byte	32
 1352 052b 00       		.byte	0
 1353 052c C0       		.byte	-64
 1354 052d 00       		.byte	0
 1355 052e 0F       		.byte	15
 1356 052f 07       		.byte	7
 1357 0530 30       		.byte	48
 1358 0531 00       		.byte	0
 1359 0532 00       		.byte	0
 1360 0533 00       		.byte	0
 1361 0534 00       		.byte	0
 1362 0535 00       		.byte	0
 1363 0536 08       		.byte	8
 1364 0537 08       		.byte	8
 1365 0538 00       		.byte	0
 1366 0539 00       		.byte	0
 1367 053a 10       		.byte	16
 1368 053b 00       		.byte	0
ARM GAS  C:\Users\andre\AppData\Local\Temp\ccUymEjs.s 			page 25


 1369 053c 31       		.byte	49
 1370 053d 04       		.byte	4
 1371 053e 05       		.byte	5
 1372 053f 00       		.byte	0
 1373 0540 02       		.byte	2
 1374 0541 00       		.byte	0
 1375 0542 0C       		.byte	12
 1376 0543 E0       		.byte	-32
 1377 0544 24       		.byte	36
 1378 0545 FF       		.byte	-1
 1379 0546 FF       		.byte	-1
 1380 0547 FF       		.byte	-1
 1381 0548 62       		.byte	98
 1382 0549 A0       		.byte	-96
 1383 054a F0       		.byte	-16
 1384 054b 41       		.byte	65
 1385 054c 0C       		.byte	12
 1386 054d 00       		.byte	0
 1387 054e 00       		.byte	0
 1388 054f 00       		.byte	0
 1389 0550 00       		.byte	0
 1390 0551 00       		.byte	0
 1391 0552 02       		.byte	2
 1392 0553 13       		.byte	19
 1393 0554 04       		.byte	4
 1394 0555 04       		.byte	4
 1395 0556 04       		.byte	4
 1396 0557 04       		.byte	4
 1397 0558 22       		.byte	34
 1398 0559 22       		.byte	34
 1399 055a 00       		.byte	0
 1400 055b 01       		.byte	1
 1401 055c 00       		.byte	0
 1402 055d 00       		.byte	0
 1403 055e 00       		.byte	0
 1404 055f 00       		.byte	0
 1405 0560 00       		.byte	0
 1406 0561 00       		.byte	0
 1407 0562 40       		.byte	64
 1408 0563 02       		.byte	2
 1409 0564 00       		.byte	0
 1410 0565 10       		.byte	16
 1411 0566 30       		.byte	48
 1412 0567 10       		.byte	16
 1413 0568 00       		.byte	0
 1414 0569 10       		.byte	16
 1415 056a 10       		.byte	16
 1416 056b 12       		.byte	18
 1417 056c 00       		.byte	0
 1418 056d 00       		.byte	0
 1419 056e 00       		.byte	0
 1420 056f 00       		.byte	0
 1421 0570 00       		.byte	0
 1422 0571 00       		.byte	0
 1423 0572 00       		.byte	0
 1424 0573 00       		.byte	0
 1425 0574 00       		.byte	0
ARM GAS  C:\Users\andre\AppData\Local\Temp\ccUymEjs.s 			page 26


 1426 0575 00       		.byte	0
 1427 0576 00       		.byte	0
 1428 0577 00       		.byte	0
 1429 0578 00       		.byte	0
 1430 0579 00       		.byte	0
 1431 057a 00       		.byte	0
 1432 057b 00       		.byte	0
 1433 057c 80       		.byte	-128
 1434 057d 00       		.byte	0
 1435 057e 40       		.byte	64
 1436 057f 80       		.byte	-128
 1437 0580 80       		.byte	-128
 1438 0581 00       		.byte	0
 1439 0582 80       		.byte	-128
 1440 0583 00       		.byte	0
 1441 0584 00       		.byte	0
 1442 0585 00       		.byte	0
 1443 0586 00       		.byte	0
 1444 0587 00       		.byte	0
 1445 0588 C0       		.byte	-64
 1446 0589 6B       		.byte	107
 1447 058a AB       		.byte	-85
 1448 058b 00       		.byte	0
 1449 058c 00       		.byte	0
 1450 058d 00       		.byte	0
 1451 058e 00       		.byte	0
 1452 058f 00       		.byte	0
 1453 0590 64       		.byte	100
 1454 0591 00       		.byte	0
 1455 0592 00       		.byte	0
 1456 0593 E6       		.byte	-26
 1457 0594 E6       		.byte	-26
 1458 0595 00       		.byte	0
 1459 0596 00       		.byte	0
 1460 0597 00       		.byte	0
 1461 0598 00       		.byte	0
 1462 0599 00       		.byte	0
 1463 059a 00       		.byte	0
 1464 059b 00       		.byte	0
 1465              		.section	.cywolatch,"a",%progbits
 1466              		.align	2
 1467              		.type	cy_meta_wonvl, %object
 1468              		.size	cy_meta_wonvl, 4
 1469              	cy_meta_wonvl:
 1470 0000 BC       		.byte	-68
 1471 0001 90       		.byte	-112
 1472 0002 AC       		.byte	-84
 1473 0003 AF       		.byte	-81
 1474              		.section	.cycustnvl,"a",%progbits
 1475              		.align	2
 1476              		.type	cy_meta_custnvl, %object
 1477              		.size	cy_meta_custnvl, 4
 1478              	cy_meta_custnvl:
 1479 0000 00       		.byte	0
 1480 0001 00       		.byte	0
 1481 0002 40       		.byte	64
 1482 0003 05       		.byte	5
ARM GAS  C:\Users\andre\AppData\Local\Temp\ccUymEjs.s 			page 27


 1483              		.section	.cymeta,"a",%progbits
 1484              		.align	2
 1485              		.type	cy_metadata, %object
 1486              		.size	cy_metadata, 12
 1487              	cy_metadata:
 1488 0000 00       		.byte	0
 1489 0001 01       		.byte	1
 1490 0002 2E       		.byte	46
 1491 0003 16       		.byte	22
 1492 0004 10       		.byte	16
 1493 0005 69       		.byte	105
 1494 0006 00       		.byte	0
 1495 0007 01       		.byte	1
 1496 0008 00       		.byte	0
 1497 0009 00       		.byte	0
 1498 000a 00       		.byte	0
 1499 000b 00       		.byte	0
 1500              		.section	.cyflashprotect,"a",%progbits
 1501              		.align	2
 1502              		.type	cy_meta_flashprotect, %object
 1503              		.size	cy_meta_flashprotect, 256
 1504              	cy_meta_flashprotect:
 1505 0000 00000000 		.space	256
 1505      00000000 
 1505      00000000 
 1505      00000000 
 1505      00000000 
 1506              		.text
 1507              	.Letext0:
 1508              		.file 1 "d:\\program files (x86)\\cypress\\psoc creator\\4.1\\psoc creator\\import\\gnu\\arm\\5.4.
 1509              		.file 2 "d:\\program files (x86)\\cypress\\psoc creator\\4.1\\psoc creator\\import\\gnu\\arm\\5.4.
 1510              		.file 3 "Generated_Source\\PSoC5\\cymetadata.c"
 1511              		.section	.debug_info,"",%progbits
 1512              	.Ldebug_info0:
 1513 0000 32010000 		.4byte	0x132
 1514 0004 0400     		.2byte	0x4
 1515 0006 00000000 		.4byte	.Ldebug_abbrev0
 1516 000a 04       		.byte	0x4
 1517 000b 01       		.uleb128 0x1
 1518 000c 24000000 		.4byte	.LASF17
 1519 0010 0C       		.byte	0xc
 1520 0011 03020000 		.4byte	.LASF18
 1521 0015 F9000000 		.4byte	.LASF19
 1522 0019 00000000 		.4byte	.Ldebug_line0
 1523 001d 02       		.uleb128 0x2
 1524 001e 01       		.byte	0x1
 1525 001f 06       		.byte	0x6
 1526 0020 F7010000 		.4byte	.LASF0
 1527 0024 03       		.uleb128 0x3
 1528 0025 00000000 		.4byte	.LASF9
 1529 0029 01       		.byte	0x1
 1530 002a 1D       		.byte	0x1d
 1531 002b 2F000000 		.4byte	0x2f
 1532 002f 02       		.uleb128 0x2
 1533 0030 01       		.byte	0x1
 1534 0031 08       		.byte	0x8
 1535 0032 16000000 		.4byte	.LASF1
ARM GAS  C:\Users\andre\AppData\Local\Temp\ccUymEjs.s 			page 28


 1536 0036 02       		.uleb128 0x2
 1537 0037 02       		.byte	0x2
 1538 0038 05       		.byte	0x5
 1539 0039 E4010000 		.4byte	.LASF2
 1540 003d 02       		.uleb128 0x2
 1541 003e 02       		.byte	0x2
 1542 003f 07       		.byte	0x7
 1543 0040 C4000000 		.4byte	.LASF3
 1544 0044 02       		.uleb128 0x2
 1545 0045 04       		.byte	0x4
 1546 0046 05       		.byte	0x5
 1547 0047 EE010000 		.4byte	.LASF4
 1548 004b 02       		.uleb128 0x2
 1549 004c 04       		.byte	0x4
 1550 004d 07       		.byte	0x7
 1551 004e B2000000 		.4byte	.LASF5
 1552 0052 02       		.uleb128 0x2
 1553 0053 08       		.byte	0x8
 1554 0054 05       		.byte	0x5
 1555 0055 D6010000 		.4byte	.LASF6
 1556 0059 02       		.uleb128 0x2
 1557 005a 08       		.byte	0x8
 1558 005b 07       		.byte	0x7
 1559 005c 8B010000 		.4byte	.LASF7
 1560 0060 04       		.uleb128 0x4
 1561 0061 04       		.byte	0x4
 1562 0062 05       		.byte	0x5
 1563 0063 696E7400 		.ascii	"int\000"
 1564 0067 02       		.uleb128 0x2
 1565 0068 04       		.byte	0x4
 1566 0069 07       		.byte	0x7
 1567 006a 7E010000 		.4byte	.LASF8
 1568 006e 03       		.uleb128 0x3
 1569 006f A2010000 		.4byte	.LASF10
 1570 0073 02       		.byte	0x2
 1571 0074 18       		.byte	0x18
 1572 0075 24000000 		.4byte	0x24
 1573 0079 05       		.uleb128 0x5
 1574 007a 91000000 		.4byte	0x91
 1575 007e 8A000000 		.4byte	0x8a
 1576 0082 06       		.uleb128 0x6
 1577 0083 8A000000 		.4byte	0x8a
 1578 0087 9B05     		.2byte	0x59b
 1579 0089 00       		.byte	0
 1580 008a 02       		.uleb128 0x2
 1581 008b 04       		.byte	0x4
 1582 008c 07       		.byte	0x7
 1583 008d CD010000 		.4byte	.LASF11
 1584 0091 07       		.uleb128 0x7
 1585 0092 6E000000 		.4byte	0x6e
 1586 0096 08       		.uleb128 0x8
 1587 0097 E7000000 		.4byte	.LASF12
 1588 009b 03       		.byte	0x3
 1589 009c 1F       		.byte	0x1f
 1590 009d A7000000 		.4byte	0xa7
 1591 00a1 05       		.uleb128 0x5
 1592 00a2 03       		.byte	0x3
ARM GAS  C:\Users\andre\AppData\Local\Temp\ccUymEjs.s 			page 29


 1593 00a3 00000000 		.4byte	cy_meta_configecc
 1594 00a7 07       		.uleb128 0x7
 1595 00a8 79000000 		.4byte	0x79
 1596 00ac 05       		.uleb128 0x5
 1597 00ad 91000000 		.4byte	0x91
 1598 00b1 BC000000 		.4byte	0xbc
 1599 00b5 09       		.uleb128 0x9
 1600 00b6 8A000000 		.4byte	0x8a
 1601 00ba 03       		.byte	0x3
 1602 00bb 00       		.byte	0
 1603 00bc 08       		.uleb128 0x8
 1604 00bd D7000000 		.4byte	.LASF13
 1605 00c1 03       		.byte	0x3
 1606 00c2 E0       		.byte	0xe0
 1607 00c3 CD000000 		.4byte	0xcd
 1608 00c7 05       		.uleb128 0x5
 1609 00c8 03       		.byte	0x3
 1610 00c9 00000000 		.4byte	cy_meta_custnvl
 1611 00cd 07       		.uleb128 0x7
 1612 00ce AC000000 		.4byte	0xac
 1613 00d2 08       		.uleb128 0x8
 1614 00d3 BF010000 		.4byte	.LASF14
 1615 00d7 03       		.byte	0x3
 1616 00d8 EE       		.byte	0xee
 1617 00d9 E3000000 		.4byte	0xe3
 1618 00dd 05       		.uleb128 0x5
 1619 00de 03       		.byte	0x3
 1620 00df 00000000 		.4byte	cy_meta_wonvl
 1621 00e3 07       		.uleb128 0x7
 1622 00e4 AC000000 		.4byte	0xac
 1623 00e8 05       		.uleb128 0x5
 1624 00e9 91000000 		.4byte	0x91
 1625 00ed F8000000 		.4byte	0xf8
 1626 00f1 09       		.uleb128 0x9
 1627 00f2 8A000000 		.4byte	0x8a
 1628 00f6 FF       		.byte	0xff
 1629 00f7 00       		.byte	0
 1630 00f8 08       		.uleb128 0x8
 1631 00f9 AA010000 		.4byte	.LASF15
 1632 00fd 03       		.byte	0x3
 1633 00fe FC       		.byte	0xfc
 1634 00ff 09010000 		.4byte	0x109
 1635 0103 05       		.uleb128 0x5
 1636 0104 03       		.byte	0x3
 1637 0105 00000000 		.4byte	cy_meta_flashprotect
 1638 0109 07       		.uleb128 0x7
 1639 010a E8000000 		.4byte	0xe8
 1640 010e 05       		.uleb128 0x5
 1641 010f 91000000 		.4byte	0x91
 1642 0113 1E010000 		.4byte	0x11e
 1643 0117 09       		.uleb128 0x9
 1644 0118 8A000000 		.4byte	0x8a
 1645 011c 0B       		.byte	0xb
 1646 011d 00       		.byte	0
 1647 011e 0A       		.uleb128 0xa
 1648 011f 0A000000 		.4byte	.LASF16
 1649 0123 03       		.byte	0x3
ARM GAS  C:\Users\andre\AppData\Local\Temp\ccUymEjs.s 			page 30


 1650 0124 2901     		.2byte	0x129
 1651 0126 30010000 		.4byte	0x130
 1652 012a 05       		.uleb128 0x5
 1653 012b 03       		.byte	0x3
 1654 012c 00000000 		.4byte	cy_metadata
 1655 0130 07       		.uleb128 0x7
 1656 0131 0E010000 		.4byte	0x10e
 1657 0135 00       		.byte	0
 1658              		.section	.debug_abbrev,"",%progbits
 1659              	.Ldebug_abbrev0:
 1660 0000 01       		.uleb128 0x1
 1661 0001 11       		.uleb128 0x11
 1662 0002 01       		.byte	0x1
 1663 0003 25       		.uleb128 0x25
 1664 0004 0E       		.uleb128 0xe
 1665 0005 13       		.uleb128 0x13
 1666 0006 0B       		.uleb128 0xb
 1667 0007 03       		.uleb128 0x3
 1668 0008 0E       		.uleb128 0xe
 1669 0009 1B       		.uleb128 0x1b
 1670 000a 0E       		.uleb128 0xe
 1671 000b 10       		.uleb128 0x10
 1672 000c 17       		.uleb128 0x17
 1673 000d 00       		.byte	0
 1674 000e 00       		.byte	0
 1675 000f 02       		.uleb128 0x2
 1676 0010 24       		.uleb128 0x24
 1677 0011 00       		.byte	0
 1678 0012 0B       		.uleb128 0xb
 1679 0013 0B       		.uleb128 0xb
 1680 0014 3E       		.uleb128 0x3e
 1681 0015 0B       		.uleb128 0xb
 1682 0016 03       		.uleb128 0x3
 1683 0017 0E       		.uleb128 0xe
 1684 0018 00       		.byte	0
 1685 0019 00       		.byte	0
 1686 001a 03       		.uleb128 0x3
 1687 001b 16       		.uleb128 0x16
 1688 001c 00       		.byte	0
 1689 001d 03       		.uleb128 0x3
 1690 001e 0E       		.uleb128 0xe
 1691 001f 3A       		.uleb128 0x3a
 1692 0020 0B       		.uleb128 0xb
 1693 0021 3B       		.uleb128 0x3b
 1694 0022 0B       		.uleb128 0xb
 1695 0023 49       		.uleb128 0x49
 1696 0024 13       		.uleb128 0x13
 1697 0025 00       		.byte	0
 1698 0026 00       		.byte	0
 1699 0027 04       		.uleb128 0x4
 1700 0028 24       		.uleb128 0x24
 1701 0029 00       		.byte	0
 1702 002a 0B       		.uleb128 0xb
 1703 002b 0B       		.uleb128 0xb
 1704 002c 3E       		.uleb128 0x3e
 1705 002d 0B       		.uleb128 0xb
 1706 002e 03       		.uleb128 0x3
ARM GAS  C:\Users\andre\AppData\Local\Temp\ccUymEjs.s 			page 31


 1707 002f 08       		.uleb128 0x8
 1708 0030 00       		.byte	0
 1709 0031 00       		.byte	0
 1710 0032 05       		.uleb128 0x5
 1711 0033 01       		.uleb128 0x1
 1712 0034 01       		.byte	0x1
 1713 0035 49       		.uleb128 0x49
 1714 0036 13       		.uleb128 0x13
 1715 0037 01       		.uleb128 0x1
 1716 0038 13       		.uleb128 0x13
 1717 0039 00       		.byte	0
 1718 003a 00       		.byte	0
 1719 003b 06       		.uleb128 0x6
 1720 003c 21       		.uleb128 0x21
 1721 003d 00       		.byte	0
 1722 003e 49       		.uleb128 0x49
 1723 003f 13       		.uleb128 0x13
 1724 0040 2F       		.uleb128 0x2f
 1725 0041 05       		.uleb128 0x5
 1726 0042 00       		.byte	0
 1727 0043 00       		.byte	0
 1728 0044 07       		.uleb128 0x7
 1729 0045 26       		.uleb128 0x26
 1730 0046 00       		.byte	0
 1731 0047 49       		.uleb128 0x49
 1732 0048 13       		.uleb128 0x13
 1733 0049 00       		.byte	0
 1734 004a 00       		.byte	0
 1735 004b 08       		.uleb128 0x8
 1736 004c 34       		.uleb128 0x34
 1737 004d 00       		.byte	0
 1738 004e 03       		.uleb128 0x3
 1739 004f 0E       		.uleb128 0xe
 1740 0050 3A       		.uleb128 0x3a
 1741 0051 0B       		.uleb128 0xb
 1742 0052 3B       		.uleb128 0x3b
 1743 0053 0B       		.uleb128 0xb
 1744 0054 49       		.uleb128 0x49
 1745 0055 13       		.uleb128 0x13
 1746 0056 3F       		.uleb128 0x3f
 1747 0057 19       		.uleb128 0x19
 1748 0058 02       		.uleb128 0x2
 1749 0059 18       		.uleb128 0x18
 1750 005a 00       		.byte	0
 1751 005b 00       		.byte	0
 1752 005c 09       		.uleb128 0x9
 1753 005d 21       		.uleb128 0x21
 1754 005e 00       		.byte	0
 1755 005f 49       		.uleb128 0x49
 1756 0060 13       		.uleb128 0x13
 1757 0061 2F       		.uleb128 0x2f
 1758 0062 0B       		.uleb128 0xb
 1759 0063 00       		.byte	0
 1760 0064 00       		.byte	0
 1761 0065 0A       		.uleb128 0xa
 1762 0066 34       		.uleb128 0x34
 1763 0067 00       		.byte	0
ARM GAS  C:\Users\andre\AppData\Local\Temp\ccUymEjs.s 			page 32


 1764 0068 03       		.uleb128 0x3
 1765 0069 0E       		.uleb128 0xe
 1766 006a 3A       		.uleb128 0x3a
 1767 006b 0B       		.uleb128 0xb
 1768 006c 3B       		.uleb128 0x3b
 1769 006d 05       		.uleb128 0x5
 1770 006e 49       		.uleb128 0x49
 1771 006f 13       		.uleb128 0x13
 1772 0070 3F       		.uleb128 0x3f
 1773 0071 19       		.uleb128 0x19
 1774 0072 02       		.uleb128 0x2
 1775 0073 18       		.uleb128 0x18
 1776 0074 00       		.byte	0
 1777 0075 00       		.byte	0
 1778 0076 00       		.byte	0
 1779              		.section	.debug_aranges,"",%progbits
 1780 0000 14000000 		.4byte	0x14
 1781 0004 0200     		.2byte	0x2
 1782 0006 00000000 		.4byte	.Ldebug_info0
 1783 000a 04       		.byte	0x4
 1784 000b 00       		.byte	0
 1785 000c 0000     		.2byte	0
 1786 000e 0000     		.2byte	0
 1787 0010 00000000 		.4byte	0
 1788 0014 00000000 		.4byte	0
 1789              		.section	.debug_line,"",%progbits
 1790              	.Ldebug_line0:
 1791 0000 3D010000 		.section	.debug_str,"MS",%progbits,1
 1791      02003701 
 1791      00000201 
 1791      FB0E0D00 
 1791      01010101 
 1792              	.LASF9:
 1793 0000 5F5F7569 		.ascii	"__uint8_t\000"
 1793      6E74385F 
 1793      7400
 1794              	.LASF16:
 1795 000a 63795F6D 		.ascii	"cy_metadata\000"
 1795      65746164 
 1795      61746100 
 1796              	.LASF1:
 1797 0016 756E7369 		.ascii	"unsigned char\000"
 1797      676E6564 
 1797      20636861 
 1797      7200
 1798              	.LASF17:
 1799 0024 474E5520 		.ascii	"GNU C11 5.4.1 20160609 (release) [ARM/embedded-5-br"
 1799      43313120 
 1799      352E342E 
 1799      31203230 
 1799      31363036 
 1800 0057 616E6368 		.ascii	"anch revision 237715] -mcpu=cortex-m3 -mthumb -g -O"
 1800      20726576 
 1800      6973696F 
 1800      6E203233 
 1800      37373135 
 1801 008a 67202D66 		.ascii	"g -ffunction-sections -ffat-lto-objects\000"
ARM GAS  C:\Users\andre\AppData\Local\Temp\ccUymEjs.s 			page 33


 1801      66756E63 
 1801      74696F6E 
 1801      2D736563 
 1801      74696F6E 
 1802              	.LASF5:
 1803 00b2 6C6F6E67 		.ascii	"long unsigned int\000"
 1803      20756E73 
 1803      69676E65 
 1803      6420696E 
 1803      7400
 1804              	.LASF3:
 1805 00c4 73686F72 		.ascii	"short unsigned int\000"
 1805      7420756E 
 1805      7369676E 
 1805      65642069 
 1805      6E7400
 1806              	.LASF13:
 1807 00d7 63795F6D 		.ascii	"cy_meta_custnvl\000"
 1807      6574615F 
 1807      63757374 
 1807      6E766C00 
 1808              	.LASF12:
 1809 00e7 63795F6D 		.ascii	"cy_meta_configecc\000"
 1809      6574615F 
 1809      636F6E66 
 1809      69676563 
 1809      6300
 1810              	.LASF19:
 1811 00f9 463A5C47 		.ascii	"F:\\Google Drive\\Aarhus Universitet\\Trejde Semest"
 1811      6F6F676C 
 1811      65204472 
 1811      6976655C 
 1811      41617268 
 1812 0129 65725C45 		.ascii	"er\\E3PRJ3\\Dokumenter\\AndreasAHN\\Software\\Ultra"
 1812      3350524A 
 1812      335C446F 
 1812      6B756D65 
 1812      6E746572 
 1813 0157 4C796420 		.ascii	"Lyd - Uden I2C\\UltraLyd\\UltraLyd.cydsn\000"
 1813      2D205564 
 1813      656E2049 
 1813      32435C55 
 1813      6C747261 
 1814              	.LASF8:
 1815 017e 756E7369 		.ascii	"unsigned int\000"
 1815      676E6564 
 1815      20696E74 
 1815      00
 1816              	.LASF7:
 1817 018b 6C6F6E67 		.ascii	"long long unsigned int\000"
 1817      206C6F6E 
 1817      6720756E 
 1817      7369676E 
 1817      65642069 
 1818              	.LASF10:
 1819 01a2 75696E74 		.ascii	"uint8_t\000"
 1819      385F7400 
ARM GAS  C:\Users\andre\AppData\Local\Temp\ccUymEjs.s 			page 34


 1820              	.LASF15:
 1821 01aa 63795F6D 		.ascii	"cy_meta_flashprotect\000"
 1821      6574615F 
 1821      666C6173 
 1821      6870726F 
 1821      74656374 
 1822              	.LASF14:
 1823 01bf 63795F6D 		.ascii	"cy_meta_wonvl\000"
 1823      6574615F 
 1823      776F6E76 
 1823      6C00
 1824              	.LASF11:
 1825 01cd 73697A65 		.ascii	"sizetype\000"
 1825      74797065 
 1825      00
 1826              	.LASF6:
 1827 01d6 6C6F6E67 		.ascii	"long long int\000"
 1827      206C6F6E 
 1827      6720696E 
 1827      7400
 1828              	.LASF2:
 1829 01e4 73686F72 		.ascii	"short int\000"
 1829      7420696E 
 1829      7400
 1830              	.LASF4:
 1831 01ee 6C6F6E67 		.ascii	"long int\000"
 1831      20696E74 
 1831      00
 1832              	.LASF0:
 1833 01f7 7369676E 		.ascii	"signed char\000"
 1833      65642063 
 1833      68617200 
 1834              	.LASF18:
 1835 0203 47656E65 		.ascii	"Generated_Source\\PSoC5\\cymetadata.c\000"
 1835      72617465 
 1835      645F536F 
 1835      75726365 
 1835      5C50536F 
 1836              		.ident	"GCC: (GNU Tools for ARM Embedded Processors) 5.4.1 20160609 (release) [ARM/embedded-5-bran
