ARM GAS  C:\Users\andre\AppData\Local\Temp\ccqKuqUo.s 			page 1


   1              		.syntax unified
   2              		.cpu cortex-m3
   3              		.fpu softvfp
   4              		.eabi_attribute 20, 1
   5              		.eabi_attribute 21, 1
   6              		.eabi_attribute 23, 3
   7              		.eabi_attribute 24, 1
   8              		.eabi_attribute 25, 1
   9              		.eabi_attribute 26, 1
  10              		.eabi_attribute 30, 1
  11              		.eabi_attribute 34, 1
  12              		.eabi_attribute 18, 4
  13              		.thumb
  14              		.syntax unified
  15              		.file	"stepperLeft.c"
  16              		.text
  17              	.Ltext0:
  18              		.cfi_sections	.debug_frame
  19              		.section	.text.stepperLeft,"ax",%progbits
  20              		.align	2
  21              		.global	stepperLeft
  22              		.thumb
  23              		.thumb_func
  24              		.type	stepperLeft, %function
  25              	stepperLeft:
  26              	.LFB0:
  27              		.file 1 "stepperLeft.c"
   1:stepperLeft.c **** /* ========================================
   2:stepperLeft.c ****  *
   3:stepperLeft.c ****  * Copyright YOUR COMPANY, THE YEAR
   4:stepperLeft.c ****  * All Rights Reserved
   5:stepperLeft.c ****  * UNPUBLISHED, LICENSED SOFTWARE.
   6:stepperLeft.c ****  *
   7:stepperLeft.c ****  * CONFIDENTIAL AND PROPRIETARY INFORMATION
   8:stepperLeft.c ****  * WHICH IS THE PROPERTY OF your company.
   9:stepperLeft.c ****  *
  10:stepperLeft.c ****  * ========================================
  11:stepperLeft.c **** */
  12:stepperLeft.c **** 
  13:stepperLeft.c **** void stepperLeft(int status, int hastighed)
  14:stepperLeft.c **** {
  28              		.loc 1 14 0
  29              		.cfi_startproc
  30              		@ args = 0, pretend = 0, frame = 0
  31              		@ frame_needed = 0, uses_anonymous_args = 0
  32              	.LVL0:
  33 0000 10B5     		push	{r4, lr}
  34              		.cfi_def_cfa_offset 8
  35              		.cfi_offset 4, -8
  36              		.cfi_offset 14, -4
  37 0002 0C46     		mov	r4, r1
  15:stepperLeft.c **** 
  16:stepperLeft.c ****                 if(status == 1)//Kører forlæns
  38              		.loc 1 16 0
  39 0004 0128     		cmp	r0, #1
  40 0006 78D1     		bne	.L2
  41              	.LBB2:
ARM GAS  C:\Users\andre\AppData\Local\Temp\ccqKuqUo.s 			page 2


  17:stepperLeft.c ****                     {
  18:stepperLeft.c ****                         //Step 1
  19:stepperLeft.c ****                         A1_Write(0);
  42              		.loc 1 19 0
  43 0008 0020     		movs	r0, #0
  44              	.LVL1:
  45 000a FFF7FEFF 		bl	A1_Write
  46              	.LVL2:
  20:stepperLeft.c ****                         A2_Write(0);
  47              		.loc 1 20 0
  48 000e 0020     		movs	r0, #0
  49 0010 FFF7FEFF 		bl	A2_Write
  50              	.LVL3:
  21:stepperLeft.c ****                         B1_Write(0);
  51              		.loc 1 21 0
  52 0014 0020     		movs	r0, #0
  53 0016 FFF7FEFF 		bl	B1_Write
  54              	.LVL4:
  22:stepperLeft.c ****                         B2_Write(1);
  55              		.loc 1 22 0
  56 001a 0120     		movs	r0, #1
  57 001c FFF7FEFF 		bl	B2_Write
  58              	.LVL5:
  23:stepperLeft.c ****                         CyDelayUs(hastighed);
  59              		.loc 1 23 0
  60 0020 2046     		mov	r0, r4
  61 0022 FFF7FEFF 		bl	CyDelayUs
  62              	.LVL6:
  24:stepperLeft.c ****                                     
  25:stepperLeft.c ****                         //Step 2
  26:stepperLeft.c ****                         A1_Write(1);
  63              		.loc 1 26 0
  64 0026 0120     		movs	r0, #1
  65 0028 FFF7FEFF 		bl	A1_Write
  66              	.LVL7:
  27:stepperLeft.c ****                         A2_Write(0);
  67              		.loc 1 27 0
  68 002c 0020     		movs	r0, #0
  69 002e FFF7FEFF 		bl	A2_Write
  70              	.LVL8:
  28:stepperLeft.c ****                         B1_Write(0);
  71              		.loc 1 28 0
  72 0032 0020     		movs	r0, #0
  73 0034 FFF7FEFF 		bl	B1_Write
  74              	.LVL9:
  29:stepperLeft.c ****                         B2_Write(1);
  75              		.loc 1 29 0
  76 0038 0120     		movs	r0, #1
  77 003a FFF7FEFF 		bl	B2_Write
  78              	.LVL10:
  30:stepperLeft.c ****                         CyDelayUs(hastighed);
  79              		.loc 1 30 0
  80 003e 2046     		mov	r0, r4
  81 0040 FFF7FEFF 		bl	CyDelayUs
  82              	.LVL11:
  31:stepperLeft.c ****                                     
  32:stepperLeft.c ****                         //Step 3
ARM GAS  C:\Users\andre\AppData\Local\Temp\ccqKuqUo.s 			page 3


  33:stepperLeft.c ****                         A1_Write(1);
  83              		.loc 1 33 0
  84 0044 0120     		movs	r0, #1
  85 0046 FFF7FEFF 		bl	A1_Write
  86              	.LVL12:
  34:stepperLeft.c ****                         A2_Write(0);
  87              		.loc 1 34 0
  88 004a 0020     		movs	r0, #0
  89 004c FFF7FEFF 		bl	A2_Write
  90              	.LVL13:
  35:stepperLeft.c ****                         B1_Write(0);
  91              		.loc 1 35 0
  92 0050 0020     		movs	r0, #0
  93 0052 FFF7FEFF 		bl	B1_Write
  94              	.LVL14:
  36:stepperLeft.c ****                         B2_Write(0);
  95              		.loc 1 36 0
  96 0056 0020     		movs	r0, #0
  97 0058 FFF7FEFF 		bl	B2_Write
  98              	.LVL15:
  37:stepperLeft.c ****                         CyDelayUs(hastighed);
  99              		.loc 1 37 0
 100 005c 2046     		mov	r0, r4
 101 005e FFF7FEFF 		bl	CyDelayUs
 102              	.LVL16:
  38:stepperLeft.c ****                                    
  39:stepperLeft.c ****                         //Step 4
  40:stepperLeft.c ****                         A1_Write(1);
 103              		.loc 1 40 0
 104 0062 0120     		movs	r0, #1
 105 0064 FFF7FEFF 		bl	A1_Write
 106              	.LVL17:
  41:stepperLeft.c ****                         A2_Write(1);
 107              		.loc 1 41 0
 108 0068 0120     		movs	r0, #1
 109 006a FFF7FEFF 		bl	A2_Write
 110              	.LVL18:
  42:stepperLeft.c ****                         B1_Write(0);
 111              		.loc 1 42 0
 112 006e 0020     		movs	r0, #0
 113 0070 FFF7FEFF 		bl	B1_Write
 114              	.LVL19:
  43:stepperLeft.c ****                         B2_Write(0);
 115              		.loc 1 43 0
 116 0074 0020     		movs	r0, #0
 117 0076 FFF7FEFF 		bl	B2_Write
 118              	.LVL20:
  44:stepperLeft.c ****                         CyDelayUs(hastighed);
 119              		.loc 1 44 0
 120 007a 2046     		mov	r0, r4
 121 007c FFF7FEFF 		bl	CyDelayUs
 122              	.LVL21:
  45:stepperLeft.c ****                         
  46:stepperLeft.c ****                         //Step 5
  47:stepperLeft.c ****                         A1_Write(0);
 123              		.loc 1 47 0
 124 0080 0020     		movs	r0, #0
ARM GAS  C:\Users\andre\AppData\Local\Temp\ccqKuqUo.s 			page 4


 125 0082 FFF7FEFF 		bl	A1_Write
 126              	.LVL22:
  48:stepperLeft.c ****                         A2_Write(1);
 127              		.loc 1 48 0
 128 0086 0120     		movs	r0, #1
 129 0088 FFF7FEFF 		bl	A2_Write
 130              	.LVL23:
  49:stepperLeft.c ****                         B1_Write(0);
 131              		.loc 1 49 0
 132 008c 0020     		movs	r0, #0
 133 008e FFF7FEFF 		bl	B1_Write
 134              	.LVL24:
  50:stepperLeft.c ****                         B2_Write(0);
 135              		.loc 1 50 0
 136 0092 0020     		movs	r0, #0
 137 0094 FFF7FEFF 		bl	B2_Write
 138              	.LVL25:
  51:stepperLeft.c ****                         CyDelayUs(hastighed);
 139              		.loc 1 51 0
 140 0098 2046     		mov	r0, r4
 141 009a FFF7FEFF 		bl	CyDelayUs
 142              	.LVL26:
  52:stepperLeft.c ****                         
  53:stepperLeft.c ****                         //Step 6
  54:stepperLeft.c ****                         A1_Write(0);
 143              		.loc 1 54 0
 144 009e 0020     		movs	r0, #0
 145 00a0 FFF7FEFF 		bl	A1_Write
 146              	.LVL27:
  55:stepperLeft.c ****                         A2_Write(1);
 147              		.loc 1 55 0
 148 00a4 0120     		movs	r0, #1
 149 00a6 FFF7FEFF 		bl	A2_Write
 150              	.LVL28:
  56:stepperLeft.c ****                         B1_Write(1);
 151              		.loc 1 56 0
 152 00aa 0120     		movs	r0, #1
 153 00ac FFF7FEFF 		bl	B1_Write
 154              	.LVL29:
  57:stepperLeft.c ****                         B2_Write(0);
 155              		.loc 1 57 0
 156 00b0 0020     		movs	r0, #0
 157 00b2 FFF7FEFF 		bl	B2_Write
 158              	.LVL30:
  58:stepperLeft.c ****                         CyDelayUs(hastighed);
 159              		.loc 1 58 0
 160 00b6 2046     		mov	r0, r4
 161 00b8 FFF7FEFF 		bl	CyDelayUs
 162              	.LVL31:
  59:stepperLeft.c ****                                     
  60:stepperLeft.c ****                         //Step 7
  61:stepperLeft.c ****                         A1_Write(0);
 163              		.loc 1 61 0
 164 00bc 0020     		movs	r0, #0
 165 00be FFF7FEFF 		bl	A1_Write
 166              	.LVL32:
  62:stepperLeft.c ****                         A2_Write(0);
ARM GAS  C:\Users\andre\AppData\Local\Temp\ccqKuqUo.s 			page 5


 167              		.loc 1 62 0
 168 00c2 0020     		movs	r0, #0
 169 00c4 FFF7FEFF 		bl	A2_Write
 170              	.LVL33:
  63:stepperLeft.c ****                         B1_Write(1);
 171              		.loc 1 63 0
 172 00c8 0120     		movs	r0, #1
 173 00ca FFF7FEFF 		bl	B1_Write
 174              	.LVL34:
  64:stepperLeft.c ****                         B2_Write(0);
 175              		.loc 1 64 0
 176 00ce 0020     		movs	r0, #0
 177 00d0 FFF7FEFF 		bl	B2_Write
 178              	.LVL35:
  65:stepperLeft.c ****                         CyDelayUs(hastighed);
 179              		.loc 1 65 0
 180 00d4 2046     		mov	r0, r4
 181 00d6 FFF7FEFF 		bl	CyDelayUs
 182              	.LVL36:
  66:stepperLeft.c ****                                     
  67:stepperLeft.c ****                         //Step 8
  68:stepperLeft.c ****                         A1_Write(0);
 183              		.loc 1 68 0
 184 00da 0020     		movs	r0, #0
 185 00dc FFF7FEFF 		bl	A1_Write
 186              	.LVL37:
  69:stepperLeft.c ****                         A2_Write(0);
 187              		.loc 1 69 0
 188 00e0 0020     		movs	r0, #0
 189 00e2 FFF7FEFF 		bl	A2_Write
 190              	.LVL38:
  70:stepperLeft.c ****                         B1_Write(1);
 191              		.loc 1 70 0
 192 00e6 0120     		movs	r0, #1
 193 00e8 FFF7FEFF 		bl	B1_Write
 194              	.LVL39:
  71:stepperLeft.c ****                         B2_Write(1);
 195              		.loc 1 71 0
 196 00ec 0120     		movs	r0, #1
 197 00ee FFF7FEFF 		bl	B2_Write
 198              	.LVL40:
  72:stepperLeft.c ****                         CyDelayUs(hastighed);
 199              		.loc 1 72 0
 200 00f2 2046     		mov	r0, r4
 201 00f4 FFF7FEFF 		bl	CyDelayUs
 202              	.LVL41:
 203              	.LBE2:
 204 00f8 10BD     		pop	{r4, pc}
 205              	.LVL42:
 206              	.L2:
  73:stepperLeft.c ****                     }
  74:stepperLeft.c ****                    else if(status == 2) //Kører baglæns
 207              		.loc 1 74 0
 208 00fa 0228     		cmp	r0, #2
 209 00fc 77D1     		bne	.L1
 210              	.LBB3:
  75:stepperLeft.c ****                     {
ARM GAS  C:\Users\andre\AppData\Local\Temp\ccqKuqUo.s 			page 6


  76:stepperLeft.c ****                         //Step 1
  77:stepperLeft.c ****                         A1_Write(0);
 211              		.loc 1 77 0
 212 00fe 0020     		movs	r0, #0
 213              	.LVL43:
 214 0100 FFF7FEFF 		bl	A1_Write
 215              	.LVL44:
  78:stepperLeft.c ****                         A2_Write(0);
 216              		.loc 1 78 0
 217 0104 0020     		movs	r0, #0
 218 0106 FFF7FEFF 		bl	A2_Write
 219              	.LVL45:
  79:stepperLeft.c ****                         B1_Write(0);
 220              		.loc 1 79 0
 221 010a 0020     		movs	r0, #0
 222 010c FFF7FEFF 		bl	B1_Write
 223              	.LVL46:
  80:stepperLeft.c ****                         B2_Write(1);
 224              		.loc 1 80 0
 225 0110 0120     		movs	r0, #1
 226 0112 FFF7FEFF 		bl	B2_Write
 227              	.LVL47:
  81:stepperLeft.c ****                         CyDelayUs(hastighed);
 228              		.loc 1 81 0
 229 0116 2046     		mov	r0, r4
 230 0118 FFF7FEFF 		bl	CyDelayUs
 231              	.LVL48:
  82:stepperLeft.c ****                                     
  83:stepperLeft.c ****                         //Step 2
  84:stepperLeft.c ****                         A1_Write(0);
 232              		.loc 1 84 0
 233 011c 0020     		movs	r0, #0
 234 011e FFF7FEFF 		bl	A1_Write
 235              	.LVL49:
  85:stepperLeft.c ****                         A2_Write(0);
 236              		.loc 1 85 0
 237 0122 0020     		movs	r0, #0
 238 0124 FFF7FEFF 		bl	A2_Write
 239              	.LVL50:
  86:stepperLeft.c ****                         B1_Write(1);
 240              		.loc 1 86 0
 241 0128 0120     		movs	r0, #1
 242 012a FFF7FEFF 		bl	B1_Write
 243              	.LVL51:
  87:stepperLeft.c ****                         B2_Write(1);
 244              		.loc 1 87 0
 245 012e 0120     		movs	r0, #1
 246 0130 FFF7FEFF 		bl	B2_Write
 247              	.LVL52:
  88:stepperLeft.c ****                         CyDelayUs(hastighed);
 248              		.loc 1 88 0
 249 0134 2046     		mov	r0, r4
 250 0136 FFF7FEFF 		bl	CyDelayUs
 251              	.LVL53:
  89:stepperLeft.c ****                                     
  90:stepperLeft.c ****                         //Step 3
  91:stepperLeft.c ****                         A1_Write(0);
ARM GAS  C:\Users\andre\AppData\Local\Temp\ccqKuqUo.s 			page 7


 252              		.loc 1 91 0
 253 013a 0020     		movs	r0, #0
 254 013c FFF7FEFF 		bl	A1_Write
 255              	.LVL54:
  92:stepperLeft.c ****                         A2_Write(0);
 256              		.loc 1 92 0
 257 0140 0020     		movs	r0, #0
 258 0142 FFF7FEFF 		bl	A2_Write
 259              	.LVL55:
  93:stepperLeft.c ****                         B1_Write(1);
 260              		.loc 1 93 0
 261 0146 0120     		movs	r0, #1
 262 0148 FFF7FEFF 		bl	B1_Write
 263              	.LVL56:
  94:stepperLeft.c ****                         B2_Write(0);
 264              		.loc 1 94 0
 265 014c 0020     		movs	r0, #0
 266 014e FFF7FEFF 		bl	B2_Write
 267              	.LVL57:
  95:stepperLeft.c ****                         CyDelayUs(hastighed);
 268              		.loc 1 95 0
 269 0152 2046     		mov	r0, r4
 270 0154 FFF7FEFF 		bl	CyDelayUs
 271              	.LVL58:
  96:stepperLeft.c ****                                    
  97:stepperLeft.c ****                         //Step 4
  98:stepperLeft.c ****                         A1_Write(0);
 272              		.loc 1 98 0
 273 0158 0020     		movs	r0, #0
 274 015a FFF7FEFF 		bl	A1_Write
 275              	.LVL59:
  99:stepperLeft.c ****                         A2_Write(1);
 276              		.loc 1 99 0
 277 015e 0120     		movs	r0, #1
 278 0160 FFF7FEFF 		bl	A2_Write
 279              	.LVL60:
 100:stepperLeft.c ****                         B1_Write(1);
 280              		.loc 1 100 0
 281 0164 0120     		movs	r0, #1
 282 0166 FFF7FEFF 		bl	B1_Write
 283              	.LVL61:
 101:stepperLeft.c ****                         B2_Write(0);
 284              		.loc 1 101 0
 285 016a 0020     		movs	r0, #0
 286 016c FFF7FEFF 		bl	B2_Write
 287              	.LVL62:
 102:stepperLeft.c ****                         CyDelayUs(hastighed);
 288              		.loc 1 102 0
 289 0170 2046     		mov	r0, r4
 290 0172 FFF7FEFF 		bl	CyDelayUs
 291              	.LVL63:
 103:stepperLeft.c ****                         
 104:stepperLeft.c ****                         //Step 5
 105:stepperLeft.c ****                         A1_Write(0);
 292              		.loc 1 105 0
 293 0176 0020     		movs	r0, #0
 294 0178 FFF7FEFF 		bl	A1_Write
ARM GAS  C:\Users\andre\AppData\Local\Temp\ccqKuqUo.s 			page 8


 295              	.LVL64:
 106:stepperLeft.c ****                         A2_Write(1);
 296              		.loc 1 106 0
 297 017c 0120     		movs	r0, #1
 298 017e FFF7FEFF 		bl	A2_Write
 299              	.LVL65:
 107:stepperLeft.c ****                         B1_Write(0);
 300              		.loc 1 107 0
 301 0182 0020     		movs	r0, #0
 302 0184 FFF7FEFF 		bl	B1_Write
 303              	.LVL66:
 108:stepperLeft.c ****                         B2_Write(0);
 304              		.loc 1 108 0
 305 0188 0020     		movs	r0, #0
 306 018a FFF7FEFF 		bl	B2_Write
 307              	.LVL67:
 109:stepperLeft.c ****                         CyDelayUs(hastighed);
 308              		.loc 1 109 0
 309 018e 2046     		mov	r0, r4
 310 0190 FFF7FEFF 		bl	CyDelayUs
 311              	.LVL68:
 110:stepperLeft.c ****                                     
 111:stepperLeft.c ****                         //Step 6
 112:stepperLeft.c ****                         A1_Write(1);
 312              		.loc 1 112 0
 313 0194 0120     		movs	r0, #1
 314 0196 FFF7FEFF 		bl	A1_Write
 315              	.LVL69:
 113:stepperLeft.c ****                         A2_Write(1);
 316              		.loc 1 113 0
 317 019a 0120     		movs	r0, #1
 318 019c FFF7FEFF 		bl	A2_Write
 319              	.LVL70:
 114:stepperLeft.c ****                         B1_Write(0);
 320              		.loc 1 114 0
 321 01a0 0020     		movs	r0, #0
 322 01a2 FFF7FEFF 		bl	B1_Write
 323              	.LVL71:
 115:stepperLeft.c ****                         B2_Write(0);
 324              		.loc 1 115 0
 325 01a6 0020     		movs	r0, #0
 326 01a8 FFF7FEFF 		bl	B2_Write
 327              	.LVL72:
 116:stepperLeft.c ****                         CyDelayUs(hastighed);
 328              		.loc 1 116 0
 329 01ac 2046     		mov	r0, r4
 330 01ae FFF7FEFF 		bl	CyDelayUs
 331              	.LVL73:
 117:stepperLeft.c ****                                     
 118:stepperLeft.c ****                         //Step 7
 119:stepperLeft.c ****                         A1_Write(1);
 332              		.loc 1 119 0
 333 01b2 0120     		movs	r0, #1
 334 01b4 FFF7FEFF 		bl	A1_Write
 335              	.LVL74:
 120:stepperLeft.c ****                         A2_Write(0);
 336              		.loc 1 120 0
ARM GAS  C:\Users\andre\AppData\Local\Temp\ccqKuqUo.s 			page 9


 337 01b8 0020     		movs	r0, #0
 338 01ba FFF7FEFF 		bl	A2_Write
 339              	.LVL75:
 121:stepperLeft.c ****                         B1_Write(0);
 340              		.loc 1 121 0
 341 01be 0020     		movs	r0, #0
 342 01c0 FFF7FEFF 		bl	B1_Write
 343              	.LVL76:
 122:stepperLeft.c ****                         B2_Write(0);
 344              		.loc 1 122 0
 345 01c4 0020     		movs	r0, #0
 346 01c6 FFF7FEFF 		bl	B2_Write
 347              	.LVL77:
 123:stepperLeft.c ****                         CyDelayUs(hastighed);
 348              		.loc 1 123 0
 349 01ca 2046     		mov	r0, r4
 350 01cc FFF7FEFF 		bl	CyDelayUs
 351              	.LVL78:
 124:stepperLeft.c ****                                    
 125:stepperLeft.c ****                         //Step 8
 126:stepperLeft.c ****                         A1_Write(1);
 352              		.loc 1 126 0
 353 01d0 0120     		movs	r0, #1
 354 01d2 FFF7FEFF 		bl	A1_Write
 355              	.LVL79:
 127:stepperLeft.c ****                         A2_Write(0);
 356              		.loc 1 127 0
 357 01d6 0020     		movs	r0, #0
 358 01d8 FFF7FEFF 		bl	A2_Write
 359              	.LVL80:
 128:stepperLeft.c ****                         B1_Write(0);
 360              		.loc 1 128 0
 361 01dc 0020     		movs	r0, #0
 362 01de FFF7FEFF 		bl	B1_Write
 363              	.LVL81:
 129:stepperLeft.c ****                         B2_Write(1);
 364              		.loc 1 129 0
 365 01e2 0120     		movs	r0, #1
 366 01e4 FFF7FEFF 		bl	B2_Write
 367              	.LVL82:
 130:stepperLeft.c ****                         CyDelayUs(hastighed);
 368              		.loc 1 130 0
 369 01e8 2046     		mov	r0, r4
 370 01ea FFF7FEFF 		bl	CyDelayUs
 371              	.LVL83:
 372              	.L1:
 373 01ee 10BD     		pop	{r4, pc}
 374              	.LBE3:
 375              		.cfi_endproc
 376              	.LFE0:
 377              		.size	stepperLeft, .-stepperLeft
 378              		.section	.text.resetLeft,"ax",%progbits
 379              		.align	2
 380              		.global	resetLeft
 381              		.thumb
 382              		.thumb_func
 383              		.type	resetLeft, %function
ARM GAS  C:\Users\andre\AppData\Local\Temp\ccqKuqUo.s 			page 10


 384              	resetLeft:
 385              	.LFB1:
 131:stepperLeft.c ****                     }
 132:stepperLeft.c **** }
 133:stepperLeft.c **** 
 134:stepperLeft.c **** 
 135:stepperLeft.c **** void resetLeft()
 136:stepperLeft.c **** {
 386              		.loc 1 136 0
 387              		.cfi_startproc
 388              		@ args = 0, pretend = 0, frame = 0
 389              		@ frame_needed = 0, uses_anonymous_args = 0
 390 0000 08B5     		push	{r3, lr}
 391              		.cfi_def_cfa_offset 8
 392              		.cfi_offset 3, -8
 393              		.cfi_offset 14, -4
 137:stepperLeft.c ****     //Reset mod kortslutning
 138:stepperLeft.c ****                     A1_Write(0);
 394              		.loc 1 138 0
 395 0002 0020     		movs	r0, #0
 396 0004 FFF7FEFF 		bl	A1_Write
 397              	.LVL84:
 139:stepperLeft.c ****                     A2_Write(0);
 398              		.loc 1 139 0
 399 0008 0020     		movs	r0, #0
 400 000a FFF7FEFF 		bl	A2_Write
 401              	.LVL85:
 140:stepperLeft.c ****                     B1_Write(0);
 402              		.loc 1 140 0
 403 000e 0020     		movs	r0, #0
 404 0010 FFF7FEFF 		bl	B1_Write
 405              	.LVL86:
 141:stepperLeft.c ****                     B2_Write(0);
 406              		.loc 1 141 0
 407 0014 0020     		movs	r0, #0
 408 0016 FFF7FEFF 		bl	B2_Write
 409              	.LVL87:
 410 001a 08BD     		pop	{r3, pc}
 411              		.cfi_endproc
 412              	.LFE1:
 413              		.size	resetLeft, .-resetLeft
 414              		.text
 415              	.Letext0:
 416              		.section	.debug_info,"",%progbits
 417              	.Ldebug_info0:
 418 0000 F0070000 		.4byte	0x7f0
 419 0004 0400     		.2byte	0x4
 420 0006 00000000 		.4byte	.Ldebug_abbrev0
 421 000a 04       		.byte	0x4
 422 000b 01       		.uleb128 0x1
 423 000c C9000000 		.4byte	.LASF7
 424 0010 0C       		.byte	0xc
 425 0011 96000000 		.4byte	.LASF8
 426 0015 12000000 		.4byte	.LASF9
 427 0019 00000000 		.4byte	.Ldebug_ranges0+0
 428 001d 00000000 		.4byte	0
 429 0021 00000000 		.4byte	.Ldebug_line0
ARM GAS  C:\Users\andre\AppData\Local\Temp\ccqKuqUo.s 			page 11


 430 0025 02       		.uleb128 0x2
 431 0026 A4000000 		.4byte	.LASF10
 432 002a 01       		.byte	0x1
 433 002b 0D       		.byte	0xd
 434 002c 00000000 		.4byte	.LFB0
 435 0030 F0010000 		.4byte	.LFE0-.LFB0
 436 0034 01       		.uleb128 0x1
 437 0035 9C       		.byte	0x9c
 438 0036 13070000 		.4byte	0x713
 439 003a 03       		.uleb128 0x3
 440 003b B0000000 		.4byte	.LASF0
 441 003f 01       		.byte	0x1
 442 0040 0D       		.byte	0xd
 443 0041 13070000 		.4byte	0x713
 444 0045 00000000 		.4byte	.LLST0
 445 0049 03       		.uleb128 0x3
 446 004a 8C000000 		.4byte	.LASF1
 447 004e 01       		.byte	0x1
 448 004f 0D       		.byte	0xd
 449 0050 13070000 		.4byte	0x713
 450 0054 3A000000 		.4byte	.LLST1
 451 0058 04       		.uleb128 0x4
 452 0059 08000000 		.4byte	.LBB2
 453 005d F0000000 		.4byte	.LBE2-.LBB2
 454 0061 B7030000 		.4byte	0x3b7
 455 0065 05       		.uleb128 0x5
 456 0066 B7000000 		.4byte	.LASF2
 457 006a 01       		.byte	0x1
 458 006b 13       		.byte	0x13
 459 006c 13070000 		.4byte	0x713
 460 0070 76000000 		.4byte	0x76
 461 0074 06       		.uleb128 0x6
 462 0075 00       		.byte	0
 463 0076 05       		.uleb128 0x5
 464 0077 00000000 		.4byte	.LASF3
 465 007b 01       		.byte	0x1
 466 007c 14       		.byte	0x14
 467 007d 13070000 		.4byte	0x713
 468 0081 87000000 		.4byte	0x87
 469 0085 06       		.uleb128 0x6
 470 0086 00       		.byte	0
 471 0087 05       		.uleb128 0x5
 472 0088 C0000000 		.4byte	.LASF4
 473 008c 01       		.byte	0x1
 474 008d 15       		.byte	0x15
 475 008e 13070000 		.4byte	0x713
 476 0092 98000000 		.4byte	0x98
 477 0096 06       		.uleb128 0x6
 478 0097 00       		.byte	0
 479 0098 05       		.uleb128 0x5
 480 0099 09000000 		.4byte	.LASF5
 481 009d 01       		.byte	0x1
 482 009e 16       		.byte	0x16
 483 009f 13070000 		.4byte	0x713
 484 00a3 A9000000 		.4byte	0xa9
 485 00a7 06       		.uleb128 0x6
 486 00a8 00       		.byte	0
ARM GAS  C:\Users\andre\AppData\Local\Temp\ccqKuqUo.s 			page 12


 487 00a9 05       		.uleb128 0x5
 488 00aa 82000000 		.4byte	.LASF6
 489 00ae 01       		.byte	0x1
 490 00af 17       		.byte	0x17
 491 00b0 13070000 		.4byte	0x713
 492 00b4 BA000000 		.4byte	0xba
 493 00b8 06       		.uleb128 0x6
 494 00b9 00       		.byte	0
 495 00ba 07       		.uleb128 0x7
 496 00bb 0E000000 		.4byte	.LVL2
 497 00bf BC070000 		.4byte	0x7bc
 498 00c3 CD000000 		.4byte	0xcd
 499 00c7 08       		.uleb128 0x8
 500 00c8 01       		.uleb128 0x1
 501 00c9 50       		.byte	0x50
 502 00ca 01       		.uleb128 0x1
 503 00cb 30       		.byte	0x30
 504 00cc 00       		.byte	0
 505 00cd 07       		.uleb128 0x7
 506 00ce 14000000 		.4byte	.LVL3
 507 00d2 C7070000 		.4byte	0x7c7
 508 00d6 E0000000 		.4byte	0xe0
 509 00da 08       		.uleb128 0x8
 510 00db 01       		.uleb128 0x1
 511 00dc 50       		.byte	0x50
 512 00dd 01       		.uleb128 0x1
 513 00de 30       		.byte	0x30
 514 00df 00       		.byte	0
 515 00e0 07       		.uleb128 0x7
 516 00e1 1A000000 		.4byte	.LVL4
 517 00e5 D2070000 		.4byte	0x7d2
 518 00e9 F3000000 		.4byte	0xf3
 519 00ed 08       		.uleb128 0x8
 520 00ee 01       		.uleb128 0x1
 521 00ef 50       		.byte	0x50
 522 00f0 01       		.uleb128 0x1
 523 00f1 30       		.byte	0x30
 524 00f2 00       		.byte	0
 525 00f3 07       		.uleb128 0x7
 526 00f4 20000000 		.4byte	.LVL5
 527 00f8 DD070000 		.4byte	0x7dd
 528 00fc 06010000 		.4byte	0x106
 529 0100 08       		.uleb128 0x8
 530 0101 01       		.uleb128 0x1
 531 0102 50       		.byte	0x50
 532 0103 01       		.uleb128 0x1
 533 0104 31       		.byte	0x31
 534 0105 00       		.byte	0
 535 0106 07       		.uleb128 0x7
 536 0107 26000000 		.4byte	.LVL6
 537 010b E8070000 		.4byte	0x7e8
 538 010f 1A010000 		.4byte	0x11a
 539 0113 08       		.uleb128 0x8
 540 0114 01       		.uleb128 0x1
 541 0115 50       		.byte	0x50
 542 0116 02       		.uleb128 0x2
 543 0117 74       		.byte	0x74
ARM GAS  C:\Users\andre\AppData\Local\Temp\ccqKuqUo.s 			page 13


 544 0118 00       		.sleb128 0
 545 0119 00       		.byte	0
 546 011a 07       		.uleb128 0x7
 547 011b 2C000000 		.4byte	.LVL7
 548 011f BC070000 		.4byte	0x7bc
 549 0123 2D010000 		.4byte	0x12d
 550 0127 08       		.uleb128 0x8
 551 0128 01       		.uleb128 0x1
 552 0129 50       		.byte	0x50
 553 012a 01       		.uleb128 0x1
 554 012b 31       		.byte	0x31
 555 012c 00       		.byte	0
 556 012d 07       		.uleb128 0x7
 557 012e 32000000 		.4byte	.LVL8
 558 0132 C7070000 		.4byte	0x7c7
 559 0136 40010000 		.4byte	0x140
 560 013a 08       		.uleb128 0x8
 561 013b 01       		.uleb128 0x1
 562 013c 50       		.byte	0x50
 563 013d 01       		.uleb128 0x1
 564 013e 30       		.byte	0x30
 565 013f 00       		.byte	0
 566 0140 07       		.uleb128 0x7
 567 0141 38000000 		.4byte	.LVL9
 568 0145 D2070000 		.4byte	0x7d2
 569 0149 53010000 		.4byte	0x153
 570 014d 08       		.uleb128 0x8
 571 014e 01       		.uleb128 0x1
 572 014f 50       		.byte	0x50
 573 0150 01       		.uleb128 0x1
 574 0151 30       		.byte	0x30
 575 0152 00       		.byte	0
 576 0153 07       		.uleb128 0x7
 577 0154 3E000000 		.4byte	.LVL10
 578 0158 DD070000 		.4byte	0x7dd
 579 015c 66010000 		.4byte	0x166
 580 0160 08       		.uleb128 0x8
 581 0161 01       		.uleb128 0x1
 582 0162 50       		.byte	0x50
 583 0163 01       		.uleb128 0x1
 584 0164 31       		.byte	0x31
 585 0165 00       		.byte	0
 586 0166 07       		.uleb128 0x7
 587 0167 44000000 		.4byte	.LVL11
 588 016b E8070000 		.4byte	0x7e8
 589 016f 7A010000 		.4byte	0x17a
 590 0173 08       		.uleb128 0x8
 591 0174 01       		.uleb128 0x1
 592 0175 50       		.byte	0x50
 593 0176 02       		.uleb128 0x2
 594 0177 74       		.byte	0x74
 595 0178 00       		.sleb128 0
 596 0179 00       		.byte	0
 597 017a 07       		.uleb128 0x7
 598 017b 4A000000 		.4byte	.LVL12
 599 017f BC070000 		.4byte	0x7bc
 600 0183 8D010000 		.4byte	0x18d
ARM GAS  C:\Users\andre\AppData\Local\Temp\ccqKuqUo.s 			page 14


 601 0187 08       		.uleb128 0x8
 602 0188 01       		.uleb128 0x1
 603 0189 50       		.byte	0x50
 604 018a 01       		.uleb128 0x1
 605 018b 31       		.byte	0x31
 606 018c 00       		.byte	0
 607 018d 07       		.uleb128 0x7
 608 018e 50000000 		.4byte	.LVL13
 609 0192 C7070000 		.4byte	0x7c7
 610 0196 A0010000 		.4byte	0x1a0
 611 019a 08       		.uleb128 0x8
 612 019b 01       		.uleb128 0x1
 613 019c 50       		.byte	0x50
 614 019d 01       		.uleb128 0x1
 615 019e 30       		.byte	0x30
 616 019f 00       		.byte	0
 617 01a0 07       		.uleb128 0x7
 618 01a1 56000000 		.4byte	.LVL14
 619 01a5 D2070000 		.4byte	0x7d2
 620 01a9 B3010000 		.4byte	0x1b3
 621 01ad 08       		.uleb128 0x8
 622 01ae 01       		.uleb128 0x1
 623 01af 50       		.byte	0x50
 624 01b0 01       		.uleb128 0x1
 625 01b1 30       		.byte	0x30
 626 01b2 00       		.byte	0
 627 01b3 07       		.uleb128 0x7
 628 01b4 5C000000 		.4byte	.LVL15
 629 01b8 DD070000 		.4byte	0x7dd
 630 01bc C6010000 		.4byte	0x1c6
 631 01c0 08       		.uleb128 0x8
 632 01c1 01       		.uleb128 0x1
 633 01c2 50       		.byte	0x50
 634 01c3 01       		.uleb128 0x1
 635 01c4 30       		.byte	0x30
 636 01c5 00       		.byte	0
 637 01c6 07       		.uleb128 0x7
 638 01c7 62000000 		.4byte	.LVL16
 639 01cb E8070000 		.4byte	0x7e8
 640 01cf DA010000 		.4byte	0x1da
 641 01d3 08       		.uleb128 0x8
 642 01d4 01       		.uleb128 0x1
 643 01d5 50       		.byte	0x50
 644 01d6 02       		.uleb128 0x2
 645 01d7 74       		.byte	0x74
 646 01d8 00       		.sleb128 0
 647 01d9 00       		.byte	0
 648 01da 07       		.uleb128 0x7
 649 01db 68000000 		.4byte	.LVL17
 650 01df BC070000 		.4byte	0x7bc
 651 01e3 ED010000 		.4byte	0x1ed
 652 01e7 08       		.uleb128 0x8
 653 01e8 01       		.uleb128 0x1
 654 01e9 50       		.byte	0x50
 655 01ea 01       		.uleb128 0x1
 656 01eb 31       		.byte	0x31
 657 01ec 00       		.byte	0
ARM GAS  C:\Users\andre\AppData\Local\Temp\ccqKuqUo.s 			page 15


 658 01ed 07       		.uleb128 0x7
 659 01ee 6E000000 		.4byte	.LVL18
 660 01f2 C7070000 		.4byte	0x7c7
 661 01f6 00020000 		.4byte	0x200
 662 01fa 08       		.uleb128 0x8
 663 01fb 01       		.uleb128 0x1
 664 01fc 50       		.byte	0x50
 665 01fd 01       		.uleb128 0x1
 666 01fe 31       		.byte	0x31
 667 01ff 00       		.byte	0
 668 0200 07       		.uleb128 0x7
 669 0201 74000000 		.4byte	.LVL19
 670 0205 D2070000 		.4byte	0x7d2
 671 0209 13020000 		.4byte	0x213
 672 020d 08       		.uleb128 0x8
 673 020e 01       		.uleb128 0x1
 674 020f 50       		.byte	0x50
 675 0210 01       		.uleb128 0x1
 676 0211 30       		.byte	0x30
 677 0212 00       		.byte	0
 678 0213 07       		.uleb128 0x7
 679 0214 7A000000 		.4byte	.LVL20
 680 0218 DD070000 		.4byte	0x7dd
 681 021c 26020000 		.4byte	0x226
 682 0220 08       		.uleb128 0x8
 683 0221 01       		.uleb128 0x1
 684 0222 50       		.byte	0x50
 685 0223 01       		.uleb128 0x1
 686 0224 30       		.byte	0x30
 687 0225 00       		.byte	0
 688 0226 07       		.uleb128 0x7
 689 0227 80000000 		.4byte	.LVL21
 690 022b E8070000 		.4byte	0x7e8
 691 022f 3A020000 		.4byte	0x23a
 692 0233 08       		.uleb128 0x8
 693 0234 01       		.uleb128 0x1
 694 0235 50       		.byte	0x50
 695 0236 02       		.uleb128 0x2
 696 0237 74       		.byte	0x74
 697 0238 00       		.sleb128 0
 698 0239 00       		.byte	0
 699 023a 07       		.uleb128 0x7
 700 023b 86000000 		.4byte	.LVL22
 701 023f BC070000 		.4byte	0x7bc
 702 0243 4D020000 		.4byte	0x24d
 703 0247 08       		.uleb128 0x8
 704 0248 01       		.uleb128 0x1
 705 0249 50       		.byte	0x50
 706 024a 01       		.uleb128 0x1
 707 024b 30       		.byte	0x30
 708 024c 00       		.byte	0
 709 024d 07       		.uleb128 0x7
 710 024e 8C000000 		.4byte	.LVL23
 711 0252 C7070000 		.4byte	0x7c7
 712 0256 60020000 		.4byte	0x260
 713 025a 08       		.uleb128 0x8
 714 025b 01       		.uleb128 0x1
ARM GAS  C:\Users\andre\AppData\Local\Temp\ccqKuqUo.s 			page 16


 715 025c 50       		.byte	0x50
 716 025d 01       		.uleb128 0x1
 717 025e 31       		.byte	0x31
 718 025f 00       		.byte	0
 719 0260 07       		.uleb128 0x7
 720 0261 92000000 		.4byte	.LVL24
 721 0265 D2070000 		.4byte	0x7d2
 722 0269 73020000 		.4byte	0x273
 723 026d 08       		.uleb128 0x8
 724 026e 01       		.uleb128 0x1
 725 026f 50       		.byte	0x50
 726 0270 01       		.uleb128 0x1
 727 0271 30       		.byte	0x30
 728 0272 00       		.byte	0
 729 0273 07       		.uleb128 0x7
 730 0274 98000000 		.4byte	.LVL25
 731 0278 DD070000 		.4byte	0x7dd
 732 027c 86020000 		.4byte	0x286
 733 0280 08       		.uleb128 0x8
 734 0281 01       		.uleb128 0x1
 735 0282 50       		.byte	0x50
 736 0283 01       		.uleb128 0x1
 737 0284 30       		.byte	0x30
 738 0285 00       		.byte	0
 739 0286 07       		.uleb128 0x7
 740 0287 9E000000 		.4byte	.LVL26
 741 028b E8070000 		.4byte	0x7e8
 742 028f 9A020000 		.4byte	0x29a
 743 0293 08       		.uleb128 0x8
 744 0294 01       		.uleb128 0x1
 745 0295 50       		.byte	0x50
 746 0296 02       		.uleb128 0x2
 747 0297 74       		.byte	0x74
 748 0298 00       		.sleb128 0
 749 0299 00       		.byte	0
 750 029a 07       		.uleb128 0x7
 751 029b A4000000 		.4byte	.LVL27
 752 029f BC070000 		.4byte	0x7bc
 753 02a3 AD020000 		.4byte	0x2ad
 754 02a7 08       		.uleb128 0x8
 755 02a8 01       		.uleb128 0x1
 756 02a9 50       		.byte	0x50
 757 02aa 01       		.uleb128 0x1
 758 02ab 30       		.byte	0x30
 759 02ac 00       		.byte	0
 760 02ad 07       		.uleb128 0x7
 761 02ae AA000000 		.4byte	.LVL28
 762 02b2 C7070000 		.4byte	0x7c7
 763 02b6 C0020000 		.4byte	0x2c0
 764 02ba 08       		.uleb128 0x8
 765 02bb 01       		.uleb128 0x1
 766 02bc 50       		.byte	0x50
 767 02bd 01       		.uleb128 0x1
 768 02be 31       		.byte	0x31
 769 02bf 00       		.byte	0
 770 02c0 07       		.uleb128 0x7
 771 02c1 B0000000 		.4byte	.LVL29
ARM GAS  C:\Users\andre\AppData\Local\Temp\ccqKuqUo.s 			page 17


 772 02c5 D2070000 		.4byte	0x7d2
 773 02c9 D3020000 		.4byte	0x2d3
 774 02cd 08       		.uleb128 0x8
 775 02ce 01       		.uleb128 0x1
 776 02cf 50       		.byte	0x50
 777 02d0 01       		.uleb128 0x1
 778 02d1 31       		.byte	0x31
 779 02d2 00       		.byte	0
 780 02d3 07       		.uleb128 0x7
 781 02d4 B6000000 		.4byte	.LVL30
 782 02d8 DD070000 		.4byte	0x7dd
 783 02dc E6020000 		.4byte	0x2e6
 784 02e0 08       		.uleb128 0x8
 785 02e1 01       		.uleb128 0x1
 786 02e2 50       		.byte	0x50
 787 02e3 01       		.uleb128 0x1
 788 02e4 30       		.byte	0x30
 789 02e5 00       		.byte	0
 790 02e6 07       		.uleb128 0x7
 791 02e7 BC000000 		.4byte	.LVL31
 792 02eb E8070000 		.4byte	0x7e8
 793 02ef FA020000 		.4byte	0x2fa
 794 02f3 08       		.uleb128 0x8
 795 02f4 01       		.uleb128 0x1
 796 02f5 50       		.byte	0x50
 797 02f6 02       		.uleb128 0x2
 798 02f7 74       		.byte	0x74
 799 02f8 00       		.sleb128 0
 800 02f9 00       		.byte	0
 801 02fa 07       		.uleb128 0x7
 802 02fb C2000000 		.4byte	.LVL32
 803 02ff BC070000 		.4byte	0x7bc
 804 0303 0D030000 		.4byte	0x30d
 805 0307 08       		.uleb128 0x8
 806 0308 01       		.uleb128 0x1
 807 0309 50       		.byte	0x50
 808 030a 01       		.uleb128 0x1
 809 030b 30       		.byte	0x30
 810 030c 00       		.byte	0
 811 030d 07       		.uleb128 0x7
 812 030e C8000000 		.4byte	.LVL33
 813 0312 C7070000 		.4byte	0x7c7
 814 0316 20030000 		.4byte	0x320
 815 031a 08       		.uleb128 0x8
 816 031b 01       		.uleb128 0x1
 817 031c 50       		.byte	0x50
 818 031d 01       		.uleb128 0x1
 819 031e 30       		.byte	0x30
 820 031f 00       		.byte	0
 821 0320 07       		.uleb128 0x7
 822 0321 CE000000 		.4byte	.LVL34
 823 0325 D2070000 		.4byte	0x7d2
 824 0329 33030000 		.4byte	0x333
 825 032d 08       		.uleb128 0x8
 826 032e 01       		.uleb128 0x1
 827 032f 50       		.byte	0x50
 828 0330 01       		.uleb128 0x1
ARM GAS  C:\Users\andre\AppData\Local\Temp\ccqKuqUo.s 			page 18


 829 0331 31       		.byte	0x31
 830 0332 00       		.byte	0
 831 0333 07       		.uleb128 0x7
 832 0334 D4000000 		.4byte	.LVL35
 833 0338 DD070000 		.4byte	0x7dd
 834 033c 46030000 		.4byte	0x346
 835 0340 08       		.uleb128 0x8
 836 0341 01       		.uleb128 0x1
 837 0342 50       		.byte	0x50
 838 0343 01       		.uleb128 0x1
 839 0344 30       		.byte	0x30
 840 0345 00       		.byte	0
 841 0346 07       		.uleb128 0x7
 842 0347 DA000000 		.4byte	.LVL36
 843 034b E8070000 		.4byte	0x7e8
 844 034f 5A030000 		.4byte	0x35a
 845 0353 08       		.uleb128 0x8
 846 0354 01       		.uleb128 0x1
 847 0355 50       		.byte	0x50
 848 0356 02       		.uleb128 0x2
 849 0357 74       		.byte	0x74
 850 0358 00       		.sleb128 0
 851 0359 00       		.byte	0
 852 035a 07       		.uleb128 0x7
 853 035b E0000000 		.4byte	.LVL37
 854 035f BC070000 		.4byte	0x7bc
 855 0363 6D030000 		.4byte	0x36d
 856 0367 08       		.uleb128 0x8
 857 0368 01       		.uleb128 0x1
 858 0369 50       		.byte	0x50
 859 036a 01       		.uleb128 0x1
 860 036b 30       		.byte	0x30
 861 036c 00       		.byte	0
 862 036d 07       		.uleb128 0x7
 863 036e E6000000 		.4byte	.LVL38
 864 0372 C7070000 		.4byte	0x7c7
 865 0376 80030000 		.4byte	0x380
 866 037a 08       		.uleb128 0x8
 867 037b 01       		.uleb128 0x1
 868 037c 50       		.byte	0x50
 869 037d 01       		.uleb128 0x1
 870 037e 30       		.byte	0x30
 871 037f 00       		.byte	0
 872 0380 07       		.uleb128 0x7
 873 0381 EC000000 		.4byte	.LVL39
 874 0385 D2070000 		.4byte	0x7d2
 875 0389 93030000 		.4byte	0x393
 876 038d 08       		.uleb128 0x8
 877 038e 01       		.uleb128 0x1
 878 038f 50       		.byte	0x50
 879 0390 01       		.uleb128 0x1
 880 0391 31       		.byte	0x31
 881 0392 00       		.byte	0
 882 0393 07       		.uleb128 0x7
 883 0394 F2000000 		.4byte	.LVL40
 884 0398 DD070000 		.4byte	0x7dd
 885 039c A6030000 		.4byte	0x3a6
ARM GAS  C:\Users\andre\AppData\Local\Temp\ccqKuqUo.s 			page 19


 886 03a0 08       		.uleb128 0x8
 887 03a1 01       		.uleb128 0x1
 888 03a2 50       		.byte	0x50
 889 03a3 01       		.uleb128 0x1
 890 03a4 31       		.byte	0x31
 891 03a5 00       		.byte	0
 892 03a6 09       		.uleb128 0x9
 893 03a7 F8000000 		.4byte	.LVL41
 894 03ab E8070000 		.4byte	0x7e8
 895 03af 08       		.uleb128 0x8
 896 03b0 01       		.uleb128 0x1
 897 03b1 50       		.byte	0x50
 898 03b2 02       		.uleb128 0x2
 899 03b3 74       		.byte	0x74
 900 03b4 00       		.sleb128 0
 901 03b5 00       		.byte	0
 902 03b6 00       		.byte	0
 903 03b7 0A       		.uleb128 0xa
 904 03b8 FE000000 		.4byte	.LBB3
 905 03bc F2000000 		.4byte	.LBE3-.LBB3
 906 03c0 05       		.uleb128 0x5
 907 03c1 B7000000 		.4byte	.LASF2
 908 03c5 01       		.byte	0x1
 909 03c6 13       		.byte	0x13
 910 03c7 13070000 		.4byte	0x713
 911 03cb D1030000 		.4byte	0x3d1
 912 03cf 06       		.uleb128 0x6
 913 03d0 00       		.byte	0
 914 03d1 05       		.uleb128 0x5
 915 03d2 00000000 		.4byte	.LASF3
 916 03d6 01       		.byte	0x1
 917 03d7 14       		.byte	0x14
 918 03d8 13070000 		.4byte	0x713
 919 03dc E2030000 		.4byte	0x3e2
 920 03e0 06       		.uleb128 0x6
 921 03e1 00       		.byte	0
 922 03e2 05       		.uleb128 0x5
 923 03e3 C0000000 		.4byte	.LASF4
 924 03e7 01       		.byte	0x1
 925 03e8 15       		.byte	0x15
 926 03e9 13070000 		.4byte	0x713
 927 03ed F3030000 		.4byte	0x3f3
 928 03f1 06       		.uleb128 0x6
 929 03f2 00       		.byte	0
 930 03f3 05       		.uleb128 0x5
 931 03f4 09000000 		.4byte	.LASF5
 932 03f8 01       		.byte	0x1
 933 03f9 16       		.byte	0x16
 934 03fa 13070000 		.4byte	0x713
 935 03fe 04040000 		.4byte	0x404
 936 0402 06       		.uleb128 0x6
 937 0403 00       		.byte	0
 938 0404 05       		.uleb128 0x5
 939 0405 82000000 		.4byte	.LASF6
 940 0409 01       		.byte	0x1
 941 040a 17       		.byte	0x17
 942 040b 13070000 		.4byte	0x713
ARM GAS  C:\Users\andre\AppData\Local\Temp\ccqKuqUo.s 			page 20


 943 040f 15040000 		.4byte	0x415
 944 0413 06       		.uleb128 0x6
 945 0414 00       		.byte	0
 946 0415 07       		.uleb128 0x7
 947 0416 04010000 		.4byte	.LVL44
 948 041a BC070000 		.4byte	0x7bc
 949 041e 28040000 		.4byte	0x428
 950 0422 08       		.uleb128 0x8
 951 0423 01       		.uleb128 0x1
 952 0424 50       		.byte	0x50
 953 0425 01       		.uleb128 0x1
 954 0426 30       		.byte	0x30
 955 0427 00       		.byte	0
 956 0428 07       		.uleb128 0x7
 957 0429 0A010000 		.4byte	.LVL45
 958 042d C7070000 		.4byte	0x7c7
 959 0431 3B040000 		.4byte	0x43b
 960 0435 08       		.uleb128 0x8
 961 0436 01       		.uleb128 0x1
 962 0437 50       		.byte	0x50
 963 0438 01       		.uleb128 0x1
 964 0439 30       		.byte	0x30
 965 043a 00       		.byte	0
 966 043b 07       		.uleb128 0x7
 967 043c 10010000 		.4byte	.LVL46
 968 0440 D2070000 		.4byte	0x7d2
 969 0444 4E040000 		.4byte	0x44e
 970 0448 08       		.uleb128 0x8
 971 0449 01       		.uleb128 0x1
 972 044a 50       		.byte	0x50
 973 044b 01       		.uleb128 0x1
 974 044c 30       		.byte	0x30
 975 044d 00       		.byte	0
 976 044e 07       		.uleb128 0x7
 977 044f 16010000 		.4byte	.LVL47
 978 0453 DD070000 		.4byte	0x7dd
 979 0457 61040000 		.4byte	0x461
 980 045b 08       		.uleb128 0x8
 981 045c 01       		.uleb128 0x1
 982 045d 50       		.byte	0x50
 983 045e 01       		.uleb128 0x1
 984 045f 31       		.byte	0x31
 985 0460 00       		.byte	0
 986 0461 07       		.uleb128 0x7
 987 0462 1C010000 		.4byte	.LVL48
 988 0466 E8070000 		.4byte	0x7e8
 989 046a 75040000 		.4byte	0x475
 990 046e 08       		.uleb128 0x8
 991 046f 01       		.uleb128 0x1
 992 0470 50       		.byte	0x50
 993 0471 02       		.uleb128 0x2
 994 0472 74       		.byte	0x74
 995 0473 00       		.sleb128 0
 996 0474 00       		.byte	0
 997 0475 07       		.uleb128 0x7
 998 0476 22010000 		.4byte	.LVL49
 999 047a BC070000 		.4byte	0x7bc
ARM GAS  C:\Users\andre\AppData\Local\Temp\ccqKuqUo.s 			page 21


 1000 047e 88040000 		.4byte	0x488
 1001 0482 08       		.uleb128 0x8
 1002 0483 01       		.uleb128 0x1
 1003 0484 50       		.byte	0x50
 1004 0485 01       		.uleb128 0x1
 1005 0486 30       		.byte	0x30
 1006 0487 00       		.byte	0
 1007 0488 07       		.uleb128 0x7
 1008 0489 28010000 		.4byte	.LVL50
 1009 048d C7070000 		.4byte	0x7c7
 1010 0491 9B040000 		.4byte	0x49b
 1011 0495 08       		.uleb128 0x8
 1012 0496 01       		.uleb128 0x1
 1013 0497 50       		.byte	0x50
 1014 0498 01       		.uleb128 0x1
 1015 0499 30       		.byte	0x30
 1016 049a 00       		.byte	0
 1017 049b 07       		.uleb128 0x7
 1018 049c 2E010000 		.4byte	.LVL51
 1019 04a0 D2070000 		.4byte	0x7d2
 1020 04a4 AE040000 		.4byte	0x4ae
 1021 04a8 08       		.uleb128 0x8
 1022 04a9 01       		.uleb128 0x1
 1023 04aa 50       		.byte	0x50
 1024 04ab 01       		.uleb128 0x1
 1025 04ac 31       		.byte	0x31
 1026 04ad 00       		.byte	0
 1027 04ae 07       		.uleb128 0x7
 1028 04af 34010000 		.4byte	.LVL52
 1029 04b3 DD070000 		.4byte	0x7dd
 1030 04b7 C1040000 		.4byte	0x4c1
 1031 04bb 08       		.uleb128 0x8
 1032 04bc 01       		.uleb128 0x1
 1033 04bd 50       		.byte	0x50
 1034 04be 01       		.uleb128 0x1
 1035 04bf 31       		.byte	0x31
 1036 04c0 00       		.byte	0
 1037 04c1 07       		.uleb128 0x7
 1038 04c2 3A010000 		.4byte	.LVL53
 1039 04c6 E8070000 		.4byte	0x7e8
 1040 04ca D5040000 		.4byte	0x4d5
 1041 04ce 08       		.uleb128 0x8
 1042 04cf 01       		.uleb128 0x1
 1043 04d0 50       		.byte	0x50
 1044 04d1 02       		.uleb128 0x2
 1045 04d2 74       		.byte	0x74
 1046 04d3 00       		.sleb128 0
 1047 04d4 00       		.byte	0
 1048 04d5 07       		.uleb128 0x7
 1049 04d6 40010000 		.4byte	.LVL54
 1050 04da BC070000 		.4byte	0x7bc
 1051 04de E8040000 		.4byte	0x4e8
 1052 04e2 08       		.uleb128 0x8
 1053 04e3 01       		.uleb128 0x1
 1054 04e4 50       		.byte	0x50
 1055 04e5 01       		.uleb128 0x1
 1056 04e6 30       		.byte	0x30
ARM GAS  C:\Users\andre\AppData\Local\Temp\ccqKuqUo.s 			page 22


 1057 04e7 00       		.byte	0
 1058 04e8 07       		.uleb128 0x7
 1059 04e9 46010000 		.4byte	.LVL55
 1060 04ed C7070000 		.4byte	0x7c7
 1061 04f1 FB040000 		.4byte	0x4fb
 1062 04f5 08       		.uleb128 0x8
 1063 04f6 01       		.uleb128 0x1
 1064 04f7 50       		.byte	0x50
 1065 04f8 01       		.uleb128 0x1
 1066 04f9 30       		.byte	0x30
 1067 04fa 00       		.byte	0
 1068 04fb 07       		.uleb128 0x7
 1069 04fc 4C010000 		.4byte	.LVL56
 1070 0500 D2070000 		.4byte	0x7d2
 1071 0504 0E050000 		.4byte	0x50e
 1072 0508 08       		.uleb128 0x8
 1073 0509 01       		.uleb128 0x1
 1074 050a 50       		.byte	0x50
 1075 050b 01       		.uleb128 0x1
 1076 050c 31       		.byte	0x31
 1077 050d 00       		.byte	0
 1078 050e 07       		.uleb128 0x7
 1079 050f 52010000 		.4byte	.LVL57
 1080 0513 DD070000 		.4byte	0x7dd
 1081 0517 21050000 		.4byte	0x521
 1082 051b 08       		.uleb128 0x8
 1083 051c 01       		.uleb128 0x1
 1084 051d 50       		.byte	0x50
 1085 051e 01       		.uleb128 0x1
 1086 051f 30       		.byte	0x30
 1087 0520 00       		.byte	0
 1088 0521 07       		.uleb128 0x7
 1089 0522 58010000 		.4byte	.LVL58
 1090 0526 E8070000 		.4byte	0x7e8
 1091 052a 35050000 		.4byte	0x535
 1092 052e 08       		.uleb128 0x8
 1093 052f 01       		.uleb128 0x1
 1094 0530 50       		.byte	0x50
 1095 0531 02       		.uleb128 0x2
 1096 0532 74       		.byte	0x74
 1097 0533 00       		.sleb128 0
 1098 0534 00       		.byte	0
 1099 0535 07       		.uleb128 0x7
 1100 0536 5E010000 		.4byte	.LVL59
 1101 053a BC070000 		.4byte	0x7bc
 1102 053e 48050000 		.4byte	0x548
 1103 0542 08       		.uleb128 0x8
 1104 0543 01       		.uleb128 0x1
 1105 0544 50       		.byte	0x50
 1106 0545 01       		.uleb128 0x1
 1107 0546 30       		.byte	0x30
 1108 0547 00       		.byte	0
 1109 0548 07       		.uleb128 0x7
 1110 0549 64010000 		.4byte	.LVL60
 1111 054d C7070000 		.4byte	0x7c7
 1112 0551 5B050000 		.4byte	0x55b
 1113 0555 08       		.uleb128 0x8
ARM GAS  C:\Users\andre\AppData\Local\Temp\ccqKuqUo.s 			page 23


 1114 0556 01       		.uleb128 0x1
 1115 0557 50       		.byte	0x50
 1116 0558 01       		.uleb128 0x1
 1117 0559 31       		.byte	0x31
 1118 055a 00       		.byte	0
 1119 055b 07       		.uleb128 0x7
 1120 055c 6A010000 		.4byte	.LVL61
 1121 0560 D2070000 		.4byte	0x7d2
 1122 0564 6E050000 		.4byte	0x56e
 1123 0568 08       		.uleb128 0x8
 1124 0569 01       		.uleb128 0x1
 1125 056a 50       		.byte	0x50
 1126 056b 01       		.uleb128 0x1
 1127 056c 31       		.byte	0x31
 1128 056d 00       		.byte	0
 1129 056e 07       		.uleb128 0x7
 1130 056f 70010000 		.4byte	.LVL62
 1131 0573 DD070000 		.4byte	0x7dd
 1132 0577 81050000 		.4byte	0x581
 1133 057b 08       		.uleb128 0x8
 1134 057c 01       		.uleb128 0x1
 1135 057d 50       		.byte	0x50
 1136 057e 01       		.uleb128 0x1
 1137 057f 30       		.byte	0x30
 1138 0580 00       		.byte	0
 1139 0581 07       		.uleb128 0x7
 1140 0582 76010000 		.4byte	.LVL63
 1141 0586 E8070000 		.4byte	0x7e8
 1142 058a 95050000 		.4byte	0x595
 1143 058e 08       		.uleb128 0x8
 1144 058f 01       		.uleb128 0x1
 1145 0590 50       		.byte	0x50
 1146 0591 02       		.uleb128 0x2
 1147 0592 74       		.byte	0x74
 1148 0593 00       		.sleb128 0
 1149 0594 00       		.byte	0
 1150 0595 07       		.uleb128 0x7
 1151 0596 7C010000 		.4byte	.LVL64
 1152 059a BC070000 		.4byte	0x7bc
 1153 059e A8050000 		.4byte	0x5a8
 1154 05a2 08       		.uleb128 0x8
 1155 05a3 01       		.uleb128 0x1
 1156 05a4 50       		.byte	0x50
 1157 05a5 01       		.uleb128 0x1
 1158 05a6 30       		.byte	0x30
 1159 05a7 00       		.byte	0
 1160 05a8 07       		.uleb128 0x7
 1161 05a9 82010000 		.4byte	.LVL65
 1162 05ad C7070000 		.4byte	0x7c7
 1163 05b1 BB050000 		.4byte	0x5bb
 1164 05b5 08       		.uleb128 0x8
 1165 05b6 01       		.uleb128 0x1
 1166 05b7 50       		.byte	0x50
 1167 05b8 01       		.uleb128 0x1
 1168 05b9 31       		.byte	0x31
 1169 05ba 00       		.byte	0
 1170 05bb 07       		.uleb128 0x7
ARM GAS  C:\Users\andre\AppData\Local\Temp\ccqKuqUo.s 			page 24


 1171 05bc 88010000 		.4byte	.LVL66
 1172 05c0 D2070000 		.4byte	0x7d2
 1173 05c4 CE050000 		.4byte	0x5ce
 1174 05c8 08       		.uleb128 0x8
 1175 05c9 01       		.uleb128 0x1
 1176 05ca 50       		.byte	0x50
 1177 05cb 01       		.uleb128 0x1
 1178 05cc 30       		.byte	0x30
 1179 05cd 00       		.byte	0
 1180 05ce 07       		.uleb128 0x7
 1181 05cf 8E010000 		.4byte	.LVL67
 1182 05d3 DD070000 		.4byte	0x7dd
 1183 05d7 E1050000 		.4byte	0x5e1
 1184 05db 08       		.uleb128 0x8
 1185 05dc 01       		.uleb128 0x1
 1186 05dd 50       		.byte	0x50
 1187 05de 01       		.uleb128 0x1
 1188 05df 30       		.byte	0x30
 1189 05e0 00       		.byte	0
 1190 05e1 07       		.uleb128 0x7
 1191 05e2 94010000 		.4byte	.LVL68
 1192 05e6 E8070000 		.4byte	0x7e8
 1193 05ea F5050000 		.4byte	0x5f5
 1194 05ee 08       		.uleb128 0x8
 1195 05ef 01       		.uleb128 0x1
 1196 05f0 50       		.byte	0x50
 1197 05f1 02       		.uleb128 0x2
 1198 05f2 74       		.byte	0x74
 1199 05f3 00       		.sleb128 0
 1200 05f4 00       		.byte	0
 1201 05f5 07       		.uleb128 0x7
 1202 05f6 9A010000 		.4byte	.LVL69
 1203 05fa BC070000 		.4byte	0x7bc
 1204 05fe 08060000 		.4byte	0x608
 1205 0602 08       		.uleb128 0x8
 1206 0603 01       		.uleb128 0x1
 1207 0604 50       		.byte	0x50
 1208 0605 01       		.uleb128 0x1
 1209 0606 31       		.byte	0x31
 1210 0607 00       		.byte	0
 1211 0608 07       		.uleb128 0x7
 1212 0609 A0010000 		.4byte	.LVL70
 1213 060d C7070000 		.4byte	0x7c7
 1214 0611 1B060000 		.4byte	0x61b
 1215 0615 08       		.uleb128 0x8
 1216 0616 01       		.uleb128 0x1
 1217 0617 50       		.byte	0x50
 1218 0618 01       		.uleb128 0x1
 1219 0619 31       		.byte	0x31
 1220 061a 00       		.byte	0
 1221 061b 07       		.uleb128 0x7
 1222 061c A6010000 		.4byte	.LVL71
 1223 0620 D2070000 		.4byte	0x7d2
 1224 0624 2E060000 		.4byte	0x62e
 1225 0628 08       		.uleb128 0x8
 1226 0629 01       		.uleb128 0x1
 1227 062a 50       		.byte	0x50
ARM GAS  C:\Users\andre\AppData\Local\Temp\ccqKuqUo.s 			page 25


 1228 062b 01       		.uleb128 0x1
 1229 062c 30       		.byte	0x30
 1230 062d 00       		.byte	0
 1231 062e 07       		.uleb128 0x7
 1232 062f AC010000 		.4byte	.LVL72
 1233 0633 DD070000 		.4byte	0x7dd
 1234 0637 41060000 		.4byte	0x641
 1235 063b 08       		.uleb128 0x8
 1236 063c 01       		.uleb128 0x1
 1237 063d 50       		.byte	0x50
 1238 063e 01       		.uleb128 0x1
 1239 063f 30       		.byte	0x30
 1240 0640 00       		.byte	0
 1241 0641 07       		.uleb128 0x7
 1242 0642 B2010000 		.4byte	.LVL73
 1243 0646 E8070000 		.4byte	0x7e8
 1244 064a 55060000 		.4byte	0x655
 1245 064e 08       		.uleb128 0x8
 1246 064f 01       		.uleb128 0x1
 1247 0650 50       		.byte	0x50
 1248 0651 02       		.uleb128 0x2
 1249 0652 74       		.byte	0x74
 1250 0653 00       		.sleb128 0
 1251 0654 00       		.byte	0
 1252 0655 07       		.uleb128 0x7
 1253 0656 B8010000 		.4byte	.LVL74
 1254 065a BC070000 		.4byte	0x7bc
 1255 065e 68060000 		.4byte	0x668
 1256 0662 08       		.uleb128 0x8
 1257 0663 01       		.uleb128 0x1
 1258 0664 50       		.byte	0x50
 1259 0665 01       		.uleb128 0x1
 1260 0666 31       		.byte	0x31
 1261 0667 00       		.byte	0
 1262 0668 07       		.uleb128 0x7
 1263 0669 BE010000 		.4byte	.LVL75
 1264 066d C7070000 		.4byte	0x7c7
 1265 0671 7B060000 		.4byte	0x67b
 1266 0675 08       		.uleb128 0x8
 1267 0676 01       		.uleb128 0x1
 1268 0677 50       		.byte	0x50
 1269 0678 01       		.uleb128 0x1
 1270 0679 30       		.byte	0x30
 1271 067a 00       		.byte	0
 1272 067b 07       		.uleb128 0x7
 1273 067c C4010000 		.4byte	.LVL76
 1274 0680 D2070000 		.4byte	0x7d2
 1275 0684 8E060000 		.4byte	0x68e
 1276 0688 08       		.uleb128 0x8
 1277 0689 01       		.uleb128 0x1
 1278 068a 50       		.byte	0x50
 1279 068b 01       		.uleb128 0x1
 1280 068c 30       		.byte	0x30
 1281 068d 00       		.byte	0
 1282 068e 07       		.uleb128 0x7
 1283 068f CA010000 		.4byte	.LVL77
 1284 0693 DD070000 		.4byte	0x7dd
ARM GAS  C:\Users\andre\AppData\Local\Temp\ccqKuqUo.s 			page 26


 1285 0697 A1060000 		.4byte	0x6a1
 1286 069b 08       		.uleb128 0x8
 1287 069c 01       		.uleb128 0x1
 1288 069d 50       		.byte	0x50
 1289 069e 01       		.uleb128 0x1
 1290 069f 30       		.byte	0x30
 1291 06a0 00       		.byte	0
 1292 06a1 07       		.uleb128 0x7
 1293 06a2 D0010000 		.4byte	.LVL78
 1294 06a6 E8070000 		.4byte	0x7e8
 1295 06aa B5060000 		.4byte	0x6b5
 1296 06ae 08       		.uleb128 0x8
 1297 06af 01       		.uleb128 0x1
 1298 06b0 50       		.byte	0x50
 1299 06b1 02       		.uleb128 0x2
 1300 06b2 74       		.byte	0x74
 1301 06b3 00       		.sleb128 0
 1302 06b4 00       		.byte	0
 1303 06b5 07       		.uleb128 0x7
 1304 06b6 D6010000 		.4byte	.LVL79
 1305 06ba BC070000 		.4byte	0x7bc
 1306 06be C8060000 		.4byte	0x6c8
 1307 06c2 08       		.uleb128 0x8
 1308 06c3 01       		.uleb128 0x1
 1309 06c4 50       		.byte	0x50
 1310 06c5 01       		.uleb128 0x1
 1311 06c6 31       		.byte	0x31
 1312 06c7 00       		.byte	0
 1313 06c8 07       		.uleb128 0x7
 1314 06c9 DC010000 		.4byte	.LVL80
 1315 06cd C7070000 		.4byte	0x7c7
 1316 06d1 DB060000 		.4byte	0x6db
 1317 06d5 08       		.uleb128 0x8
 1318 06d6 01       		.uleb128 0x1
 1319 06d7 50       		.byte	0x50
 1320 06d8 01       		.uleb128 0x1
 1321 06d9 30       		.byte	0x30
 1322 06da 00       		.byte	0
 1323 06db 07       		.uleb128 0x7
 1324 06dc E2010000 		.4byte	.LVL81
 1325 06e0 D2070000 		.4byte	0x7d2
 1326 06e4 EE060000 		.4byte	0x6ee
 1327 06e8 08       		.uleb128 0x8
 1328 06e9 01       		.uleb128 0x1
 1329 06ea 50       		.byte	0x50
 1330 06eb 01       		.uleb128 0x1
 1331 06ec 30       		.byte	0x30
 1332 06ed 00       		.byte	0
 1333 06ee 07       		.uleb128 0x7
 1334 06ef E8010000 		.4byte	.LVL82
 1335 06f3 DD070000 		.4byte	0x7dd
 1336 06f7 01070000 		.4byte	0x701
 1337 06fb 08       		.uleb128 0x8
 1338 06fc 01       		.uleb128 0x1
 1339 06fd 50       		.byte	0x50
 1340 06fe 01       		.uleb128 0x1
 1341 06ff 31       		.byte	0x31
ARM GAS  C:\Users\andre\AppData\Local\Temp\ccqKuqUo.s 			page 27


 1342 0700 00       		.byte	0
 1343 0701 09       		.uleb128 0x9
 1344 0702 EE010000 		.4byte	.LVL83
 1345 0706 E8070000 		.4byte	0x7e8
 1346 070a 08       		.uleb128 0x8
 1347 070b 01       		.uleb128 0x1
 1348 070c 50       		.byte	0x50
 1349 070d 02       		.uleb128 0x2
 1350 070e 74       		.byte	0x74
 1351 070f 00       		.sleb128 0
 1352 0710 00       		.byte	0
 1353 0711 00       		.byte	0
 1354 0712 00       		.byte	0
 1355 0713 0B       		.uleb128 0xb
 1356 0714 04       		.byte	0x4
 1357 0715 05       		.byte	0x5
 1358 0716 696E7400 		.ascii	"int\000"
 1359 071a 0C       		.uleb128 0xc
 1360 071b 57010000 		.4byte	.LASF11
 1361 071f 01       		.byte	0x1
 1362 0720 87       		.byte	0x87
 1363 0721 00000000 		.4byte	.LFB1
 1364 0725 1C000000 		.4byte	.LFE1-.LFB1
 1365 0729 01       		.uleb128 0x1
 1366 072a 9C       		.byte	0x9c
 1367 072b BC070000 		.4byte	0x7bc
 1368 072f 05       		.uleb128 0x5
 1369 0730 B7000000 		.4byte	.LASF2
 1370 0734 01       		.byte	0x1
 1371 0735 13       		.byte	0x13
 1372 0736 13070000 		.4byte	0x713
 1373 073a 40070000 		.4byte	0x740
 1374 073e 06       		.uleb128 0x6
 1375 073f 00       		.byte	0
 1376 0740 05       		.uleb128 0x5
 1377 0741 00000000 		.4byte	.LASF3
 1378 0745 01       		.byte	0x1
 1379 0746 14       		.byte	0x14
 1380 0747 13070000 		.4byte	0x713
 1381 074b 51070000 		.4byte	0x751
 1382 074f 06       		.uleb128 0x6
 1383 0750 00       		.byte	0
 1384 0751 05       		.uleb128 0x5
 1385 0752 C0000000 		.4byte	.LASF4
 1386 0756 01       		.byte	0x1
 1387 0757 15       		.byte	0x15
 1388 0758 13070000 		.4byte	0x713
 1389 075c 62070000 		.4byte	0x762
 1390 0760 06       		.uleb128 0x6
 1391 0761 00       		.byte	0
 1392 0762 05       		.uleb128 0x5
 1393 0763 09000000 		.4byte	.LASF5
 1394 0767 01       		.byte	0x1
 1395 0768 16       		.byte	0x16
 1396 0769 13070000 		.4byte	0x713
 1397 076d 73070000 		.4byte	0x773
 1398 0771 06       		.uleb128 0x6
ARM GAS  C:\Users\andre\AppData\Local\Temp\ccqKuqUo.s 			page 28


 1399 0772 00       		.byte	0
 1400 0773 07       		.uleb128 0x7
 1401 0774 08000000 		.4byte	.LVL84
 1402 0778 BC070000 		.4byte	0x7bc
 1403 077c 86070000 		.4byte	0x786
 1404 0780 08       		.uleb128 0x8
 1405 0781 01       		.uleb128 0x1
 1406 0782 50       		.byte	0x50
 1407 0783 01       		.uleb128 0x1
 1408 0784 30       		.byte	0x30
 1409 0785 00       		.byte	0
 1410 0786 07       		.uleb128 0x7
 1411 0787 0E000000 		.4byte	.LVL85
 1412 078b C7070000 		.4byte	0x7c7
 1413 078f 99070000 		.4byte	0x799
 1414 0793 08       		.uleb128 0x8
 1415 0794 01       		.uleb128 0x1
 1416 0795 50       		.byte	0x50
 1417 0796 01       		.uleb128 0x1
 1418 0797 30       		.byte	0x30
 1419 0798 00       		.byte	0
 1420 0799 07       		.uleb128 0x7
 1421 079a 14000000 		.4byte	.LVL86
 1422 079e D2070000 		.4byte	0x7d2
 1423 07a2 AC070000 		.4byte	0x7ac
 1424 07a6 08       		.uleb128 0x8
 1425 07a7 01       		.uleb128 0x1
 1426 07a8 50       		.byte	0x50
 1427 07a9 01       		.uleb128 0x1
 1428 07aa 30       		.byte	0x30
 1429 07ab 00       		.byte	0
 1430 07ac 09       		.uleb128 0x9
 1431 07ad 1A000000 		.4byte	.LVL87
 1432 07b1 DD070000 		.4byte	0x7dd
 1433 07b5 08       		.uleb128 0x8
 1434 07b6 01       		.uleb128 0x1
 1435 07b7 50       		.byte	0x50
 1436 07b8 01       		.uleb128 0x1
 1437 07b9 30       		.byte	0x30
 1438 07ba 00       		.byte	0
 1439 07bb 00       		.byte	0
 1440 07bc 0D       		.uleb128 0xd
 1441 07bd B7000000 		.4byte	.LASF2
 1442 07c1 B7000000 		.4byte	.LASF2
 1443 07c5 01       		.byte	0x1
 1444 07c6 13       		.byte	0x13
 1445 07c7 0D       		.uleb128 0xd
 1446 07c8 00000000 		.4byte	.LASF3
 1447 07cc 00000000 		.4byte	.LASF3
 1448 07d0 01       		.byte	0x1
 1449 07d1 14       		.byte	0x14
 1450 07d2 0D       		.uleb128 0xd
 1451 07d3 C0000000 		.4byte	.LASF4
 1452 07d7 C0000000 		.4byte	.LASF4
 1453 07db 01       		.byte	0x1
 1454 07dc 15       		.byte	0x15
 1455 07dd 0D       		.uleb128 0xd
ARM GAS  C:\Users\andre\AppData\Local\Temp\ccqKuqUo.s 			page 29


 1456 07de 09000000 		.4byte	.LASF5
 1457 07e2 09000000 		.4byte	.LASF5
 1458 07e6 01       		.byte	0x1
 1459 07e7 16       		.byte	0x16
 1460 07e8 0D       		.uleb128 0xd
 1461 07e9 82000000 		.4byte	.LASF6
 1462 07ed 82000000 		.4byte	.LASF6
 1463 07f1 01       		.byte	0x1
 1464 07f2 17       		.byte	0x17
 1465 07f3 00       		.byte	0
 1466              		.section	.debug_abbrev,"",%progbits
 1467              	.Ldebug_abbrev0:
 1468 0000 01       		.uleb128 0x1
 1469 0001 11       		.uleb128 0x11
 1470 0002 01       		.byte	0x1
 1471 0003 25       		.uleb128 0x25
 1472 0004 0E       		.uleb128 0xe
 1473 0005 13       		.uleb128 0x13
 1474 0006 0B       		.uleb128 0xb
 1475 0007 03       		.uleb128 0x3
 1476 0008 0E       		.uleb128 0xe
 1477 0009 1B       		.uleb128 0x1b
 1478 000a 0E       		.uleb128 0xe
 1479 000b 55       		.uleb128 0x55
 1480 000c 17       		.uleb128 0x17
 1481 000d 11       		.uleb128 0x11
 1482 000e 01       		.uleb128 0x1
 1483 000f 10       		.uleb128 0x10
 1484 0010 17       		.uleb128 0x17
 1485 0011 00       		.byte	0
 1486 0012 00       		.byte	0
 1487 0013 02       		.uleb128 0x2
 1488 0014 2E       		.uleb128 0x2e
 1489 0015 01       		.byte	0x1
 1490 0016 3F       		.uleb128 0x3f
 1491 0017 19       		.uleb128 0x19
 1492 0018 03       		.uleb128 0x3
 1493 0019 0E       		.uleb128 0xe
 1494 001a 3A       		.uleb128 0x3a
 1495 001b 0B       		.uleb128 0xb
 1496 001c 3B       		.uleb128 0x3b
 1497 001d 0B       		.uleb128 0xb
 1498 001e 27       		.uleb128 0x27
 1499 001f 19       		.uleb128 0x19
 1500 0020 11       		.uleb128 0x11
 1501 0021 01       		.uleb128 0x1
 1502 0022 12       		.uleb128 0x12
 1503 0023 06       		.uleb128 0x6
 1504 0024 40       		.uleb128 0x40
 1505 0025 18       		.uleb128 0x18
 1506 0026 9742     		.uleb128 0x2117
 1507 0028 19       		.uleb128 0x19
 1508 0029 01       		.uleb128 0x1
 1509 002a 13       		.uleb128 0x13
 1510 002b 00       		.byte	0
 1511 002c 00       		.byte	0
 1512 002d 03       		.uleb128 0x3
ARM GAS  C:\Users\andre\AppData\Local\Temp\ccqKuqUo.s 			page 30


 1513 002e 05       		.uleb128 0x5
 1514 002f 00       		.byte	0
 1515 0030 03       		.uleb128 0x3
 1516 0031 0E       		.uleb128 0xe
 1517 0032 3A       		.uleb128 0x3a
 1518 0033 0B       		.uleb128 0xb
 1519 0034 3B       		.uleb128 0x3b
 1520 0035 0B       		.uleb128 0xb
 1521 0036 49       		.uleb128 0x49
 1522 0037 13       		.uleb128 0x13
 1523 0038 02       		.uleb128 0x2
 1524 0039 17       		.uleb128 0x17
 1525 003a 00       		.byte	0
 1526 003b 00       		.byte	0
 1527 003c 04       		.uleb128 0x4
 1528 003d 0B       		.uleb128 0xb
 1529 003e 01       		.byte	0x1
 1530 003f 11       		.uleb128 0x11
 1531 0040 01       		.uleb128 0x1
 1532 0041 12       		.uleb128 0x12
 1533 0042 06       		.uleb128 0x6
 1534 0043 01       		.uleb128 0x1
 1535 0044 13       		.uleb128 0x13
 1536 0045 00       		.byte	0
 1537 0046 00       		.byte	0
 1538 0047 05       		.uleb128 0x5
 1539 0048 2E       		.uleb128 0x2e
 1540 0049 01       		.byte	0x1
 1541 004a 3F       		.uleb128 0x3f
 1542 004b 19       		.uleb128 0x19
 1543 004c 03       		.uleb128 0x3
 1544 004d 0E       		.uleb128 0xe
 1545 004e 3A       		.uleb128 0x3a
 1546 004f 0B       		.uleb128 0xb
 1547 0050 3B       		.uleb128 0x3b
 1548 0051 0B       		.uleb128 0xb
 1549 0052 49       		.uleb128 0x49
 1550 0053 13       		.uleb128 0x13
 1551 0054 3C       		.uleb128 0x3c
 1552 0055 19       		.uleb128 0x19
 1553 0056 01       		.uleb128 0x1
 1554 0057 13       		.uleb128 0x13
 1555 0058 00       		.byte	0
 1556 0059 00       		.byte	0
 1557 005a 06       		.uleb128 0x6
 1558 005b 18       		.uleb128 0x18
 1559 005c 00       		.byte	0
 1560 005d 00       		.byte	0
 1561 005e 00       		.byte	0
 1562 005f 07       		.uleb128 0x7
 1563 0060 898201   		.uleb128 0x4109
 1564 0063 01       		.byte	0x1
 1565 0064 11       		.uleb128 0x11
 1566 0065 01       		.uleb128 0x1
 1567 0066 31       		.uleb128 0x31
 1568 0067 13       		.uleb128 0x13
 1569 0068 01       		.uleb128 0x1
ARM GAS  C:\Users\andre\AppData\Local\Temp\ccqKuqUo.s 			page 31


 1570 0069 13       		.uleb128 0x13
 1571 006a 00       		.byte	0
 1572 006b 00       		.byte	0
 1573 006c 08       		.uleb128 0x8
 1574 006d 8A8201   		.uleb128 0x410a
 1575 0070 00       		.byte	0
 1576 0071 02       		.uleb128 0x2
 1577 0072 18       		.uleb128 0x18
 1578 0073 9142     		.uleb128 0x2111
 1579 0075 18       		.uleb128 0x18
 1580 0076 00       		.byte	0
 1581 0077 00       		.byte	0
 1582 0078 09       		.uleb128 0x9
 1583 0079 898201   		.uleb128 0x4109
 1584 007c 01       		.byte	0x1
 1585 007d 11       		.uleb128 0x11
 1586 007e 01       		.uleb128 0x1
 1587 007f 31       		.uleb128 0x31
 1588 0080 13       		.uleb128 0x13
 1589 0081 00       		.byte	0
 1590 0082 00       		.byte	0
 1591 0083 0A       		.uleb128 0xa
 1592 0084 0B       		.uleb128 0xb
 1593 0085 01       		.byte	0x1
 1594 0086 11       		.uleb128 0x11
 1595 0087 01       		.uleb128 0x1
 1596 0088 12       		.uleb128 0x12
 1597 0089 06       		.uleb128 0x6
 1598 008a 00       		.byte	0
 1599 008b 00       		.byte	0
 1600 008c 0B       		.uleb128 0xb
 1601 008d 24       		.uleb128 0x24
 1602 008e 00       		.byte	0
 1603 008f 0B       		.uleb128 0xb
 1604 0090 0B       		.uleb128 0xb
 1605 0091 3E       		.uleb128 0x3e
 1606 0092 0B       		.uleb128 0xb
 1607 0093 03       		.uleb128 0x3
 1608 0094 08       		.uleb128 0x8
 1609 0095 00       		.byte	0
 1610 0096 00       		.byte	0
 1611 0097 0C       		.uleb128 0xc
 1612 0098 2E       		.uleb128 0x2e
 1613 0099 01       		.byte	0x1
 1614 009a 3F       		.uleb128 0x3f
 1615 009b 19       		.uleb128 0x19
 1616 009c 03       		.uleb128 0x3
 1617 009d 0E       		.uleb128 0xe
 1618 009e 3A       		.uleb128 0x3a
 1619 009f 0B       		.uleb128 0xb
 1620 00a0 3B       		.uleb128 0x3b
 1621 00a1 0B       		.uleb128 0xb
 1622 00a2 11       		.uleb128 0x11
 1623 00a3 01       		.uleb128 0x1
 1624 00a4 12       		.uleb128 0x12
 1625 00a5 06       		.uleb128 0x6
 1626 00a6 40       		.uleb128 0x40
ARM GAS  C:\Users\andre\AppData\Local\Temp\ccqKuqUo.s 			page 32


 1627 00a7 18       		.uleb128 0x18
 1628 00a8 9742     		.uleb128 0x2117
 1629 00aa 19       		.uleb128 0x19
 1630 00ab 01       		.uleb128 0x1
 1631 00ac 13       		.uleb128 0x13
 1632 00ad 00       		.byte	0
 1633 00ae 00       		.byte	0
 1634 00af 0D       		.uleb128 0xd
 1635 00b0 2E       		.uleb128 0x2e
 1636 00b1 00       		.byte	0
 1637 00b2 3F       		.uleb128 0x3f
 1638 00b3 19       		.uleb128 0x19
 1639 00b4 3C       		.uleb128 0x3c
 1640 00b5 19       		.uleb128 0x19
 1641 00b6 6E       		.uleb128 0x6e
 1642 00b7 0E       		.uleb128 0xe
 1643 00b8 03       		.uleb128 0x3
 1644 00b9 0E       		.uleb128 0xe
 1645 00ba 3A       		.uleb128 0x3a
 1646 00bb 0B       		.uleb128 0xb
 1647 00bc 3B       		.uleb128 0x3b
 1648 00bd 0B       		.uleb128 0xb
 1649 00be 00       		.byte	0
 1650 00bf 00       		.byte	0
 1651 00c0 00       		.byte	0
 1652              		.section	.debug_loc,"",%progbits
 1653              	.Ldebug_loc0:
 1654              	.LLST0:
 1655 0000 00000000 		.4byte	.LVL0
 1656 0004 0A000000 		.4byte	.LVL1
 1657 0008 0100     		.2byte	0x1
 1658 000a 50       		.byte	0x50
 1659 000b 0A000000 		.4byte	.LVL1
 1660 000f FA000000 		.4byte	.LVL42
 1661 0013 0400     		.2byte	0x4
 1662 0015 F3       		.byte	0xf3
 1663 0016 01       		.uleb128 0x1
 1664 0017 50       		.byte	0x50
 1665 0018 9F       		.byte	0x9f
 1666 0019 FA000000 		.4byte	.LVL42
 1667 001d 00010000 		.4byte	.LVL43
 1668 0021 0100     		.2byte	0x1
 1669 0023 50       		.byte	0x50
 1670 0024 00010000 		.4byte	.LVL43
 1671 0028 F0010000 		.4byte	.LFE0
 1672 002c 0400     		.2byte	0x4
 1673 002e F3       		.byte	0xf3
 1674 002f 01       		.uleb128 0x1
 1675 0030 50       		.byte	0x50
 1676 0031 9F       		.byte	0x9f
 1677 0032 00000000 		.4byte	0
 1678 0036 00000000 		.4byte	0
 1679              	.LLST1:
 1680 003a 00000000 		.4byte	.LVL0
 1681 003e 0D000000 		.4byte	.LVL2-1
 1682 0042 0100     		.2byte	0x1
 1683 0044 51       		.byte	0x51
ARM GAS  C:\Users\andre\AppData\Local\Temp\ccqKuqUo.s 			page 33


 1684 0045 0D000000 		.4byte	.LVL2-1
 1685 0049 FA000000 		.4byte	.LVL42
 1686 004d 0100     		.2byte	0x1
 1687 004f 54       		.byte	0x54
 1688 0050 FA000000 		.4byte	.LVL42
 1689 0054 03010000 		.4byte	.LVL44-1
 1690 0058 0100     		.2byte	0x1
 1691 005a 51       		.byte	0x51
 1692 005b 03010000 		.4byte	.LVL44-1
 1693 005f F0010000 		.4byte	.LFE0
 1694 0063 0100     		.2byte	0x1
 1695 0065 54       		.byte	0x54
 1696 0066 00000000 		.4byte	0
 1697 006a 00000000 		.4byte	0
 1698              		.section	.debug_aranges,"",%progbits
 1699 0000 24000000 		.4byte	0x24
 1700 0004 0200     		.2byte	0x2
 1701 0006 00000000 		.4byte	.Ldebug_info0
 1702 000a 04       		.byte	0x4
 1703 000b 00       		.byte	0
 1704 000c 0000     		.2byte	0
 1705 000e 0000     		.2byte	0
 1706 0010 00000000 		.4byte	.LFB0
 1707 0014 F0010000 		.4byte	.LFE0-.LFB0
 1708 0018 00000000 		.4byte	.LFB1
 1709 001c 1C000000 		.4byte	.LFE1-.LFB1
 1710 0020 00000000 		.4byte	0
 1711 0024 00000000 		.4byte	0
 1712              		.section	.debug_ranges,"",%progbits
 1713              	.Ldebug_ranges0:
 1714 0000 00000000 		.4byte	.LFB0
 1715 0004 F0010000 		.4byte	.LFE0
 1716 0008 00000000 		.4byte	.LFB1
 1717 000c 1C000000 		.4byte	.LFE1
 1718 0010 00000000 		.4byte	0
 1719 0014 00000000 		.4byte	0
 1720              		.section	.debug_line,"",%progbits
 1721              	.Ldebug_line0:
 1722 0000 9F000000 		.section	.debug_str,"MS",%progbits,1
 1722      02002400 
 1722      00000201 
 1722      FB0E0D00 
 1722      01010101 
 1723              	.LASF3:
 1724 0000 41325F57 		.ascii	"A2_Write\000"
 1724      72697465 
 1724      00
 1725              	.LASF5:
 1726 0009 42325F57 		.ascii	"B2_Write\000"
 1726      72697465 
 1726      00
 1727              	.LASF9:
 1728 0012 463A5C47 		.ascii	"F:\\Google Drive\\Aarhus Universitet\\Trejde Semest"
 1728      6F6F676C 
 1728      65204472 
 1728      6976655C 
 1728      41617268 
ARM GAS  C:\Users\andre\AppData\Local\Temp\ccqKuqUo.s 			page 34


 1729 0042 65725C45 		.ascii	"er\\E3PRJ3\\Dokumenter\\AndreasAHN\\Software\\Stepp"
 1729      3350524A 
 1729      335C446F 
 1729      6B756D65 
 1729      6E746572 
 1730 0070 6572466F 		.ascii	"erForkortet.cydsn\000"
 1730      726B6F72 
 1730      7465742E 
 1730      63796473 
 1730      6E00
 1731              	.LASF6:
 1732 0082 43794465 		.ascii	"CyDelayUs\000"
 1732      6C617955 
 1732      7300
 1733              	.LASF1:
 1734 008c 68617374 		.ascii	"hastighed\000"
 1734      69676865 
 1734      6400
 1735              	.LASF8:
 1736 0096 73746570 		.ascii	"stepperLeft.c\000"
 1736      7065724C 
 1736      6566742E 
 1736      6300
 1737              	.LASF10:
 1738 00a4 73746570 		.ascii	"stepperLeft\000"
 1738      7065724C 
 1738      65667400 
 1739              	.LASF0:
 1740 00b0 73746174 		.ascii	"status\000"
 1740      757300
 1741              	.LASF2:
 1742 00b7 41315F57 		.ascii	"A1_Write\000"
 1742      72697465 
 1742      00
 1743              	.LASF4:
 1744 00c0 42315F57 		.ascii	"B1_Write\000"
 1744      72697465 
 1744      00
 1745              	.LASF7:
 1746 00c9 474E5520 		.ascii	"GNU C11 5.4.1 20160609 (release) [ARM/embedded-5-br"
 1746      43313120 
 1746      352E342E 
 1746      31203230 
 1746      31363036 
 1747 00fc 616E6368 		.ascii	"anch revision 237715] -mcpu=cortex-m3 -mthumb -g -O"
 1747      20726576 
 1747      6973696F 
 1747      6E203233 
 1747      37373135 
 1748 012f 67202D66 		.ascii	"g -ffunction-sections -ffat-lto-objects\000"
 1748      66756E63 
 1748      74696F6E 
 1748      2D736563 
 1748      74696F6E 
 1749              	.LASF11:
 1750 0157 72657365 		.ascii	"resetLeft\000"
 1750      744C6566 
ARM GAS  C:\Users\andre\AppData\Local\Temp\ccqKuqUo.s 			page 35


 1750      7400
 1751              		.ident	"GCC: (GNU Tools for ARM Embedded Processors) 5.4.1 20160609 (release) [ARM/embedded-5-bran
