--------------- Build Started: 10/03/2017 14:43:38 Project: Stepper, Configuration: ARM GCC 5.4-2016-q2-update Debug ---------------
The code generation step is up to date.
arm-none-eabi-gcc.exe -mcpu=cortex-m3 -mthumb -I. -IGenerated_Source\PSoC5 -Wa,-alh=.\CortexM3\ARM_GCC_541\Debug/drive.lst -g -D DEBUG -D CY_CORE_ID=0 -Wall -ffunction-sections -ffat-lto-objects -Og -c drive.c -o .\CortexM3\ARM_GCC_541\Debug\drive.o
drive.c: In function 'runForward':
drive.c:20:9: warning: implicit declaration of function 'resetLeft' [-Wimplicit-function-declaration]
         resetLeft();
         ^
drive.c:21:9: warning: implicit declaration of function 'resetRight' [-Wimplicit-function-declaration]
         resetRight();
         ^
drive.c:22:9: warning: implicit declaration of function 'stepperLeft' [-Wimplicit-function-declaration]
         stepperLeft(2, 1, fart);
         ^
drive.c:23:9: warning: implicit declaration of function 'stepperRight' [-Wimplicit-function-declaration]
         stepperRight(2, 1, fart);
         ^
arm-none-eabi-ar.exe -rs .\CortexM3\ARM_GCC_541\Debug\Stepper.a .\CortexM3\ARM_GCC_541\Debug\A1.o .\CortexM3\ARM_GCC_541\Debug\A2.o .\CortexM3\ARM_GCC_541\Debug\B1.o .\CortexM3\ARM_GCC_541\Debug\B2.o .\CortexM3\ARM_GCC_541\Debug\UART_1.o .\CortexM3\ARM_GCC_541\Debug\UART_1_PM.o .\CortexM3\ARM_GCC_541\Debug\UART_1_INT.o .\CortexM3\ARM_GCC_541\Debug\UART_1_BOOT.o .\CortexM3\ARM_GCC_541\Debug\isr_UART_1_RX.o .\CortexM3\ARM_GCC_541\Debug\LED.o .\CortexM3\ARM_GCC_541\Debug\UART_1_IntClock.o .\CortexM3\ARM_GCC_541\Debug\CyDmac.o .\CortexM3\ARM_GCC_541\Debug\CyFlash.o .\CortexM3\ARM_GCC_541\Debug\CyLib.o .\CortexM3\ARM_GCC_541\Debug\cyPm.o .\CortexM3\ARM_GCC_541\Debug\CySpc.o .\CortexM3\ARM_GCC_541\Debug\cyutils.o .\CortexM3\ARM_GCC_541\Debug\A3.o .\CortexM3\ARM_GCC_541\Debug\A4.o .\CortexM3\ARM_GCC_541\Debug\B3.o .\CortexM3\ARM_GCC_541\Debug\B4.o .\CortexM3\ARM_GCC_541\Debug\CyBootAsmGnu.o
arm-none-eabi-ar.exe: creating .\CortexM3\ARM_GCC_541\Debug\Stepper.a
arm-none-eabi-gcc.exe -Wl,--start-group -o D:\Dropbox\AarhusUNI\Andet2017\Stepper\Stepper\Stepper.cydsn\CortexM3\ARM_GCC_541\Debug\Stepper.elf .\CortexM3\ARM_GCC_541\Debug\main.o .\CortexM3\ARM_GCC_541\Debug\stepperLeft.o .\CortexM3\ARM_GCC_541\Debug\stepperRight.o .\CortexM3\ARM_GCC_541\Debug\drive.o .\CortexM3\ARM_GCC_541\Debug\cyfitter_cfg.o .\CortexM3\ARM_GCC_541\Debug\cymetadata.o .\CortexM3\ARM_GCC_541\Debug\Cm3Start.o .\CortexM3\ARM_GCC_541\Debug\Stepper.a "D:\Program Files (x86)\Cypress\PSoC Creator\4.1\PSoC Creator\psoc\content\cycomponentlibrary\CyComponentLibrary.cylib\CortexM3\ARM_GCC_541\Debug\CyComponentLibrary.a" -mcpu=cortex-m3 -mthumb -L Generated_Source\PSoC5 -Wl,-Map,.\CortexM3\ARM_GCC_541\Debug/Stepper.map -T Generated_Source\PSoC5\cm3gcc.ld -specs=nano.specs -Wl,--gc-sections -g -ffunction-sections -Og -ffat-lto-objects -Wl,--end-group
cyelftool.exe -C D:\Dropbox\AarhusUNI\Andet2017\Stepper\Stepper\Stepper.cydsn\CortexM3\ARM_GCC_541\Debug\Stepper.elf --flash_row_size 256 --flash_size 262144 --flash_offset 0x00000000
cyelftool.exe -S D:\Dropbox\AarhusUNI\Andet2017\Stepper\Stepper\Stepper.cydsn\CortexM3\ARM_GCC_541\Debug\Stepper.elf
Flash used: 5350 of 262144 bytes (2,0 %).
SRAM used: 2545 of 65536 bytes (3,9 %). Stack: 2048 bytes. Heap: 128 bytes.
--------------- Build Succeeded: 10/03/2017 14:43:39 ---------------
