ARM GAS  C:\Users\fitto\AppData\Local\Temp\ccCXKvA8.s 			page 1


   1              		.syntax unified
   2              		.cpu cortex-m3
   3              		.fpu softvfp
   4              		.eabi_attribute 20, 1
   5              		.eabi_attribute 21, 1
   6              		.eabi_attribute 23, 3
   7              		.eabi_attribute 24, 1
   8              		.eabi_attribute 25, 1
   9              		.eabi_attribute 26, 1
  10              		.eabi_attribute 30, 1
  11              		.eabi_attribute 34, 1
  12              		.eabi_attribute 18, 4
  13              		.thumb
  14              		.syntax unified
  15              		.file	"main.c"
  16              		.text
  17              	.Ltext0:
  18              		.cfi_sections	.debug_frame
  19              		.section	.text.main,"ax",%progbits
  20              		.align	2
  21              		.global	main
  22              		.thumb
  23              		.thumb_func
  24              		.type	main, %function
  25              	main:
  26              	.LFB64:
  27              		.file 1 "main.c"
   1:main.c        **** /* ========================================
   2:main.c        ****  *
   3:main.c        ****  * Copyright YOUR COMPANY, THE YEAR
   4:main.c        ****  * All Rights Reserved
   5:main.c        ****  * UNPUBLISHED, LICENSED SOFTWARE.
   6:main.c        ****  *
   7:main.c        ****  * CONFIDENTIAL AND PROPRIETARY INFORMATION
   8:main.c        ****  * WHICH IS THE PROPERTY OF your company.
   9:main.c        ****  *
  10:main.c        ****  * ========================================
  11:main.c        **** */
  12:main.c        **** #include "project.h"
  13:main.c        **** #include <stdio.h>
  14:main.c        **** #include <stdlib.h>
  15:main.c        **** #include <cydevice.h>
  16:main.c        **** CY_ISR_PROTO(ISR_UART_rx_handler);
  17:main.c        **** void handleByteReceived(uint8_t byteReceived);
  18:main.c        **** void decreaseSpeed(void);
  19:main.c        **** void increaseSpeed(void);
  20:main.c        **** void driveForwards(void);
  21:main.c        **** void driveBackwards(void);
  22:main.c        **** void stop(void);
  23:main.c        **** int t = 0;
  24:main.c        **** char f[20];
  25:main.c        **** 
  26:main.c        **** int main(void)
  27:main.c        **** {
  28              		.loc 1 27 0
  29              		.cfi_startproc
  30              		@ Volatile: function does not return.
ARM GAS  C:\Users\fitto\AppData\Local\Temp\ccCXKvA8.s 			page 2


  31              		@ args = 0, pretend = 0, frame = 0
  32              		@ frame_needed = 0, uses_anonymous_args = 0
  33 0000 08B5     		push	{r3, lr}
  34              		.cfi_def_cfa_offset 8
  35              		.cfi_offset 3, -8
  36              		.cfi_offset 14, -4
  28:main.c        ****     CyGlobalIntEnable; /* Enable global interrupts. */
  37              		.loc 1 28 0
  38              		.syntax unified
  39              	@ 28 "main.c" 1
  40 0002 62B6     		CPSIE   i
  41              	@ 0 "" 2
  29:main.c        **** 
  30:main.c        ****     
  31:main.c        ****     isr_uart_rx_StartEx(ISR_UART_rx_handler);
  42              		.loc 1 31 0
  43              		.thumb
  44              		.syntax unified
  45 0004 0F48     		ldr	r0, .L4
  46 0006 FFF7FEFF 		bl	isr_uart_rx_StartEx
  47              	.LVL0:
  32:main.c        ****     UART_1_Start();
  48              		.loc 1 32 0
  49 000a FFF7FEFF 		bl	UART_1_Start
  50              	.LVL1:
  33:main.c        ****     PWM_1_Start();
  51              		.loc 1 33 0
  52 000e FFF7FEFF 		bl	PWM_1_Start
  53              	.LVL2:
  34:main.c        ****     test_1_Write(0);        //sætter motoren op til at starte emd at køre forlæns
  54              		.loc 1 34 0
  55 0012 0020     		movs	r0, #0
  56 0014 FFF7FEFF 		bl	test_1_Write
  57              	.LVL3:
  35:main.c        ****     test_2_Write(1); 
  58              		.loc 1 35 0
  59 0018 0120     		movs	r0, #1
  60 001a FFF7FEFF 		bl	test_2_Write
  61              	.LVL4:
  36:main.c        ****     
  37:main.c        ****     UART_1_PutString("DC-Motor-PWM application started\r\n");
  62              		.loc 1 37 0
  63 001e 0A48     		ldr	r0, .L4+4
  64 0020 FFF7FEFF 		bl	UART_1_PutString
  65              	.LVL5:
  38:main.c        ****     UART_1_PutString("0: Stop\r\n");
  66              		.loc 1 38 0
  67 0024 0948     		ldr	r0, .L4+8
  68 0026 FFF7FEFF 		bl	UART_1_PutString
  69              	.LVL6:
  39:main.c        ****     UART_1_PutString("1: Drive forwards\r\n");
  70              		.loc 1 39 0
  71 002a 0948     		ldr	r0, .L4+12
  72 002c FFF7FEFF 		bl	UART_1_PutString
  73              	.LVL7:
  40:main.c        ****     UART_1_PutString("2: Drive backwards\r\n");
  74              		.loc 1 40 0
ARM GAS  C:\Users\fitto\AppData\Local\Temp\ccCXKvA8.s 			page 3


  75 0030 0848     		ldr	r0, .L4+16
  76 0032 FFF7FEFF 		bl	UART_1_PutString
  77              	.LVL8:
  41:main.c        ****     UART_1_PutString("q: Decrease speed\r\n");
  78              		.loc 1 41 0
  79 0036 0848     		ldr	r0, .L4+20
  80 0038 FFF7FEFF 		bl	UART_1_PutString
  81              	.LVL9:
  42:main.c        ****     UART_1_PutString("w: Increase speed\r\n");
  82              		.loc 1 42 0
  83 003c 0748     		ldr	r0, .L4+24
  84 003e FFF7FEFF 		bl	UART_1_PutString
  85              	.LVL10:
  86              	.L2:
  87 0042 FEE7     		b	.L2
  88              	.L5:
  89              		.align	2
  90              	.L4:
  91 0044 00000000 		.word	ISR_UART_rx_handler
  92 0048 00000000 		.word	.LC0
  93 004c 24000000 		.word	.LC1
  94 0050 30000000 		.word	.LC2
  95 0054 44000000 		.word	.LC3
  96 0058 5C000000 		.word	.LC4
  97 005c 70000000 		.word	.LC5
  98              		.cfi_endproc
  99              	.LFE64:
 100              		.size	main, .-main
 101              		.section	.text.decreaseSpeed,"ax",%progbits
 102              		.align	2
 103              		.global	decreaseSpeed
 104              		.thumb
 105              		.thumb_func
 106              		.type	decreaseSpeed, %function
 107              	decreaseSpeed:
 108              	.LFB67:
  43:main.c        **** 
  44:main.c        ****     for(;;)
  45:main.c        ****     {
  46:main.c        ****         
  47:main.c        ****     }
  48:main.c        **** }
  49:main.c        **** 
  50:main.c        **** CY_ISR(ISR_UART_rx_handler)
  51:main.c        **** {
  52:main.c        ****     uint8_t bytesToRead = UART_1_GetRxBufferSize();
  53:main.c        ****     while (bytesToRead > 0)
  54:main.c        ****     {
  55:main.c        ****         uint8_t byteReceived = UART_1_ReadRxData();
  56:main.c        ****         UART_1_WriteTxData(byteReceived); // echo back
  57:main.c        ****         
  58:main.c        ****         handleByteReceived(byteReceived);
  59:main.c        ****         
  60:main.c        ****         bytesToRead--;
  61:main.c        ****     }
  62:main.c        **** }
  63:main.c        **** 
ARM GAS  C:\Users\fitto\AppData\Local\Temp\ccCXKvA8.s 			page 4


  64:main.c        **** void handleByteReceived(uint8_t byteReceived)
  65:main.c        **** {
  66:main.c        ****     switch(byteReceived)
  67:main.c        ****     {
  68:main.c        ****         case 'q' :
  69:main.c        ****         {
  70:main.c        ****             decreaseSpeed();
  71:main.c        ****         }
  72:main.c        ****         break;
  73:main.c        ****         case 'w' :
  74:main.c        ****         {
  75:main.c        ****             increaseSpeed();
  76:main.c        ****         }
  77:main.c        ****         break;
  78:main.c        ****         case '1' :
  79:main.c        ****         {
  80:main.c        ****             driveForwards();
  81:main.c        ****         }
  82:main.c        ****         break;
  83:main.c        ****         case '2' :
  84:main.c        ****         {
  85:main.c        ****             driveBackwards();
  86:main.c        ****         }
  87:main.c        ****         break;
  88:main.c        ****         case '0' :
  89:main.c        ****         {
  90:main.c        ****             stop();
  91:main.c        ****             
  92:main.c        ****         }
  93:main.c        ****         break;
  94:main.c        ****         default :
  95:main.c        ****         {
  96:main.c        ****             // nothing
  97:main.c        ****         }
  98:main.c        ****         break;
  99:main.c        ****     }
 100:main.c        **** }
 101:main.c        **** 
 102:main.c        **** void decreaseSpeed()
 103:main.c        **** {
 109              		.loc 1 103 0
 110              		.cfi_startproc
 111              		@ args = 0, pretend = 0, frame = 0
 112              		@ frame_needed = 0, uses_anonymous_args = 0
 113 0000 10B5     		push	{r4, lr}
 114              		.cfi_def_cfa_offset 8
 115              		.cfi_offset 4, -8
 116              		.cfi_offset 14, -4
 104:main.c        ****     UART_1_PutString("Decreasing speed\r\n");
 117              		.loc 1 104 0
 118 0002 0E48     		ldr	r0, .L9
 119 0004 FFF7FEFF 		bl	UART_1_PutString
 120              	.LVL11:
 105:main.c        ****     PWM_1_Start();          
 121              		.loc 1 105 0
 122 0008 FFF7FEFF 		bl	PWM_1_Start
 123              	.LVL12:
ARM GAS  C:\Users\fitto\AppData\Local\Temp\ccCXKvA8.s 			page 5


 106:main.c        ****     t = PWM_1_ReadPeriod();                         //gemmer den nuværendene periode
 124              		.loc 1 106 0
 125 000c FFF7FEFF 		bl	PWM_1_ReadPeriod
 126              	.LVL13:
 127 0010 0B4B     		ldr	r3, .L9+4
 128 0012 1860     		str	r0, [r3]
 107:main.c        ****     if(t<=255){                                     //sikre os at perioden ikke overstiger 255
 129              		.loc 1 107 0
 130 0014 FF28     		cmp	r0, #255
 131 0016 0BDC     		bgt	.L7
 108:main.c        ****         t++;
 132              		.loc 1 108 0
 133 0018 431C     		adds	r3, r0, #1
 134 001a 094A     		ldr	r2, .L9+4
 135 001c 1360     		str	r3, [r2]
 109:main.c        ****         snprintf(f, sizeof(f),"verdi:  %d\r\n", t); 
 136              		.loc 1 109 0
 137 001e 094C     		ldr	r4, .L9+8
 138 0020 094A     		ldr	r2, .L9+12
 139 0022 1421     		movs	r1, #20
 140 0024 2046     		mov	r0, r4
 141 0026 FFF7FEFF 		bl	snprintf
 142              	.LVL14:
 110:main.c        ****         UART_1_PutString(f);                        //udskriver den nye periode
 143              		.loc 1 110 0
 144 002a 2046     		mov	r0, r4
 145 002c FFF7FEFF 		bl	UART_1_PutString
 146              	.LVL15:
 147              	.L7:
 111:main.c        ****     }
 112:main.c        ****     else{}
 113:main.c        ****     PWM_1_WritePeriod(t);                           //sætter den nye periode
 148              		.loc 1 113 0
 149 0030 034B     		ldr	r3, .L9+4
 150 0032 1878     		ldrb	r0, [r3]	@ zero_extendqisi2
 151 0034 FFF7FEFF 		bl	PWM_1_WritePeriod
 152              	.LVL16:
 153 0038 10BD     		pop	{r4, pc}
 154              	.L10:
 155 003a 00BF     		.align	2
 156              	.L9:
 157 003c 84000000 		.word	.LC6
 158 0040 00000000 		.word	.LANCHOR0
 159 0044 00000000 		.word	f
 160 0048 98000000 		.word	.LC7
 161              		.cfi_endproc
 162              	.LFE67:
 163              		.size	decreaseSpeed, .-decreaseSpeed
 164              		.section	.text.increaseSpeed,"ax",%progbits
 165              		.align	2
 166              		.global	increaseSpeed
 167              		.thumb
 168              		.thumb_func
 169              		.type	increaseSpeed, %function
 170              	increaseSpeed:
 171              	.LFB68:
 114:main.c        **** }
ARM GAS  C:\Users\fitto\AppData\Local\Temp\ccCXKvA8.s 			page 6


 115:main.c        **** 
 116:main.c        **** void increaseSpeed()
 117:main.c        **** {
 172              		.loc 1 117 0
 173              		.cfi_startproc
 174              		@ args = 0, pretend = 0, frame = 0
 175              		@ frame_needed = 0, uses_anonymous_args = 0
 176 0000 10B5     		push	{r4, lr}
 177              		.cfi_def_cfa_offset 8
 178              		.cfi_offset 4, -8
 179              		.cfi_offset 14, -4
 118:main.c        ****     UART_1_PutString("Increasing speed\r\n");
 180              		.loc 1 118 0
 181 0002 0E48     		ldr	r0, .L14
 182 0004 FFF7FEFF 		bl	UART_1_PutString
 183              	.LVL17:
 119:main.c        ****     PWM_1_Start();
 184              		.loc 1 119 0
 185 0008 FFF7FEFF 		bl	PWM_1_Start
 186              	.LVL18:
 120:main.c        ****     t = PWM_1_ReadPeriod();
 187              		.loc 1 120 0
 188 000c FFF7FEFF 		bl	PWM_1_ReadPeriod
 189              	.LVL19:
 190 0010 0B4B     		ldr	r3, .L14+4
 191 0012 1860     		str	r0, [r3]
 121:main.c        ****     if(t>=51){                                      //sikre at perioden ikke kommer under 51
 192              		.loc 1 121 0
 193 0014 3228     		cmp	r0, #50
 194 0016 0BDD     		ble	.L12
 122:main.c        ****         t--;
 195              		.loc 1 122 0
 196 0018 431E     		subs	r3, r0, #1
 197 001a 094A     		ldr	r2, .L14+4
 198 001c 1360     		str	r3, [r2]
 123:main.c        ****         snprintf(f, sizeof(f),"verdi:  %d\r\n", t);
 199              		.loc 1 123 0
 200 001e 094C     		ldr	r4, .L14+8
 201 0020 094A     		ldr	r2, .L14+12
 202 0022 1421     		movs	r1, #20
 203 0024 2046     		mov	r0, r4
 204 0026 FFF7FEFF 		bl	snprintf
 205              	.LVL20:
 124:main.c        ****         UART_1_PutString(f);
 206              		.loc 1 124 0
 207 002a 2046     		mov	r0, r4
 208 002c FFF7FEFF 		bl	UART_1_PutString
 209              	.LVL21:
 210              	.L12:
 125:main.c        ****     }
 126:main.c        ****     else{}
 127:main.c        ****     PWM_1_WritePeriod(t);
 211              		.loc 1 127 0
 212 0030 034B     		ldr	r3, .L14+4
 213 0032 1878     		ldrb	r0, [r3]	@ zero_extendqisi2
 214 0034 FFF7FEFF 		bl	PWM_1_WritePeriod
 215              	.LVL22:
ARM GAS  C:\Users\fitto\AppData\Local\Temp\ccCXKvA8.s 			page 7


 216 0038 10BD     		pop	{r4, pc}
 217              	.L15:
 218 003a 00BF     		.align	2
 219              	.L14:
 220 003c A8000000 		.word	.LC8
 221 0040 00000000 		.word	.LANCHOR0
 222 0044 00000000 		.word	f
 223 0048 98000000 		.word	.LC7
 224              		.cfi_endproc
 225              	.LFE68:
 226              		.size	increaseSpeed, .-increaseSpeed
 227              		.section	.text.driveForwards,"ax",%progbits
 228              		.align	2
 229              		.global	driveForwards
 230              		.thumb
 231              		.thumb_func
 232              		.type	driveForwards, %function
 233              	driveForwards:
 234              	.LFB69:
 128:main.c        **** }
 129:main.c        **** 
 130:main.c        **** void driveForwards()
 131:main.c        **** {
 235              		.loc 1 131 0
 236              		.cfi_startproc
 237              		@ args = 0, pretend = 0, frame = 0
 238              		@ frame_needed = 0, uses_anonymous_args = 0
 239 0000 08B5     		push	{r3, lr}
 240              		.cfi_def_cfa_offset 8
 241              		.cfi_offset 3, -8
 242              		.cfi_offset 14, -4
 132:main.c        ****     UART_1_PutString("Set direction: forwards\r\n");
 243              		.loc 1 132 0
 244 0002 0648     		ldr	r0, .L18
 245 0004 FFF7FEFF 		bl	UART_1_PutString
 246              	.LVL23:
 133:main.c        ****     PWM_1_Start();
 247              		.loc 1 133 0
 248 0008 FFF7FEFF 		bl	PWM_1_Start
 249              	.LVL24:
 134:main.c        ****     //ændre retningen til at køre forlæns
 135:main.c        ****     test_2_Write(0); 
 250              		.loc 1 135 0
 251 000c 0020     		movs	r0, #0
 252 000e FFF7FEFF 		bl	test_2_Write
 253              	.LVL25:
 136:main.c        ****     test_1_Write(1); 
 254              		.loc 1 136 0
 255 0012 0120     		movs	r0, #1
 256 0014 FFF7FEFF 		bl	test_1_Write
 257              	.LVL26:
 258 0018 08BD     		pop	{r3, pc}
 259              	.L19:
 260 001a 00BF     		.align	2
 261              	.L18:
 262 001c BC000000 		.word	.LC9
 263              		.cfi_endproc
ARM GAS  C:\Users\fitto\AppData\Local\Temp\ccCXKvA8.s 			page 8


 264              	.LFE69:
 265              		.size	driveForwards, .-driveForwards
 266              		.section	.text.driveBackwards,"ax",%progbits
 267              		.align	2
 268              		.global	driveBackwards
 269              		.thumb
 270              		.thumb_func
 271              		.type	driveBackwards, %function
 272              	driveBackwards:
 273              	.LFB70:
 137:main.c        **** }
 138:main.c        **** 
 139:main.c        **** void driveBackwards()
 140:main.c        **** {
 274              		.loc 1 140 0
 275              		.cfi_startproc
 276              		@ args = 0, pretend = 0, frame = 0
 277              		@ frame_needed = 0, uses_anonymous_args = 0
 278 0000 08B5     		push	{r3, lr}
 279              		.cfi_def_cfa_offset 8
 280              		.cfi_offset 3, -8
 281              		.cfi_offset 14, -4
 141:main.c        ****     UART_1_PutString("Set direction: backwards\r\n");
 282              		.loc 1 141 0
 283 0002 0648     		ldr	r0, .L22
 284 0004 FFF7FEFF 		bl	UART_1_PutString
 285              	.LVL27:
 142:main.c        ****     PWM_1_Start();
 286              		.loc 1 142 0
 287 0008 FFF7FEFF 		bl	PWM_1_Start
 288              	.LVL28:
 143:main.c        ****     //ændre retningen til at køre baglæns
 144:main.c        ****     test_1_Write(0); 
 289              		.loc 1 144 0
 290 000c 0020     		movs	r0, #0
 291 000e FFF7FEFF 		bl	test_1_Write
 292              	.LVL29:
 145:main.c        ****     test_2_Write(1); 
 293              		.loc 1 145 0
 294 0012 0120     		movs	r0, #1
 295 0014 FFF7FEFF 		bl	test_2_Write
 296              	.LVL30:
 297 0018 08BD     		pop	{r3, pc}
 298              	.L23:
 299 001a 00BF     		.align	2
 300              	.L22:
 301 001c D8000000 		.word	.LC10
 302              		.cfi_endproc
 303              	.LFE70:
 304              		.size	driveBackwards, .-driveBackwards
 305              		.section	.text.stop,"ax",%progbits
 306              		.align	2
 307              		.global	stop
 308              		.thumb
 309              		.thumb_func
 310              		.type	stop, %function
 311              	stop:
ARM GAS  C:\Users\fitto\AppData\Local\Temp\ccCXKvA8.s 			page 9


 312              	.LFB71:
 146:main.c        **** }
 147:main.c        **** 
 148:main.c        **** void stop()
 149:main.c        **** {
 313              		.loc 1 149 0
 314              		.cfi_startproc
 315              		@ args = 0, pretend = 0, frame = 0
 316              		@ frame_needed = 0, uses_anonymous_args = 0
 317 0000 08B5     		push	{r3, lr}
 318              		.cfi_def_cfa_offset 8
 319              		.cfi_offset 3, -8
 320              		.cfi_offset 14, -4
 150:main.c        ****     UART_1_PutString("Stop\r\n");
 321              		.loc 1 150 0
 322 0002 0348     		ldr	r0, .L26
 323 0004 FFF7FEFF 		bl	UART_1_PutString
 324              	.LVL31:
 151:main.c        ****     PWM_1_Stop();
 325              		.loc 1 151 0
 326 0008 FFF7FEFF 		bl	PWM_1_Stop
 327              	.LVL32:
 328 000c 08BD     		pop	{r3, pc}
 329              	.L27:
 330 000e 00BF     		.align	2
 331              	.L26:
 332 0010 F4000000 		.word	.LC11
 333              		.cfi_endproc
 334              	.LFE71:
 335              		.size	stop, .-stop
 336              		.section	.text.handleByteReceived,"ax",%progbits
 337              		.align	2
 338              		.global	handleByteReceived
 339              		.thumb
 340              		.thumb_func
 341              		.type	handleByteReceived, %function
 342              	handleByteReceived:
 343              	.LFB66:
  65:main.c        ****     switch(byteReceived)
 344              		.loc 1 65 0
 345              		.cfi_startproc
 346              		@ args = 0, pretend = 0, frame = 0
 347              		@ frame_needed = 0, uses_anonymous_args = 0
 348              	.LVL33:
 349 0000 08B5     		push	{r3, lr}
 350              		.cfi_def_cfa_offset 8
 351              		.cfi_offset 3, -8
 352              		.cfi_offset 14, -4
  66:main.c        ****     {
 353              		.loc 1 66 0
 354 0002 3228     		cmp	r0, #50
 355 0004 13D0     		beq	.L30
 356 0006 04D8     		bhi	.L31
 357 0008 3028     		cmp	r0, #48
 358 000a 13D0     		beq	.L32
 359 000c 3128     		cmp	r0, #49
 360 000e 0BD0     		beq	.L33
ARM GAS  C:\Users\fitto\AppData\Local\Temp\ccCXKvA8.s 			page 10


 361 0010 08BD     		pop	{r3, pc}
 362              	.L31:
 363 0012 7128     		cmp	r0, #113
 364 0014 02D0     		beq	.L34
 365 0016 7728     		cmp	r0, #119
 366 0018 03D0     		beq	.L35
 367 001a 08BD     		pop	{r3, pc}
 368              	.L34:
  70:main.c        ****         }
 369              		.loc 1 70 0
 370 001c FFF7FEFF 		bl	decreaseSpeed
 371              	.LVL34:
  72:main.c        ****         case 'w' :
 372              		.loc 1 72 0
 373 0020 08BD     		pop	{r3, pc}
 374              	.LVL35:
 375              	.L35:
  75:main.c        ****         }
 376              		.loc 1 75 0
 377 0022 FFF7FEFF 		bl	increaseSpeed
 378              	.LVL36:
  77:main.c        ****         case '1' :
 379              		.loc 1 77 0
 380 0026 08BD     		pop	{r3, pc}
 381              	.LVL37:
 382              	.L33:
  80:main.c        ****         }
 383              		.loc 1 80 0
 384 0028 FFF7FEFF 		bl	driveForwards
 385              	.LVL38:
  82:main.c        ****         case '2' :
 386              		.loc 1 82 0
 387 002c 08BD     		pop	{r3, pc}
 388              	.LVL39:
 389              	.L30:
  85:main.c        ****         }
 390              		.loc 1 85 0
 391 002e FFF7FEFF 		bl	driveBackwards
 392              	.LVL40:
  87:main.c        ****         case '0' :
 393              		.loc 1 87 0
 394 0032 08BD     		pop	{r3, pc}
 395              	.LVL41:
 396              	.L32:
  90:main.c        ****             
 397              		.loc 1 90 0
 398 0034 FFF7FEFF 		bl	stop
 399              	.LVL42:
 400 0038 08BD     		pop	{r3, pc}
 401              		.cfi_endproc
 402              	.LFE66:
 403              		.size	handleByteReceived, .-handleByteReceived
 404 003a 00BF     		.section	.text.ISR_UART_rx_handler,"ax",%progbits
 405              		.align	2
 406              		.global	ISR_UART_rx_handler
 407              		.thumb
 408              		.thumb_func
ARM GAS  C:\Users\fitto\AppData\Local\Temp\ccCXKvA8.s 			page 11


 409              		.type	ISR_UART_rx_handler, %function
 410              	ISR_UART_rx_handler:
 411              	.LFB65:
  51:main.c        ****     uint8_t bytesToRead = UART_1_GetRxBufferSize();
 412              		.loc 1 51 0
 413              		.cfi_startproc
 414              		@ args = 0, pretend = 0, frame = 0
 415              		@ frame_needed = 0, uses_anonymous_args = 0
 416 0000 38B5     		push	{r3, r4, r5, lr}
 417              		.cfi_def_cfa_offset 16
 418              		.cfi_offset 3, -16
 419              		.cfi_offset 4, -12
 420              		.cfi_offset 5, -8
 421              		.cfi_offset 14, -4
  52:main.c        ****     while (bytesToRead > 0)
 422              		.loc 1 52 0
 423 0002 FFF7FEFF 		bl	UART_1_GetRxBufferSize
 424              	.LVL43:
 425 0006 0446     		mov	r4, r0
 426              	.LVL44:
  53:main.c        ****     {
 427              		.loc 1 53 0
 428 0008 09E0     		b	.L38
 429              	.L39:
 430              	.LBB2:
  55:main.c        ****         UART_1_WriteTxData(byteReceived); // echo back
 431              		.loc 1 55 0
 432 000a FFF7FEFF 		bl	UART_1_ReadRxData
 433              	.LVL45:
 434 000e 0546     		mov	r5, r0
 435              	.LVL46:
  56:main.c        ****         
 436              		.loc 1 56 0
 437 0010 FFF7FEFF 		bl	UART_1_WriteTxData
 438              	.LVL47:
  58:main.c        ****         
 439              		.loc 1 58 0
 440 0014 2846     		mov	r0, r5
 441 0016 FFF7FEFF 		bl	handleByteReceived
 442              	.LVL48:
  60:main.c        ****     }
 443              		.loc 1 60 0
 444 001a 013C     		subs	r4, r4, #1
 445              	.LVL49:
 446 001c E4B2     		uxtb	r4, r4
 447              	.LVL50:
 448              	.L38:
 449              	.LBE2:
  53:main.c        ****     {
 450              		.loc 1 53 0
 451 001e 002C     		cmp	r4, #0
 452 0020 F3D1     		bne	.L39
  62:main.c        **** 
 453              		.loc 1 62 0
 454 0022 38BD     		pop	{r3, r4, r5, pc}
 455              		.cfi_endproc
 456              	.LFE65:
ARM GAS  C:\Users\fitto\AppData\Local\Temp\ccCXKvA8.s 			page 12


 457              		.size	ISR_UART_rx_handler, .-ISR_UART_rx_handler
 458              		.comm	f,20,4
 459              		.global	t
 460              		.section	.rodata.str1.4,"aMS",%progbits,1
 461              		.align	2
 462              	.LC0:
 463 0000 44432D4D 		.ascii	"DC-Motor-PWM application started\015\012\000"
 463      6F746F72 
 463      2D50574D 
 463      20617070 
 463      6C696361 
 464 0023 00       		.space	1
 465              	.LC1:
 466 0024 303A2053 		.ascii	"0: Stop\015\012\000"
 466      746F700D 
 466      0A00
 467 002e 0000     		.space	2
 468              	.LC2:
 469 0030 313A2044 		.ascii	"1: Drive forwards\015\012\000"
 469      72697665 
 469      20666F72 
 469      77617264 
 469      730D0A00 
 470              	.LC3:
 471 0044 323A2044 		.ascii	"2: Drive backwards\015\012\000"
 471      72697665 
 471      20626163 
 471      6B776172 
 471      64730D0A 
 472 0059 000000   		.space	3
 473              	.LC4:
 474 005c 713A2044 		.ascii	"q: Decrease speed\015\012\000"
 474      65637265 
 474      61736520 
 474      73706565 
 474      640D0A00 
 475              	.LC5:
 476 0070 773A2049 		.ascii	"w: Increase speed\015\012\000"
 476      6E637265 
 476      61736520 
 476      73706565 
 476      640D0A00 
 477              	.LC6:
 478 0084 44656372 		.ascii	"Decreasing speed\015\012\000"
 478      65617369 
 478      6E672073 
 478      70656564 
 478      0D0A00
 479 0097 00       		.space	1
 480              	.LC7:
 481 0098 76657264 		.ascii	"verdi:  %d\015\012\000"
 481      693A2020 
 481      25640D0A 
 481      00
 482 00a5 000000   		.space	3
 483              	.LC8:
 484 00a8 496E6372 		.ascii	"Increasing speed\015\012\000"
ARM GAS  C:\Users\fitto\AppData\Local\Temp\ccCXKvA8.s 			page 13


 484      65617369 
 484      6E672073 
 484      70656564 
 484      0D0A00
 485 00bb 00       		.space	1
 486              	.LC9:
 487 00bc 53657420 		.ascii	"Set direction: forwards\015\012\000"
 487      64697265 
 487      6374696F 
 487      6E3A2066 
 487      6F727761 
 488 00d6 0000     		.space	2
 489              	.LC10:
 490 00d8 53657420 		.ascii	"Set direction: backwards\015\012\000"
 490      64697265 
 490      6374696F 
 490      6E3A2062 
 490      61636B77 
 491 00f3 00       		.space	1
 492              	.LC11:
 493 00f4 53746F70 		.ascii	"Stop\015\012\000"
 493      0D0A00
 494              		.bss
 495              		.align	2
 496              		.set	.LANCHOR0,. + 0
 497              		.type	t, %object
 498              		.size	t, 4
 499              	t:
 500 0000 00000000 		.space	4
 501              		.text
 502              	.Letext0:
 503              		.file 2 "c:\\program files (x86)\\cypress\\psoc creator\\4.1\\psoc creator\\import\\gnu\\arm\\5.4.
 504              		.file 3 "c:\\program files (x86)\\cypress\\psoc creator\\4.1\\psoc creator\\import\\gnu\\arm\\5.4.
 505              		.file 4 "Generated_Source\\PSoC5/isr_uart_rx.h"
 506              		.file 5 "Generated_Source\\PSoC5/UART_1.h"
 507              		.file 6 "Generated_Source\\PSoC5/PWM_1.h"
 508              		.file 7 "Generated_Source\\PSoC5/test_1.h"
 509              		.file 8 "Generated_Source\\PSoC5/test_2.h"
 510              		.file 9 "c:\\program files (x86)\\cypress\\psoc creator\\4.1\\psoc creator\\import\\gnu\\arm\\5.4.
 511              		.file 10 "Generated_Source\\PSoC5/core_cm3.h"
 512              		.section	.debug_info,"",%progbits
 513              	.Ldebug_info0:
 514 0000 20050000 		.4byte	0x520
 515 0004 0400     		.2byte	0x4
 516 0006 00000000 		.4byte	.Ldebug_abbrev0
 517 000a 04       		.byte	0x4
 518 000b 01       		.uleb128 0x1
 519 000c 64000000 		.4byte	.LASF41
 520 0010 0C       		.byte	0xc
 521 0011 14020000 		.4byte	.LASF42
 522 0015 2E020000 		.4byte	.LASF43
 523 0019 00000000 		.4byte	.Ldebug_ranges0+0
 524 001d 00000000 		.4byte	0
 525 0021 00000000 		.4byte	.Ldebug_line0
 526 0025 02       		.uleb128 0x2
 527 0026 01       		.byte	0x1
 528 0027 06       		.byte	0x6
ARM GAS  C:\Users\fitto\AppData\Local\Temp\ccCXKvA8.s 			page 14


 529 0028 DA020000 		.4byte	.LASF0
 530 002c 03       		.uleb128 0x3
 531 002d 14000000 		.4byte	.LASF4
 532 0031 02       		.byte	0x2
 533 0032 1D       		.byte	0x1d
 534 0033 37000000 		.4byte	0x37
 535 0037 02       		.uleb128 0x2
 536 0038 01       		.byte	0x1
 537 0039 08       		.byte	0x8
 538 003a 56000000 		.4byte	.LASF1
 539 003e 02       		.uleb128 0x2
 540 003f 02       		.byte	0x2
 541 0040 05       		.byte	0x5
 542 0041 A3020000 		.4byte	.LASF2
 543 0045 02       		.uleb128 0x2
 544 0046 02       		.byte	0x2
 545 0047 07       		.byte	0x7
 546 0048 31000000 		.4byte	.LASF3
 547 004c 03       		.uleb128 0x3
 548 004d 1E000000 		.4byte	.LASF5
 549 0051 02       		.byte	0x2
 550 0052 3F       		.byte	0x3f
 551 0053 57000000 		.4byte	0x57
 552 0057 02       		.uleb128 0x2
 553 0058 04       		.byte	0x4
 554 0059 05       		.byte	0x5
 555 005a C5020000 		.4byte	.LASF6
 556 005e 02       		.uleb128 0x2
 557 005f 04       		.byte	0x4
 558 0060 07       		.byte	0x7
 559 0061 06010000 		.4byte	.LASF7
 560 0065 02       		.uleb128 0x2
 561 0066 08       		.byte	0x8
 562 0067 05       		.byte	0x5
 563 0068 06020000 		.4byte	.LASF8
 564 006c 02       		.uleb128 0x2
 565 006d 08       		.byte	0x8
 566 006e 07       		.byte	0x7
 567 006f A2010000 		.4byte	.LASF9
 568 0073 04       		.uleb128 0x4
 569 0074 04       		.byte	0x4
 570 0075 05       		.byte	0x5
 571 0076 696E7400 		.ascii	"int\000"
 572 007a 02       		.uleb128 0x2
 573 007b 04       		.byte	0x4
 574 007c 07       		.byte	0x7
 575 007d 87010000 		.4byte	.LASF10
 576 0081 03       		.uleb128 0x3
 577 0082 B9010000 		.4byte	.LASF11
 578 0086 03       		.byte	0x3
 579 0087 18       		.byte	0x18
 580 0088 2C000000 		.4byte	0x2c
 581 008c 03       		.uleb128 0x3
 582 008d E6010000 		.4byte	.LASF12
 583 0091 03       		.byte	0x3
 584 0092 2C       		.byte	0x2c
 585 0093 4C000000 		.4byte	0x4c
ARM GAS  C:\Users\fitto\AppData\Local\Temp\ccCXKvA8.s 			page 15


 586 0097 02       		.uleb128 0x2
 587 0098 04       		.byte	0x4
 588 0099 04       		.byte	0x4
 589 009a 50000000 		.4byte	.LASF13
 590 009e 02       		.uleb128 0x2
 591 009f 08       		.byte	0x8
 592 00a0 04       		.byte	0x4
 593 00a1 5B010000 		.4byte	.LASF14
 594 00a5 02       		.uleb128 0x2
 595 00a6 01       		.byte	0x1
 596 00a7 08       		.byte	0x8
 597 00a8 1B020000 		.4byte	.LASF15
 598 00ac 02       		.uleb128 0x2
 599 00ad 08       		.byte	0x8
 600 00ae 04       		.byte	0x4
 601 00af CE020000 		.4byte	.LASF16
 602 00b3 02       		.uleb128 0x2
 603 00b4 04       		.byte	0x4
 604 00b5 07       		.byte	0x7
 605 00b6 FD010000 		.4byte	.LASF17
 606 00ba 05       		.uleb128 0x5
 607 00bb 62010000 		.4byte	.LASF44
 608 00bf 01       		.byte	0x1
 609 00c0 1A       		.byte	0x1a
 610 00c1 73000000 		.4byte	0x73
 611 00c5 00000000 		.4byte	.LFB64
 612 00c9 60000000 		.4byte	.LFE64-.LFB64
 613 00cd 01       		.uleb128 0x1
 614 00ce 9C       		.byte	0x9c
 615 00cf A9010000 		.4byte	0x1a9
 616 00d3 06       		.uleb128 0x6
 617 00d4 0A000000 		.4byte	.LVL0
 618 00d8 94040000 		.4byte	0x494
 619 00dc EA000000 		.4byte	0xea
 620 00e0 07       		.uleb128 0x7
 621 00e1 01       		.uleb128 0x1
 622 00e2 50       		.byte	0x50
 623 00e3 05       		.uleb128 0x5
 624 00e4 03       		.byte	0x3
 625 00e5 00000000 		.4byte	ISR_UART_rx_handler
 626 00e9 00       		.byte	0
 627 00ea 08       		.uleb128 0x8
 628 00eb 0E000000 		.4byte	.LVL1
 629 00ef 9F040000 		.4byte	0x49f
 630 00f3 08       		.uleb128 0x8
 631 00f4 12000000 		.4byte	.LVL2
 632 00f8 AA040000 		.4byte	0x4aa
 633 00fc 06       		.uleb128 0x6
 634 00fd 18000000 		.4byte	.LVL3
 635 0101 B5040000 		.4byte	0x4b5
 636 0105 0F010000 		.4byte	0x10f
 637 0109 07       		.uleb128 0x7
 638 010a 01       		.uleb128 0x1
 639 010b 50       		.byte	0x50
 640 010c 01       		.uleb128 0x1
 641 010d 30       		.byte	0x30
 642 010e 00       		.byte	0
ARM GAS  C:\Users\fitto\AppData\Local\Temp\ccCXKvA8.s 			page 16


 643 010f 06       		.uleb128 0x6
 644 0110 1E000000 		.4byte	.LVL4
 645 0114 C0040000 		.4byte	0x4c0
 646 0118 22010000 		.4byte	0x122
 647 011c 07       		.uleb128 0x7
 648 011d 01       		.uleb128 0x1
 649 011e 50       		.byte	0x50
 650 011f 01       		.uleb128 0x1
 651 0120 31       		.byte	0x31
 652 0121 00       		.byte	0
 653 0122 06       		.uleb128 0x6
 654 0123 24000000 		.4byte	.LVL5
 655 0127 CB040000 		.4byte	0x4cb
 656 012b 39010000 		.4byte	0x139
 657 012f 07       		.uleb128 0x7
 658 0130 01       		.uleb128 0x1
 659 0131 50       		.byte	0x50
 660 0132 05       		.uleb128 0x5
 661 0133 03       		.byte	0x3
 662 0134 00000000 		.4byte	.LC0
 663 0138 00       		.byte	0
 664 0139 06       		.uleb128 0x6
 665 013a 2A000000 		.4byte	.LVL6
 666 013e CB040000 		.4byte	0x4cb
 667 0142 50010000 		.4byte	0x150
 668 0146 07       		.uleb128 0x7
 669 0147 01       		.uleb128 0x1
 670 0148 50       		.byte	0x50
 671 0149 05       		.uleb128 0x5
 672 014a 03       		.byte	0x3
 673 014b 24000000 		.4byte	.LC1
 674 014f 00       		.byte	0
 675 0150 06       		.uleb128 0x6
 676 0151 30000000 		.4byte	.LVL7
 677 0155 CB040000 		.4byte	0x4cb
 678 0159 67010000 		.4byte	0x167
 679 015d 07       		.uleb128 0x7
 680 015e 01       		.uleb128 0x1
 681 015f 50       		.byte	0x50
 682 0160 05       		.uleb128 0x5
 683 0161 03       		.byte	0x3
 684 0162 30000000 		.4byte	.LC2
 685 0166 00       		.byte	0
 686 0167 06       		.uleb128 0x6
 687 0168 36000000 		.4byte	.LVL8
 688 016c CB040000 		.4byte	0x4cb
 689 0170 7E010000 		.4byte	0x17e
 690 0174 07       		.uleb128 0x7
 691 0175 01       		.uleb128 0x1
 692 0176 50       		.byte	0x50
 693 0177 05       		.uleb128 0x5
 694 0178 03       		.byte	0x3
 695 0179 44000000 		.4byte	.LC3
 696 017d 00       		.byte	0
 697 017e 06       		.uleb128 0x6
 698 017f 3C000000 		.4byte	.LVL9
 699 0183 CB040000 		.4byte	0x4cb
ARM GAS  C:\Users\fitto\AppData\Local\Temp\ccCXKvA8.s 			page 17


 700 0187 95010000 		.4byte	0x195
 701 018b 07       		.uleb128 0x7
 702 018c 01       		.uleb128 0x1
 703 018d 50       		.byte	0x50
 704 018e 05       		.uleb128 0x5
 705 018f 03       		.byte	0x3
 706 0190 5C000000 		.4byte	.LC4
 707 0194 00       		.byte	0
 708 0195 09       		.uleb128 0x9
 709 0196 42000000 		.4byte	.LVL10
 710 019a CB040000 		.4byte	0x4cb
 711 019e 07       		.uleb128 0x7
 712 019f 01       		.uleb128 0x1
 713 01a0 50       		.byte	0x50
 714 01a1 05       		.uleb128 0x5
 715 01a2 03       		.byte	0x3
 716 01a3 70000000 		.4byte	.LC5
 717 01a7 00       		.byte	0
 718 01a8 00       		.byte	0
 719 01a9 0A       		.uleb128 0xa
 720 01aa 20020000 		.4byte	.LASF18
 721 01ae 01       		.byte	0x1
 722 01af 66       		.byte	0x66
 723 01b0 00000000 		.4byte	.LFB67
 724 01b4 4C000000 		.4byte	.LFE67-.LFB67
 725 01b8 01       		.uleb128 0x1
 726 01b9 9C       		.byte	0x9c
 727 01ba 27020000 		.4byte	0x227
 728 01be 06       		.uleb128 0x6
 729 01bf 08000000 		.4byte	.LVL11
 730 01c3 CB040000 		.4byte	0x4cb
 731 01c7 D5010000 		.4byte	0x1d5
 732 01cb 07       		.uleb128 0x7
 733 01cc 01       		.uleb128 0x1
 734 01cd 50       		.byte	0x50
 735 01ce 05       		.uleb128 0x5
 736 01cf 03       		.byte	0x3
 737 01d0 84000000 		.4byte	.LC6
 738 01d4 00       		.byte	0
 739 01d5 08       		.uleb128 0x8
 740 01d6 0C000000 		.4byte	.LVL12
 741 01da AA040000 		.4byte	0x4aa
 742 01de 08       		.uleb128 0x8
 743 01df 10000000 		.4byte	.LVL13
 744 01e3 D6040000 		.4byte	0x4d6
 745 01e7 06       		.uleb128 0x6
 746 01e8 2A000000 		.4byte	.LVL14
 747 01ec E1040000 		.4byte	0x4e1
 748 01f0 09020000 		.4byte	0x209
 749 01f4 07       		.uleb128 0x7
 750 01f5 01       		.uleb128 0x1
 751 01f6 50       		.byte	0x50
 752 01f7 02       		.uleb128 0x2
 753 01f8 74       		.byte	0x74
 754 01f9 00       		.sleb128 0
 755 01fa 07       		.uleb128 0x7
 756 01fb 01       		.uleb128 0x1
ARM GAS  C:\Users\fitto\AppData\Local\Temp\ccCXKvA8.s 			page 18


 757 01fc 51       		.byte	0x51
 758 01fd 01       		.uleb128 0x1
 759 01fe 44       		.byte	0x44
 760 01ff 07       		.uleb128 0x7
 761 0200 01       		.uleb128 0x1
 762 0201 52       		.byte	0x52
 763 0202 05       		.uleb128 0x5
 764 0203 03       		.byte	0x3
 765 0204 98000000 		.4byte	.LC7
 766 0208 00       		.byte	0
 767 0209 06       		.uleb128 0x6
 768 020a 30000000 		.4byte	.LVL15
 769 020e CB040000 		.4byte	0x4cb
 770 0212 1D020000 		.4byte	0x21d
 771 0216 07       		.uleb128 0x7
 772 0217 01       		.uleb128 0x1
 773 0218 50       		.byte	0x50
 774 0219 02       		.uleb128 0x2
 775 021a 74       		.byte	0x74
 776 021b 00       		.sleb128 0
 777 021c 00       		.byte	0
 778 021d 08       		.uleb128 0x8
 779 021e 38000000 		.4byte	.LVL16
 780 0222 EC040000 		.4byte	0x4ec
 781 0226 00       		.byte	0
 782 0227 0A       		.uleb128 0xa
 783 0228 D8010000 		.4byte	.LASF19
 784 022c 01       		.byte	0x1
 785 022d 74       		.byte	0x74
 786 022e 00000000 		.4byte	.LFB68
 787 0232 4C000000 		.4byte	.LFE68-.LFB68
 788 0236 01       		.uleb128 0x1
 789 0237 9C       		.byte	0x9c
 790 0238 A5020000 		.4byte	0x2a5
 791 023c 06       		.uleb128 0x6
 792 023d 08000000 		.4byte	.LVL17
 793 0241 CB040000 		.4byte	0x4cb
 794 0245 53020000 		.4byte	0x253
 795 0249 07       		.uleb128 0x7
 796 024a 01       		.uleb128 0x1
 797 024b 50       		.byte	0x50
 798 024c 05       		.uleb128 0x5
 799 024d 03       		.byte	0x3
 800 024e A8000000 		.4byte	.LC8
 801 0252 00       		.byte	0
 802 0253 08       		.uleb128 0x8
 803 0254 0C000000 		.4byte	.LVL18
 804 0258 AA040000 		.4byte	0x4aa
 805 025c 08       		.uleb128 0x8
 806 025d 10000000 		.4byte	.LVL19
 807 0261 D6040000 		.4byte	0x4d6
 808 0265 06       		.uleb128 0x6
 809 0266 2A000000 		.4byte	.LVL20
 810 026a E1040000 		.4byte	0x4e1
 811 026e 87020000 		.4byte	0x287
 812 0272 07       		.uleb128 0x7
 813 0273 01       		.uleb128 0x1
ARM GAS  C:\Users\fitto\AppData\Local\Temp\ccCXKvA8.s 			page 19


 814 0274 50       		.byte	0x50
 815 0275 02       		.uleb128 0x2
 816 0276 74       		.byte	0x74
 817 0277 00       		.sleb128 0
 818 0278 07       		.uleb128 0x7
 819 0279 01       		.uleb128 0x1
 820 027a 51       		.byte	0x51
 821 027b 01       		.uleb128 0x1
 822 027c 44       		.byte	0x44
 823 027d 07       		.uleb128 0x7
 824 027e 01       		.uleb128 0x1
 825 027f 52       		.byte	0x52
 826 0280 05       		.uleb128 0x5
 827 0281 03       		.byte	0x3
 828 0282 98000000 		.4byte	.LC7
 829 0286 00       		.byte	0
 830 0287 06       		.uleb128 0x6
 831 0288 30000000 		.4byte	.LVL21
 832 028c CB040000 		.4byte	0x4cb
 833 0290 9B020000 		.4byte	0x29b
 834 0294 07       		.uleb128 0x7
 835 0295 01       		.uleb128 0x1
 836 0296 50       		.byte	0x50
 837 0297 02       		.uleb128 0x2
 838 0298 74       		.byte	0x74
 839 0299 00       		.sleb128 0
 840 029a 00       		.byte	0
 841 029b 08       		.uleb128 0x8
 842 029c 38000000 		.4byte	.LVL22
 843 02a0 EC040000 		.4byte	0x4ec
 844 02a4 00       		.byte	0
 845 02a5 0A       		.uleb128 0xa
 846 02a6 94010000 		.4byte	.LASF20
 847 02aa 01       		.byte	0x1
 848 02ab 82       		.byte	0x82
 849 02ac 00000000 		.4byte	.LFB69
 850 02b0 20000000 		.4byte	.LFE69-.LFB69
 851 02b4 01       		.uleb128 0x1
 852 02b5 9C       		.byte	0x9c
 853 02b6 FD020000 		.4byte	0x2fd
 854 02ba 06       		.uleb128 0x6
 855 02bb 08000000 		.4byte	.LVL23
 856 02bf CB040000 		.4byte	0x4cb
 857 02c3 D1020000 		.4byte	0x2d1
 858 02c7 07       		.uleb128 0x7
 859 02c8 01       		.uleb128 0x1
 860 02c9 50       		.byte	0x50
 861 02ca 05       		.uleb128 0x5
 862 02cb 03       		.byte	0x3
 863 02cc BC000000 		.4byte	.LC9
 864 02d0 00       		.byte	0
 865 02d1 08       		.uleb128 0x8
 866 02d2 0C000000 		.4byte	.LVL24
 867 02d6 AA040000 		.4byte	0x4aa
 868 02da 06       		.uleb128 0x6
 869 02db 12000000 		.4byte	.LVL25
 870 02df C0040000 		.4byte	0x4c0
ARM GAS  C:\Users\fitto\AppData\Local\Temp\ccCXKvA8.s 			page 20


 871 02e3 ED020000 		.4byte	0x2ed
 872 02e7 07       		.uleb128 0x7
 873 02e8 01       		.uleb128 0x1
 874 02e9 50       		.byte	0x50
 875 02ea 01       		.uleb128 0x1
 876 02eb 30       		.byte	0x30
 877 02ec 00       		.byte	0
 878 02ed 09       		.uleb128 0x9
 879 02ee 18000000 		.4byte	.LVL26
 880 02f2 B5040000 		.4byte	0x4b5
 881 02f6 07       		.uleb128 0x7
 882 02f7 01       		.uleb128 0x1
 883 02f8 50       		.byte	0x50
 884 02f9 01       		.uleb128 0x1
 885 02fa 31       		.byte	0x31
 886 02fb 00       		.byte	0
 887 02fc 00       		.byte	0
 888 02fd 0A       		.uleb128 0xa
 889 02fe EE010000 		.4byte	.LASF21
 890 0302 01       		.byte	0x1
 891 0303 8B       		.byte	0x8b
 892 0304 00000000 		.4byte	.LFB70
 893 0308 20000000 		.4byte	.LFE70-.LFB70
 894 030c 01       		.uleb128 0x1
 895 030d 9C       		.byte	0x9c
 896 030e 55030000 		.4byte	0x355
 897 0312 06       		.uleb128 0x6
 898 0313 08000000 		.4byte	.LVL27
 899 0317 CB040000 		.4byte	0x4cb
 900 031b 29030000 		.4byte	0x329
 901 031f 07       		.uleb128 0x7
 902 0320 01       		.uleb128 0x1
 903 0321 50       		.byte	0x50
 904 0322 05       		.uleb128 0x5
 905 0323 03       		.byte	0x3
 906 0324 D8000000 		.4byte	.LC10
 907 0328 00       		.byte	0
 908 0329 08       		.uleb128 0x8
 909 032a 0C000000 		.4byte	.LVL28
 910 032e AA040000 		.4byte	0x4aa
 911 0332 06       		.uleb128 0x6
 912 0333 12000000 		.4byte	.LVL29
 913 0337 B5040000 		.4byte	0x4b5
 914 033b 45030000 		.4byte	0x345
 915 033f 07       		.uleb128 0x7
 916 0340 01       		.uleb128 0x1
 917 0341 50       		.byte	0x50
 918 0342 01       		.uleb128 0x1
 919 0343 30       		.byte	0x30
 920 0344 00       		.byte	0
 921 0345 09       		.uleb128 0x9
 922 0346 18000000 		.4byte	.LVL30
 923 034a C0040000 		.4byte	0x4c0
 924 034e 07       		.uleb128 0x7
 925 034f 01       		.uleb128 0x1
 926 0350 50       		.byte	0x50
 927 0351 01       		.uleb128 0x1
ARM GAS  C:\Users\fitto\AppData\Local\Temp\ccCXKvA8.s 			page 21


 928 0352 31       		.byte	0x31
 929 0353 00       		.byte	0
 930 0354 00       		.byte	0
 931 0355 0A       		.uleb128 0xa
 932 0356 36010000 		.4byte	.LASF22
 933 035a 01       		.byte	0x1
 934 035b 94       		.byte	0x94
 935 035c 00000000 		.4byte	.LFB71
 936 0360 14000000 		.4byte	.LFE71-.LFB71
 937 0364 01       		.uleb128 0x1
 938 0365 9C       		.byte	0x9c
 939 0366 8B030000 		.4byte	0x38b
 940 036a 06       		.uleb128 0x6
 941 036b 08000000 		.4byte	.LVL31
 942 036f CB040000 		.4byte	0x4cb
 943 0373 81030000 		.4byte	0x381
 944 0377 07       		.uleb128 0x7
 945 0378 01       		.uleb128 0x1
 946 0379 50       		.byte	0x50
 947 037a 05       		.uleb128 0x5
 948 037b 03       		.byte	0x3
 949 037c F4000000 		.4byte	.LC11
 950 0380 00       		.byte	0
 951 0381 08       		.uleb128 0x8
 952 0382 0C000000 		.4byte	.LVL32
 953 0386 F7040000 		.4byte	0x4f7
 954 038a 00       		.byte	0
 955 038b 0A       		.uleb128 0xa
 956 038c 67010000 		.4byte	.LASF23
 957 0390 01       		.byte	0x1
 958 0391 40       		.byte	0x40
 959 0392 00000000 		.4byte	.LFB66
 960 0396 3A000000 		.4byte	.LFE66-.LFB66
 961 039a 01       		.uleb128 0x1
 962 039b 9C       		.byte	0x9c
 963 039c DD030000 		.4byte	0x3dd
 964 03a0 0B       		.uleb128 0xb
 965 03a1 04030000 		.4byte	.LASF26
 966 03a5 01       		.byte	0x1
 967 03a6 40       		.byte	0x40
 968 03a7 81000000 		.4byte	0x81
 969 03ab 00000000 		.4byte	.LLST0
 970 03af 08       		.uleb128 0x8
 971 03b0 20000000 		.4byte	.LVL34
 972 03b4 A9010000 		.4byte	0x1a9
 973 03b8 08       		.uleb128 0x8
 974 03b9 26000000 		.4byte	.LVL36
 975 03bd 27020000 		.4byte	0x227
 976 03c1 08       		.uleb128 0x8
 977 03c2 2C000000 		.4byte	.LVL38
 978 03c6 A5020000 		.4byte	0x2a5
 979 03ca 08       		.uleb128 0x8
 980 03cb 32000000 		.4byte	.LVL40
 981 03cf FD020000 		.4byte	0x2fd
 982 03d3 08       		.uleb128 0x8
 983 03d4 38000000 		.4byte	.LVL42
 984 03d8 55030000 		.4byte	0x355
ARM GAS  C:\Users\fitto\AppData\Local\Temp\ccCXKvA8.s 			page 22


 985 03dc 00       		.byte	0
 986 03dd 0A       		.uleb128 0xa
 987 03de F2000000 		.4byte	.LASF24
 988 03e2 01       		.byte	0x1
 989 03e3 32       		.byte	0x32
 990 03e4 00000000 		.4byte	.LFB65
 991 03e8 24000000 		.4byte	.LFE65-.LFB65
 992 03ec 01       		.uleb128 0x1
 993 03ed 9C       		.byte	0x9c
 994 03ee 55040000 		.4byte	0x455
 995 03f2 0C       		.uleb128 0xc
 996 03f3 44000000 		.4byte	.LASF25
 997 03f7 01       		.byte	0x1
 998 03f8 34       		.byte	0x34
 999 03f9 81000000 		.4byte	0x81
 1000 03fd 85000000 		.4byte	.LLST1
 1001 0401 0D       		.uleb128 0xd
 1002 0402 0A000000 		.4byte	.LBB2
 1003 0406 14000000 		.4byte	.LBE2-.LBB2
 1004 040a 4B040000 		.4byte	0x44b
 1005 040e 0C       		.uleb128 0xc
 1006 040f 04030000 		.4byte	.LASF26
 1007 0413 01       		.byte	0x1
 1008 0414 37       		.byte	0x37
 1009 0415 81000000 		.4byte	0x81
 1010 0419 A3000000 		.4byte	.LLST2
 1011 041d 08       		.uleb128 0x8
 1012 041e 0E000000 		.4byte	.LVL45
 1013 0422 02050000 		.4byte	0x502
 1014 0426 06       		.uleb128 0x6
 1015 0427 14000000 		.4byte	.LVL47
 1016 042b 0D050000 		.4byte	0x50d
 1017 042f 3A040000 		.4byte	0x43a
 1018 0433 07       		.uleb128 0x7
 1019 0434 01       		.uleb128 0x1
 1020 0435 50       		.byte	0x50
 1021 0436 02       		.uleb128 0x2
 1022 0437 75       		.byte	0x75
 1023 0438 00       		.sleb128 0
 1024 0439 00       		.byte	0
 1025 043a 09       		.uleb128 0x9
 1026 043b 1A000000 		.4byte	.LVL48
 1027 043f 8B030000 		.4byte	0x38b
 1028 0443 07       		.uleb128 0x7
 1029 0444 01       		.uleb128 0x1
 1030 0445 50       		.byte	0x50
 1031 0446 02       		.uleb128 0x2
 1032 0447 75       		.byte	0x75
 1033 0448 00       		.sleb128 0
 1034 0449 00       		.byte	0
 1035 044a 00       		.byte	0
 1036 044b 08       		.uleb128 0x8
 1037 044c 06000000 		.4byte	.LVL43
 1038 0450 18050000 		.4byte	0x518
 1039 0454 00       		.byte	0
 1040 0455 0E       		.uleb128 0xe
 1041 0456 3B010000 		.4byte	.LASF27
ARM GAS  C:\Users\fitto\AppData\Local\Temp\ccCXKvA8.s 			page 23


 1042 045a 0A       		.byte	0xa
 1043 045b 9606     		.2byte	0x696
 1044 045d 61040000 		.4byte	0x461
 1045 0461 0F       		.uleb128 0xf
 1046 0462 8C000000 		.4byte	0x8c
 1047 0466 10       		.uleb128 0x10
 1048 0467 7400     		.ascii	"t\000"
 1049 0469 01       		.byte	0x1
 1050 046a 17       		.byte	0x17
 1051 046b 73000000 		.4byte	0x73
 1052 046f 05       		.uleb128 0x5
 1053 0470 03       		.byte	0x3
 1054 0471 00000000 		.4byte	t
 1055 0475 11       		.uleb128 0x11
 1056 0476 A5000000 		.4byte	0xa5
 1057 047a 85040000 		.4byte	0x485
 1058 047e 12       		.uleb128 0x12
 1059 047f B3000000 		.4byte	0xb3
 1060 0483 13       		.byte	0x13
 1061 0484 00       		.byte	0
 1062 0485 10       		.uleb128 0x10
 1063 0486 6600     		.ascii	"f\000"
 1064 0488 01       		.byte	0x1
 1065 0489 18       		.byte	0x18
 1066 048a 75040000 		.4byte	0x475
 1067 048e 05       		.uleb128 0x5
 1068 048f 03       		.byte	0x3
 1069 0490 00000000 		.4byte	f
 1070 0494 13       		.uleb128 0x13
 1071 0495 00000000 		.4byte	.LASF28
 1072 0499 00000000 		.4byte	.LASF28
 1073 049d 04       		.byte	0x4
 1074 049e 18       		.byte	0x18
 1075 049f 13       		.uleb128 0x13
 1076 04a0 F7020000 		.4byte	.LASF29
 1077 04a4 F7020000 		.4byte	.LASF29
 1078 04a8 05       		.byte	0x5
 1079 04a9 54       		.byte	0x54
 1080 04aa 13       		.uleb128 0x13
 1081 04ab 2A010000 		.4byte	.LASF30
 1082 04af 2A010000 		.4byte	.LASF30
 1083 04b3 06       		.byte	0x6
 1084 04b4 92       		.byte	0x92
 1085 04b5 13       		.uleb128 0x13
 1086 04b6 AD020000 		.4byte	.LASF31
 1087 04ba AD020000 		.4byte	.LASF31
 1088 04be 07       		.byte	0x7
 1089 04bf 26       		.byte	0x26
 1090 04c0 13       		.uleb128 0x13
 1091 04c1 7A010000 		.4byte	.LASF32
 1092 04c5 7A010000 		.4byte	.LASF32
 1093 04c9 08       		.byte	0x8
 1094 04ca 26       		.byte	0x26
 1095 04cb 13       		.uleb128 0x13
 1096 04cc E6020000 		.4byte	.LASF33
 1097 04d0 E6020000 		.4byte	.LASF33
 1098 04d4 05       		.byte	0x5
ARM GAS  C:\Users\fitto\AppData\Local\Temp\ccCXKvA8.s 			page 24


 1099 04d5 8B       		.byte	0x8b
 1100 04d6 13       		.uleb128 0x13
 1101 04d7 92020000 		.4byte	.LASF34
 1102 04db 92020000 		.4byte	.LASF34
 1103 04df 06       		.byte	0x6
 1104 04e0 C0       		.byte	0xc0
 1105 04e1 13       		.uleb128 0x13
 1106 04e2 28000000 		.4byte	.LASF35
 1107 04e6 28000000 		.4byte	.LASF35
 1108 04ea 09       		.byte	0x9
 1109 04eb FD       		.byte	0xfd
 1110 04ec 13       		.uleb128 0x13
 1111 04ed 11030000 		.4byte	.LASF36
 1112 04f1 11030000 		.4byte	.LASF36
 1113 04f5 06       		.byte	0x6
 1114 04f6 BE       		.byte	0xbe
 1115 04f7 13       		.uleb128 0x13
 1116 04f8 BA020000 		.4byte	.LASF37
 1117 04fc BA020000 		.4byte	.LASF37
 1118 0500 06       		.byte	0x6
 1119 0501 93       		.byte	0x93
 1120 0502 13       		.uleb128 0x13
 1121 0503 18010000 		.4byte	.LASF38
 1122 0507 18010000 		.4byte	.LASF38
 1123 050b 05       		.byte	0x5
 1124 050c 6F       		.byte	0x6f
 1125 050d 13       		.uleb128 0x13
 1126 050e 48010000 		.4byte	.LASF39
 1127 0512 48010000 		.4byte	.LASF39
 1128 0516 05       		.byte	0x5
 1129 0517 88       		.byte	0x88
 1130 0518 13       		.uleb128 0x13
 1131 0519 C1010000 		.4byte	.LASF40
 1132 051d C1010000 		.4byte	.LASF40
 1133 0521 05       		.byte	0x5
 1134 0522 73       		.byte	0x73
 1135 0523 00       		.byte	0
 1136              		.section	.debug_abbrev,"",%progbits
 1137              	.Ldebug_abbrev0:
 1138 0000 01       		.uleb128 0x1
 1139 0001 11       		.uleb128 0x11
 1140 0002 01       		.byte	0x1
 1141 0003 25       		.uleb128 0x25
 1142 0004 0E       		.uleb128 0xe
 1143 0005 13       		.uleb128 0x13
 1144 0006 0B       		.uleb128 0xb
 1145 0007 03       		.uleb128 0x3
 1146 0008 0E       		.uleb128 0xe
 1147 0009 1B       		.uleb128 0x1b
 1148 000a 0E       		.uleb128 0xe
 1149 000b 55       		.uleb128 0x55
 1150 000c 17       		.uleb128 0x17
 1151 000d 11       		.uleb128 0x11
 1152 000e 01       		.uleb128 0x1
 1153 000f 10       		.uleb128 0x10
 1154 0010 17       		.uleb128 0x17
 1155 0011 00       		.byte	0
ARM GAS  C:\Users\fitto\AppData\Local\Temp\ccCXKvA8.s 			page 25


 1156 0012 00       		.byte	0
 1157 0013 02       		.uleb128 0x2
 1158 0014 24       		.uleb128 0x24
 1159 0015 00       		.byte	0
 1160 0016 0B       		.uleb128 0xb
 1161 0017 0B       		.uleb128 0xb
 1162 0018 3E       		.uleb128 0x3e
 1163 0019 0B       		.uleb128 0xb
 1164 001a 03       		.uleb128 0x3
 1165 001b 0E       		.uleb128 0xe
 1166 001c 00       		.byte	0
 1167 001d 00       		.byte	0
 1168 001e 03       		.uleb128 0x3
 1169 001f 16       		.uleb128 0x16
 1170 0020 00       		.byte	0
 1171 0021 03       		.uleb128 0x3
 1172 0022 0E       		.uleb128 0xe
 1173 0023 3A       		.uleb128 0x3a
 1174 0024 0B       		.uleb128 0xb
 1175 0025 3B       		.uleb128 0x3b
 1176 0026 0B       		.uleb128 0xb
 1177 0027 49       		.uleb128 0x49
 1178 0028 13       		.uleb128 0x13
 1179 0029 00       		.byte	0
 1180 002a 00       		.byte	0
 1181 002b 04       		.uleb128 0x4
 1182 002c 24       		.uleb128 0x24
 1183 002d 00       		.byte	0
 1184 002e 0B       		.uleb128 0xb
 1185 002f 0B       		.uleb128 0xb
 1186 0030 3E       		.uleb128 0x3e
 1187 0031 0B       		.uleb128 0xb
 1188 0032 03       		.uleb128 0x3
 1189 0033 08       		.uleb128 0x8
 1190 0034 00       		.byte	0
 1191 0035 00       		.byte	0
 1192 0036 05       		.uleb128 0x5
 1193 0037 2E       		.uleb128 0x2e
 1194 0038 01       		.byte	0x1
 1195 0039 3F       		.uleb128 0x3f
 1196 003a 19       		.uleb128 0x19
 1197 003b 03       		.uleb128 0x3
 1198 003c 0E       		.uleb128 0xe
 1199 003d 3A       		.uleb128 0x3a
 1200 003e 0B       		.uleb128 0xb
 1201 003f 3B       		.uleb128 0x3b
 1202 0040 0B       		.uleb128 0xb
 1203 0041 27       		.uleb128 0x27
 1204 0042 19       		.uleb128 0x19
 1205 0043 49       		.uleb128 0x49
 1206 0044 13       		.uleb128 0x13
 1207 0045 8701     		.uleb128 0x87
 1208 0047 19       		.uleb128 0x19
 1209 0048 11       		.uleb128 0x11
 1210 0049 01       		.uleb128 0x1
 1211 004a 12       		.uleb128 0x12
 1212 004b 06       		.uleb128 0x6
ARM GAS  C:\Users\fitto\AppData\Local\Temp\ccCXKvA8.s 			page 26


 1213 004c 40       		.uleb128 0x40
 1214 004d 18       		.uleb128 0x18
 1215 004e 9742     		.uleb128 0x2117
 1216 0050 19       		.uleb128 0x19
 1217 0051 01       		.uleb128 0x1
 1218 0052 13       		.uleb128 0x13
 1219 0053 00       		.byte	0
 1220 0054 00       		.byte	0
 1221 0055 06       		.uleb128 0x6
 1222 0056 898201   		.uleb128 0x4109
 1223 0059 01       		.byte	0x1
 1224 005a 11       		.uleb128 0x11
 1225 005b 01       		.uleb128 0x1
 1226 005c 31       		.uleb128 0x31
 1227 005d 13       		.uleb128 0x13
 1228 005e 01       		.uleb128 0x1
 1229 005f 13       		.uleb128 0x13
 1230 0060 00       		.byte	0
 1231 0061 00       		.byte	0
 1232 0062 07       		.uleb128 0x7
 1233 0063 8A8201   		.uleb128 0x410a
 1234 0066 00       		.byte	0
 1235 0067 02       		.uleb128 0x2
 1236 0068 18       		.uleb128 0x18
 1237 0069 9142     		.uleb128 0x2111
 1238 006b 18       		.uleb128 0x18
 1239 006c 00       		.byte	0
 1240 006d 00       		.byte	0
 1241 006e 08       		.uleb128 0x8
 1242 006f 898201   		.uleb128 0x4109
 1243 0072 00       		.byte	0
 1244 0073 11       		.uleb128 0x11
 1245 0074 01       		.uleb128 0x1
 1246 0075 31       		.uleb128 0x31
 1247 0076 13       		.uleb128 0x13
 1248 0077 00       		.byte	0
 1249 0078 00       		.byte	0
 1250 0079 09       		.uleb128 0x9
 1251 007a 898201   		.uleb128 0x4109
 1252 007d 01       		.byte	0x1
 1253 007e 11       		.uleb128 0x11
 1254 007f 01       		.uleb128 0x1
 1255 0080 31       		.uleb128 0x31
 1256 0081 13       		.uleb128 0x13
 1257 0082 00       		.byte	0
 1258 0083 00       		.byte	0
 1259 0084 0A       		.uleb128 0xa
 1260 0085 2E       		.uleb128 0x2e
 1261 0086 01       		.byte	0x1
 1262 0087 3F       		.uleb128 0x3f
 1263 0088 19       		.uleb128 0x19
 1264 0089 03       		.uleb128 0x3
 1265 008a 0E       		.uleb128 0xe
 1266 008b 3A       		.uleb128 0x3a
 1267 008c 0B       		.uleb128 0xb
 1268 008d 3B       		.uleb128 0x3b
 1269 008e 0B       		.uleb128 0xb
ARM GAS  C:\Users\fitto\AppData\Local\Temp\ccCXKvA8.s 			page 27


 1270 008f 27       		.uleb128 0x27
 1271 0090 19       		.uleb128 0x19
 1272 0091 11       		.uleb128 0x11
 1273 0092 01       		.uleb128 0x1
 1274 0093 12       		.uleb128 0x12
 1275 0094 06       		.uleb128 0x6
 1276 0095 40       		.uleb128 0x40
 1277 0096 18       		.uleb128 0x18
 1278 0097 9742     		.uleb128 0x2117
 1279 0099 19       		.uleb128 0x19
 1280 009a 01       		.uleb128 0x1
 1281 009b 13       		.uleb128 0x13
 1282 009c 00       		.byte	0
 1283 009d 00       		.byte	0
 1284 009e 0B       		.uleb128 0xb
 1285 009f 05       		.uleb128 0x5
 1286 00a0 00       		.byte	0
 1287 00a1 03       		.uleb128 0x3
 1288 00a2 0E       		.uleb128 0xe
 1289 00a3 3A       		.uleb128 0x3a
 1290 00a4 0B       		.uleb128 0xb
 1291 00a5 3B       		.uleb128 0x3b
 1292 00a6 0B       		.uleb128 0xb
 1293 00a7 49       		.uleb128 0x49
 1294 00a8 13       		.uleb128 0x13
 1295 00a9 02       		.uleb128 0x2
 1296 00aa 17       		.uleb128 0x17
 1297 00ab 00       		.byte	0
 1298 00ac 00       		.byte	0
 1299 00ad 0C       		.uleb128 0xc
 1300 00ae 34       		.uleb128 0x34
 1301 00af 00       		.byte	0
 1302 00b0 03       		.uleb128 0x3
 1303 00b1 0E       		.uleb128 0xe
 1304 00b2 3A       		.uleb128 0x3a
 1305 00b3 0B       		.uleb128 0xb
 1306 00b4 3B       		.uleb128 0x3b
 1307 00b5 0B       		.uleb128 0xb
 1308 00b6 49       		.uleb128 0x49
 1309 00b7 13       		.uleb128 0x13
 1310 00b8 02       		.uleb128 0x2
 1311 00b9 17       		.uleb128 0x17
 1312 00ba 00       		.byte	0
 1313 00bb 00       		.byte	0
 1314 00bc 0D       		.uleb128 0xd
 1315 00bd 0B       		.uleb128 0xb
 1316 00be 01       		.byte	0x1
 1317 00bf 11       		.uleb128 0x11
 1318 00c0 01       		.uleb128 0x1
 1319 00c1 12       		.uleb128 0x12
 1320 00c2 06       		.uleb128 0x6
 1321 00c3 01       		.uleb128 0x1
 1322 00c4 13       		.uleb128 0x13
 1323 00c5 00       		.byte	0
 1324 00c6 00       		.byte	0
 1325 00c7 0E       		.uleb128 0xe
 1326 00c8 34       		.uleb128 0x34
ARM GAS  C:\Users\fitto\AppData\Local\Temp\ccCXKvA8.s 			page 28


 1327 00c9 00       		.byte	0
 1328 00ca 03       		.uleb128 0x3
 1329 00cb 0E       		.uleb128 0xe
 1330 00cc 3A       		.uleb128 0x3a
 1331 00cd 0B       		.uleb128 0xb
 1332 00ce 3B       		.uleb128 0x3b
 1333 00cf 05       		.uleb128 0x5
 1334 00d0 49       		.uleb128 0x49
 1335 00d1 13       		.uleb128 0x13
 1336 00d2 3F       		.uleb128 0x3f
 1337 00d3 19       		.uleb128 0x19
 1338 00d4 3C       		.uleb128 0x3c
 1339 00d5 19       		.uleb128 0x19
 1340 00d6 00       		.byte	0
 1341 00d7 00       		.byte	0
 1342 00d8 0F       		.uleb128 0xf
 1343 00d9 35       		.uleb128 0x35
 1344 00da 00       		.byte	0
 1345 00db 49       		.uleb128 0x49
 1346 00dc 13       		.uleb128 0x13
 1347 00dd 00       		.byte	0
 1348 00de 00       		.byte	0
 1349 00df 10       		.uleb128 0x10
 1350 00e0 34       		.uleb128 0x34
 1351 00e1 00       		.byte	0
 1352 00e2 03       		.uleb128 0x3
 1353 00e3 08       		.uleb128 0x8
 1354 00e4 3A       		.uleb128 0x3a
 1355 00e5 0B       		.uleb128 0xb
 1356 00e6 3B       		.uleb128 0x3b
 1357 00e7 0B       		.uleb128 0xb
 1358 00e8 49       		.uleb128 0x49
 1359 00e9 13       		.uleb128 0x13
 1360 00ea 3F       		.uleb128 0x3f
 1361 00eb 19       		.uleb128 0x19
 1362 00ec 02       		.uleb128 0x2
 1363 00ed 18       		.uleb128 0x18
 1364 00ee 00       		.byte	0
 1365 00ef 00       		.byte	0
 1366 00f0 11       		.uleb128 0x11
 1367 00f1 01       		.uleb128 0x1
 1368 00f2 01       		.byte	0x1
 1369 00f3 49       		.uleb128 0x49
 1370 00f4 13       		.uleb128 0x13
 1371 00f5 01       		.uleb128 0x1
 1372 00f6 13       		.uleb128 0x13
 1373 00f7 00       		.byte	0
 1374 00f8 00       		.byte	0
 1375 00f9 12       		.uleb128 0x12
 1376 00fa 21       		.uleb128 0x21
 1377 00fb 00       		.byte	0
 1378 00fc 49       		.uleb128 0x49
 1379 00fd 13       		.uleb128 0x13
 1380 00fe 2F       		.uleb128 0x2f
 1381 00ff 0B       		.uleb128 0xb
 1382 0100 00       		.byte	0
 1383 0101 00       		.byte	0
ARM GAS  C:\Users\fitto\AppData\Local\Temp\ccCXKvA8.s 			page 29


 1384 0102 13       		.uleb128 0x13
 1385 0103 2E       		.uleb128 0x2e
 1386 0104 00       		.byte	0
 1387 0105 3F       		.uleb128 0x3f
 1388 0106 19       		.uleb128 0x19
 1389 0107 3C       		.uleb128 0x3c
 1390 0108 19       		.uleb128 0x19
 1391 0109 6E       		.uleb128 0x6e
 1392 010a 0E       		.uleb128 0xe
 1393 010b 03       		.uleb128 0x3
 1394 010c 0E       		.uleb128 0xe
 1395 010d 3A       		.uleb128 0x3a
 1396 010e 0B       		.uleb128 0xb
 1397 010f 3B       		.uleb128 0x3b
 1398 0110 0B       		.uleb128 0xb
 1399 0111 00       		.byte	0
 1400 0112 00       		.byte	0
 1401 0113 00       		.byte	0
 1402              		.section	.debug_loc,"",%progbits
 1403              	.Ldebug_loc0:
 1404              	.LLST0:
 1405 0000 00000000 		.4byte	.LVL33
 1406 0004 1F000000 		.4byte	.LVL34-1
 1407 0008 0100     		.2byte	0x1
 1408 000a 50       		.byte	0x50
 1409 000b 1F000000 		.4byte	.LVL34-1
 1410 000f 22000000 		.4byte	.LVL35
 1411 0013 0400     		.2byte	0x4
 1412 0015 F3       		.byte	0xf3
 1413 0016 01       		.uleb128 0x1
 1414 0017 50       		.byte	0x50
 1415 0018 9F       		.byte	0x9f
 1416 0019 22000000 		.4byte	.LVL35
 1417 001d 25000000 		.4byte	.LVL36-1
 1418 0021 0100     		.2byte	0x1
 1419 0023 50       		.byte	0x50
 1420 0024 25000000 		.4byte	.LVL36-1
 1421 0028 28000000 		.4byte	.LVL37
 1422 002c 0400     		.2byte	0x4
 1423 002e F3       		.byte	0xf3
 1424 002f 01       		.uleb128 0x1
 1425 0030 50       		.byte	0x50
 1426 0031 9F       		.byte	0x9f
 1427 0032 28000000 		.4byte	.LVL37
 1428 0036 2B000000 		.4byte	.LVL38-1
 1429 003a 0100     		.2byte	0x1
 1430 003c 50       		.byte	0x50
 1431 003d 2B000000 		.4byte	.LVL38-1
 1432 0041 2E000000 		.4byte	.LVL39
 1433 0045 0400     		.2byte	0x4
 1434 0047 F3       		.byte	0xf3
 1435 0048 01       		.uleb128 0x1
 1436 0049 50       		.byte	0x50
 1437 004a 9F       		.byte	0x9f
 1438 004b 2E000000 		.4byte	.LVL39
 1439 004f 31000000 		.4byte	.LVL40-1
 1440 0053 0100     		.2byte	0x1
ARM GAS  C:\Users\fitto\AppData\Local\Temp\ccCXKvA8.s 			page 30


 1441 0055 50       		.byte	0x50
 1442 0056 31000000 		.4byte	.LVL40-1
 1443 005a 34000000 		.4byte	.LVL41
 1444 005e 0400     		.2byte	0x4
 1445 0060 F3       		.byte	0xf3
 1446 0061 01       		.uleb128 0x1
 1447 0062 50       		.byte	0x50
 1448 0063 9F       		.byte	0x9f
 1449 0064 34000000 		.4byte	.LVL41
 1450 0068 37000000 		.4byte	.LVL42-1
 1451 006c 0100     		.2byte	0x1
 1452 006e 50       		.byte	0x50
 1453 006f 37000000 		.4byte	.LVL42-1
 1454 0073 3A000000 		.4byte	.LFE66
 1455 0077 0400     		.2byte	0x4
 1456 0079 F3       		.byte	0xf3
 1457 007a 01       		.uleb128 0x1
 1458 007b 50       		.byte	0x50
 1459 007c 9F       		.byte	0x9f
 1460 007d 00000000 		.4byte	0
 1461 0081 00000000 		.4byte	0
 1462              	.LLST1:
 1463 0085 08000000 		.4byte	.LVL44
 1464 0089 1C000000 		.4byte	.LVL49
 1465 008d 0100     		.2byte	0x1
 1466 008f 54       		.byte	0x54
 1467 0090 1E000000 		.4byte	.LVL50
 1468 0094 24000000 		.4byte	.LFE65
 1469 0098 0100     		.2byte	0x1
 1470 009a 54       		.byte	0x54
 1471 009b 00000000 		.4byte	0
 1472 009f 00000000 		.4byte	0
 1473              	.LLST2:
 1474 00a3 10000000 		.4byte	.LVL46
 1475 00a7 1E000000 		.4byte	.LVL50
 1476 00ab 0100     		.2byte	0x1
 1477 00ad 55       		.byte	0x55
 1478 00ae 00000000 		.4byte	0
 1479 00b2 00000000 		.4byte	0
 1480              		.section	.debug_aranges,"",%progbits
 1481 0000 54000000 		.4byte	0x54
 1482 0004 0200     		.2byte	0x2
 1483 0006 00000000 		.4byte	.Ldebug_info0
 1484 000a 04       		.byte	0x4
 1485 000b 00       		.byte	0
 1486 000c 0000     		.2byte	0
 1487 000e 0000     		.2byte	0
 1488 0010 00000000 		.4byte	.LFB64
 1489 0014 60000000 		.4byte	.LFE64-.LFB64
 1490 0018 00000000 		.4byte	.LFB67
 1491 001c 4C000000 		.4byte	.LFE67-.LFB67
 1492 0020 00000000 		.4byte	.LFB68
 1493 0024 4C000000 		.4byte	.LFE68-.LFB68
 1494 0028 00000000 		.4byte	.LFB69
 1495 002c 20000000 		.4byte	.LFE69-.LFB69
 1496 0030 00000000 		.4byte	.LFB70
 1497 0034 20000000 		.4byte	.LFE70-.LFB70
ARM GAS  C:\Users\fitto\AppData\Local\Temp\ccCXKvA8.s 			page 31


 1498 0038 00000000 		.4byte	.LFB71
 1499 003c 14000000 		.4byte	.LFE71-.LFB71
 1500 0040 00000000 		.4byte	.LFB66
 1501 0044 3A000000 		.4byte	.LFE66-.LFB66
 1502 0048 00000000 		.4byte	.LFB65
 1503 004c 24000000 		.4byte	.LFE65-.LFB65
 1504 0050 00000000 		.4byte	0
 1505 0054 00000000 		.4byte	0
 1506              		.section	.debug_ranges,"",%progbits
 1507              	.Ldebug_ranges0:
 1508 0000 00000000 		.4byte	.LFB64
 1509 0004 60000000 		.4byte	.LFE64
 1510 0008 00000000 		.4byte	.LFB67
 1511 000c 4C000000 		.4byte	.LFE67
 1512 0010 00000000 		.4byte	.LFB68
 1513 0014 4C000000 		.4byte	.LFE68
 1514 0018 00000000 		.4byte	.LFB69
 1515 001c 20000000 		.4byte	.LFE69
 1516 0020 00000000 		.4byte	.LFB70
 1517 0024 20000000 		.4byte	.LFE70
 1518 0028 00000000 		.4byte	.LFB71
 1519 002c 14000000 		.4byte	.LFE71
 1520 0030 00000000 		.4byte	.LFB66
 1521 0034 3A000000 		.4byte	.LFE66
 1522 0038 00000000 		.4byte	.LFB65
 1523 003c 24000000 		.4byte	.LFE65
 1524 0040 00000000 		.4byte	0
 1525 0044 00000000 		.4byte	0
 1526              		.section	.debug_line,"",%progbits
 1527              	.Ldebug_line0:
 1528 0000 B2020000 		.section	.debug_str,"MS",%progbits,1
 1528      0200F201 
 1528      00000201 
 1528      FB0E0D00 
 1528      01010101 
 1529              	.LASF28:
 1530 0000 6973725F 		.ascii	"isr_uart_rx_StartEx\000"
 1530      75617274 
 1530      5F72785F 
 1530      53746172 
 1530      74457800 
 1531              	.LASF4:
 1532 0014 5F5F7569 		.ascii	"__uint8_t\000"
 1532      6E74385F 
 1532      7400
 1533              	.LASF5:
 1534 001e 5F5F696E 		.ascii	"__int32_t\000"
 1534      7433325F 
 1534      7400
 1535              	.LASF35:
 1536 0028 736E7072 		.ascii	"snprintf\000"
 1536      696E7466 
 1536      00
 1537              	.LASF3:
 1538 0031 73686F72 		.ascii	"short unsigned int\000"
 1538      7420756E 
 1538      7369676E 
ARM GAS  C:\Users\fitto\AppData\Local\Temp\ccCXKvA8.s 			page 32


 1538      65642069 
 1538      6E7400
 1539              	.LASF25:
 1540 0044 62797465 		.ascii	"bytesToRead\000"
 1540      73546F52 
 1540      65616400 
 1541              	.LASF13:
 1542 0050 666C6F61 		.ascii	"float\000"
 1542      7400
 1543              	.LASF1:
 1544 0056 756E7369 		.ascii	"unsigned char\000"
 1544      676E6564 
 1544      20636861 
 1544      7200
 1545              	.LASF41:
 1546 0064 474E5520 		.ascii	"GNU C11 5.4.1 20160609 (release) [ARM/embedded-5-br"
 1546      43313120 
 1546      352E342E 
 1546      31203230 
 1546      31363036 
 1547 0097 616E6368 		.ascii	"anch revision 237715] -mcpu=cortex-m3 -mthumb -g -O"
 1547      20726576 
 1547      6973696F 
 1547      6E203233 
 1547      37373135 
 1548 00ca 67202D66 		.ascii	"g -ffunction-sections -ffat-lto-objects\000"
 1548      66756E63 
 1548      74696F6E 
 1548      2D736563 
 1548      74696F6E 
 1549              	.LASF24:
 1550 00f2 4953525F 		.ascii	"ISR_UART_rx_handler\000"
 1550      55415254 
 1550      5F72785F 
 1550      68616E64 
 1550      6C657200 
 1551              	.LASF7:
 1552 0106 6C6F6E67 		.ascii	"long unsigned int\000"
 1552      20756E73 
 1552      69676E65 
 1552      6420696E 
 1552      7400
 1553              	.LASF38:
 1554 0118 55415254 		.ascii	"UART_1_ReadRxData\000"
 1554      5F315F52 
 1554      65616452 
 1554      78446174 
 1554      6100
 1555              	.LASF30:
 1556 012a 50574D5F 		.ascii	"PWM_1_Start\000"
 1556      315F5374 
 1556      61727400 
 1557              	.LASF22:
 1558 0136 73746F70 		.ascii	"stop\000"
 1558      00
 1559              	.LASF27:
 1560 013b 49544D5F 		.ascii	"ITM_RxBuffer\000"
ARM GAS  C:\Users\fitto\AppData\Local\Temp\ccCXKvA8.s 			page 33


 1560      52784275 
 1560      66666572 
 1560      00
 1561              	.LASF39:
 1562 0148 55415254 		.ascii	"UART_1_WriteTxData\000"
 1562      5F315F57 
 1562      72697465 
 1562      54784461 
 1562      746100
 1563              	.LASF14:
 1564 015b 646F7562 		.ascii	"double\000"
 1564      6C6500
 1565              	.LASF44:
 1566 0162 6D61696E 		.ascii	"main\000"
 1566      00
 1567              	.LASF23:
 1568 0167 68616E64 		.ascii	"handleByteReceived\000"
 1568      6C654279 
 1568      74655265 
 1568      63656976 
 1568      656400
 1569              	.LASF32:
 1570 017a 74657374 		.ascii	"test_2_Write\000"
 1570      5F325F57 
 1570      72697465 
 1570      00
 1571              	.LASF10:
 1572 0187 756E7369 		.ascii	"unsigned int\000"
 1572      676E6564 
 1572      20696E74 
 1572      00
 1573              	.LASF20:
 1574 0194 64726976 		.ascii	"driveForwards\000"
 1574      65466F72 
 1574      77617264 
 1574      7300
 1575              	.LASF9:
 1576 01a2 6C6F6E67 		.ascii	"long long unsigned int\000"
 1576      206C6F6E 
 1576      6720756E 
 1576      7369676E 
 1576      65642069 
 1577              	.LASF11:
 1578 01b9 75696E74 		.ascii	"uint8_t\000"
 1578      385F7400 
 1579              	.LASF40:
 1580 01c1 55415254 		.ascii	"UART_1_GetRxBufferSize\000"
 1580      5F315F47 
 1580      65745278 
 1580      42756666 
 1580      65725369 
 1581              	.LASF19:
 1582 01d8 696E6372 		.ascii	"increaseSpeed\000"
 1582      65617365 
 1582      53706565 
 1582      6400
 1583              	.LASF12:
ARM GAS  C:\Users\fitto\AppData\Local\Temp\ccCXKvA8.s 			page 34


 1584 01e6 696E7433 		.ascii	"int32_t\000"
 1584      325F7400 
 1585              	.LASF21:
 1586 01ee 64726976 		.ascii	"driveBackwards\000"
 1586      65426163 
 1586      6B776172 
 1586      647300
 1587              	.LASF17:
 1588 01fd 73697A65 		.ascii	"sizetype\000"
 1588      74797065 
 1588      00
 1589              	.LASF8:
 1590 0206 6C6F6E67 		.ascii	"long long int\000"
 1590      206C6F6E 
 1590      6720696E 
 1590      7400
 1591              	.LASF42:
 1592 0214 6D61696E 		.ascii	"main.c\000"
 1592      2E6300
 1593              	.LASF15:
 1594 021b 63686172 		.ascii	"char\000"
 1594      00
 1595              	.LASF18:
 1596 0220 64656372 		.ascii	"decreaseSpeed\000"
 1596      65617365 
 1596      53706565 
 1596      6400
 1597              	.LASF43:
 1598 022e 433A5C55 		.ascii	"C:\\Users\\fitto\\Dropbox\\aarhus_uni_elektronik\\3"
 1598      73657273 
 1598      5C666974 
 1598      746F5C44 
 1598      726F7062 
 1599 025c 5F73656D 		.ascii	"_semester\\GFV\\DC motor control lab\\DC-Motor-PWM."
 1599      65737465 
 1599      725C4746 
 1599      565C4443 
 1599      206D6F74 
 1600 028c 63796473 		.ascii	"cydsn\000"
 1600      6E00
 1601              	.LASF34:
 1602 0292 50574D5F 		.ascii	"PWM_1_ReadPeriod\000"
 1602      315F5265 
 1602      61645065 
 1602      72696F64 
 1602      00
 1603              	.LASF2:
 1604 02a3 73686F72 		.ascii	"short int\000"
 1604      7420696E 
 1604      7400
 1605              	.LASF31:
 1606 02ad 74657374 		.ascii	"test_1_Write\000"
 1606      5F315F57 
 1606      72697465 
 1606      00
 1607              	.LASF37:
 1608 02ba 50574D5F 		.ascii	"PWM_1_Stop\000"
ARM GAS  C:\Users\fitto\AppData\Local\Temp\ccCXKvA8.s 			page 35


 1608      315F5374 
 1608      6F7000
 1609              	.LASF6:
 1610 02c5 6C6F6E67 		.ascii	"long int\000"
 1610      20696E74 
 1610      00
 1611              	.LASF16:
 1612 02ce 6C6F6E67 		.ascii	"long double\000"
 1612      20646F75 
 1612      626C6500 
 1613              	.LASF0:
 1614 02da 7369676E 		.ascii	"signed char\000"
 1614      65642063 
 1614      68617200 
 1615              	.LASF33:
 1616 02e6 55415254 		.ascii	"UART_1_PutString\000"
 1616      5F315F50 
 1616      75745374 
 1616      72696E67 
 1616      00
 1617              	.LASF29:
 1618 02f7 55415254 		.ascii	"UART_1_Start\000"
 1618      5F315F53 
 1618      74617274 
 1618      00
 1619              	.LASF26:
 1620 0304 62797465 		.ascii	"byteReceived\000"
 1620      52656365 
 1620      69766564 
 1620      00
 1621              	.LASF36:
 1622 0311 50574D5F 		.ascii	"PWM_1_WritePeriod\000"
 1622      315F5772 
 1622      69746550 
 1622      6572696F 
 1622      6400
 1623              		.ident	"GCC: (GNU Tools for ARM Embedded Processors) 5.4.1 20160609 (release) [ARM/embedded-5-bran
