ARM GAS  C:\Users\andre\AppData\Local\Temp\ccMCWH51.s 			page 1


   1              		.syntax unified
   2              		.cpu cortex-m3
   3              		.fpu softvfp
   4              		.eabi_attribute 20, 1
   5              		.eabi_attribute 21, 1
   6              		.eabi_attribute 23, 3
   7              		.eabi_attribute 24, 1
   8              		.eabi_attribute 25, 1
   9              		.eabi_attribute 26, 1
  10              		.eabi_attribute 30, 1
  11              		.eabi_attribute 34, 1
  12              		.eabi_attribute 18, 4
  13              		.thumb
  14              		.syntax unified
  15              		.file	"drive.c"
  16              		.text
  17              	.Ltext0:
  18              		.cfi_sections	.debug_frame
  19              		.section	.text.runForward,"ax",%progbits
  20              		.align	2
  21              		.global	runForward
  22              		.thumb
  23              		.thumb_func
  24              		.type	runForward, %function
  25              	runForward:
  26              	.LFB0:
  27              		.file 1 "drive.c"
   1:drive.c       **** /* ========================================
   2:drive.c       ****  *
   3:drive.c       ****  * Copyright YOUR COMPANY, THE YEAR
   4:drive.c       ****  * All Rights Reserved
   5:drive.c       ****  * UNPUBLISHED, LICENSED SOFTWARE.
   6:drive.c       ****  *
   7:drive.c       ****  * CONFIDENTIAL AND PROPRIETARY INFORMATION
   8:drive.c       ****  * WHICH IS THE PROPERTY OF your company.
   9:drive.c       ****  *
  10:drive.c       ****  * ========================================
  11:drive.c       **** */
  12:drive.c       **** #define fart 1900
  13:drive.c       **** 
  14:drive.c       **** void runForward()
  15:drive.c       **** {
  28              		.loc 1 15 0
  29              		.cfi_startproc
  30              		@ args = 0, pretend = 0, frame = 0
  31              		@ frame_needed = 0, uses_anonymous_args = 0
  32 0000 10B5     		push	{r4, lr}
  33              		.cfi_def_cfa_offset 8
  34              		.cfi_offset 4, -8
  35              		.cfi_offset 14, -4
  36              	.LVL0:
  16:drive.c       ****   int x;
  17:drive.c       ****     
  18:drive.c       ****     for(x = 0; x < 680; x = x + 1)
  37              		.loc 1 18 0
  38 0002 0024     		movs	r4, #0
  39 0004 10E0     		b	.L2
ARM GAS  C:\Users\andre\AppData\Local\Temp\ccMCWH51.s 			page 2


  40              	.LVL1:
  41              	.L3:
  42              	.LBB2:
  19:drive.c       ****     {
  20:drive.c       ****         resetLeft();
  43              		.loc 1 20 0 discriminator 3
  44 0006 FFF7FEFF 		bl	resetLeft
  45              	.LVL2:
  21:drive.c       ****         resetRight();
  46              		.loc 1 21 0 discriminator 3
  47 000a FFF7FEFF 		bl	resetRight
  48              	.LVL3:
  22:drive.c       ****         stepperLeft(2, 1, fart);
  49              		.loc 1 22 0 discriminator 3
  50 000e 40F26C72 		movw	r2, #1900
  51 0012 0121     		movs	r1, #1
  52 0014 0220     		movs	r0, #2
  53 0016 FFF7FEFF 		bl	stepperLeft
  54              	.LVL4:
  23:drive.c       ****         stepperRight(2, 1, fart);
  55              		.loc 1 23 0 discriminator 3
  56 001a 40F26C72 		movw	r2, #1900
  57 001e 0121     		movs	r1, #1
  58 0020 0220     		movs	r0, #2
  59 0022 FFF7FEFF 		bl	stepperRight
  60              	.LVL5:
  61              	.LBE2:
  18:drive.c       ****     {
  62              		.loc 1 18 0 discriminator 3
  63 0026 0134     		adds	r4, r4, #1
  64              	.LVL6:
  65              	.L2:
  18:drive.c       ****     {
  66              		.loc 1 18 0 is_stmt 0 discriminator 1
  67 0028 B4F52A7F 		cmp	r4, #680
  68 002c EBDB     		blt	.L3
  24:drive.c       ****     }
  25:drive.c       ****  }
  69              		.loc 1 25 0 is_stmt 1
  70 002e 10BD     		pop	{r4, pc}
  71              		.cfi_endproc
  72              	.LFE0:
  73              		.size	runForward, .-runForward
  74              		.section	.text.runBackward,"ax",%progbits
  75              		.align	2
  76              		.global	runBackward
  77              		.thumb
  78              		.thumb_func
  79              		.type	runBackward, %function
  80              	runBackward:
  81              	.LFB1:
  26:drive.c       **** /* [] END OF FILE */
  27:drive.c       **** 
  28:drive.c       **** 
  29:drive.c       **** void runBackward()
  30:drive.c       **** {
  82              		.loc 1 30 0
ARM GAS  C:\Users\andre\AppData\Local\Temp\ccMCWH51.s 			page 3


  83              		.cfi_startproc
  84              		@ args = 0, pretend = 0, frame = 0
  85              		@ frame_needed = 0, uses_anonymous_args = 0
  86 0000 10B5     		push	{r4, lr}
  87              		.cfi_def_cfa_offset 8
  88              		.cfi_offset 4, -8
  89              		.cfi_offset 14, -4
  90              	.LVL7:
  31:drive.c       ****   int x;
  32:drive.c       ****     
  33:drive.c       ****     for(x = 0; x < 680; x = x + 1)
  91              		.loc 1 33 0
  92 0002 0024     		movs	r4, #0
  93 0004 10E0     		b	.L6
  94              	.LVL8:
  95              	.L7:
  96              	.LBB3:
  34:drive.c       ****     {
  35:drive.c       ****         resetLeft();
  97              		.loc 1 35 0 discriminator 3
  98 0006 FFF7FEFF 		bl	resetLeft
  99              	.LVL9:
  36:drive.c       ****         resetRight();
 100              		.loc 1 36 0 discriminator 3
 101 000a FFF7FEFF 		bl	resetRight
 102              	.LVL10:
  37:drive.c       ****         stepperLeft(2, 2, fart);
 103              		.loc 1 37 0 discriminator 3
 104 000e 40F26C72 		movw	r2, #1900
 105 0012 0221     		movs	r1, #2
 106 0014 0846     		mov	r0, r1
 107 0016 FFF7FEFF 		bl	stepperLeft
 108              	.LVL11:
  38:drive.c       ****         stepperRight(2, 2, fart);
 109              		.loc 1 38 0 discriminator 3
 110 001a 40F26C72 		movw	r2, #1900
 111 001e 0221     		movs	r1, #2
 112 0020 0846     		mov	r0, r1
 113 0022 FFF7FEFF 		bl	stepperRight
 114              	.LVL12:
 115              	.LBE3:
  33:drive.c       ****     {
 116              		.loc 1 33 0 discriminator 3
 117 0026 0134     		adds	r4, r4, #1
 118              	.LVL13:
 119              	.L6:
  33:drive.c       ****     {
 120              		.loc 1 33 0 is_stmt 0 discriminator 1
 121 0028 B4F52A7F 		cmp	r4, #680
 122 002c EBDB     		blt	.L7
  39:drive.c       ****     }
  40:drive.c       ****  }
 123              		.loc 1 40 0 is_stmt 1
 124 002e 10BD     		pop	{r4, pc}
 125              		.cfi_endproc
 126              	.LFE1:
 127              		.size	runBackward, .-runBackward
ARM GAS  C:\Users\andre\AppData\Local\Temp\ccMCWH51.s 			page 4


 128              		.section	.text.turnLeft,"ax",%progbits
 129              		.align	2
 130              		.global	turnLeft
 131              		.thumb
 132              		.thumb_func
 133              		.type	turnLeft, %function
 134              	turnLeft:
 135              	.LFB2:
  41:drive.c       **** 
  42:drive.c       **** void turnLeft()
  43:drive.c       **** {
 136              		.loc 1 43 0
 137              		.cfi_startproc
 138              		@ args = 0, pretend = 0, frame = 0
 139              		@ frame_needed = 0, uses_anonymous_args = 0
 140 0000 10B5     		push	{r4, lr}
 141              		.cfi_def_cfa_offset 8
 142              		.cfi_offset 4, -8
 143              		.cfi_offset 14, -4
 144              	.LVL14:
  44:drive.c       ****   int x;
  45:drive.c       ****     
  46:drive.c       ****     for(x = 0; x < 824; x = x + 1)
 145              		.loc 1 46 0
 146 0002 0024     		movs	r4, #0
 147 0004 10E0     		b	.L10
 148              	.LVL15:
 149              	.L11:
 150              	.LBB4:
  47:drive.c       ****     {
  48:drive.c       ****         resetLeft();
 151              		.loc 1 48 0 discriminator 3
 152 0006 FFF7FEFF 		bl	resetLeft
 153              	.LVL16:
  49:drive.c       ****         resetRight();
 154              		.loc 1 49 0 discriminator 3
 155 000a FFF7FEFF 		bl	resetRight
 156              	.LVL17:
  50:drive.c       ****         stepperLeft(2, 1, fart);
 157              		.loc 1 50 0 discriminator 3
 158 000e 40F26C72 		movw	r2, #1900
 159 0012 0121     		movs	r1, #1
 160 0014 0220     		movs	r0, #2
 161 0016 FFF7FEFF 		bl	stepperLeft
 162              	.LVL18:
  51:drive.c       ****         stepperRight(2, 2, fart);
 163              		.loc 1 51 0 discriminator 3
 164 001a 40F26C72 		movw	r2, #1900
 165 001e 0221     		movs	r1, #2
 166 0020 0846     		mov	r0, r1
 167 0022 FFF7FEFF 		bl	stepperRight
 168              	.LVL19:
 169              	.LBE4:
  46:drive.c       ****     {
 170              		.loc 1 46 0 discriminator 3
 171 0026 0134     		adds	r4, r4, #1
 172              	.LVL20:
ARM GAS  C:\Users\andre\AppData\Local\Temp\ccMCWH51.s 			page 5


 173              	.L10:
  46:drive.c       ****     {
 174              		.loc 1 46 0 is_stmt 0 discriminator 1
 175 0028 B4F54E7F 		cmp	r4, #824
 176 002c EBDB     		blt	.L11
  52:drive.c       ****     }
  53:drive.c       ****  }
 177              		.loc 1 53 0 is_stmt 1
 178 002e 10BD     		pop	{r4, pc}
 179              		.cfi_endproc
 180              	.LFE2:
 181              		.size	turnLeft, .-turnLeft
 182              		.section	.text.turnRight,"ax",%progbits
 183              		.align	2
 184              		.global	turnRight
 185              		.thumb
 186              		.thumb_func
 187              		.type	turnRight, %function
 188              	turnRight:
 189              	.LFB3:
  54:drive.c       **** 
  55:drive.c       **** 
  56:drive.c       **** void turnRight()
  57:drive.c       **** {
 190              		.loc 1 57 0
 191              		.cfi_startproc
 192              		@ args = 0, pretend = 0, frame = 0
 193              		@ frame_needed = 0, uses_anonymous_args = 0
 194 0000 10B5     		push	{r4, lr}
 195              		.cfi_def_cfa_offset 8
 196              		.cfi_offset 4, -8
 197              		.cfi_offset 14, -4
 198              	.LVL21:
  58:drive.c       ****   int x;
  59:drive.c       ****     
  60:drive.c       ****     for(x = 0; x < 880; x = x + 1)
 199              		.loc 1 60 0
 200 0002 0024     		movs	r4, #0
 201 0004 10E0     		b	.L14
 202              	.LVL22:
 203              	.L15:
 204              	.LBB5:
  61:drive.c       ****     {
  62:drive.c       ****         resetLeft();
 205              		.loc 1 62 0 discriminator 3
 206 0006 FFF7FEFF 		bl	resetLeft
 207              	.LVL23:
  63:drive.c       ****         resetRight();
 208              		.loc 1 63 0 discriminator 3
 209 000a FFF7FEFF 		bl	resetRight
 210              	.LVL24:
  64:drive.c       ****         stepperLeft(2, 2, fart);
 211              		.loc 1 64 0 discriminator 3
 212 000e 40F26C72 		movw	r2, #1900
 213 0012 0221     		movs	r1, #2
 214 0014 0846     		mov	r0, r1
 215 0016 FFF7FEFF 		bl	stepperLeft
ARM GAS  C:\Users\andre\AppData\Local\Temp\ccMCWH51.s 			page 6


 216              	.LVL25:
  65:drive.c       ****         stepperRight(2, 1, fart);
 217              		.loc 1 65 0 discriminator 3
 218 001a 40F26C72 		movw	r2, #1900
 219 001e 0121     		movs	r1, #1
 220 0020 0220     		movs	r0, #2
 221 0022 FFF7FEFF 		bl	stepperRight
 222              	.LVL26:
 223              	.LBE5:
  60:drive.c       ****     {
 224              		.loc 1 60 0 discriminator 3
 225 0026 0134     		adds	r4, r4, #1
 226              	.LVL27:
 227              	.L14:
  60:drive.c       ****     {
 228              		.loc 1 60 0 is_stmt 0 discriminator 1
 229 0028 B4F55C7F 		cmp	r4, #880
 230 002c EBDB     		blt	.L15
  66:drive.c       ****     }
  67:drive.c       ****  }...
 231              		.loc 1 67 0 is_stmt 1
 232 002e 10BD     		pop	{r4, pc}
 233              		.cfi_endproc
 234              	.LFE3:
 235              		.size	turnRight, .-turnRight
 236              		.text
 237              	.Letext0:
 238              		.section	.debug_info,"",%progbits
 239              	.Ldebug_info0:
 240 0000 49030000 		.4byte	0x349
 241 0004 0400     		.2byte	0x4
 242 0006 00000000 		.4byte	.Ldebug_abbrev0
 243 000a 04       		.byte	0x4
 244 000b 01       		.uleb128 0x1
 245 000c 93000000 		.4byte	.LASF8
 246 0010 0C       		.byte	0xc
 247 0011 80000000 		.4byte	.LASF9
 248 0015 2B000000 		.4byte	.LASF10
 249 0019 00000000 		.4byte	.Ldebug_ranges0+0
 250 001d 00000000 		.4byte	0
 251 0021 00000000 		.4byte	.Ldebug_line0
 252 0025 02       		.uleb128 0x2
 253 0026 00000000 		.4byte	.LASF4
 254 002a 01       		.byte	0x1
 255 002b 0E       		.byte	0xe
 256 002c 00000000 		.4byte	.LFB0
 257 0030 30000000 		.4byte	.LFE0-.LFB0
 258 0034 01       		.uleb128 0x1
 259 0035 9C       		.byte	0x9c
 260 0036 E2000000 		.4byte	0xe2
 261 003a 03       		.uleb128 0x3
 262 003b 7800     		.ascii	"x\000"
 263 003d 01       		.byte	0x1
 264 003e 10       		.byte	0x10
 265 003f E2000000 		.4byte	0xe2
 266 0043 00000000 		.4byte	.LLST0
 267 0047 04       		.uleb128 0x4
ARM GAS  C:\Users\andre\AppData\Local\Temp\ccMCWH51.s 			page 7


 268 0048 06000000 		.4byte	.LBB2
 269 004c 20000000 		.4byte	.LBE2-.LBB2
 270 0050 05       		.uleb128 0x5
 271 0051 21010000 		.4byte	.LASF0
 272 0055 01       		.byte	0x1
 273 0056 14       		.byte	0x14
 274 0057 E2000000 		.4byte	0xe2
 275 005b 61000000 		.4byte	0x61
 276 005f 06       		.uleb128 0x6
 277 0060 00       		.byte	0
 278 0061 05       		.uleb128 0x5
 279 0062 88000000 		.4byte	.LASF1
 280 0066 01       		.byte	0x1
 281 0067 15       		.byte	0x15
 282 0068 E2000000 		.4byte	0xe2
 283 006c 72000000 		.4byte	0x72
 284 0070 06       		.uleb128 0x6
 285 0071 00       		.byte	0
 286 0072 05       		.uleb128 0x5
 287 0073 74000000 		.4byte	.LASF2
 288 0077 01       		.byte	0x1
 289 0078 16       		.byte	0x16
 290 0079 E2000000 		.4byte	0xe2
 291 007d 83000000 		.4byte	0x83
 292 0081 06       		.uleb128 0x6
 293 0082 00       		.byte	0
 294 0083 05       		.uleb128 0x5
 295 0084 0B000000 		.4byte	.LASF3
 296 0088 01       		.byte	0x1
 297 0089 17       		.byte	0x17
 298 008a E2000000 		.4byte	0xe2
 299 008e 94000000 		.4byte	0x94
 300 0092 06       		.uleb128 0x6
 301 0093 00       		.byte	0
 302 0094 07       		.uleb128 0x7
 303 0095 0A000000 		.4byte	.LVL2
 304 0099 20030000 		.4byte	0x320
 305 009d 07       		.uleb128 0x7
 306 009e 0E000000 		.4byte	.LVL3
 307 00a2 2B030000 		.4byte	0x32b
 308 00a6 08       		.uleb128 0x8
 309 00a7 1A000000 		.4byte	.LVL4
 310 00ab 36030000 		.4byte	0x336
 311 00af C5000000 		.4byte	0xc5
 312 00b3 09       		.uleb128 0x9
 313 00b4 01       		.uleb128 0x1
 314 00b5 50       		.byte	0x50
 315 00b6 01       		.uleb128 0x1
 316 00b7 32       		.byte	0x32
 317 00b8 09       		.uleb128 0x9
 318 00b9 01       		.uleb128 0x1
 319 00ba 51       		.byte	0x51
 320 00bb 01       		.uleb128 0x1
 321 00bc 31       		.byte	0x31
 322 00bd 09       		.uleb128 0x9
 323 00be 01       		.uleb128 0x1
 324 00bf 52       		.byte	0x52
ARM GAS  C:\Users\andre\AppData\Local\Temp\ccMCWH51.s 			page 8


 325 00c0 03       		.uleb128 0x3
 326 00c1 0A       		.byte	0xa
 327 00c2 6C07     		.2byte	0x76c
 328 00c4 00       		.byte	0
 329 00c5 0A       		.uleb128 0xa
 330 00c6 26000000 		.4byte	.LVL5
 331 00ca 41030000 		.4byte	0x341
 332 00ce 09       		.uleb128 0x9
 333 00cf 01       		.uleb128 0x1
 334 00d0 50       		.byte	0x50
 335 00d1 01       		.uleb128 0x1
 336 00d2 32       		.byte	0x32
 337 00d3 09       		.uleb128 0x9
 338 00d4 01       		.uleb128 0x1
 339 00d5 51       		.byte	0x51
 340 00d6 01       		.uleb128 0x1
 341 00d7 31       		.byte	0x31
 342 00d8 09       		.uleb128 0x9
 343 00d9 01       		.uleb128 0x1
 344 00da 52       		.byte	0x52
 345 00db 03       		.uleb128 0x3
 346 00dc 0A       		.byte	0xa
 347 00dd 6C07     		.2byte	0x76c
 348 00df 00       		.byte	0
 349 00e0 00       		.byte	0
 350 00e1 00       		.byte	0
 351 00e2 0B       		.uleb128 0xb
 352 00e3 04       		.byte	0x4
 353 00e4 05       		.byte	0x5
 354 00e5 696E7400 		.ascii	"int\000"
 355 00e9 02       		.uleb128 0x2
 356 00ea 68000000 		.4byte	.LASF5
 357 00ee 01       		.byte	0x1
 358 00ef 1D       		.byte	0x1d
 359 00f0 00000000 		.4byte	.LFB1
 360 00f4 30000000 		.4byte	.LFE1-.LFB1
 361 00f8 01       		.uleb128 0x1
 362 00f9 9C       		.byte	0x9c
 363 00fa A6010000 		.4byte	0x1a6
 364 00fe 03       		.uleb128 0x3
 365 00ff 7800     		.ascii	"x\000"
 366 0101 01       		.byte	0x1
 367 0102 1F       		.byte	0x1f
 368 0103 E2000000 		.4byte	0xe2
 369 0107 1F000000 		.4byte	.LLST1
 370 010b 04       		.uleb128 0x4
 371 010c 06000000 		.4byte	.LBB3
 372 0110 20000000 		.4byte	.LBE3-.LBB3
 373 0114 05       		.uleb128 0x5
 374 0115 21010000 		.4byte	.LASF0
 375 0119 01       		.byte	0x1
 376 011a 14       		.byte	0x14
 377 011b E2000000 		.4byte	0xe2
 378 011f 25010000 		.4byte	0x125
 379 0123 06       		.uleb128 0x6
 380 0124 00       		.byte	0
 381 0125 05       		.uleb128 0x5
ARM GAS  C:\Users\andre\AppData\Local\Temp\ccMCWH51.s 			page 9


 382 0126 88000000 		.4byte	.LASF1
 383 012a 01       		.byte	0x1
 384 012b 15       		.byte	0x15
 385 012c E2000000 		.4byte	0xe2
 386 0130 36010000 		.4byte	0x136
 387 0134 06       		.uleb128 0x6
 388 0135 00       		.byte	0
 389 0136 05       		.uleb128 0x5
 390 0137 74000000 		.4byte	.LASF2
 391 013b 01       		.byte	0x1
 392 013c 16       		.byte	0x16
 393 013d E2000000 		.4byte	0xe2
 394 0141 47010000 		.4byte	0x147
 395 0145 06       		.uleb128 0x6
 396 0146 00       		.byte	0
 397 0147 05       		.uleb128 0x5
 398 0148 0B000000 		.4byte	.LASF3
 399 014c 01       		.byte	0x1
 400 014d 17       		.byte	0x17
 401 014e E2000000 		.4byte	0xe2
 402 0152 58010000 		.4byte	0x158
 403 0156 06       		.uleb128 0x6
 404 0157 00       		.byte	0
 405 0158 07       		.uleb128 0x7
 406 0159 0A000000 		.4byte	.LVL9
 407 015d 20030000 		.4byte	0x320
 408 0161 07       		.uleb128 0x7
 409 0162 0E000000 		.4byte	.LVL10
 410 0166 2B030000 		.4byte	0x32b
 411 016a 08       		.uleb128 0x8
 412 016b 1A000000 		.4byte	.LVL11
 413 016f 36030000 		.4byte	0x336
 414 0173 89010000 		.4byte	0x189
 415 0177 09       		.uleb128 0x9
 416 0178 01       		.uleb128 0x1
 417 0179 50       		.byte	0x50
 418 017a 01       		.uleb128 0x1
 419 017b 32       		.byte	0x32
 420 017c 09       		.uleb128 0x9
 421 017d 01       		.uleb128 0x1
 422 017e 51       		.byte	0x51
 423 017f 01       		.uleb128 0x1
 424 0180 32       		.byte	0x32
 425 0181 09       		.uleb128 0x9
 426 0182 01       		.uleb128 0x1
 427 0183 52       		.byte	0x52
 428 0184 03       		.uleb128 0x3
 429 0185 0A       		.byte	0xa
 430 0186 6C07     		.2byte	0x76c
 431 0188 00       		.byte	0
 432 0189 0A       		.uleb128 0xa
 433 018a 26000000 		.4byte	.LVL12
 434 018e 41030000 		.4byte	0x341
 435 0192 09       		.uleb128 0x9
 436 0193 01       		.uleb128 0x1
 437 0194 50       		.byte	0x50
 438 0195 01       		.uleb128 0x1
ARM GAS  C:\Users\andre\AppData\Local\Temp\ccMCWH51.s 			page 10


 439 0196 32       		.byte	0x32
 440 0197 09       		.uleb128 0x9
 441 0198 01       		.uleb128 0x1
 442 0199 51       		.byte	0x51
 443 019a 01       		.uleb128 0x1
 444 019b 32       		.byte	0x32
 445 019c 09       		.uleb128 0x9
 446 019d 01       		.uleb128 0x1
 447 019e 52       		.byte	0x52
 448 019f 03       		.uleb128 0x3
 449 01a0 0A       		.byte	0xa
 450 01a1 6C07     		.2byte	0x76c
 451 01a3 00       		.byte	0
 452 01a4 00       		.byte	0
 453 01a5 00       		.byte	0
 454 01a6 02       		.uleb128 0x2
 455 01a7 22000000 		.4byte	.LASF6
 456 01ab 01       		.byte	0x1
 457 01ac 2A       		.byte	0x2a
 458 01ad 00000000 		.4byte	.LFB2
 459 01b1 30000000 		.4byte	.LFE2-.LFB2
 460 01b5 01       		.uleb128 0x1
 461 01b6 9C       		.byte	0x9c
 462 01b7 63020000 		.4byte	0x263
 463 01bb 03       		.uleb128 0x3
 464 01bc 7800     		.ascii	"x\000"
 465 01be 01       		.byte	0x1
 466 01bf 2C       		.byte	0x2c
 467 01c0 E2000000 		.4byte	0xe2
 468 01c4 3E000000 		.4byte	.LLST2
 469 01c8 04       		.uleb128 0x4
 470 01c9 06000000 		.4byte	.LBB4
 471 01cd 20000000 		.4byte	.LBE4-.LBB4
 472 01d1 05       		.uleb128 0x5
 473 01d2 21010000 		.4byte	.LASF0
 474 01d6 01       		.byte	0x1
 475 01d7 14       		.byte	0x14
 476 01d8 E2000000 		.4byte	0xe2
 477 01dc E2010000 		.4byte	0x1e2
 478 01e0 06       		.uleb128 0x6
 479 01e1 00       		.byte	0
 480 01e2 05       		.uleb128 0x5
 481 01e3 88000000 		.4byte	.LASF1
 482 01e7 01       		.byte	0x1
 483 01e8 15       		.byte	0x15
 484 01e9 E2000000 		.4byte	0xe2
 485 01ed F3010000 		.4byte	0x1f3
 486 01f1 06       		.uleb128 0x6
 487 01f2 00       		.byte	0
 488 01f3 05       		.uleb128 0x5
 489 01f4 74000000 		.4byte	.LASF2
 490 01f8 01       		.byte	0x1
 491 01f9 16       		.byte	0x16
 492 01fa E2000000 		.4byte	0xe2
 493 01fe 04020000 		.4byte	0x204
 494 0202 06       		.uleb128 0x6
 495 0203 00       		.byte	0
ARM GAS  C:\Users\andre\AppData\Local\Temp\ccMCWH51.s 			page 11


 496 0204 05       		.uleb128 0x5
 497 0205 0B000000 		.4byte	.LASF3
 498 0209 01       		.byte	0x1
 499 020a 17       		.byte	0x17
 500 020b E2000000 		.4byte	0xe2
 501 020f 15020000 		.4byte	0x215
 502 0213 06       		.uleb128 0x6
 503 0214 00       		.byte	0
 504 0215 07       		.uleb128 0x7
 505 0216 0A000000 		.4byte	.LVL16
 506 021a 20030000 		.4byte	0x320
 507 021e 07       		.uleb128 0x7
 508 021f 0E000000 		.4byte	.LVL17
 509 0223 2B030000 		.4byte	0x32b
 510 0227 08       		.uleb128 0x8
 511 0228 1A000000 		.4byte	.LVL18
 512 022c 36030000 		.4byte	0x336
 513 0230 46020000 		.4byte	0x246
 514 0234 09       		.uleb128 0x9
 515 0235 01       		.uleb128 0x1
 516 0236 50       		.byte	0x50
 517 0237 01       		.uleb128 0x1
 518 0238 32       		.byte	0x32
 519 0239 09       		.uleb128 0x9
 520 023a 01       		.uleb128 0x1
 521 023b 51       		.byte	0x51
 522 023c 01       		.uleb128 0x1
 523 023d 31       		.byte	0x31
 524 023e 09       		.uleb128 0x9
 525 023f 01       		.uleb128 0x1
 526 0240 52       		.byte	0x52
 527 0241 03       		.uleb128 0x3
 528 0242 0A       		.byte	0xa
 529 0243 6C07     		.2byte	0x76c
 530 0245 00       		.byte	0
 531 0246 0A       		.uleb128 0xa
 532 0247 26000000 		.4byte	.LVL19
 533 024b 41030000 		.4byte	0x341
 534 024f 09       		.uleb128 0x9
 535 0250 01       		.uleb128 0x1
 536 0251 50       		.byte	0x50
 537 0252 01       		.uleb128 0x1
 538 0253 32       		.byte	0x32
 539 0254 09       		.uleb128 0x9
 540 0255 01       		.uleb128 0x1
 541 0256 51       		.byte	0x51
 542 0257 01       		.uleb128 0x1
 543 0258 32       		.byte	0x32
 544 0259 09       		.uleb128 0x9
 545 025a 01       		.uleb128 0x1
 546 025b 52       		.byte	0x52
 547 025c 03       		.uleb128 0x3
 548 025d 0A       		.byte	0xa
 549 025e 6C07     		.2byte	0x76c
 550 0260 00       		.byte	0
 551 0261 00       		.byte	0
 552 0262 00       		.byte	0
ARM GAS  C:\Users\andre\AppData\Local\Temp\ccMCWH51.s 			page 12


 553 0263 02       		.uleb128 0x2
 554 0264 18000000 		.4byte	.LASF7
 555 0268 01       		.byte	0x1
 556 0269 38       		.byte	0x38
 557 026a 00000000 		.4byte	.LFB3
 558 026e 30000000 		.4byte	.LFE3-.LFB3
 559 0272 01       		.uleb128 0x1
 560 0273 9C       		.byte	0x9c
 561 0274 20030000 		.4byte	0x320
 562 0278 03       		.uleb128 0x3
 563 0279 7800     		.ascii	"x\000"
 564 027b 01       		.byte	0x1
 565 027c 3A       		.byte	0x3a
 566 027d E2000000 		.4byte	0xe2
 567 0281 5D000000 		.4byte	.LLST3
 568 0285 04       		.uleb128 0x4
 569 0286 06000000 		.4byte	.LBB5
 570 028a 20000000 		.4byte	.LBE5-.LBB5
 571 028e 05       		.uleb128 0x5
 572 028f 21010000 		.4byte	.LASF0
 573 0293 01       		.byte	0x1
 574 0294 14       		.byte	0x14
 575 0295 E2000000 		.4byte	0xe2
 576 0299 9F020000 		.4byte	0x29f
 577 029d 06       		.uleb128 0x6
 578 029e 00       		.byte	0
 579 029f 05       		.uleb128 0x5
 580 02a0 88000000 		.4byte	.LASF1
 581 02a4 01       		.byte	0x1
 582 02a5 15       		.byte	0x15
 583 02a6 E2000000 		.4byte	0xe2
 584 02aa B0020000 		.4byte	0x2b0
 585 02ae 06       		.uleb128 0x6
 586 02af 00       		.byte	0
 587 02b0 05       		.uleb128 0x5
 588 02b1 74000000 		.4byte	.LASF2
 589 02b5 01       		.byte	0x1
 590 02b6 16       		.byte	0x16
 591 02b7 E2000000 		.4byte	0xe2
 592 02bb C1020000 		.4byte	0x2c1
 593 02bf 06       		.uleb128 0x6
 594 02c0 00       		.byte	0
 595 02c1 05       		.uleb128 0x5
 596 02c2 0B000000 		.4byte	.LASF3
 597 02c6 01       		.byte	0x1
 598 02c7 17       		.byte	0x17
 599 02c8 E2000000 		.4byte	0xe2
 600 02cc D2020000 		.4byte	0x2d2
 601 02d0 06       		.uleb128 0x6
 602 02d1 00       		.byte	0
 603 02d2 07       		.uleb128 0x7
 604 02d3 0A000000 		.4byte	.LVL23
 605 02d7 20030000 		.4byte	0x320
 606 02db 07       		.uleb128 0x7
 607 02dc 0E000000 		.4byte	.LVL24
 608 02e0 2B030000 		.4byte	0x32b
 609 02e4 08       		.uleb128 0x8
ARM GAS  C:\Users\andre\AppData\Local\Temp\ccMCWH51.s 			page 13


 610 02e5 1A000000 		.4byte	.LVL25
 611 02e9 36030000 		.4byte	0x336
 612 02ed 03030000 		.4byte	0x303
 613 02f1 09       		.uleb128 0x9
 614 02f2 01       		.uleb128 0x1
 615 02f3 50       		.byte	0x50
 616 02f4 01       		.uleb128 0x1
 617 02f5 32       		.byte	0x32
 618 02f6 09       		.uleb128 0x9
 619 02f7 01       		.uleb128 0x1
 620 02f8 51       		.byte	0x51
 621 02f9 01       		.uleb128 0x1
 622 02fa 32       		.byte	0x32
 623 02fb 09       		.uleb128 0x9
 624 02fc 01       		.uleb128 0x1
 625 02fd 52       		.byte	0x52
 626 02fe 03       		.uleb128 0x3
 627 02ff 0A       		.byte	0xa
 628 0300 6C07     		.2byte	0x76c
 629 0302 00       		.byte	0
 630 0303 0A       		.uleb128 0xa
 631 0304 26000000 		.4byte	.LVL26
 632 0308 41030000 		.4byte	0x341
 633 030c 09       		.uleb128 0x9
 634 030d 01       		.uleb128 0x1
 635 030e 50       		.byte	0x50
 636 030f 01       		.uleb128 0x1
 637 0310 32       		.byte	0x32
 638 0311 09       		.uleb128 0x9
 639 0312 01       		.uleb128 0x1
 640 0313 51       		.byte	0x51
 641 0314 01       		.uleb128 0x1
 642 0315 31       		.byte	0x31
 643 0316 09       		.uleb128 0x9
 644 0317 01       		.uleb128 0x1
 645 0318 52       		.byte	0x52
 646 0319 03       		.uleb128 0x3
 647 031a 0A       		.byte	0xa
 648 031b 6C07     		.2byte	0x76c
 649 031d 00       		.byte	0
 650 031e 00       		.byte	0
 651 031f 00       		.byte	0
 652 0320 0C       		.uleb128 0xc
 653 0321 21010000 		.4byte	.LASF0
 654 0325 21010000 		.4byte	.LASF0
 655 0329 01       		.byte	0x1
 656 032a 14       		.byte	0x14
 657 032b 0C       		.uleb128 0xc
 658 032c 88000000 		.4byte	.LASF1
 659 0330 88000000 		.4byte	.LASF1
 660 0334 01       		.byte	0x1
 661 0335 15       		.byte	0x15
 662 0336 0C       		.uleb128 0xc
 663 0337 74000000 		.4byte	.LASF2
 664 033b 74000000 		.4byte	.LASF2
 665 033f 01       		.byte	0x1
 666 0340 16       		.byte	0x16
ARM GAS  C:\Users\andre\AppData\Local\Temp\ccMCWH51.s 			page 14


 667 0341 0C       		.uleb128 0xc
 668 0342 0B000000 		.4byte	.LASF3
 669 0346 0B000000 		.4byte	.LASF3
 670 034a 01       		.byte	0x1
 671 034b 17       		.byte	0x17
 672 034c 00       		.byte	0
 673              		.section	.debug_abbrev,"",%progbits
 674              	.Ldebug_abbrev0:
 675 0000 01       		.uleb128 0x1
 676 0001 11       		.uleb128 0x11
 677 0002 01       		.byte	0x1
 678 0003 25       		.uleb128 0x25
 679 0004 0E       		.uleb128 0xe
 680 0005 13       		.uleb128 0x13
 681 0006 0B       		.uleb128 0xb
 682 0007 03       		.uleb128 0x3
 683 0008 0E       		.uleb128 0xe
 684 0009 1B       		.uleb128 0x1b
 685 000a 0E       		.uleb128 0xe
 686 000b 55       		.uleb128 0x55
 687 000c 17       		.uleb128 0x17
 688 000d 11       		.uleb128 0x11
 689 000e 01       		.uleb128 0x1
 690 000f 10       		.uleb128 0x10
 691 0010 17       		.uleb128 0x17
 692 0011 00       		.byte	0
 693 0012 00       		.byte	0
 694 0013 02       		.uleb128 0x2
 695 0014 2E       		.uleb128 0x2e
 696 0015 01       		.byte	0x1
 697 0016 3F       		.uleb128 0x3f
 698 0017 19       		.uleb128 0x19
 699 0018 03       		.uleb128 0x3
 700 0019 0E       		.uleb128 0xe
 701 001a 3A       		.uleb128 0x3a
 702 001b 0B       		.uleb128 0xb
 703 001c 3B       		.uleb128 0x3b
 704 001d 0B       		.uleb128 0xb
 705 001e 11       		.uleb128 0x11
 706 001f 01       		.uleb128 0x1
 707 0020 12       		.uleb128 0x12
 708 0021 06       		.uleb128 0x6
 709 0022 40       		.uleb128 0x40
 710 0023 18       		.uleb128 0x18
 711 0024 9742     		.uleb128 0x2117
 712 0026 19       		.uleb128 0x19
 713 0027 01       		.uleb128 0x1
 714 0028 13       		.uleb128 0x13
 715 0029 00       		.byte	0
 716 002a 00       		.byte	0
 717 002b 03       		.uleb128 0x3
 718 002c 34       		.uleb128 0x34
 719 002d 00       		.byte	0
 720 002e 03       		.uleb128 0x3
 721 002f 08       		.uleb128 0x8
 722 0030 3A       		.uleb128 0x3a
 723 0031 0B       		.uleb128 0xb
ARM GAS  C:\Users\andre\AppData\Local\Temp\ccMCWH51.s 			page 15


 724 0032 3B       		.uleb128 0x3b
 725 0033 0B       		.uleb128 0xb
 726 0034 49       		.uleb128 0x49
 727 0035 13       		.uleb128 0x13
 728 0036 02       		.uleb128 0x2
 729 0037 17       		.uleb128 0x17
 730 0038 00       		.byte	0
 731 0039 00       		.byte	0
 732 003a 04       		.uleb128 0x4
 733 003b 0B       		.uleb128 0xb
 734 003c 01       		.byte	0x1
 735 003d 11       		.uleb128 0x11
 736 003e 01       		.uleb128 0x1
 737 003f 12       		.uleb128 0x12
 738 0040 06       		.uleb128 0x6
 739 0041 00       		.byte	0
 740 0042 00       		.byte	0
 741 0043 05       		.uleb128 0x5
 742 0044 2E       		.uleb128 0x2e
 743 0045 01       		.byte	0x1
 744 0046 3F       		.uleb128 0x3f
 745 0047 19       		.uleb128 0x19
 746 0048 03       		.uleb128 0x3
 747 0049 0E       		.uleb128 0xe
 748 004a 3A       		.uleb128 0x3a
 749 004b 0B       		.uleb128 0xb
 750 004c 3B       		.uleb128 0x3b
 751 004d 0B       		.uleb128 0xb
 752 004e 49       		.uleb128 0x49
 753 004f 13       		.uleb128 0x13
 754 0050 3C       		.uleb128 0x3c
 755 0051 19       		.uleb128 0x19
 756 0052 01       		.uleb128 0x1
 757 0053 13       		.uleb128 0x13
 758 0054 00       		.byte	0
 759 0055 00       		.byte	0
 760 0056 06       		.uleb128 0x6
 761 0057 18       		.uleb128 0x18
 762 0058 00       		.byte	0
 763 0059 00       		.byte	0
 764 005a 00       		.byte	0
 765 005b 07       		.uleb128 0x7
 766 005c 898201   		.uleb128 0x4109
 767 005f 00       		.byte	0
 768 0060 11       		.uleb128 0x11
 769 0061 01       		.uleb128 0x1
 770 0062 31       		.uleb128 0x31
 771 0063 13       		.uleb128 0x13
 772 0064 00       		.byte	0
 773 0065 00       		.byte	0
 774 0066 08       		.uleb128 0x8
 775 0067 898201   		.uleb128 0x4109
 776 006a 01       		.byte	0x1
 777 006b 11       		.uleb128 0x11
 778 006c 01       		.uleb128 0x1
 779 006d 31       		.uleb128 0x31
 780 006e 13       		.uleb128 0x13
ARM GAS  C:\Users\andre\AppData\Local\Temp\ccMCWH51.s 			page 16


 781 006f 01       		.uleb128 0x1
 782 0070 13       		.uleb128 0x13
 783 0071 00       		.byte	0
 784 0072 00       		.byte	0
 785 0073 09       		.uleb128 0x9
 786 0074 8A8201   		.uleb128 0x410a
 787 0077 00       		.byte	0
 788 0078 02       		.uleb128 0x2
 789 0079 18       		.uleb128 0x18
 790 007a 9142     		.uleb128 0x2111
 791 007c 18       		.uleb128 0x18
 792 007d 00       		.byte	0
 793 007e 00       		.byte	0
 794 007f 0A       		.uleb128 0xa
 795 0080 898201   		.uleb128 0x4109
 796 0083 01       		.byte	0x1
 797 0084 11       		.uleb128 0x11
 798 0085 01       		.uleb128 0x1
 799 0086 31       		.uleb128 0x31
 800 0087 13       		.uleb128 0x13
 801 0088 00       		.byte	0
 802 0089 00       		.byte	0
 803 008a 0B       		.uleb128 0xb
 804 008b 24       		.uleb128 0x24
 805 008c 00       		.byte	0
 806 008d 0B       		.uleb128 0xb
 807 008e 0B       		.uleb128 0xb
 808 008f 3E       		.uleb128 0x3e
 809 0090 0B       		.uleb128 0xb
 810 0091 03       		.uleb128 0x3
 811 0092 08       		.uleb128 0x8
 812 0093 00       		.byte	0
 813 0094 00       		.byte	0
 814 0095 0C       		.uleb128 0xc
 815 0096 2E       		.uleb128 0x2e
 816 0097 00       		.byte	0
 817 0098 3F       		.uleb128 0x3f
 818 0099 19       		.uleb128 0x19
 819 009a 3C       		.uleb128 0x3c
 820 009b 19       		.uleb128 0x19
 821 009c 6E       		.uleb128 0x6e
 822 009d 0E       		.uleb128 0xe
 823 009e 03       		.uleb128 0x3
 824 009f 0E       		.uleb128 0xe
 825 00a0 3A       		.uleb128 0x3a
 826 00a1 0B       		.uleb128 0xb
 827 00a2 3B       		.uleb128 0x3b
 828 00a3 0B       		.uleb128 0xb
 829 00a4 00       		.byte	0
 830 00a5 00       		.byte	0
 831 00a6 00       		.byte	0
 832              		.section	.debug_loc,"",%progbits
 833              	.Ldebug_loc0:
 834              	.LLST0:
 835 0000 02000000 		.4byte	.LVL0
 836 0004 06000000 		.4byte	.LVL1
 837 0008 0200     		.2byte	0x2
ARM GAS  C:\Users\andre\AppData\Local\Temp\ccMCWH51.s 			page 17


 838 000a 30       		.byte	0x30
 839 000b 9F       		.byte	0x9f
 840 000c 06000000 		.4byte	.LVL1
 841 0010 30000000 		.4byte	.LFE0
 842 0014 0100     		.2byte	0x1
 843 0016 54       		.byte	0x54
 844 0017 00000000 		.4byte	0
 845 001b 00000000 		.4byte	0
 846              	.LLST1:
 847 001f 02000000 		.4byte	.LVL7
 848 0023 06000000 		.4byte	.LVL8
 849 0027 0200     		.2byte	0x2
 850 0029 30       		.byte	0x30
 851 002a 9F       		.byte	0x9f
 852 002b 06000000 		.4byte	.LVL8
 853 002f 30000000 		.4byte	.LFE1
 854 0033 0100     		.2byte	0x1
 855 0035 54       		.byte	0x54
 856 0036 00000000 		.4byte	0
 857 003a 00000000 		.4byte	0
 858              	.LLST2:
 859 003e 02000000 		.4byte	.LVL14
 860 0042 06000000 		.4byte	.LVL15
 861 0046 0200     		.2byte	0x2
 862 0048 30       		.byte	0x30
 863 0049 9F       		.byte	0x9f
 864 004a 06000000 		.4byte	.LVL15
 865 004e 30000000 		.4byte	.LFE2
 866 0052 0100     		.2byte	0x1
 867 0054 54       		.byte	0x54
 868 0055 00000000 		.4byte	0
 869 0059 00000000 		.4byte	0
 870              	.LLST3:
 871 005d 02000000 		.4byte	.LVL21
 872 0061 06000000 		.4byte	.LVL22
 873 0065 0200     		.2byte	0x2
 874 0067 30       		.byte	0x30
 875 0068 9F       		.byte	0x9f
 876 0069 06000000 		.4byte	.LVL22
 877 006d 30000000 		.4byte	.LFE3
 878 0071 0100     		.2byte	0x1
 879 0073 54       		.byte	0x54
 880 0074 00000000 		.4byte	0
 881 0078 00000000 		.4byte	0
 882              		.section	.debug_aranges,"",%progbits
 883 0000 34000000 		.4byte	0x34
 884 0004 0200     		.2byte	0x2
 885 0006 00000000 		.4byte	.Ldebug_info0
 886 000a 04       		.byte	0x4
 887 000b 00       		.byte	0
 888 000c 0000     		.2byte	0
 889 000e 0000     		.2byte	0
 890 0010 00000000 		.4byte	.LFB0
 891 0014 30000000 		.4byte	.LFE0-.LFB0
 892 0018 00000000 		.4byte	.LFB1
 893 001c 30000000 		.4byte	.LFE1-.LFB1
 894 0020 00000000 		.4byte	.LFB2
ARM GAS  C:\Users\andre\AppData\Local\Temp\ccMCWH51.s 			page 18


 895 0024 30000000 		.4byte	.LFE2-.LFB2
 896 0028 00000000 		.4byte	.LFB3
 897 002c 30000000 		.4byte	.LFE3-.LFB3
 898 0030 00000000 		.4byte	0
 899 0034 00000000 		.4byte	0
 900              		.section	.debug_ranges,"",%progbits
 901              	.Ldebug_ranges0:
 902 0000 00000000 		.4byte	.LFB0
 903 0004 30000000 		.4byte	.LFE0
 904 0008 00000000 		.4byte	.LFB1
 905 000c 30000000 		.4byte	.LFE1
 906 0010 00000000 		.4byte	.LFB2
 907 0014 30000000 		.4byte	.LFE2
 908 0018 00000000 		.4byte	.LFB3
 909 001c 30000000 		.4byte	.LFE3
 910 0020 00000000 		.4byte	0
 911 0024 00000000 		.4byte	0
 912              		.section	.debug_line,"",%progbits
 913              	.Ldebug_line0:
 914 0000 E8000000 		.section	.debug_str,"MS",%progbits,1
 914      02001E00 
 914      00000201 
 914      FB0E0D00 
 914      01010101 
 915              	.LASF4:
 916 0000 72756E46 		.ascii	"runForward\000"
 916      6F727761 
 916      726400
 917              	.LASF3:
 918 000b 73746570 		.ascii	"stepperRight\000"
 918      70657252 
 918      69676874 
 918      00
 919              	.LASF7:
 920 0018 7475726E 		.ascii	"turnRight\000"
 920      52696768 
 920      7400
 921              	.LASF6:
 922 0022 7475726E 		.ascii	"turnLeft\000"
 922      4C656674 
 922      00
 923              	.LASF10:
 924 002b 443A5C44 		.ascii	"D:\\Dropbox\\AarhusUNI\\Andet2017\\Stepper\\Stepper"
 924      726F7062 
 924      6F785C41 
 924      61726875 
 924      73554E49 
 925 0059 5C537465 		.ascii	"\\Stepper.cydsn\000"
 925      70706572 
 925      2E637964 
 925      736E00
 926              	.LASF5:
 927 0068 72756E42 		.ascii	"runBackward\000"
 927      61636B77 
 927      61726400 
 928              	.LASF2:
 929 0074 73746570 		.ascii	"stepperLeft\000"
ARM GAS  C:\Users\andre\AppData\Local\Temp\ccMCWH51.s 			page 19


 929      7065724C 
 929      65667400 
 930              	.LASF9:
 931 0080 64726976 		.ascii	"drive.c\000"
 931      652E6300 
 932              	.LASF1:
 933 0088 72657365 		.ascii	"resetRight\000"
 933      74526967 
 933      687400
 934              	.LASF8:
 935 0093 474E5520 		.ascii	"GNU C11 5.4.1 20160609 (release) [ARM/embedded-5-br"
 935      43313120 
 935      352E342E 
 935      31203230 
 935      31363036 
 936 00c6 616E6368 		.ascii	"anch revision 237715] -mcpu=cortex-m3 -mthumb -g -O"
 936      20726576 
 936      6973696F 
 936      6E203233 
 936      37373135 
 937 00f9 67202D66 		.ascii	"g -ffunction-sections -ffat-lto-objects\000"
 937      66756E63 
 937      74696F6E 
 937      2D736563 
 937      74696F6E 
 938              	.LASF0:
 939 0121 72657365 		.ascii	"resetLeft\000"
 939      744C6566 
 939      7400
 940              		.ident	"GCC: (GNU Tools for ARM Embedded Processors) 5.4.1 20160609 (release) [ARM/embedded-5-bran
