Analysis & Synthesis report for TheWatch
Thu Apr 27 09:35:35 2017
Quartus II 64-Bit Version 13.0.1 Build 232 06/12/2013 Service Pack 1 SJ Web Edition


---------------------
; Table of Contents ;
---------------------
  1. Legal Notice
  2. Analysis & Synthesis Summary
  3. Analysis & Synthesis Settings
  4. Parallel Compilation
  5. Analysis & Synthesis Source Files Read
  6. Analysis & Synthesis Resource Usage Summary
  7. Analysis & Synthesis Resource Utilization by Entity
  8. User-Specified and Inferred Latches
  9. Registers Removed During Synthesis
 10. General Register Statistics
 11. Multiplexer Restructuring Statistics (Restructuring Performed)
 12. Port Connectivity Checks: "watch:wtch|multi_counter:mtc6"
 13. Port Connectivity Checks: "watch:wtch|multi_counter:mtc5"
 14. Port Connectivity Checks: "watch:wtch|multi_counter:mtc4"
 15. Port Connectivity Checks: "watch:wtch|multi_counter:mtc3"
 16. Port Connectivity Checks: "watch:wtch|multi_counter:mtc2"
 17. Port Connectivity Checks: "watch:wtch|multi_counter:mtc1"
 18. Elapsed Time Per Partition
 19. Analysis & Synthesis Messages



----------------
; Legal Notice ;
----------------
Copyright (C) 1991-2013 Altera Corporation
Your use of Altera Corporation's design tools, logic functions 
and other software and tools, and its AMPP partner logic 
functions, and any output files from any of the foregoing 
(including device programming or simulation files), and any 
associated documentation or information are expressly subject 
to the terms and conditions of the Altera Program License 
Subscription Agreement, Altera MegaCore Function License 
Agreement, or other applicable license agreement, including, 
without limitation, that your use is for the sole purpose of 
programming logic devices manufactured by Altera and sold by 
Altera or its authorized distributors.  Please refer to the 
applicable agreement for further details.



+--------------------------------------------------------------------------------------+
; Analysis & Synthesis Summary                                                         ;
+------------------------------------+-------------------------------------------------+
; Analysis & Synthesis Status        ; Successful - Thu Apr 27 09:35:35 2017           ;
; Quartus II 64-Bit Version          ; 13.0.1 Build 232 06/12/2013 SP 1 SJ Web Edition ;
; Revision Name                      ; TheWatch                                        ;
; Top-level Entity Name              ; alarm_watch_tester                              ;
; Family                             ; Cyclone II                                      ;
; Total logic elements               ; 218                                             ;
;     Total combinational functions  ; 218                                             ;
;     Dedicated logic registers      ; 58                                              ;
; Total registers                    ; 58                                              ;
; Total pins                         ; 64                                              ;
; Total virtual pins                 ; 0                                               ;
; Total memory bits                  ; 0                                               ;
; Embedded Multiplier 9-bit elements ; 0                                               ;
; Total PLLs                         ; 0                                               ;
+------------------------------------+-------------------------------------------------+


+----------------------------------------------------------------------------------------------------------------------+
; Analysis & Synthesis Settings                                                                                        ;
+----------------------------------------------------------------------------+--------------------+--------------------+
; Option                                                                     ; Setting            ; Default Value      ;
+----------------------------------------------------------------------------+--------------------+--------------------+
; Device                                                                     ; EP2C35F672C6       ;                    ;
; Top-level entity name                                                      ; alarm_watch_tester ; TheWatch           ;
; Family name                                                                ; Cyclone II         ; Cyclone IV GX      ;
; Use smart compilation                                                      ; Off                ; Off                ;
; Enable parallel Assembler and TimeQuest Timing Analyzer during compilation ; On                 ; On                 ;
; Enable compact report table                                                ; Off                ; Off                ;
; Restructure Multiplexers                                                   ; Auto               ; Auto               ;
; Create Debugging Nodes for IP Cores                                        ; Off                ; Off                ;
; Preserve fewer node names                                                  ; On                 ; On                 ;
; Disable OpenCore Plus hardware evaluation                                  ; Off                ; Off                ;
; Verilog Version                                                            ; Verilog_2001       ; Verilog_2001       ;
; VHDL Version                                                               ; VHDL_1993          ; VHDL_1993          ;
; State Machine Processing                                                   ; Auto               ; Auto               ;
; Safe State Machine                                                         ; Off                ; Off                ;
; Extract Verilog State Machines                                             ; On                 ; On                 ;
; Extract VHDL State Machines                                                ; On                 ; On                 ;
; Ignore Verilog initial constructs                                          ; Off                ; Off                ;
; Iteration limit for constant Verilog loops                                 ; 5000               ; 5000               ;
; Iteration limit for non-constant Verilog loops                             ; 250                ; 250                ;
; Add Pass-Through Logic to Inferred RAMs                                    ; On                 ; On                 ;
; Infer RAMs from Raw Logic                                                  ; On                 ; On                 ;
; Parallel Synthesis                                                         ; On                 ; On                 ;
; DSP Block Balancing                                                        ; Auto               ; Auto               ;
; NOT Gate Push-Back                                                         ; On                 ; On                 ;
; Power-Up Don't Care                                                        ; On                 ; On                 ;
; Remove Redundant Logic Cells                                               ; Off                ; Off                ;
; Remove Duplicate Registers                                                 ; On                 ; On                 ;
; Ignore CARRY Buffers                                                       ; Off                ; Off                ;
; Ignore CASCADE Buffers                                                     ; Off                ; Off                ;
; Ignore GLOBAL Buffers                                                      ; Off                ; Off                ;
; Ignore ROW GLOBAL Buffers                                                  ; Off                ; Off                ;
; Ignore LCELL Buffers                                                       ; Off                ; Off                ;
; Ignore SOFT Buffers                                                        ; On                 ; On                 ;
; Limit AHDL Integers to 32 Bits                                             ; Off                ; Off                ;
; Optimization Technique                                                     ; Balanced           ; Balanced           ;
; Carry Chain Length                                                         ; 70                 ; 70                 ;
; Auto Carry Chains                                                          ; On                 ; On                 ;
; Auto Open-Drain Pins                                                       ; On                 ; On                 ;
; Perform WYSIWYG Primitive Resynthesis                                      ; Off                ; Off                ;
; Auto ROM Replacement                                                       ; On                 ; On                 ;
; Auto RAM Replacement                                                       ; On                 ; On                 ;
; Auto Shift Register Replacement                                            ; Auto               ; Auto               ;
; Allow Shift Register Merging across Hierarchies                            ; Auto               ; Auto               ;
; Auto Clock Enable Replacement                                              ; On                 ; On                 ;
; Strict RAM Replacement                                                     ; Off                ; Off                ;
; Allow Synchronous Control Signals                                          ; On                 ; On                 ;
; Force Use of Synchronous Clear Signals                                     ; Off                ; Off                ;
; Auto RAM to Logic Cell Conversion                                          ; Off                ; Off                ;
; Auto Resource Sharing                                                      ; Off                ; Off                ;
; Allow Any RAM Size For Recognition                                         ; Off                ; Off                ;
; Allow Any ROM Size For Recognition                                         ; Off                ; Off                ;
; Allow Any Shift Register Size For Recognition                              ; Off                ; Off                ;
; Use LogicLock Constraints during Resource Balancing                        ; On                 ; On                 ;
; Ignore translate_off and synthesis_off directives                          ; Off                ; Off                ;
; Timing-Driven Synthesis                                                    ; Off                ; Off                ;
; Report Parameter Settings                                                  ; On                 ; On                 ;
; Report Source Assignments                                                  ; On                 ; On                 ;
; Report Connectivity Checks                                                 ; On                 ; On                 ;
; Ignore Maximum Fan-Out Assignments                                         ; Off                ; Off                ;
; Synchronization Register Chain Length                                      ; 2                  ; 2                  ;
; PowerPlay Power Optimization                                               ; Normal compilation ; Normal compilation ;
; HDL message level                                                          ; Level2             ; Level2             ;
; Suppress Register Optimization Related Messages                            ; Off                ; Off                ;
; Number of Removed Registers Reported in Synthesis Report                   ; 5000               ; 5000               ;
; Number of Swept Nodes Reported in Synthesis Report                         ; 5000               ; 5000               ;
; Number of Inverted Registers Reported in Synthesis Report                  ; 100                ; 100                ;
; Clock MUX Protection                                                       ; On                 ; On                 ;
; Auto Gated Clock Conversion                                                ; Off                ; Off                ;
; Block Design Naming                                                        ; Auto               ; Auto               ;
; SDC constraint protection                                                  ; Off                ; Off                ;
; Synthesis Effort                                                           ; Auto               ; Auto               ;
; Shift Register Replacement - Allow Asynchronous Clear Signal               ; On                 ; On                 ;
; Pre-Mapping Resynthesis Optimization                                       ; Off                ; Off                ;
; Analysis & Synthesis Message Level                                         ; Medium             ; Medium             ;
; Disable Register Merging Across Hierarchies                                ; Auto               ; Auto               ;
; Resource Aware Inference For Block RAM                                     ; On                 ; On                 ;
; Synthesis Seed                                                             ; 1                  ; 1                  ;
+----------------------------------------------------------------------------+--------------------+--------------------+


+------------------------------------------+
; Parallel Compilation                     ;
+----------------------------+-------------+
; Processors                 ; Number      ;
+----------------------------+-------------+
; Number detected on machine ; 8           ;
; Maximum allowed            ; 4           ;
;                            ;             ;
; Average used               ; 1.00        ;
; Maximum used               ; 1           ;
;                            ;             ;
; Usage by Processor         ; % Time Used ;
;     Processor 1            ; 100.0%      ;
;     Processors 2-8         ;   0.0%      ;
+----------------------------+-------------+


+--------------------------------------------------------------------------------------------------------------------------------+
; Analysis & Synthesis Source Files Read                                                                                         ;
+----------------------------------+-----------------+-----------------+-----------------------------------------------+---------+
; File Name with User-Entered Path ; Used in Netlist ; File Type       ; File Name with Absolute Path                  ; Library ;
+----------------------------------+-----------------+-----------------+-----------------------------------------------+---------+
; sevenseg_decoder.vhd             ; yes             ; User VHDL File  ; C:/DSD_VHDL/Exercise 6/sevenseg_decoder.vhd   ;         ;
; multi_counter.vhd                ; yes             ; User VHDL File  ; C:/DSD_VHDL/Exercise 6/multi_counter.vhd      ;         ;
; clock_gen.vhd                    ; yes             ; User VHDL File  ; C:/DSD_VHDL/Exercise 6/clock_gen.vhd          ;         ;
; reset_logic.vhd                  ; yes             ; User VHDL File  ; C:/DSD_VHDL/Exercise 6/reset_logic.vhd        ;         ;
; watch.vhd                        ; yes             ; User VHDL File  ; C:/DSD_VHDL/Exercise 6/watch.vhd              ;         ;
; input_limiter.vhd                ; yes             ; User VHDL File  ; C:/DSD_VHDL/Exercise 6/input_limiter.vhd      ;         ;
; compare.vhd                      ; yes             ; User VHDL File  ; C:/DSD_VHDL/Exercise 6/compare.vhd            ;         ;
; alarm_watch_tester.vhd           ; yes             ; User VHDL File  ; C:/DSD_VHDL/Exercise 6/alarm_watch_tester.vhd ;         ;
+----------------------------------+-----------------+-----------------+-----------------------------------------------+---------+


+-------------------------------------------------------------------------------------+
; Analysis & Synthesis Resource Usage Summary                                         ;
+---------------------------------------------+---------------------------------------+
; Resource                                    ; Usage                                 ;
+---------------------------------------------+---------------------------------------+
; Estimated Total logic elements              ; 218                                   ;
;                                             ;                                       ;
; Total combinational functions               ; 218                                   ;
; Logic element usage by number of LUT inputs ;                                       ;
;     -- 4 input functions                    ; 108                                   ;
;     -- 3 input functions                    ; 34                                    ;
;     -- <=2 input functions                  ; 76                                    ;
;                                             ;                                       ;
; Logic elements by mode                      ;                                       ;
;     -- normal mode                          ; 187                                   ;
;     -- arithmetic mode                      ; 31                                    ;
;                                             ;                                       ;
; Total registers                             ; 58                                    ;
;     -- Dedicated logic registers            ; 58                                    ;
;     -- I/O registers                        ; 0                                     ;
;                                             ;                                       ;
; I/O pins                                    ; 64                                    ;
; Embedded Multiplier 9-bit elements          ; 0                                     ;
; Maximum fan-out node                        ; watch:wtch|reset_logic:rs|reset_out~0 ;
; Maximum fan-out                             ; 58                                    ;
; Total fan-out                               ; 902                                   ;
; Average fan-out                             ; 2.65                                  ;
+---------------------------------------------+---------------------------------------+


+-----------------------------------------------------------------------------------------------------------------------------------------------------------------------------------------------------------------+
; Analysis & Synthesis Resource Utilization by Entity                                                                                                                                                             ;
+-------------------------------+-------------------+--------------+-------------+--------------+---------+-----------+------+--------------+------------------------------------------------------+--------------+
; Compilation Hierarchy Node    ; LC Combinationals ; LC Registers ; Memory Bits ; DSP Elements ; DSP 9x9 ; DSP 18x18 ; Pins ; Virtual Pins ; Full Hierarchy Name                                  ; Library Name ;
+-------------------------------+-------------------+--------------+-------------+--------------+---------+-----------+------+--------------+------------------------------------------------------+--------------+
; |alarm_watch_tester           ; 218 (49)          ; 58 (0)       ; 0           ; 0            ; 0       ; 0         ; 64   ; 0            ; |alarm_watch_tester                                  ; work         ;
;    |compare:comp|             ; 10 (10)           ; 0 (0)        ; 0           ; 0            ; 0       ; 0         ; 0    ; 0            ; |alarm_watch_tester|compare:comp                     ; work         ;
;    |sevenseg_decoder:hrs_10|  ; 7 (7)             ; 0 (0)        ; 0           ; 0            ; 0       ; 0         ; 0    ; 0            ; |alarm_watch_tester|sevenseg_decoder:hrs_10          ; work         ;
;    |sevenseg_decoder:hrs_1|   ; 7 (7)             ; 0 (0)        ; 0           ; 0            ; 0       ; 0         ; 0    ; 0            ; |alarm_watch_tester|sevenseg_decoder:hrs_1           ; work         ;
;    |sevenseg_decoder:min_10|  ; 7 (7)             ; 0 (0)        ; 0           ; 0            ; 0       ; 0         ; 0    ; 0            ; |alarm_watch_tester|sevenseg_decoder:min_10          ; work         ;
;    |sevenseg_decoder:min_1|   ; 7 (7)             ; 0 (0)        ; 0           ; 0            ; 0       ; 0         ; 0    ; 0            ; |alarm_watch_tester|sevenseg_decoder:min_1           ; work         ;
;    |watch:wtch|               ; 131 (0)           ; 58 (0)       ; 0           ; 0            ; 0       ; 0         ; 0    ; 0            ; |alarm_watch_tester|watch:wtch                       ; work         ;
;       |clock_gen:cg|          ; 83 (83)           ; 33 (33)      ; 0           ; 0            ; 0       ; 0         ; 0    ; 0            ; |alarm_watch_tester|watch:wtch|clock_gen:cg          ; work         ;
;       |multi_counter:mtc1|    ; 5 (5)             ; 5 (5)        ; 0           ; 0            ; 0       ; 0         ; 0    ; 0            ; |alarm_watch_tester|watch:wtch|multi_counter:mtc1    ; work         ;
;       |multi_counter:mtc2|    ; 4 (4)             ; 4 (4)        ; 0           ; 0            ; 0       ; 0         ; 0    ; 0            ; |alarm_watch_tester|watch:wtch|multi_counter:mtc2    ; work         ;
;       |multi_counter:mtc3|    ; 5 (5)             ; 5 (5)        ; 0           ; 0            ; 0       ; 0         ; 0    ; 0            ; |alarm_watch_tester|watch:wtch|multi_counter:mtc3    ; work         ;
;       |multi_counter:mtc4|    ; 4 (4)             ; 4 (4)        ; 0           ; 0            ; 0       ; 0         ; 0    ; 0            ; |alarm_watch_tester|watch:wtch|multi_counter:mtc4    ; work         ;
;       |multi_counter:mtc5|    ; 5 (5)             ; 5 (5)        ; 0           ; 0            ; 0       ; 0         ; 0    ; 0            ; |alarm_watch_tester|watch:wtch|multi_counter:mtc5    ; work         ;
;       |multi_counter:mtc6|    ; 2 (2)             ; 2 (2)        ; 0           ; 0            ; 0       ; 0         ; 0    ; 0            ; |alarm_watch_tester|watch:wtch|multi_counter:mtc6    ; work         ;
;       |reset_logic:rs|        ; 2 (2)             ; 0 (0)        ; 0           ; 0            ; 0       ; 0         ; 0    ; 0            ; |alarm_watch_tester|watch:wtch|reset_logic:rs        ; work         ;
;       |sevenseg_decoder:b2h1| ; 7 (7)             ; 0 (0)        ; 0           ; 0            ; 0       ; 0         ; 0    ; 0            ; |alarm_watch_tester|watch:wtch|sevenseg_decoder:b2h1 ; work         ;
;       |sevenseg_decoder:b2h3| ; 7 (7)             ; 0 (0)        ; 0           ; 0            ; 0       ; 0         ; 0    ; 0            ; |alarm_watch_tester|watch:wtch|sevenseg_decoder:b2h3 ; work         ;
;       |sevenseg_decoder:b2h5| ; 7 (7)             ; 0 (0)        ; 0           ; 0            ; 0       ; 0         ; 0    ; 0            ; |alarm_watch_tester|watch:wtch|sevenseg_decoder:b2h5 ; work         ;
+-------------------------------+-------------------+--------------+-------------+--------------+---------+-----------+------+--------------+------------------------------------------------------+--------------+
Note: For table entries with two numbers listed, the numbers in parentheses indicate the number of resources of the given type used by the specific entity alone. The numbers listed outside of parentheses indicate the total resources of the given type used by the specific entity and all of its sub-entities in the hierarchy.


+----------------------------------------------------------------------------------------------------+
; User-Specified and Inferred Latches                                                                ;
+-----------------------------------------------------+---------------------+------------------------+
; Latch Name                                          ; Latch Enable Signal ; Free of Timing Hazards ;
+-----------------------------------------------------+---------------------+------------------------+
; sseg[0]                                             ; VCC                 ; yes                    ;
; sseg[1]                                             ; VCC                 ; yes                    ;
; sseg[2]                                             ; VCC                 ; yes                    ;
; sseg[3]                                             ; VCC                 ; yes                    ;
; sseg[4]                                             ; VCC                 ; yes                    ;
; sseg[5]                                             ; VCC                 ; yes                    ;
; sseg[6]                                             ; VCC                 ; yes                    ;
; sseg[7]                                             ; VCC                 ; yes                    ;
; sseg[8]                                             ; VCC                 ; yes                    ;
; sseg[9]                                             ; VCC                 ; yes                    ;
; sseg[10]                                            ; VCC                 ; yes                    ;
; sseg[11]                                            ; VCC                 ; yes                    ;
; sseg[12]                                            ; VCC                 ; yes                    ;
; sseg[13]                                            ; VCC                 ; yes                    ;
; Number of user-specified and inferred latches = 14  ;                     ;                        ;
+-----------------------------------------------------+---------------------+------------------------+
Note: All latches listed above may not be present at the end of synthesis due to various synthesis optimizations.


+-------------------------------------------------------------------------------------+
; Registers Removed During Synthesis                                                  ;
+--------------------------------------------+----------------------------------------+
; Register name                              ; Reason for Removal                     ;
+--------------------------------------------+----------------------------------------+
; watch:wtch|multi_counter:mtc6|p_count[2,3] ; Stuck at GND due to stuck port data_in ;
; watch:wtch|multi_counter:mtc4|p_count[3]   ; Stuck at GND due to stuck port data_in ;
; watch:wtch|multi_counter:mtc2|p_count[3]   ; Stuck at GND due to stuck port data_in ;
; Total Number of Removed Registers = 4      ;                                        ;
+--------------------------------------------+----------------------------------------+


+------------------------------------------------------+
; General Register Statistics                          ;
+----------------------------------------------+-------+
; Statistic                                    ; Value ;
+----------------------------------------------+-------+
; Total registers                              ; 58    ;
; Number of registers using Synchronous Clear  ; 0     ;
; Number of registers using Synchronous Load   ; 0     ;
; Number of registers using Asynchronous Clear ; 53    ;
; Number of registers using Asynchronous Load  ; 0     ;
; Number of registers using Clock Enable       ; 5     ;
; Number of registers using Preset             ; 0     ;
+----------------------------------------------+-------+


+--------------------------------------------------------------------------------------------------------------------------------------------------------------------------+
; Multiplexer Restructuring Statistics (Restructuring Performed)                                                                                                           ;
+--------------------+-----------+---------------+----------------------+------------------------+------------+------------------------------------------------------------+
; Multiplexer Inputs ; Bus Width ; Baseline Area ; Area if Restructured ; Saving if Restructured ; Registered ; Example Multiplexer Output                                 ;
+--------------------+-----------+---------------+----------------------+------------------------+------------+------------------------------------------------------------+
; 4:1                ; 30 bits   ; 60 LEs        ; 30 LEs               ; 30 LEs                 ; Yes        ; |alarm_watch_tester|watch:wtch|clock_gen:cg|\cpu:count[19] ;
; 4:1                ; 2 bits    ; 4 LEs         ; 2 LEs                ; 2 LEs                  ; Yes        ; |alarm_watch_tester|watch:wtch|clock_gen:cg|\cpu:count[31] ;
+--------------------+-----------+---------------+----------------------+------------------------+------------+------------------------------------------------------------+


+----------------------------------------------------------------------------------------------------------------+
; Port Connectivity Checks: "watch:wtch|multi_counter:mtc6"                                                      ;
+------+--------+----------+-------------------------------------------------------------------------------------+
; Port ; Type   ; Severity ; Details                                                                             ;
+------+--------+----------+-------------------------------------------------------------------------------------+
; mode ; Input  ; Info     ; Stuck at VCC                                                                        ;
; cout ; Output ; Info     ; Connected to dangling logic. Logic that only feeds a dangling port will be removed. ;
+------+--------+----------+-------------------------------------------------------------------------------------+


+-----------------------------------------------------------+
; Port Connectivity Checks: "watch:wtch|multi_counter:mtc5" ;
+------+-------+----------+---------------------------------+
; Port ; Type  ; Severity ; Details                         ;
+------+-------+----------+---------------------------------+
; mode ; Input ; Info     ; Stuck at GND                    ;
+------+-------+----------+---------------------------------+


+-----------------------------------------------------------+
; Port Connectivity Checks: "watch:wtch|multi_counter:mtc4" ;
+---------+-------+----------+------------------------------+
; Port    ; Type  ; Severity ; Details                      ;
+---------+-------+----------+------------------------------+
; mode[1] ; Input ; Info     ; Stuck at GND                 ;
; mode[0] ; Input ; Info     ; Stuck at VCC                 ;
+---------+-------+----------+------------------------------+


+-----------------------------------------------------------+
; Port Connectivity Checks: "watch:wtch|multi_counter:mtc3" ;
+------+-------+----------+---------------------------------+
; Port ; Type  ; Severity ; Details                         ;
+------+-------+----------+---------------------------------+
; mode ; Input ; Info     ; Stuck at GND                    ;
+------+-------+----------+---------------------------------+


+-----------------------------------------------------------+
; Port Connectivity Checks: "watch:wtch|multi_counter:mtc2" ;
+---------+-------+----------+------------------------------+
; Port    ; Type  ; Severity ; Details                      ;
+---------+-------+----------+------------------------------+
; mode[1] ; Input ; Info     ; Stuck at GND                 ;
; mode[0] ; Input ; Info     ; Stuck at VCC                 ;
+---------+-------+----------+------------------------------+


+-----------------------------------------------------------+
; Port Connectivity Checks: "watch:wtch|multi_counter:mtc1" ;
+------+-------+----------+---------------------------------+
; Port ; Type  ; Severity ; Details                         ;
+------+-------+----------+---------------------------------+
; mode ; Input ; Info     ; Stuck at GND                    ;
+------+-------+----------+---------------------------------+


+-------------------------------+
; Elapsed Time Per Partition    ;
+----------------+--------------+
; Partition Name ; Elapsed Time ;
+----------------+--------------+
; Top            ; 00:00:00     ;
+----------------+--------------+


+-------------------------------+
; Analysis & Synthesis Messages ;
+-------------------------------+
Info: *******************************************************************
Info: Running Quartus II 64-Bit Analysis & Synthesis
    Info: Version 13.0.1 Build 232 06/12/2013 Service Pack 1 SJ Web Edition
    Info: Processing started: Thu Apr 27 09:35:31 2017
Info: Command: quartus_map --read_settings_files=on --write_settings_files=off TheWatch -c TheWatch
Info (11104): Parallel Compilation has detected 8 hyper-threaded processors. However, the extra hyper-threaded processors will not be used by default. Parallel Compilation will use 4 of the 4 physical processors detected instead.
Info (12021): Found 2 design units, including 1 entities, in source file sevenseg_decoder.vhd
    Info (12022): Found design unit 1: sevenseg_decoder-combinational
    Info (12023): Found entity 1: sevenseg_decoder
Info (12021): Found 2 design units, including 1 entities, in source file multi_counter.vhd
    Info (12022): Found design unit 1: multi_counter-behavioral
    Info (12023): Found entity 1: multi_counter
Info (12021): Found 2 design units, including 1 entities, in source file multi_counter_tester.vhd
    Info (12022): Found design unit 1: multi_counter_tester-structural
    Info (12023): Found entity 1: multi_counter_tester
Info (12021): Found 2 design units, including 1 entities, in source file clock_gen.vhd
    Info (12022): Found design unit 1: clock_gen-behavioral
    Info (12023): Found entity 1: clock_gen
Info (12021): Found 2 design units, including 1 entities, in source file one_digit_clock_tester.vhd
    Info (12022): Found design unit 1: one_digit_clock_tester-structural
    Info (12023): Found entity 1: one_digit_clock_tester
Info (12021): Found 2 design units, including 1 entities, in source file reset_logic.vhd
    Info (12022): Found design unit 1: reset_logic-behavirual
    Info (12023): Found entity 1: reset_logic
Info (12021): Found 2 design units, including 1 entities, in source file watch.vhd
    Info (12022): Found design unit 1: watch-structural
    Info (12023): Found entity 1: watch
Info (12021): Found 2 design units, including 1 entities, in source file watch_tester.vhd
    Info (12022): Found design unit 1: watch_tester-structural
    Info (12023): Found entity 1: watch_tester
Info (12021): Found 2 design units, including 1 entities, in source file input_limiter.vhd
    Info (12022): Found design unit 1: input_limiter-dataflow
    Info (12023): Found entity 1: input_limiter
Info (12021): Found 2 design units, including 1 entities, in source file compare.vhd
    Info (12022): Found design unit 1: compare-behavirual
    Info (12023): Found entity 1: compare
Info (12021): Found 0 design units, including 0 entities, in source file alarm_watch.vhd
Info (12021): Found 2 design units, including 1 entities, in source file alarm_watch_tester.vhd
    Info (12022): Found design unit 1: alarm_watch_tester-combinatorial
    Info (12023): Found entity 1: alarm_watch_tester
Info (12127): Elaborating entity "alarm_watch_tester" for the top level hierarchy
Info (10041): Inferred latch for "sseg[0]" at alarm_watch_tester.vhd(45)
Info (10041): Inferred latch for "sseg[1]" at alarm_watch_tester.vhd(45)
Info (10041): Inferred latch for "sseg[2]" at alarm_watch_tester.vhd(45)
Info (10041): Inferred latch for "sseg[3]" at alarm_watch_tester.vhd(45)
Info (10041): Inferred latch for "sseg[4]" at alarm_watch_tester.vhd(45)
Info (10041): Inferred latch for "sseg[5]" at alarm_watch_tester.vhd(45)
Info (10041): Inferred latch for "sseg[6]" at alarm_watch_tester.vhd(45)
Info (10041): Inferred latch for "sseg[7]" at alarm_watch_tester.vhd(45)
Info (10041): Inferred latch for "sseg[8]" at alarm_watch_tester.vhd(45)
Info (10041): Inferred latch for "sseg[9]" at alarm_watch_tester.vhd(45)
Info (10041): Inferred latch for "sseg[10]" at alarm_watch_tester.vhd(45)
Info (10041): Inferred latch for "sseg[11]" at alarm_watch_tester.vhd(45)
Info (10041): Inferred latch for "sseg[12]" at alarm_watch_tester.vhd(45)
Info (10041): Inferred latch for "sseg[13]" at alarm_watch_tester.vhd(45)
Info (10041): Inferred latch for "sseg[14]" at alarm_watch_tester.vhd(45)
Info (10041): Inferred latch for "sseg[15]" at alarm_watch_tester.vhd(45)
Info (10041): Inferred latch for "sseg[16]" at alarm_watch_tester.vhd(45)
Info (10041): Inferred latch for "sseg[17]" at alarm_watch_tester.vhd(45)
Info (10041): Inferred latch for "sseg[18]" at alarm_watch_tester.vhd(45)
Info (10041): Inferred latch for "sseg[19]" at alarm_watch_tester.vhd(45)
Info (10041): Inferred latch for "sseg[20]" at alarm_watch_tester.vhd(45)
Info (10041): Inferred latch for "sseg[21]" at alarm_watch_tester.vhd(45)
Info (10041): Inferred latch for "sseg[22]" at alarm_watch_tester.vhd(45)
Info (10041): Inferred latch for "sseg[23]" at alarm_watch_tester.vhd(45)
Info (10041): Inferred latch for "sseg[24]" at alarm_watch_tester.vhd(45)
Info (10041): Inferred latch for "sseg[25]" at alarm_watch_tester.vhd(45)
Info (10041): Inferred latch for "sseg[26]" at alarm_watch_tester.vhd(45)
Info (10041): Inferred latch for "sseg[27]" at alarm_watch_tester.vhd(45)
Info (10041): Inferred latch for "sseg[28]" at alarm_watch_tester.vhd(45)
Info (10041): Inferred latch for "sseg[29]" at alarm_watch_tester.vhd(45)
Info (10041): Inferred latch for "sseg[30]" at alarm_watch_tester.vhd(45)
Info (10041): Inferred latch for "sseg[31]" at alarm_watch_tester.vhd(45)
Info (10041): Inferred latch for "sseg[32]" at alarm_watch_tester.vhd(45)
Info (10041): Inferred latch for "sseg[33]" at alarm_watch_tester.vhd(45)
Info (10041): Inferred latch for "sseg[34]" at alarm_watch_tester.vhd(45)
Info (10041): Inferred latch for "sseg[35]" at alarm_watch_tester.vhd(45)
Info (10041): Inferred latch for "sseg[36]" at alarm_watch_tester.vhd(45)
Info (10041): Inferred latch for "sseg[37]" at alarm_watch_tester.vhd(45)
Info (10041): Inferred latch for "sseg[38]" at alarm_watch_tester.vhd(45)
Info (10041): Inferred latch for "sseg[39]" at alarm_watch_tester.vhd(45)
Info (10041): Inferred latch for "sseg[40]" at alarm_watch_tester.vhd(45)
Info (10041): Inferred latch for "sseg[41]" at alarm_watch_tester.vhd(45)
Info (12128): Elaborating entity "input_limiter" for hierarchy "input_limiter:in_lim"
Info (12128): Elaborating entity "sevenseg_decoder" for hierarchy "sevenseg_decoder:min_1"
Info (12128): Elaborating entity "watch" for hierarchy "watch:wtch"
Info (12128): Elaborating entity "clock_gen" for hierarchy "watch:wtch|clock_gen:cg"
Info (12128): Elaborating entity "multi_counter" for hierarchy "watch:wtch|multi_counter:mtc1"
Info (12128): Elaborating entity "reset_logic" for hierarchy "watch:wtch|reset_logic:rs"
Info (12128): Elaborating entity "compare" for hierarchy "compare:comp"
Critical Warning (18061): Ignored Power-Up Level option on the following registers
    Critical Warning (18010): Register watch:wtch|clock_gen:cg|\cpu:count[31] will power up to Low
    Critical Warning (18010): Register watch:wtch|clock_gen:cg|\cpu:count[0] will power up to Low
Info (16010): Generating hard_block partition "hard_block:auto_generated_inst"
    Info (16011): Adding 0 node(s), including 0 DDIO, 0 PLL, 0 transceiver and 0 LCELL
Warning (21074): Design contains 1 input pin(s) that do not drive logic
    Warning (15610): No output dependent on input pin "key[1]"
Info (21057): Implemented 283 device resources after synthesis - the final resource count might be different
    Info (21058): Implemented 21 input pins
    Info (21059): Implemented 43 output pins
    Info (21061): Implemented 219 logic cells
Info: Quartus II 64-Bit Analysis & Synthesis was successful. 0 errors, 5 warnings
    Info: Peak virtual memory: 519 megabytes
    Info: Processing ended: Thu Apr 27 09:35:35 2017
    Info: Elapsed time: 00:00:04
    Info: Total CPU time (on all processors): 00:00:02


